[ 2017-07-28T12:57:14+08:00 ] 127.0.0.1 /
INFO: [ app_init ] --START--
INFO: Run Behavior\BuildLiteBehavior [ RunTime:0.000032s ]
INFO: Run Common\Behavior\InitHookBehavior [ RunTime:0.187347s ]
INFO: [ app_init ] --END-- [ RunTime:0.198129s ]
INFO: [ app_begin ] --START--
INFO: Run Behavior\ReadHtmlCacheBehavior [ RunTime:0.024434s ]
INFO: [ app_begin ] --END-- [ RunTime:0.024583s ]
NOTIC: [8] Use of undefined constant get_uid - assumed 'get_uid' E:\Workspace\PHP\QingYun\ThinkPHP\Common\functions.php 第 588 行.
SQL: SHOW COLUMNS FROM `channel` [ RunTime:0.0822s ]
SQL: SELECT `id`,`pid`,`title`,`url` FROM `channel` WHERE `status` = 1 AND `pid` = 0 ORDER BY id ASC  [ RunTime:0.0062s ]
SQL: SHOW COLUMNS FROM `channel` [ RunTime:0.0053s ]
SQL: SELECT `id`,`pid`,`title`,`url` FROM `channel` WHERE `status` = 1 AND `pid` = '1' ORDER BY id ASC  [ RunTime:0.0003s ]
SQL: SHOW COLUMNS FROM `channel` [ RunTime:0.0046s ]
SQL: SELECT `id`,`pid`,`title`,`url` FROM `channel` WHERE `status` = 1 AND `pid` = '2' ORDER BY id ASC  [ RunTime:0.0003s ]
SQL: SHOW COLUMNS FROM `channel` [ RunTime:0.0097s ]
SQL: SELECT `id`,`pid`,`title`,`url` FROM `channel` WHERE `status` = 1 AND `pid` = '3' ORDER BY id ASC  [ RunTime:0.0004s ]
SQL: SHOW COLUMNS FROM `channel` [ RunTime:0.0048s ]
SQL: SELECT `id`,`pid`,`title`,`url` FROM `channel` WHERE `status` = 1 AND `pid` = '4' ORDER BY id ASC  [ RunTime:0.0003s ]
SQL: SHOW COLUMNS FROM `channel` [ RunTime:0.0052s ]
SQL: SELECT `id`,`pid`,`title`,`url` FROM `channel` WHERE `status` = 1 AND `pid` = '5' ORDER BY id ASC  [ RunTime:0.0004s ]
SQL: SHOW COLUMNS FROM `channel` [ RunTime:0.0044s ]
SQL: SELECT `id`,`pid`,`title`,`url` FROM `channel` WHERE `status` = 1 AND `pid` = '6' ORDER BY id ASC  [ RunTime:0.0003s ]
SQL: SHOW COLUMNS FROM `unique_visitor` [ RunTime:0.1029s ]
SQL: SELECT `update_time` FROM `unique_visitor` WHERE `status` = 1 AND `ip_address` = '2130706433' LIMIT 1   [ RunTime:0.0039s ]
SQL: SHOW COLUMNS FROM `unique_visitor` [ RunTime:0.0057s ]
NOTIC: [8] Undefined index: validate E:\Workspace\PHP\QingYun\ThinkPHP\Library\Think\Model.class.php 第 1185 行.
NOTIC: [8] Undefined index: auto E:\Workspace\PHP\QingYun\ThinkPHP\Library\Think\Model.class.php 第 1128 行.
SQL: SHOW COLUMNS FROM `unique_visitor` [ RunTime:0.0055s ]
SQL: INSERT INTO `unique_visitor` (`browser`,`ip_address`,`system`,`language`,`update_time`,`status`,`create_time`,`founder`) VALUES ('Firefox','2130706433','简体中文','Windows','1501217833','1','1501217831','游客') [ RunTime:0.0828s ]
NOTIC: [8] Use of undefined constant get_uid - assumed 'get_uid' E:\Workspace\PHP\QingYun\ThinkPHP\Common\functions.php 第 588 行.
SQL: SHOW COLUMNS FROM `publicity` [ RunTime:0.0734s ]
SQL: SELECT `id`,`title`,`picture` FROM `publicity` WHERE `status` = 1 ORDER BY sort ASC LIMIT 5   [ RunTime:0.0003s ]
NOTIC: [8] Use of undefined constant get_uid - assumed 'get_uid' E:\Workspace\PHP\QingYun\ThinkPHP\Common\functions.php 第 588 行.
SQL: SHOW COLUMNS FROM `service` [ RunTime:0.0321s ]
SQL: SELECT `id` FROM `service` WHERE `status` = 1 AND `display` = 1 LIMIT 1   [ RunTime:0.0005s ]
NOTIC: [8] Use of undefined constant get_uid - assumed 'get_uid' E:\Workspace\PHP\QingYun\ThinkPHP\Common\functions.php 第 588 行.
SQL: SHOW COLUMNS FROM `merit` [ RunTime:0.0544s ]
SQL: SELECT `id`,`title`,`content`,`picture` FROM `merit` WHERE `status` = 1 AND `oid` = '1' ORDER BY id ASC  [ RunTime:0.0005s ]
NOTIC: [8] Undefined variable: tag_tags E:\Workspace\PHP\QingYun\Application\Common\Common\custom_filter.php 第 84 行.
NOTIC: [8] Undefined variable: x E:\Workspace\PHP\QingYun\Application\Home\Controller\IndexController.class.php 第 50 行.
NOTIC: [8] Undefined variable: tag_tags E:\Workspace\PHP\QingYun\Application\Common\Common\custom_filter.php 第 84 行.
NOTIC: [8] Undefined variable: x E:\Workspace\PHP\QingYun\Application\Home\Controller\IndexController.class.php 第 50 行.
NOTIC: [8] Undefined variable: tag_tags E:\Workspace\PHP\QingYun\Application\Common\Common\custom_filter.php 第 84 行.
NOTIC: [8] Undefined variable: x E:\Workspace\PHP\QingYun\Application\Home\Controller\IndexController.class.php 第 50 行.
NOTIC: [8] Undefined variable: tag_tags E:\Workspace\PHP\QingYun\Application\Common\Common\custom_filter.php 第 84 行.
NOTIC: [8] Undefined variable: x E:\Workspace\PHP\QingYun\Application\Home\Controller\IndexController.class.php 第 50 行.
NOTIC: [8] Undefined variable: tag_tags E:\Workspace\PHP\QingYun\Application\Common\Common\custom_filter.php 第 84 行.
NOTIC: [8] Undefined variable: x E:\Workspace\PHP\QingYun\Application\Home\Controller\IndexController.class.php 第 47 行.
NOTIC: [8] Use of undefined constant get_uid - assumed 'get_uid' E:\Workspace\PHP\QingYun\ThinkPHP\Common\functions.php 第 588 行.
SQL: SHOW COLUMNS FROM `note` [ RunTime:0.0223s ]
SQL: SELECT `id`,`title`,`content` FROM `note` WHERE `status` = 1 ORDER BY create_time DESC  [ RunTime:0.0004s ]
NOTIC: [8] Undefined variable: tag_tags E:\Workspace\PHP\QingYun\Application\Common\Common\custom_filter.php 第 84 行.
NOTIC: [8] Undefined variable: tag_tags E:\Workspace\PHP\QingYun\Application\Common\Common\custom_filter.php 第 84 行.
NOTIC: [8] Undefined variable: tag_tags E:\Workspace\PHP\QingYun\Application\Common\Common\custom_filter.php 第 84 行.
NOTIC: [8] Use of undefined constant get_uid - assumed 'get_uid' E:\Workspace\PHP\QingYun\ThinkPHP\Common\functions.php 第 588 行.
SQL: SHOW COLUMNS FROM `item` [ RunTime:0.0584s ]
SQL: SELECT `id`,`title`,`content`,`picture` FROM `item` WHERE `status` = 1 ORDER BY create_time DESC LIMIT 2   [ RunTime:0.0003s ]
NOTIC: [8] Undefined variable: tag_tags E:\Workspace\PHP\QingYun\Application\Common\Common\custom_filter.php 第 84 行.
NOTIC: [8] Undefined variable: tag_tags E:\Workspace\PHP\QingYun\Application\Common\Common\custom_filter.php 第 84 行.
INFO: [ view_parse ] --START--
INFO: [ template_filter ] --START--
INFO: Run Behavior\ContentReplaceBehavior [ RunTime:0.016634s ]
INFO: [ template_filter ] --END-- [ RunTime:0.016777s ]
INFO: Run Behavior\ParseTemplateBehavior [ RunTime:0.359204s ]
INFO: [ view_parse ] --END-- [ RunTime:0.359325s ]
INFO: [ view_filter ] --START--
INFO: Run Behavior\WriteHtmlCacheBehavior [ RunTime:0.017232s ]
INFO: [ view_filter ] --END-- [ RunTime:0.017389s ]
INFO: [ app_end ] --START--
INFO: Run Behavior\ShowPageTraceBehavior [ RunTime:0.019199s ]
INFO: [ app_end ] --END-- [ RunTime:0.019409s ]

[ 2017-07-28T12:57:24+08:00 ] 127.0.0.1 /Home/Note/index
INFO: [ app_init ] --START--
INFO: Run Behavior\BuildLiteBehavior [ RunTime:0.000030s ]
INFO: Run Common\Behavior\InitHookBehavior [ RunTime:0.001911s ]
INFO: [ app_init ] --END-- [ RunTime:0.002132s ]
INFO: [ app_begin ] --START--
INFO: Run Behavior\ReadHtmlCacheBehavior [ RunTime:0.000397s ]
INFO: [ app_begin ] --END-- [ RunTime:0.000507s ]
NOTIC: [8] Use of undefined constant get_uid - assumed 'get_uid' E:\Workspace\PHP\QingYun\ThinkPHP\Common\functions.php 第 588 行.
SQL: SHOW COLUMNS FROM `channel` [ RunTime:0.0176s ]
SQL: SELECT `id`,`pid`,`title`,`url` FROM `channel` WHERE `status` = 1 AND `pid` = 0 ORDER BY id ASC  [ RunTime:0.0004s ]
SQL: SHOW COLUMNS FROM `channel` [ RunTime:0.0049s ]
SQL: SELECT `id`,`pid`,`title`,`url` FROM `channel` WHERE `status` = 1 AND `pid` = '1' ORDER BY id ASC  [ RunTime:0.0003s ]
SQL: SHOW COLUMNS FROM `channel` [ RunTime:0.0045s ]
SQL: SELECT `id`,`pid`,`title`,`url` FROM `channel` WHERE `status` = 1 AND `pid` = '2' ORDER BY id ASC  [ RunTime:0.0003s ]
SQL: SHOW COLUMNS FROM `channel` [ RunTime:0.0049s ]
SQL: SELECT `id`,`pid`,`title`,`url` FROM `channel` WHERE `status` = 1 AND `pid` = '3' ORDER BY id ASC  [ RunTime:0.0003s ]
SQL: SHOW COLUMNS FROM `channel` [ RunTime:0.0046s ]
SQL: SELECT `id`,`pid`,`title`,`url` FROM `channel` WHERE `status` = 1 AND `pid` = '4' ORDER BY id ASC  [ RunTime:0.0003s ]
SQL: SHOW COLUMNS FROM `channel` [ RunTime:0.0053s ]
SQL: SELECT `id`,`pid`,`title`,`url` FROM `channel` WHERE `status` = 1 AND `pid` = '5' ORDER BY id ASC  [ RunTime:0.0006s ]
SQL: SHOW COLUMNS FROM `channel` [ RunTime:0.0048s ]
SQL: SELECT `id`,`pid`,`title`,`url` FROM `channel` WHERE `status` = 1 AND `pid` = '6' ORDER BY id ASC  [ RunTime:0.0003s ]
NOTIC: [8] Use of undefined constant get_uid - assumed 'get_uid' E:\Workspace\PHP\QingYun\ThinkPHP\Common\functions.php 第 588 行.
SQL: SHOW COLUMNS FROM `note` [ RunTime:0.0087s ]
SQL: SELECT COUNT(id) AS tp_count FROM `note` WHERE `status` = 1 LIMIT 1   [ RunTime:0.0206s ]
SQL: SHOW COLUMNS FROM `note` [ RunTime:0.0057s ]
SQL: SELECT * FROM `note` WHERE `status` = 1 ORDER BY create_time DESC LIMIT 0,10   [ RunTime:0.0004s ]
NOTIC: [8] Undefined variable: vo E:\Workspace\PHP\QingYun\Application\Home\Controller\NoteController.class.php 第 75 行.
NOTIC: [8] Use of undefined constant get_uid - assumed 'get_uid' E:\Workspace\PHP\QingYun\ThinkPHP\Common\functions.php 第 588 行.
SQL: SHOW COLUMNS FROM `category` [ RunTime:0.0468s ]
SQL: SELECT `id`,`title` FROM `category` WHERE `status` = 1 AND `type` = 2 ORDER BY id ASC  [ RunTime:0.0003s ]
NOTIC: [8] Use of undefined constant get_uid - assumed 'get_uid' E:\Workspace\PHP\QingYun\ThinkPHP\Common\functions.php 第 588 行.
SQL: SHOW COLUMNS FROM `label` [ RunTime:0.0154s ]
SQL: SELECT `id`,`title` FROM `label` WHERE `status` = 1 AND `type` = 2 ORDER BY id ASC  [ RunTime:0.0003s ]
NOTIC: [8] Undefined variable: tag_tags E:\Workspace\PHP\QingYun\Application\Common\Common\custom_filter.php 第 84 行.
SQL: SHOW COLUMNS FROM `category_relevance` [ RunTime:0.0305s ]
SQL: SELECT `cid` FROM `category_relevance` WHERE `status` = 1 AND `type` = 2 AND `oid` = '3' ORDER BY id ASC  [ RunTime:0.0003s ]
SQL: SHOW COLUMNS FROM `label_relevance` [ RunTime:0.0372s ]
SQL: SELECT `lid` FROM `label_relevance` WHERE `status` = 1 AND `type` = 2 AND `oid` = '3' ORDER BY id ASC  [ RunTime:0.0003s ]
NOTIC: [8] Undefined variable: tag_tags E:\Workspace\PHP\QingYun\Application\Common\Common\custom_filter.php 第 84 行.
SQL: SHOW COLUMNS FROM `category_relevance` [ RunTime:0.0058s ]
SQL: SELECT `cid` FROM `category_relevance` WHERE `status` = 1 AND `type` = 2 AND `oid` = '4' ORDER BY id ASC  [ RunTime:0.0003s ]
SQL: SHOW COLUMNS FROM `label_relevance` [ RunTime:0.0090s ]
SQL: SELECT `lid` FROM `label_relevance` WHERE `status` = 1 AND `type` = 2 AND `oid` = '4' ORDER BY id ASC  [ RunTime:0.0003s ]
SQL: SHOW COLUMNS FROM `category` [ RunTime:0.0056s ]
SQL: SELECT `title` FROM `category` WHERE `status` = 1 AND `id` IN ('3') ORDER BY create_time DESC  [ RunTime:0.0003s ]
SQL: SHOW COLUMNS FROM `label` [ RunTime:0.0095s ]
SQL: SELECT `title` FROM `label` WHERE `status` = 1 AND `id` IN ('3') ORDER BY create_time DESC  [ RunTime:0.0003s ]
NOTIC: [8] Undefined variable: tag_tags E:\Workspace\PHP\QingYun\Application\Common\Common\custom_filter.php 第 84 行.
SQL: SHOW COLUMNS FROM `category_relevance` [ RunTime:0.0050s ]
SQL: SELECT `cid` FROM `category_relevance` WHERE `status` = 1 AND `type` = 2 AND `oid` = '5' ORDER BY id ASC  [ RunTime:0.0002s ]
SQL: SHOW COLUMNS FROM `label_relevance` [ RunTime:0.0083s ]
SQL: SELECT `lid` FROM `label_relevance` WHERE `status` = 1 AND `type` = 2 AND `oid` = '5' ORDER BY id ASC  [ RunTime:0.0002s ]
NOTIC: [8] Undefined variable: tag_tags E:\Workspace\PHP\QingYun\Application\Common\Common\custom_filter.php 第 84 行.
SQL: SHOW COLUMNS FROM `category_relevance` [ RunTime:0.0050s ]
SQL: SELECT `cid` FROM `category_relevance` WHERE `status` = 1 AND `type` = 2 AND `oid` = '6' ORDER BY id ASC  [ RunTime:0.0003s ]
SQL: SHOW COLUMNS FROM `label_relevance` [ RunTime:0.0067s ]
SQL: SELECT `lid` FROM `label_relevance` WHERE `status` = 1 AND `type` = 2 AND `oid` = '6' ORDER BY id ASC  [ RunTime:0.0004s ]
NOTIC: [8] Undefined variable: tag_tags E:\Workspace\PHP\QingYun\Application\Common\Common\custom_filter.php 第 84 行.
SQL: SHOW COLUMNS FROM `category_relevance` [ RunTime:0.0055s ]
SQL: SELECT `cid` FROM `category_relevance` WHERE `status` = 1 AND `type` = 2 AND `oid` = '7' ORDER BY id ASC  [ RunTime:0.0003s ]
SQL: SHOW COLUMNS FROM `label_relevance` [ RunTime:0.0048s ]
SQL: SELECT `lid` FROM `label_relevance` WHERE `status` = 1 AND `type` = 2 AND `oid` = '7' ORDER BY id ASC  [ RunTime:0.0009s ]
NOTIC: [8] Undefined variable: tag_tags E:\Workspace\PHP\QingYun\Application\Common\Common\custom_filter.php 第 84 行.
SQL: SHOW COLUMNS FROM `category_relevance` [ RunTime:0.0066s ]
SQL: SELECT `cid` FROM `category_relevance` WHERE `status` = 1 AND `type` = 2 AND `oid` = '8' ORDER BY id ASC  [ RunTime:0.0003s ]
SQL: SHOW COLUMNS FROM `label_relevance` [ RunTime:0.0047s ]
SQL: SELECT `lid` FROM `label_relevance` WHERE `status` = 1 AND `type` = 2 AND `oid` = '8' ORDER BY id ASC  [ RunTime:0.0002s ]
NOTIC: [8] Undefined variable: tag_tags E:\Workspace\PHP\QingYun\Application\Common\Common\custom_filter.php 第 84 行.
SQL: SHOW COLUMNS FROM `category_relevance` [ RunTime:0.0081s ]
SQL: SELECT `cid` FROM `category_relevance` WHERE `status` = 1 AND `type` = 2 AND `oid` = '9' ORDER BY id ASC  [ RunTime:0.0004s ]
SQL: SHOW COLUMNS FROM `label_relevance` [ RunTime:0.0048s ]
SQL: SELECT `lid` FROM `label_relevance` WHERE `status` = 1 AND `type` = 2 AND `oid` = '9' ORDER BY id ASC  [ RunTime:0.0003s ]
NOTIC: [8] Undefined variable: tag_tags E:\Workspace\PHP\QingYun\Application\Common\Common\custom_filter.php 第 84 行.
SQL: SHOW COLUMNS FROM `category_relevance` [ RunTime:0.0081s ]
SQL: SELECT `cid` FROM `category_relevance` WHERE `status` = 1 AND `type` = 2 AND `oid` = '10' ORDER BY id ASC  [ RunTime:0.0003s ]
SQL: SHOW COLUMNS FROM `label_relevance` [ RunTime:0.0050s ]
SQL: SELECT `lid` FROM `label_relevance` WHERE `status` = 1 AND `type` = 2 AND `oid` = '10' ORDER BY id ASC  [ RunTime:0.0003s ]
NOTIC: [8] Undefined variable: tag_tags E:\Workspace\PHP\QingYun\Application\Common\Common\custom_filter.php 第 84 行.
SQL: SHOW COLUMNS FROM `category_relevance` [ RunTime:0.0086s ]
SQL: SELECT `cid` FROM `category_relevance` WHERE `status` = 1 AND `type` = 2 AND `oid` = '11' ORDER BY id ASC  [ RunTime:0.0003s ]
SQL: SHOW COLUMNS FROM `label_relevance` [ RunTime:0.0053s ]
SQL: SELECT `lid` FROM `label_relevance` WHERE `status` = 1 AND `type` = 2 AND `oid` = '11' ORDER BY id ASC  [ RunTime:0.0003s ]
NOTIC: [8] Undefined variable: tag_tags E:\Workspace\PHP\QingYun\Application\Common\Common\custom_filter.php 第 84 行.
SQL: SHOW COLUMNS FROM `category_relevance` [ RunTime:0.0063s ]
SQL: SELECT `cid` FROM `category_relevance` WHERE `status` = 1 AND `type` = 2 AND `oid` = '2' ORDER BY id ASC  [ RunTime:0.0011s ]
SQL: SHOW COLUMNS FROM `label_relevance` [ RunTime:0.0055s ]
SQL: SELECT `lid` FROM `label_relevance` WHERE `status` = 1 AND `type` = 2 AND `oid` = '2' ORDER BY id ASC  [ RunTime:0.0003s ]
SQL: SHOW COLUMNS FROM `category` [ RunTime:0.0049s ]
SQL: SELECT `title` FROM `category` WHERE `status` = 1 AND `id` IN ('4','3') ORDER BY create_time DESC  [ RunTime:0.0014s ]
SQL: SHOW COLUMNS FROM `label` [ RunTime:0.0077s ]
SQL: SELECT `title` FROM `label` WHERE `status` = 1 AND `id` IN ('4','3') ORDER BY create_time DESC  [ RunTime:0.0003s ]
INFO: [ view_parse ] --START--
INFO: [ template_filter ] --START--
INFO: Run Behavior\ContentReplaceBehavior [ RunTime:0.000168s ]
INFO: [ template_filter ] --END-- [ RunTime:0.000287s ]
NOTIC: [8] Undefined index: label E:\Workspace\PHP\QingYun\Application\Runtime\Cache\Home\1576f051a695d88c69f59a2b72a18878.php 第 131 行.
NOTIC: [8] Undefined index: category E:\Workspace\PHP\QingYun\Application\Runtime\Cache\Home\1576f051a695d88c69f59a2b72a18878.php 第 132 行.
NOTIC: [8] Undefined index: picture E:\Workspace\PHP\QingYun\Application\Runtime\Cache\Home\1576f051a695d88c69f59a2b72a18878.php 第 110 行.
NOTIC: [8] Undefined index: label E:\Workspace\PHP\QingYun\Application\Runtime\Cache\Home\1576f051a695d88c69f59a2b72a18878.php 第 131 行.
NOTIC: [8] Undefined index: category E:\Workspace\PHP\QingYun\Application\Runtime\Cache\Home\1576f051a695d88c69f59a2b72a18878.php 第 132 行.
NOTIC: [8] Undefined index: picture E:\Workspace\PHP\QingYun\Application\Runtime\Cache\Home\1576f051a695d88c69f59a2b72a18878.php 第 110 行.
NOTIC: [8] Undefined index: label E:\Workspace\PHP\QingYun\Application\Runtime\Cache\Home\1576f051a695d88c69f59a2b72a18878.php 第 131 行.
NOTIC: [8] Undefined index: category E:\Workspace\PHP\QingYun\Application\Runtime\Cache\Home\1576f051a695d88c69f59a2b72a18878.php 第 132 行.
NOTIC: [8] Undefined index: picture E:\Workspace\PHP\QingYun\Application\Runtime\Cache\Home\1576f051a695d88c69f59a2b72a18878.php 第 110 行.
NOTIC: [8] Undefined index: label E:\Workspace\PHP\QingYun\Application\Runtime\Cache\Home\1576f051a695d88c69f59a2b72a18878.php 第 131 行.
NOTIC: [8] Undefined index: category E:\Workspace\PHP\QingYun\Application\Runtime\Cache\Home\1576f051a695d88c69f59a2b72a18878.php 第 132 行.
NOTIC: [8] Undefined index: picture E:\Workspace\PHP\QingYun\Application\Runtime\Cache\Home\1576f051a695d88c69f59a2b72a18878.php 第 110 行.
NOTIC: [8] Undefined index: label E:\Workspace\PHP\QingYun\Application\Runtime\Cache\Home\1576f051a695d88c69f59a2b72a18878.php 第 131 行.
NOTIC: [8] Undefined index: category E:\Workspace\PHP\QingYun\Application\Runtime\Cache\Home\1576f051a695d88c69f59a2b72a18878.php 第 132 行.
NOTIC: [8] Undefined index: picture E:\Workspace\PHP\QingYun\Application\Runtime\Cache\Home\1576f051a695d88c69f59a2b72a18878.php 第 110 行.
NOTIC: [8] Undefined index: label E:\Workspace\PHP\QingYun\Application\Runtime\Cache\Home\1576f051a695d88c69f59a2b72a18878.php 第 131 行.
NOTIC: [8] Undefined index: category E:\Workspace\PHP\QingYun\Application\Runtime\Cache\Home\1576f051a695d88c69f59a2b72a18878.php 第 132 行.
NOTIC: [8] Undefined index: picture E:\Workspace\PHP\QingYun\Application\Runtime\Cache\Home\1576f051a695d88c69f59a2b72a18878.php 第 110 行.
NOTIC: [8] Undefined index: label E:\Workspace\PHP\QingYun\Application\Runtime\Cache\Home\1576f051a695d88c69f59a2b72a18878.php 第 131 行.
NOTIC: [8] Undefined index: category E:\Workspace\PHP\QingYun\Application\Runtime\Cache\Home\1576f051a695d88c69f59a2b72a18878.php 第 132 行.
NOTIC: [8] Undefined index: picture E:\Workspace\PHP\QingYun\Application\Runtime\Cache\Home\1576f051a695d88c69f59a2b72a18878.php 第 110 行.
NOTIC: [8] Undefined index: label E:\Workspace\PHP\QingYun\Application\Runtime\Cache\Home\1576f051a695d88c69f59a2b72a18878.php 第 131 行.
NOTIC: [8] Undefined index: category E:\Workspace\PHP\QingYun\Application\Runtime\Cache\Home\1576f051a695d88c69f59a2b72a18878.php 第 132 行.
INFO: Run Behavior\ParseTemplateBehavior [ RunTime:0.157335s ]
INFO: [ view_parse ] --END-- [ RunTime:0.157505s ]
INFO: [ view_filter ] --START--
INFO: Run Behavior\WriteHtmlCacheBehavior [ RunTime:0.001231s ]
INFO: [ view_filter ] --END-- [ RunTime:0.001608s ]
INFO: [ app_end ] --START--
INFO: Run Behavior\ShowPageTraceBehavior [ RunTime:0.001886s ]
INFO: [ app_end ] --END-- [ RunTime:0.002466s ]

[ 2017-07-28T12:57:24+08:00 ] 127.0.0.1 /Home/Note/img/favicon.png
INFO: [ app_init ] --START--
INFO: Run Behavior\BuildLiteBehavior [ RunTime:0.000029s ]
INFO: Run Common\Behavior\InitHookBehavior [ RunTime:0.001589s ]
INFO: [ app_init ] --END-- [ RunTime:0.001815s ]

[ 2017-07-28T12:59:27+08:00 ] 127.0.0.1 /
INFO: [ app_init ] --START--
INFO: Run Behavior\BuildLiteBehavior [ RunTime:0.000029s ]
INFO: Run Common\Behavior\InitHookBehavior [ RunTime:0.001929s ]
INFO: [ app_init ] --END-- [ RunTime:0.002154s ]
INFO: [ app_begin ] --START--
INFO: Run Behavior\ReadHtmlCacheBehavior [ RunTime:0.000465s ]
INFO: [ app_begin ] --END-- [ RunTime:0.000586s ]
SQL: SHOW COLUMNS FROM `unique_visitor` [ RunTime:0.0153s ]
SQL: SELECT `update_time` FROM `unique_visitor` WHERE `status` = 1 AND `ip_address` = '2130706433' LIMIT 1   [ RunTime:0.0004s ]
SQL: SHOW COLUMNS FROM `unique_visitor` [ RunTime:0.0060s ]
NOTIC: [8] Undefined index: validate E:\Workspace\PHP\QingYun\ThinkPHP\Library\Think\Model.class.php 第 1185 行.
NOTIC: [8] Undefined index: auto E:\Workspace\PHP\QingYun\ThinkPHP\Library\Think\Model.class.php 第 1128 行.
SQL: SHOW COLUMNS FROM `unique_visitor` [ RunTime:0.0051s ]
SQL: INSERT INTO `unique_visitor` (`browser`,`ip_address`,`system`,`language`,`update_time`,`status`,`create_time`,`founder`) VALUES ('Firefox','2130706433','简体中文','Windows','1501217967','1','1501217967','游客') [ RunTime:0.0847s ]
NOTIC: [8] Use of undefined constant get_uid - assumed 'get_uid' E:\Workspace\PHP\QingYun\ThinkPHP\Common\functions.php 第 588 行.
SQL: SHOW COLUMNS FROM `publicity` [ RunTime:0.0142s ]
SQL: SELECT `id`,`title`,`picture` FROM `publicity` WHERE `status` = 1 ORDER BY sort ASC LIMIT 5   [ RunTime:0.0005s ]
NOTIC: [8] Use of undefined constant get_uid - assumed 'get_uid' E:\Workspace\PHP\QingYun\ThinkPHP\Common\functions.php 第 588 行.
SQL: SHOW COLUMNS FROM `service` [ RunTime:0.0080s ]
SQL: SELECT `id` FROM `service` WHERE `status` = 1 AND `display` = 1 LIMIT 1   [ RunTime:0.0003s ]
NOTIC: [8] Use of undefined constant get_uid - assumed 'get_uid' E:\Workspace\PHP\QingYun\ThinkPHP\Common\functions.php 第 588 行.
SQL: SHOW COLUMNS FROM `merit` [ RunTime:0.0068s ]
SQL: SELECT `id`,`title`,`content`,`picture` FROM `merit` WHERE `status` = 1 AND `oid` = '1' ORDER BY id ASC  [ RunTime:0.0003s ]
NOTIC: [8] Undefined variable: tag_tags E:\Workspace\PHP\QingYun\Application\Common\Common\custom_filter.php 第 84 行.
NOTIC: [8] Undefined variable: x E:\Workspace\PHP\QingYun\Application\Home\Controller\IndexController.class.php 第 50 行.
NOTIC: [8] Undefined variable: tag_tags E:\Workspace\PHP\QingYun\Application\Common\Common\custom_filter.php 第 84 行.
NOTIC: [8] Undefined variable: x E:\Workspace\PHP\QingYun\Application\Home\Controller\IndexController.class.php 第 50 行.
NOTIC: [8] Undefined variable: tag_tags E:\Workspace\PHP\QingYun\Application\Common\Common\custom_filter.php 第 84 行.
NOTIC: [8] Undefined variable: x E:\Workspace\PHP\QingYun\Application\Home\Controller\IndexController.class.php 第 50 行.
NOTIC: [8] Undefined variable: tag_tags E:\Workspace\PHP\QingYun\Application\Common\Common\custom_filter.php 第 84 行.
NOTIC: [8] Undefined variable: x E:\Workspace\PHP\QingYun\Application\Home\Controller\IndexController.class.php 第 50 行.
NOTIC: [8] Undefined variable: tag_tags E:\Workspace\PHP\QingYun\Application\Common\Common\custom_filter.php 第 84 行.
NOTIC: [8] Undefined variable: x E:\Workspace\PHP\QingYun\Application\Home\Controller\IndexController.class.php 第 47 行.
NOTIC: [8] Use of undefined constant get_uid - assumed 'get_uid' E:\Workspace\PHP\QingYun\ThinkPHP\Common\functions.php 第 588 行.
SQL: SHOW COLUMNS FROM `note` [ RunTime:0.0076s ]
SQL: SELECT `id`,`title`,`content` FROM `note` WHERE `status` = 1 ORDER BY create_time DESC  [ RunTime:0.0004s ]
NOTIC: [8] Undefined variable: tag_tags E:\Workspace\PHP\QingYun\Application\Common\Common\custom_filter.php 第 84 行.
NOTIC: [8] Undefined variable: tag_tags E:\Workspace\PHP\QingYun\Application\Common\Common\custom_filter.php 第 84 行.
NOTIC: [8] Undefined variable: tag_tags E:\Workspace\PHP\QingYun\Application\Common\Common\custom_filter.php 第 84 行.
NOTIC: [8] Use of undefined constant get_uid - assumed 'get_uid' E:\Workspace\PHP\QingYun\ThinkPHP\Common\functions.php 第 588 行.
SQL: SHOW COLUMNS FROM `item` [ RunTime:0.0073s ]
SQL: SELECT `id`,`title`,`content`,`picture` FROM `item` WHERE `status` = 1 ORDER BY create_time DESC LIMIT 2   [ RunTime:0.0005s ]
NOTIC: [8] Undefined variable: tag_tags E:\Workspace\PHP\QingYun\Application\Common\Common\custom_filter.php 第 84 行.
NOTIC: [8] Undefined variable: tag_tags E:\Workspace\PHP\QingYun\Application\Common\Common\custom_filter.php 第 84 行.
INFO: [ view_parse ] --START--
INFO: [ template_filter ] --START--
INFO: Run Behavior\ContentReplaceBehavior [ RunTime:0.000141s ]
INFO: [ template_filter ] --END-- [ RunTime:0.000254s ]
INFO: Run Behavior\ParseTemplateBehavior [ RunTime:0.059527s ]
INFO: [ view_parse ] --END-- [ RunTime:0.059728s ]
INFO: [ view_filter ] --START--
INFO: Run Behavior\WriteHtmlCacheBehavior [ RunTime:0.000289s ]
INFO: [ view_filter ] --END-- [ RunTime:0.000390s ]
INFO: [ app_end ] --START--
INFO: Run Behavior\ShowPageTraceBehavior [ RunTime:0.000822s ]
INFO: [ app_end ] --END-- [ RunTime:0.001005s ]

[ 2017-07-28T12:59:29+08:00 ] 127.0.0.1 /Home/Note/index
INFO: [ app_init ] --START--
INFO: Run Behavior\BuildLiteBehavior [ RunTime:0.000028s ]
INFO: Run Common\Behavior\InitHookBehavior [ RunTime:0.002175s ]
INFO: [ app_init ] --END-- [ RunTime:0.002535s ]
INFO: [ app_begin ] --START--
INFO: Run Behavior\ReadHtmlCacheBehavior [ RunTime:0.000463s ]
INFO: [ app_begin ] --END-- [ RunTime:0.000571s ]
NOTIC: [8] Use of undefined constant get_uid - assumed 'get_uid' E:\Workspace\PHP\QingYun\ThinkPHP\Common\functions.php 第 588 行.
SQL: SHOW COLUMNS FROM `note` [ RunTime:0.0155s ]
SQL: SELECT COUNT(id) AS tp_count FROM `note` WHERE `status` = 1 LIMIT 1   [ RunTime:0.0003s ]
SQL: SHOW COLUMNS FROM `note` [ RunTime:0.0053s ]
SQL: SELECT * FROM `note` WHERE `status` = 1 ORDER BY create_time DESC LIMIT 0,10   [ RunTime:0.0004s ]
NOTIC: [8] Undefined variable: vo E:\Workspace\PHP\QingYun\Application\Home\Controller\NoteController.class.php 第 75 行.
NOTIC: [8] Use of undefined constant get_uid - assumed 'get_uid' E:\Workspace\PHP\QingYun\ThinkPHP\Common\functions.php 第 588 行.
SQL: SHOW COLUMNS FROM `category` [ RunTime:0.0074s ]
SQL: SELECT `id`,`title` FROM `category` WHERE `status` = 1 AND `type` = 2 ORDER BY id ASC  [ RunTime:0.0003s ]
NOTIC: [8] Use of undefined constant get_uid - assumed 'get_uid' E:\Workspace\PHP\QingYun\ThinkPHP\Common\functions.php 第 588 行.
SQL: SHOW COLUMNS FROM `label` [ RunTime:0.0117s ]
SQL: SELECT `id`,`title` FROM `label` WHERE `status` = 1 AND `type` = 2 ORDER BY id ASC  [ RunTime:0.0002s ]
NOTIC: [8] Undefined variable: tag_tags E:\Workspace\PHP\QingYun\Application\Common\Common\custom_filter.php 第 84 行.
SQL: SHOW COLUMNS FROM `category_relevance` [ RunTime:0.0081s ]
SQL: SELECT `cid` FROM `category_relevance` WHERE `status` = 1 AND `type` = 2 AND `oid` = '14' ORDER BY id ASC  [ RunTime:0.0003s ]
SQL: SHOW COLUMNS FROM `label_relevance` [ RunTime:0.0070s ]
SQL: SELECT `lid` FROM `label_relevance` WHERE `status` = 1 AND `type` = 2 AND `oid` = '14' ORDER BY id ASC  [ RunTime:0.0003s ]
SQL: SHOW COLUMNS FROM `category` [ RunTime:0.0072s ]
SQL: SELECT `title` FROM `category` WHERE `status` = 1 AND `id` IN ('4') ORDER BY create_time DESC  [ RunTime:0.0003s ]
SQL: SHOW COLUMNS FROM `label` [ RunTime:0.0046s ]
SQL: SELECT `title` FROM `label` WHERE `status` = 1 AND `id` IN ('4') ORDER BY create_time DESC  [ RunTime:0.0003s ]
NOTIC: [8] Undefined variable: tag_tags E:\Workspace\PHP\QingYun\Application\Common\Common\custom_filter.php 第 84 行.
SQL: SHOW COLUMNS FROM `category_relevance` [ RunTime:0.0061s ]
SQL: SELECT `cid` FROM `category_relevance` WHERE `status` = 1 AND `type` = 2 AND `oid` = '13' ORDER BY id ASC  [ RunTime:0.0003s ]
SQL: SHOW COLUMNS FROM `label_relevance` [ RunTime:0.0046s ]
SQL: SELECT `lid` FROM `label_relevance` WHERE `status` = 1 AND `type` = 2 AND `oid` = '13' ORDER BY id ASC  [ RunTime:0.0002s ]
SQL: SHOW COLUMNS FROM `category` [ RunTime:0.0045s ]
SQL: SELECT `title` FROM `category` WHERE `status` = 1 AND `id` IN ('4') ORDER BY create_time DESC  [ RunTime:0.0003s ]
SQL: SHOW COLUMNS FROM `label` [ RunTime:0.0060s ]
SQL: SELECT `title` FROM `label` WHERE `status` = 1 AND `id` IN ('4') ORDER BY create_time DESC  [ RunTime:0.0003s ]
NOTIC: [8] Undefined variable: tag_tags E:\Workspace\PHP\QingYun\Application\Common\Common\custom_filter.php 第 84 行.
SQL: SHOW COLUMNS FROM `category_relevance` [ RunTime:0.0048s ]
SQL: SELECT `cid` FROM `category_relevance` WHERE `status` = 1 AND `type` = 2 AND `oid` = '12' ORDER BY id ASC  [ RunTime:0.0003s ]
SQL: SHOW COLUMNS FROM `label_relevance` [ RunTime:0.0046s ]
SQL: SELECT `lid` FROM `label_relevance` WHERE `status` = 1 AND `type` = 2 AND `oid` = '12' ORDER BY id ASC  [ RunTime:0.0002s ]
SQL: SHOW COLUMNS FROM `category` [ RunTime:0.0057s ]
SQL: SELECT `title` FROM `category` WHERE `status` = 1 AND `id` IN ('4') ORDER BY create_time DESC  [ RunTime:0.0002s ]
SQL: SHOW COLUMNS FROM `label` [ RunTime:0.0052s ]
SQL: SELECT `title` FROM `label` WHERE `status` = 1 AND `id` IN ('4') ORDER BY create_time DESC  [ RunTime:0.0002s ]
NOTIC: [8] Undefined variable: tag_tags E:\Workspace\PHP\QingYun\Application\Common\Common\custom_filter.php 第 84 行.
SQL: SHOW COLUMNS FROM `category_relevance` [ RunTime:0.0068s ]
SQL: SELECT `cid` FROM `category_relevance` WHERE `status` = 1 AND `type` = 2 AND `oid` = '3' ORDER BY id ASC  [ RunTime:0.0003s ]
SQL: SHOW COLUMNS FROM `label_relevance` [ RunTime:0.0042s ]
SQL: SELECT `lid` FROM `label_relevance` WHERE `status` = 1 AND `type` = 2 AND `oid` = '3' ORDER BY id ASC  [ RunTime:0.0002s ]
NOTIC: [8] Undefined variable: tag_tags E:\Workspace\PHP\QingYun\Application\Common\Common\custom_filter.php 第 84 行.
SQL: SHOW COLUMNS FROM `category_relevance` [ RunTime:0.0046s ]
SQL: SELECT `cid` FROM `category_relevance` WHERE `status` = 1 AND `type` = 2 AND `oid` = '4' ORDER BY id ASC  [ RunTime:0.0002s ]
SQL: SHOW COLUMNS FROM `label_relevance` [ RunTime:0.0062s ]
SQL: SELECT `lid` FROM `label_relevance` WHERE `status` = 1 AND `type` = 2 AND `oid` = '4' ORDER BY id ASC  [ RunTime:0.0002s ]
SQL: SHOW COLUMNS FROM `category` [ RunTime:0.0047s ]
SQL: SELECT `title` FROM `category` WHERE `status` = 1 AND `id` IN ('3') ORDER BY create_time DESC  [ RunTime:0.0002s ]
SQL: SHOW COLUMNS FROM `label` [ RunTime:0.0049s ]
SQL: SELECT `title` FROM `label` WHERE `status` = 1 AND `id` IN ('3') ORDER BY create_time DESC  [ RunTime:0.0003s ]
NOTIC: [8] Undefined variable: tag_tags E:\Workspace\PHP\QingYun\Application\Common\Common\custom_filter.php 第 84 行.
SQL: SHOW COLUMNS FROM `category_relevance` [ RunTime:0.0051s ]
SQL: SELECT `cid` FROM `category_relevance` WHERE `status` = 1 AND `type` = 2 AND `oid` = '5' ORDER BY id ASC  [ RunTime:0.0003s ]
SQL: SHOW COLUMNS FROM `label_relevance` [ RunTime:0.0054s ]
SQL: SELECT `lid` FROM `label_relevance` WHERE `status` = 1 AND `type` = 2 AND `oid` = '5' ORDER BY id ASC  [ RunTime:0.0002s ]
NOTIC: [8] Undefined variable: tag_tags E:\Workspace\PHP\QingYun\Application\Common\Common\custom_filter.php 第 84 行.
SQL: SHOW COLUMNS FROM `category_relevance` [ RunTime:0.0040s ]
SQL: SELECT `cid` FROM `category_relevance` WHERE `status` = 1 AND `type` = 2 AND `oid` = '6' ORDER BY id ASC  [ RunTime:0.0002s ]
SQL: SHOW COLUMNS FROM `label_relevance` [ RunTime:0.0051s ]
SQL: SELECT `lid` FROM `label_relevance` WHERE `status` = 1 AND `type` = 2 AND `oid` = '6' ORDER BY id ASC  [ RunTime:0.0003s ]
NOTIC: [8] Undefined variable: tag_tags E:\Workspace\PHP\QingYun\Application\Common\Common\custom_filter.php 第 84 行.
SQL: SHOW COLUMNS FROM `category_relevance` [ RunTime:0.0050s ]
SQL: SELECT `cid` FROM `category_relevance` WHERE `status` = 1 AND `type` = 2 AND `oid` = '7' ORDER BY id ASC  [ RunTime:0.0002s ]
SQL: SHOW COLUMNS FROM `label_relevance` [ RunTime:0.0046s ]
SQL: SELECT `lid` FROM `label_relevance` WHERE `status` = 1 AND `type` = 2 AND `oid` = '7' ORDER BY id ASC  [ RunTime:0.0004s ]
NOTIC: [8] Undefined variable: tag_tags E:\Workspace\PHP\QingYun\Application\Common\Common\custom_filter.php 第 84 行.
SQL: SHOW COLUMNS FROM `category_relevance` [ RunTime:0.0047s ]
SQL: SELECT `cid` FROM `category_relevance` WHERE `status` = 1 AND `type` = 2 AND `oid` = '8' ORDER BY id ASC  [ RunTime:0.0003s ]
SQL: SHOW COLUMNS FROM `label_relevance` [ RunTime:0.0049s ]
SQL: SELECT `lid` FROM `label_relevance` WHERE `status` = 1 AND `type` = 2 AND `oid` = '8' ORDER BY id ASC  [ RunTime:0.0002s ]
NOTIC: [8] Undefined variable: tag_tags E:\Workspace\PHP\QingYun\Application\Common\Common\custom_filter.php 第 84 行.
SQL: SHOW COLUMNS FROM `category_relevance` [ RunTime:0.0057s ]
SQL: SELECT `cid` FROM `category_relevance` WHERE `status` = 1 AND `type` = 2 AND `oid` = '9' ORDER BY id ASC  [ RunTime:0.0003s ]
SQL: SHOW COLUMNS FROM `label_relevance` [ RunTime:0.0065s ]
SQL: SELECT `lid` FROM `label_relevance` WHERE `status` = 1 AND `type` = 2 AND `oid` = '9' ORDER BY id ASC  [ RunTime:0.0002s ]
INFO: [ view_parse ] --START--
INFO: [ template_filter ] --START--
INFO: Run Behavior\ContentReplaceBehavior [ RunTime:0.000148s ]
INFO: [ template_filter ] --END-- [ RunTime:0.000265s ]
NOTIC: [8] Undefined index: picture E:\Workspace\PHP\QingYun\Application\Runtime\Cache\Home\1576f051a695d88c69f59a2b72a18878.php 第 110 行.
NOTIC: [8] Undefined index: picture E:\Workspace\PHP\QingYun\Application\Runtime\Cache\Home\1576f051a695d88c69f59a2b72a18878.php 第 110 行.
NOTIC: [8] Undefined index: picture E:\Workspace\PHP\QingYun\Application\Runtime\Cache\Home\1576f051a695d88c69f59a2b72a18878.php 第 110 行.
NOTIC: [8] Undefined index: label E:\Workspace\PHP\QingYun\Application\Runtime\Cache\Home\1576f051a695d88c69f59a2b72a18878.php 第 131 行.
NOTIC: [8] Undefined index: category E:\Workspace\PHP\QingYun\Application\Runtime\Cache\Home\1576f051a695d88c69f59a2b72a18878.php 第 132 行.
NOTIC: [8] Undefined index: picture E:\Workspace\PHP\QingYun\Application\Runtime\Cache\Home\1576f051a695d88c69f59a2b72a18878.php 第 110 行.
NOTIC: [8] Undefined index: label E:\Workspace\PHP\QingYun\Application\Runtime\Cache\Home\1576f051a695d88c69f59a2b72a18878.php 第 131 行.
NOTIC: [8] Undefined index: category E:\Workspace\PHP\QingYun\Application\Runtime\Cache\Home\1576f051a695d88c69f59a2b72a18878.php 第 132 行.
NOTIC: [8] Undefined index: picture E:\Workspace\PHP\QingYun\Application\Runtime\Cache\Home\1576f051a695d88c69f59a2b72a18878.php 第 110 行.
NOTIC: [8] Undefined index: label E:\Workspace\PHP\QingYun\Application\Runtime\Cache\Home\1576f051a695d88c69f59a2b72a18878.php 第 131 行.
NOTIC: [8] Undefined index: category E:\Workspace\PHP\QingYun\Application\Runtime\Cache\Home\1576f051a695d88c69f59a2b72a18878.php 第 132 行.
NOTIC: [8] Undefined index: picture E:\Workspace\PHP\QingYun\Application\Runtime\Cache\Home\1576f051a695d88c69f59a2b72a18878.php 第 110 行.
NOTIC: [8] Undefined index: label E:\Workspace\PHP\QingYun\Application\Runtime\Cache\Home\1576f051a695d88c69f59a2b72a18878.php 第 131 行.
NOTIC: [8] Undefined index: category E:\Workspace\PHP\QingYun\Application\Runtime\Cache\Home\1576f051a695d88c69f59a2b72a18878.php 第 132 行.
NOTIC: [8] Undefined index: picture E:\Workspace\PHP\QingYun\Application\Runtime\Cache\Home\1576f051a695d88c69f59a2b72a18878.php 第 110 行.
NOTIC: [8] Undefined index: label E:\Workspace\PHP\QingYun\Application\Runtime\Cache\Home\1576f051a695d88c69f59a2b72a18878.php 第 131 行.
NOTIC: [8] Undefined index: category E:\Workspace\PHP\QingYun\Application\Runtime\Cache\Home\1576f051a695d88c69f59a2b72a18878.php 第 132 行.
NOTIC: [8] Undefined index: picture E:\Workspace\PHP\QingYun\Application\Runtime\Cache\Home\1576f051a695d88c69f59a2b72a18878.php 第 110 行.
NOTIC: [8] Undefined index: label E:\Workspace\PHP\QingYun\Application\Runtime\Cache\Home\1576f051a695d88c69f59a2b72a18878.php 第 131 行.
NOTIC: [8] Undefined index: category E:\Workspace\PHP\QingYun\Application\Runtime\Cache\Home\1576f051a695d88c69f59a2b72a18878.php 第 132 行.
INFO: Run Behavior\ParseTemplateBehavior [ RunTime:0.071125s ]
INFO: [ view_parse ] --END-- [ RunTime:0.071235s ]
INFO: [ view_filter ] --START--
INFO: Run Behavior\WriteHtmlCacheBehavior [ RunTime:0.000290s ]
INFO: [ view_filter ] --END-- [ RunTime:0.000392s ]
INFO: [ app_end ] --START--
INFO: Run Behavior\ShowPageTraceBehavior [ RunTime:0.001126s ]
INFO: [ app_end ] --END-- [ RunTime:0.001422s ]

[ 2017-07-28T12:59:32+08:00 ] 127.0.0.1 /Home/Note/detail/id/14
INFO: [ app_init ] --START--
INFO: Run Behavior\BuildLiteBehavior [ RunTime:0.000026s ]
INFO: Run Common\Behavior\InitHookBehavior [ RunTime:0.001278s ]
INFO: [ app_init ] --END-- [ RunTime:0.001477s ]
INFO: [ app_begin ] --START--
INFO: Run Behavior\ReadHtmlCacheBehavior [ RunTime:0.000750s ]
INFO: [ app_begin ] --END-- [ RunTime:0.000946s ]
NOTIC: [8] Use of undefined constant get_uid - assumed 'get_uid' E:\Workspace\PHP\QingYun\ThinkPHP\Common\functions.php 第 588 行.
SQL: SHOW COLUMNS FROM `note` [ RunTime:0.0172s ]
SQL: SELECT * FROM `note` WHERE `status` = 1 AND `id` = '14' LIMIT 1   [ RunTime:0.0004s ]
SQL: SHOW COLUMNS FROM `category_relevance` [ RunTime:0.0080s ]
SQL: SELECT `cid` FROM `category_relevance` WHERE `status` = 1 AND `type` = 2 AND `oid` = '14' ORDER BY id ASC  [ RunTime:0.0003s ]
SQL: SHOW COLUMNS FROM `label_relevance` [ RunTime:0.0068s ]
SQL: SELECT `lid` FROM `label_relevance` WHERE `status` = 1 AND `type` = 2 AND `oid` = '14' ORDER BY id ASC  [ RunTime:0.0003s ]
NOTIC: [8] Use of undefined constant get_uid - assumed 'get_uid' E:\Workspace\PHP\QingYun\ThinkPHP\Common\functions.php 第 588 行.
SQL: SHOW COLUMNS FROM `category` [ RunTime:0.0084s ]
SQL: SELECT `title` FROM `category` WHERE `status` = 1 AND `id` IN ('4') ORDER BY create_time DESC  [ RunTime:0.0004s ]
NOTIC: [8] Use of undefined constant get_uid - assumed 'get_uid' E:\Workspace\PHP\QingYun\ThinkPHP\Common\functions.php 第 588 行.
SQL: SHOW COLUMNS FROM `label` [ RunTime:0.0069s ]
SQL: SELECT `title` FROM `label` WHERE `status` = 1 AND `id` IN ('4') ORDER BY create_time DESC  [ RunTime:0.0004s ]
NOTIC: [8] Undefined variable: vo E:\Workspace\PHP\QingYun\Application\Home\Controller\NoteController.class.php 第 192 行.
SQL: SHOW COLUMNS FROM `category` [ RunTime:0.0048s ]
SQL: SELECT `id`,`title` FROM `category` WHERE `status` = 1 AND `type` = 2 ORDER BY id ASC  [ RunTime:0.0003s ]
SQL: SHOW COLUMNS FROM `label` [ RunTime:0.0048s ]
SQL: SELECT `id`,`title` FROM `label` WHERE `status` = 1 AND `type` = 2 ORDER BY id ASC  [ RunTime:0.0003s ]
NOTIC: [8] Use of undefined constant get_uid - assumed 'get_uid' E:\Workspace\PHP\QingYun\ThinkPHP\Common\functions.php 第 588 行.
SQL: SHOW COLUMNS FROM `note_comment` [ RunTime:0.0433s ]
SQL: SELECT `id`,`nid`,`content`,`reply_id`,`by_reply_id`,`create_time`,`founder` FROM `note_comment` WHERE `status` = 1 AND `nid` = '14' ORDER BY id ASC  [ RunTime:0.0003s ]
INFO: [ view_parse ] --START--
INFO: [ template_filter ] --START--
INFO: Run Behavior\ContentReplaceBehavior [ RunTime:0.000234s ]
INFO: [ template_filter ] --END-- [ RunTime:0.000374s ]
NOTIC: [8] Undefined variable: set E:\Workspace\PHP\QingYun\Application\Runtime\Cache\Home\d19311be9b5c0b2a62635144bc79cf1f.php 第 179 行.
NOTIC: [8] Undefined variable: set E:\Workspace\PHP\QingYun\Application\Runtime\Cache\Home\d19311be9b5c0b2a62635144bc79cf1f.php 第 179 行.
NOTIC: [8] Undefined variable: set E:\Workspace\PHP\QingYun\Application\Runtime\Cache\Home\d19311be9b5c0b2a62635144bc79cf1f.php 第 187 行.
NOTIC: [8] Undefined variable: set E:\Workspace\PHP\QingYun\Application\Runtime\Cache\Home\d19311be9b5c0b2a62635144bc79cf1f.php 第 187 行.
NOTIC: [8] Undefined variable: set E:\Workspace\PHP\QingYun\Application\Runtime\Cache\Home\d19311be9b5c0b2a62635144bc79cf1f.php 第 236 行.
INFO: Run Behavior\ParseTemplateBehavior [ RunTime:0.099665s ]
INFO: [ view_parse ] --END-- [ RunTime:0.099775s ]
INFO: [ view_filter ] --START--
INFO: Run Behavior\WriteHtmlCacheBehavior [ RunTime:0.000292s ]
INFO: [ view_filter ] --END-- [ RunTime:0.000395s ]
INFO: [ app_end ] --START--
INFO: Run Behavior\ShowPageTraceBehavior [ RunTime:0.000668s ]
INFO: [ app_end ] --END-- [ RunTime:0.000787s ]

[ 2017-07-28T12:59:32+08:00 ] 127.0.0.1 /Home/Note/detail/id/img/favicon.png
INFO: [ app_init ] --START--
INFO: Run Behavior\BuildLiteBehavior [ RunTime:0.000032s ]
INFO: Run Common\Behavior\InitHookBehavior [ RunTime:0.001633s ]
INFO: [ app_init ] --END-- [ RunTime:0.001872s ]

[ 2017-07-28T12:59:43+08:00 ] 127.0.0.1 /Home/Note/comment
INFO: [ app_init ] --START--
INFO: Run Behavior\BuildLiteBehavior [ RunTime:0.000027s ]
INFO: Run Common\Behavior\InitHookBehavior [ RunTime:0.001339s ]
INFO: [ app_init ] --END-- [ RunTime:0.001538s ]
INFO: [ app_begin ] --START--
INFO: Run Behavior\ReadHtmlCacheBehavior [ RunTime:0.000378s ]
INFO: [ app_begin ] --END-- [ RunTime:0.000469s ]
NOTIC: [8] Use of undefined constant get_uid - assumed 'get_uid' E:\Workspace\PHP\QingYun\ThinkPHP\Common\functions.php 第 588 行.
SQL: SHOW COLUMNS FROM `note_comment` [ RunTime:0.0148s ]
NOTIC: [8] Undefined index: validate E:\Workspace\PHP\QingYun\ThinkPHP\Library\Think\Model.class.php 第 1185 行.
NOTIC: [8] Undefined index: auto E:\Workspace\PHP\QingYun\ThinkPHP\Library\Think\Model.class.php 第 1128 行.
SQL: SHOW COLUMNS FROM `note_comment` [ RunTime:0.0053s ]
SQL: INSERT INTO `note_comment` (`content`,`nid`,`status`,`create_time`,`founder`) VALUES ('123123123123123213','14','1','1501217983',NULL) [ RunTime:0.0549s ]
NOTIC: [8] Undefined index: query E:\Workspace\PHP\QingYun\Application\Common\Common\custom_function.php 第 583 行.

[ 2017-07-28T12:59:45+08:00 ] 127.0.0.1 /Home/Note/detail/id/14
INFO: [ app_init ] --START--
INFO: Run Behavior\BuildLiteBehavior [ RunTime:0.000045s ]
INFO: Run Common\Behavior\InitHookBehavior [ RunTime:0.001367s ]
INFO: [ app_init ] --END-- [ RunTime:0.001640s ]
INFO: [ app_begin ] --START--
INFO: Run Behavior\ReadHtmlCacheBehavior [ RunTime:0.000387s ]
INFO: [ app_begin ] --END-- [ RunTime:0.000495s ]
NOTIC: [8] Use of undefined constant get_uid - assumed 'get_uid' E:\Workspace\PHP\QingYun\ThinkPHP\Common\functions.php 第 588 行.
SQL: SHOW COLUMNS FROM `note` [ RunTime:0.0184s ]
SQL: SELECT * FROM `note` WHERE `status` = 1 AND `id` = '14' LIMIT 1   [ RunTime:0.0003s ]
SQL: SHOW COLUMNS FROM `category_relevance` [ RunTime:0.0078s ]
SQL: SELECT `cid` FROM `category_relevance` WHERE `status` = 1 AND `type` = 2 AND `oid` = '14' ORDER BY id ASC  [ RunTime:0.0003s ]
SQL: SHOW COLUMNS FROM `label_relevance` [ RunTime:0.0076s ]
SQL: SELECT `lid` FROM `label_relevance` WHERE `status` = 1 AND `type` = 2 AND `oid` = '14' ORDER BY id ASC  [ RunTime:0.0003s ]
NOTIC: [8] Use of undefined constant get_uid - assumed 'get_uid' E:\Workspace\PHP\QingYun\ThinkPHP\Common\functions.php 第 588 行.
SQL: SHOW COLUMNS FROM `category` [ RunTime:0.0077s ]
SQL: SELECT `title` FROM `category` WHERE `status` = 1 AND `id` IN ('4') ORDER BY create_time DESC  [ RunTime:0.0003s ]
NOTIC: [8] Use of undefined constant get_uid - assumed 'get_uid' E:\Workspace\PHP\QingYun\ThinkPHP\Common\functions.php 第 588 行.
SQL: SHOW COLUMNS FROM `label` [ RunTime:0.0074s ]
SQL: SELECT `title` FROM `label` WHERE `status` = 1 AND `id` IN ('4') ORDER BY create_time DESC  [ RunTime:0.0002s ]
NOTIC: [8] Undefined variable: vo E:\Workspace\PHP\QingYun\Application\Home\Controller\NoteController.class.php 第 192 行.
SQL: SHOW COLUMNS FROM `category` [ RunTime:0.0046s ]
SQL: SELECT `id`,`title` FROM `category` WHERE `status` = 1 AND `type` = 2 ORDER BY id ASC  [ RunTime:0.0002s ]
SQL: SHOW COLUMNS FROM `label` [ RunTime:0.0042s ]
SQL: SELECT `id`,`title` FROM `label` WHERE `status` = 1 AND `type` = 2 ORDER BY id ASC  [ RunTime:0.0002s ]
NOTIC: [8] Use of undefined constant get_uid - assumed 'get_uid' E:\Workspace\PHP\QingYun\ThinkPHP\Common\functions.php 第 588 行.
SQL: SHOW COLUMNS FROM `note_comment` [ RunTime:0.0078s ]
SQL: SELECT `id`,`nid`,`content`,`reply_id`,`by_reply_id`,`create_time`,`founder` FROM `note_comment` WHERE `status` = 1 AND `nid` = '14' ORDER BY id ASC  [ RunTime:0.0003s ]
INFO: [ view_parse ] --START--
INFO: [ template_filter ] --START--
INFO: Run Behavior\ContentReplaceBehavior [ RunTime:0.000154s ]
INFO: [ template_filter ] --END-- [ RunTime:0.000321s ]
NOTIC: [8] Undefined variable: set E:\Workspace\PHP\QingYun\Application\Runtime\Cache\Home\d19311be9b5c0b2a62635144bc79cf1f.php 第 179 行.
NOTIC: [8] Undefined variable: set E:\Workspace\PHP\QingYun\Application\Runtime\Cache\Home\d19311be9b5c0b2a62635144bc79cf1f.php 第 179 行.
NOTIC: [8] Undefined variable: set E:\Workspace\PHP\QingYun\Application\Runtime\Cache\Home\d19311be9b5c0b2a62635144bc79cf1f.php 第 187 行.
NOTIC: [8] Undefined variable: set E:\Workspace\PHP\QingYun\Application\Runtime\Cache\Home\d19311be9b5c0b2a62635144bc79cf1f.php 第 187 行.
NOTIC: [8] Undefined variable: set E:\Workspace\PHP\QingYun\Application\Runtime\Cache\Home\d19311be9b5c0b2a62635144bc79cf1f.php 第 236 行.
INFO: Run Behavior\ParseTemplateBehavior [ RunTime:0.064558s ]
INFO: [ view_parse ] --END-- [ RunTime:0.064759s ]
INFO: [ view_filter ] --START--
INFO: Run Behavior\WriteHtmlCacheBehavior [ RunTime:0.000298s ]
INFO: [ view_filter ] --END-- [ RunTime:0.000415s ]
INFO: [ app_end ] --START--
INFO: Run Behavior\ShowPageTraceBehavior [ RunTime:0.000791s ]
INFO: [ app_end ] --END-- [ RunTime:0.001026s ]

