[ 2017-03-20T09:27:05+08:00 ] ::1 /
INFO: [ app_init ] --START--
INFO: Run Behavior\BuildLiteBehavior [ RunTime:0.000096s ]
INFO: Run Common\Behavior\InitHookBehavior [ RunTime:0.034401s ]
INFO: [ app_init ] --END-- [ RunTime:0.062871s ]
INFO: [ app_begin ] --START--
INFO: Run Behavior\ReadHtmlCacheBehavior [ RunTime:0.007151s ]
INFO: [ app_begin ] --END-- [ RunTime:0.007342s ]
NOTIC: [8] Use of undefined constant get_uid - assumed 'get_uid' E:\Workspace\PHP\QinYun\ThinkPHP\Common\functions.php 第 588 行.
SQL: SHOW COLUMNS FROM `channel` [ RunTime:0.0490s ]
SQL: SELECT `id`,`pid`,`title`,`url` FROM `channel` WHERE `status` = 1 AND `pid` = 0 ORDER BY id ASC  [ RunTime:0.0131s ]
SQL: SHOW COLUMNS FROM `channel` [ RunTime:0.0034s ]
SQL: SELECT `id`,`pid`,`title`,`url` FROM `channel` WHERE `status` = 1 AND `pid` = '1' ORDER BY id ASC  [ RunTime:0.0005s ]
SQL: SHOW COLUMNS FROM `channel` [ RunTime:0.0024s ]
SQL: SELECT `id`,`pid`,`title`,`url` FROM `channel` WHERE `status` = 1 AND `pid` = '2' ORDER BY id ASC  [ RunTime:0.0004s ]
SQL: SHOW COLUMNS FROM `channel` [ RunTime:0.0022s ]
SQL: SELECT `id`,`pid`,`title`,`url` FROM `channel` WHERE `status` = 1 AND `pid` = '3' ORDER BY id ASC  [ RunTime:0.0005s ]
SQL: SHOW COLUMNS FROM `channel` [ RunTime:0.0025s ]
SQL: SELECT `id`,`pid`,`title`,`url` FROM `channel` WHERE `status` = 1 AND `pid` = '4' ORDER BY id ASC  [ RunTime:0.0003s ]
SQL: SHOW COLUMNS FROM `channel` [ RunTime:0.0013s ]
SQL: SELECT `id`,`pid`,`title`,`url` FROM `channel` WHERE `status` = 1 AND `pid` = '5' ORDER BY id ASC  [ RunTime:0.0003s ]
SQL: SHOW COLUMNS FROM `channel` [ RunTime:0.0014s ]
SQL: SELECT `id`,`pid`,`title`,`url` FROM `channel` WHERE `status` = 1 AND `pid` = '6' ORDER BY id ASC  [ RunTime:0.0003s ]
NOTIC: [8] Use of undefined constant get_uid - assumed 'get_uid' E:\Workspace\PHP\QinYun\ThinkPHP\Common\functions.php 第 588 行.
SQL: SHOW COLUMNS FROM `publicity` [ RunTime:0.0622s ]
SQL: SELECT `id`,`title`,`picture` FROM `publicity` WHERE `status` = 1 ORDER BY sort ASC LIMIT 5   [ RunTime:0.0005s ]
NOTIC: [8] Use of undefined constant get_uid - assumed 'get_uid' E:\Workspace\PHP\QinYun\ThinkPHP\Common\functions.php 第 588 行.
SQL: SHOW COLUMNS FROM `service` [ RunTime:0.0250s ]
SQL: SELECT `id` FROM `service` WHERE `status` = 1 AND `display` = 1 LIMIT 1   [ RunTime:0.0004s ]
NOTIC: [8] Use of undefined constant get_uid - assumed 'get_uid' E:\Workspace\PHP\QinYun\ThinkPHP\Common\functions.php 第 588 行.
SQL: SHOW COLUMNS FROM `merit` [ RunTime:0.0283s ]
SQL: SELECT `id`,`title`,`content`,`picture` FROM `merit` WHERE `status` = 1 AND `oid` = '1' ORDER BY id ASC  [ RunTime:0.0005s ]
NOTIC: [8] Undefined variable: tag_tags E:\Workspace\PHP\QinYun\Application\Common\Common\custom_filter.php 第 84 行.
NOTIC: [8] Undefined variable: x E:\Workspace\PHP\QinYun\Application\Home\Controller\IndexController.class.php 第 50 行.
NOTIC: [8] Undefined variable: tag_tags E:\Workspace\PHP\QinYun\Application\Common\Common\custom_filter.php 第 84 行.
NOTIC: [8] Undefined variable: x E:\Workspace\PHP\QinYun\Application\Home\Controller\IndexController.class.php 第 50 行.
NOTIC: [8] Undefined variable: tag_tags E:\Workspace\PHP\QinYun\Application\Common\Common\custom_filter.php 第 84 行.
NOTIC: [8] Undefined variable: x E:\Workspace\PHP\QinYun\Application\Home\Controller\IndexController.class.php 第 50 行.
NOTIC: [8] Undefined variable: tag_tags E:\Workspace\PHP\QinYun\Application\Common\Common\custom_filter.php 第 84 行.
NOTIC: [8] Undefined variable: x E:\Workspace\PHP\QinYun\Application\Home\Controller\IndexController.class.php 第 50 行.
NOTIC: [8] Undefined variable: tag_tags E:\Workspace\PHP\QinYun\Application\Common\Common\custom_filter.php 第 84 行.
NOTIC: [8] Undefined variable: x E:\Workspace\PHP\QinYun\Application\Home\Controller\IndexController.class.php 第 47 行.
NOTIC: [8] Use of undefined constant get_uid - assumed 'get_uid' E:\Workspace\PHP\QinYun\ThinkPHP\Common\functions.php 第 588 行.
SQL: SHOW COLUMNS FROM `note` [ RunTime:0.0042s ]
SQL: SELECT `id`,`title`,`content` FROM `note` WHERE `status` = 1 ORDER BY create_time DESC  [ RunTime:0.0005s ]
NOTIC: [8] Undefined variable: tag_tags E:\Workspace\PHP\QinYun\Application\Common\Common\custom_filter.php 第 84 行.
NOTIC: [8] Undefined variable: tag_tags E:\Workspace\PHP\QinYun\Application\Common\Common\custom_filter.php 第 84 行.
NOTIC: [8] Undefined variable: tag_tags E:\Workspace\PHP\QinYun\Application\Common\Common\custom_filter.php 第 84 行.
NOTIC: [8] Use of undefined constant get_uid - assumed 'get_uid' E:\Workspace\PHP\QinYun\ThinkPHP\Common\functions.php 第 588 行.
SQL: SHOW COLUMNS FROM `item` [ RunTime:0.0250s ]
SQL: SELECT `id`,`title`,`content`,`picture` FROM `item` WHERE `status` = 1 ORDER BY create_time DESC LIMIT 2   [ RunTime:0.0005s ]
NOTIC: [8] Undefined variable: tag_tags E:\Workspace\PHP\QinYun\Application\Common\Common\custom_filter.php 第 84 行.
NOTIC: [8] Undefined variable: tag_tags E:\Workspace\PHP\QinYun\Application\Common\Common\custom_filter.php 第 84 行.
INFO: [ view_parse ] --START--
INFO: [ template_filter ] --START--
INFO: Run Behavior\ContentReplaceBehavior [ RunTime:0.024931s ]
INFO: [ template_filter ] --END-- [ RunTime:0.025127s ]
INFO: Run Behavior\ParseTemplateBehavior [ RunTime:0.169846s ]
INFO: [ view_parse ] --END-- [ RunTime:0.170108s ]
INFO: [ view_filter ] --START--
INFO: Run Behavior\WriteHtmlCacheBehavior [ RunTime:0.014040s ]
INFO: [ view_filter ] --END-- [ RunTime:0.014194s ]
INFO: [ app_end ] --START--
INFO: Run Behavior\ShowPageTraceBehavior [ RunTime:0.018658s ]
INFO: [ app_end ] --END-- [ RunTime:0.018843s ]

