[ 2017-09-01T00:18:17+08:00 ] ::1 /
INFO: [ app_init ] --START--
INFO: Run Behavior\BuildLiteBehavior [ RunTime:0.000009s ]
INFO: Run Common\Behavior\InitHookBehavior [ RunTime:0.074637s ]
INFO: [ app_init ] --END-- [ RunTime:0.074712s ]
INFO: [ app_begin ] --START--
INFO: Run Behavior\ReadHtmlCacheBehavior [ RunTime:0.015870s ]
INFO: [ app_begin ] --END-- [ RunTime:0.015915s ]
NOTIC: [8] Use of undefined constant get_uid - assumed 'get_uid' E:\Workspace\PHP\QingYun\ThinkPHP\Common\functions.php 第 588 行.
SQL: SHOW COLUMNS FROM `channel` [ RunTime:0.0593s ]
SQL: SELECT `id`,`pid`,`title`,`url` FROM `channel` WHERE `status` = 1 AND `pid` = 0 ORDER BY id ASC  [ RunTime:0.0004s ]
SQL: SHOW COLUMNS FROM `channel` [ RunTime:0.0054s ]
SQL: SELECT `id`,`pid`,`title`,`url` FROM `channel` WHERE `status` = 1 AND `pid` = '1' ORDER BY id ASC  [ RunTime:0.0003s ]
SQL: SHOW COLUMNS FROM `channel` [ RunTime:0.0072s ]
SQL: SELECT `id`,`pid`,`title`,`url` FROM `channel` WHERE `status` = 1 AND `pid` = '2' ORDER BY id ASC  [ RunTime:0.0003s ]
SQL: SHOW COLUMNS FROM `channel` [ RunTime:0.0047s ]
SQL: SELECT `id`,`pid`,`title`,`url` FROM `channel` WHERE `status` = 1 AND `pid` = '3' ORDER BY id ASC  [ RunTime:0.0004s ]
SQL: SHOW COLUMNS FROM `channel` [ RunTime:0.0051s ]
SQL: SELECT `id`,`pid`,`title`,`url` FROM `channel` WHERE `status` = 1 AND `pid` = '4' ORDER BY id ASC  [ RunTime:0.0002s ]
SQL: SHOW COLUMNS FROM `channel` [ RunTime:0.0049s ]
SQL: SELECT `id`,`pid`,`title`,`url` FROM `channel` WHERE `status` = 1 AND `pid` = '5' ORDER BY id ASC  [ RunTime:0.0002s ]
SQL: SHOW COLUMNS FROM `channel` [ RunTime:0.0045s ]
SQL: SELECT `id`,`pid`,`title`,`url` FROM `channel` WHERE `status` = 1 AND `pid` = '6' ORDER BY id ASC  [ RunTime:0.0002s ]
NOTIC: [8] Use of undefined constant get_uid - assumed 'get_uid' E:\Workspace\PHP\QingYun\ThinkPHP\Common\functions.php 第 588 行.
SQL: SHOW COLUMNS FROM `publicity` [ RunTime:0.0498s ]
SQL: SELECT `id`,`title`,`picture` FROM `publicity` WHERE `status` = 1 ORDER BY sort ASC LIMIT 5   [ RunTime:0.0004s ]
NOTIC: [8] Use of undefined constant get_uid - assumed 'get_uid' E:\Workspace\PHP\QingYun\ThinkPHP\Common\functions.php 第 588 行.
SQL: SHOW COLUMNS FROM `service` [ RunTime:0.0413s ]
SQL: SELECT `id` FROM `service` WHERE `status` = 1 AND `display` = 1 LIMIT 1   [ RunTime:0.0003s ]
NOTIC: [8] Use of undefined constant get_uid - assumed 'get_uid' E:\Workspace\PHP\QingYun\ThinkPHP\Common\functions.php 第 588 行.
SQL: SHOW COLUMNS FROM `merit` [ RunTime:0.0447s ]
SQL: SELECT `id`,`title`,`content`,`picture` FROM `merit` WHERE `status` = 1 AND `oid` = '1' ORDER BY id ASC  [ RunTime:0.0006s ]
NOTIC: [8] Undefined variable: tag_tags E:\Workspace\PHP\QingYun\Application\Common\Common\custom_filter.php 第 84 行.
NOTIC: [8] Undefined variable: x E:\Workspace\PHP\QingYun\Application\Home\Controller\IndexController.class.php 第 50 行.
NOTIC: [8] Undefined variable: tag_tags E:\Workspace\PHP\QingYun\Application\Common\Common\custom_filter.php 第 84 行.
NOTIC: [8] Undefined variable: x E:\Workspace\PHP\QingYun\Application\Home\Controller\IndexController.class.php 第 50 行.
NOTIC: [8] Undefined variable: tag_tags E:\Workspace\PHP\QingYun\Application\Common\Common\custom_filter.php 第 84 行.
NOTIC: [8] Undefined variable: x E:\Workspace\PHP\QingYun\Application\Home\Controller\IndexController.class.php 第 50 行.
NOTIC: [8] Undefined variable: tag_tags E:\Workspace\PHP\QingYun\Application\Common\Common\custom_filter.php 第 84 行.
NOTIC: [8] Undefined variable: x E:\Workspace\PHP\QingYun\Application\Home\Controller\IndexController.class.php 第 50 行.
NOTIC: [8] Undefined variable: tag_tags E:\Workspace\PHP\QingYun\Application\Common\Common\custom_filter.php 第 84 行.
NOTIC: [8] Undefined variable: x E:\Workspace\PHP\QingYun\Application\Home\Controller\IndexController.class.php 第 47 行.
NOTIC: [8] Use of undefined constant get_uid - assumed 'get_uid' E:\Workspace\PHP\QingYun\ThinkPHP\Common\functions.php 第 588 行.
SQL: SHOW COLUMNS FROM `note` [ RunTime:0.0410s ]
SQL: SELECT `id`,`title`,`content` FROM `note` WHERE `status` = 1 ORDER BY create_time DESC  [ RunTime:0.0010s ]
NOTIC: [8] Undefined variable: tag_tags E:\Workspace\PHP\QingYun\Application\Common\Common\custom_filter.php 第 84 行.
NOTIC: [8] Undefined variable: tag_tags E:\Workspace\PHP\QingYun\Application\Common\Common\custom_filter.php 第 84 行.
NOTIC: [8] Undefined variable: tag_tags E:\Workspace\PHP\QingYun\Application\Common\Common\custom_filter.php 第 84 行.
NOTIC: [8] Use of undefined constant get_uid - assumed 'get_uid' E:\Workspace\PHP\QingYun\ThinkPHP\Common\functions.php 第 588 行.
SQL: SHOW COLUMNS FROM `item` [ RunTime:0.0330s ]
SQL: SELECT `id`,`title`,`content`,`picture` FROM `item` WHERE `status` = 1 ORDER BY create_time DESC LIMIT 2   [ RunTime:0.0004s ]
NOTIC: [8] Undefined variable: tag_tags E:\Workspace\PHP\QingYun\Application\Common\Common\custom_filter.php 第 84 行.
NOTIC: [8] Undefined variable: tag_tags E:\Workspace\PHP\QingYun\Application\Common\Common\custom_filter.php 第 84 行.
INFO: [ view_parse ] --START--
INFO: [ template_filter ] --START--
INFO: Run Behavior\ContentReplaceBehavior [ RunTime:0.000100s ]
INFO: [ template_filter ] --END-- [ RunTime:0.000135s ]
INFO: Run Behavior\ParseTemplateBehavior [ RunTime:0.249120s ]
INFO: [ view_parse ] --END-- [ RunTime:0.249155s ]
INFO: [ view_filter ] --START--
INFO: Run Behavior\WriteHtmlCacheBehavior [ RunTime:0.033809s ]
INFO: [ view_filter ] --END-- [ RunTime:0.033844s ]
INFO: [ app_end ] --START--
INFO: Run Behavior\ShowPageTraceBehavior [ RunTime:0.024835s ]
INFO: [ app_end ] --END-- [ RunTime:0.024876s ]

[ 2017-09-01T00:19:32+08:00 ] ::1 /
INFO: [ app_init ] --START--
INFO: Run Behavior\BuildLiteBehavior [ RunTime:0.000024s ]
INFO: Run Common\Behavior\InitHookBehavior [ RunTime:0.007820s ]
INFO: [ app_init ] --END-- [ RunTime:0.008060s ]
INFO: [ app_begin ] --START--
INFO: Run Behavior\ReadHtmlCacheBehavior [ RunTime:0.001877s ]
INFO: [ app_begin ] --END-- [ RunTime:0.001994s ]
NOTIC: [8] Use of undefined constant get_uid - assumed 'get_uid' E:\Workspace\PHP\QingYun\ThinkPHP\Common\functions.php 第 588 行.
SQL: SHOW COLUMNS FROM `channel` [ RunTime:0.0647s ]
SQL: SELECT `id`,`pid`,`title`,`url` FROM `channel` WHERE `status` = 1 AND `pid` = 0 ORDER BY id ASC  [ RunTime:0.0293s ]
SQL: SHOW COLUMNS FROM `channel` [ RunTime:0.0044s ]
SQL: SELECT `id`,`pid`,`title`,`url` FROM `channel` WHERE `status` = 1 AND `pid` = '1' ORDER BY id ASC  [ RunTime:0.0004s ]
SQL: SHOW COLUMNS FROM `channel` [ RunTime:0.0053s ]
SQL: SELECT `id`,`pid`,`title`,`url` FROM `channel` WHERE `status` = 1 AND `pid` = '2' ORDER BY id ASC  [ RunTime:0.0003s ]
SQL: SHOW COLUMNS FROM `channel` [ RunTime:0.0053s ]
SQL: SELECT `id`,`pid`,`title`,`url` FROM `channel` WHERE `status` = 1 AND `pid` = '3' ORDER BY id ASC  [ RunTime:0.0003s ]
SQL: SHOW COLUMNS FROM `channel` [ RunTime:0.0041s ]
SQL: SELECT `id`,`pid`,`title`,`url` FROM `channel` WHERE `status` = 1 AND `pid` = '4' ORDER BY id ASC  [ RunTime:0.0003s ]
SQL: SHOW COLUMNS FROM `channel` [ RunTime:0.0040s ]
SQL: SELECT `id`,`pid`,`title`,`url` FROM `channel` WHERE `status` = 1 AND `pid` = '5' ORDER BY id ASC  [ RunTime:0.0003s ]
SQL: SHOW COLUMNS FROM `channel` [ RunTime:0.0041s ]
SQL: SELECT `id`,`pid`,`title`,`url` FROM `channel` WHERE `status` = 1 AND `pid` = '6' ORDER BY id ASC  [ RunTime:0.0003s ]
NOTIC: [8] Use of undefined constant get_uid - assumed 'get_uid' E:\Workspace\PHP\QingYun\ThinkPHP\Common\functions.php 第 588 行.
SQL: SHOW COLUMNS FROM `publicity` [ RunTime:0.0522s ]
SQL: SELECT `id`,`title`,`picture` FROM `publicity` WHERE `status` = 1 ORDER BY sort ASC LIMIT 5   [ RunTime:0.0005s ]
NOTIC: [8] Use of undefined constant get_uid - assumed 'get_uid' E:\Workspace\PHP\QingYun\ThinkPHP\Common\functions.php 第 588 行.
SQL: SHOW COLUMNS FROM `service` [ RunTime:0.0279s ]
SQL: SELECT `id` FROM `service` WHERE `status` = 1 AND `display` = 1 LIMIT 1   [ RunTime:0.0004s ]
NOTIC: [8] Use of undefined constant get_uid - assumed 'get_uid' E:\Workspace\PHP\QingYun\ThinkPHP\Common\functions.php 第 588 行.
SQL: SHOW COLUMNS FROM `merit` [ RunTime:0.0608s ]
SQL: SELECT `id`,`title`,`content`,`picture` FROM `merit` WHERE `status` = 1 AND `oid` = '1' ORDER BY id ASC  [ RunTime:0.0005s ]
NOTIC: [8] Undefined variable: tag_tags E:\Workspace\PHP\QingYun\Application\Common\Common\custom_filter.php 第 84 行.
NOTIC: [8] Undefined variable: x E:\Workspace\PHP\QingYun\Application\Home\Controller\IndexController.class.php 第 50 行.
NOTIC: [8] Undefined variable: tag_tags E:\Workspace\PHP\QingYun\Application\Common\Common\custom_filter.php 第 84 行.
NOTIC: [8] Undefined variable: x E:\Workspace\PHP\QingYun\Application\Home\Controller\IndexController.class.php 第 50 行.
NOTIC: [8] Undefined variable: tag_tags E:\Workspace\PHP\QingYun\Application\Common\Common\custom_filter.php 第 84 行.
NOTIC: [8] Undefined variable: x E:\Workspace\PHP\QingYun\Application\Home\Controller\IndexController.class.php 第 50 行.
NOTIC: [8] Undefined variable: tag_tags E:\Workspace\PHP\QingYun\Application\Common\Common\custom_filter.php 第 84 行.
NOTIC: [8] Undefined variable: x E:\Workspace\PHP\QingYun\Application\Home\Controller\IndexController.class.php 第 50 行.
NOTIC: [8] Undefined variable: tag_tags E:\Workspace\PHP\QingYun\Application\Common\Common\custom_filter.php 第 84 行.
NOTIC: [8] Undefined variable: x E:\Workspace\PHP\QingYun\Application\Home\Controller\IndexController.class.php 第 47 行.
NOTIC: [8] Use of undefined constant get_uid - assumed 'get_uid' E:\Workspace\PHP\QingYun\ThinkPHP\Common\functions.php 第 588 行.
SQL: SHOW COLUMNS FROM `note` [ RunTime:0.0132s ]
SQL: SELECT `id`,`title`,`content` FROM `note` WHERE `status` = 1 ORDER BY create_time DESC  [ RunTime:0.0003s ]
NOTIC: [8] Undefined variable: tag_tags E:\Workspace\PHP\QingYun\Application\Common\Common\custom_filter.php 第 84 行.
NOTIC: [8] Undefined variable: tag_tags E:\Workspace\PHP\QingYun\Application\Common\Common\custom_filter.php 第 84 行.
NOTIC: [8] Undefined variable: tag_tags E:\Workspace\PHP\QingYun\Application\Common\Common\custom_filter.php 第 84 行.
NOTIC: [8] Use of undefined constant get_uid - assumed 'get_uid' E:\Workspace\PHP\QingYun\ThinkPHP\Common\functions.php 第 588 行.
SQL: SHOW COLUMNS FROM `item` [ RunTime:0.0269s ]
SQL: SELECT `id`,`title`,`content`,`picture` FROM `item` WHERE `status` = 1 ORDER BY create_time DESC LIMIT 2   [ RunTime:0.0004s ]
NOTIC: [8] Undefined variable: tag_tags E:\Workspace\PHP\QingYun\Application\Common\Common\custom_filter.php 第 84 行.
NOTIC: [8] Undefined variable: tag_tags E:\Workspace\PHP\QingYun\Application\Common\Common\custom_filter.php 第 84 行.
INFO: [ view_parse ] --START--
INFO: [ template_filter ] --START--
INFO: Run Behavior\ContentReplaceBehavior [ RunTime:0.000162s ]
INFO: [ template_filter ] --END-- [ RunTime:0.000320s ]
INFO: Run Behavior\ParseTemplateBehavior [ RunTime:0.070127s ]
INFO: [ view_parse ] --END-- [ RunTime:0.070232s ]
INFO: [ view_filter ] --START--
INFO: Run Behavior\WriteHtmlCacheBehavior [ RunTime:0.001552s ]
INFO: [ view_filter ] --END-- [ RunTime:0.001686s ]
INFO: [ app_end ] --START--
INFO: Run Behavior\ShowPageTraceBehavior [ RunTime:0.002660s ]
INFO: [ app_end ] --END-- [ RunTime:0.002821s ]

