[ 2018-04-02T22:50:44+08:00 ] 127.0.0.1 /
INFO: [ app_init ] --START--
INFO: Run Behavior\BuildLiteBehavior [ RunTime:0.000015s ]
INFO: Run Common\Behavior\InitHookBehavior [ RunTime:0.109256s ]
INFO: [ app_init ] --END-- [ RunTime:0.109424s ]
INFO: [ app_begin ] --START--
INFO: Run Behavior\ReadHtmlCacheBehavior [ RunTime:0.034013s ]
INFO: [ app_begin ] --END-- [ RunTime:0.034166s ]
NOTIC: [8] Use of undefined constant get_uid - assumed 'get_uid' E:\Workspace\PHP\QingYun\ThinkPHP\Common\functions.php 第 588 行.
SQL: SHOW COLUMNS FROM `channel` [ RunTime:0.0645s ]
SQL: SELECT `id`,`pid`,`title`,`url` FROM `channel` WHERE `status` = 1 AND `pid` = 0 ORDER BY id ASC  [ RunTime:0.0004s ]
SQL: SHOW COLUMNS FROM `channel` [ RunTime:0.0052s ]
SQL: SELECT `id`,`pid`,`title`,`url` FROM `channel` WHERE `status` = 1 AND `pid` = '1' ORDER BY id ASC  [ RunTime:0.0002s ]
SQL: SHOW COLUMNS FROM `channel` [ RunTime:0.0067s ]
SQL: SELECT `id`,`pid`,`title`,`url` FROM `channel` WHERE `status` = 1 AND `pid` = '2' ORDER BY id ASC  [ RunTime:0.0004s ]
SQL: SHOW COLUMNS FROM `channel` [ RunTime:0.0054s ]
SQL: SELECT `id`,`pid`,`title`,`url` FROM `channel` WHERE `status` = 1 AND `pid` = '3' ORDER BY id ASC  [ RunTime:0.0002s ]
SQL: SHOW COLUMNS FROM `channel` [ RunTime:0.0071s ]
SQL: SELECT `id`,`pid`,`title`,`url` FROM `channel` WHERE `status` = 1 AND `pid` = '4' ORDER BY id ASC  [ RunTime:0.0007s ]
SQL: SHOW COLUMNS FROM `channel` [ RunTime:0.0053s ]
SQL: SELECT `id`,`pid`,`title`,`url` FROM `channel` WHERE `status` = 1 AND `pid` = '5' ORDER BY id ASC  [ RunTime:0.0002s ]
SQL: SHOW COLUMNS FROM `channel` [ RunTime:0.0043s ]
SQL: SELECT `id`,`pid`,`title`,`url` FROM `channel` WHERE `status` = 1 AND `pid` = '6' ORDER BY id ASC  [ RunTime:0.0002s ]
SQL: SHOW COLUMNS FROM `unique_visitor` [ RunTime:0.0552s ]
SQL: SELECT `update_time` FROM `unique_visitor` WHERE `status` = 1 AND `ip_address` = '2130706433' LIMIT 1   [ RunTime:0.0005s ]
SQL: SHOW COLUMNS FROM `unique_visitor` [ RunTime:0.0070s ]
NOTIC: [8] Undefined index: validate E:\Workspace\PHP\QingYun\ThinkPHP\Library\Think\Model.class.php 第 1185 行.
NOTIC: [8] Undefined index: auto E:\Workspace\PHP\QingYun\ThinkPHP\Library\Think\Model.class.php 第 1128 行.
SQL: SHOW COLUMNS FROM `unique_visitor` [ RunTime:0.0069s ]
SQL: INSERT INTO `unique_visitor` (`browser`,`ip_address`,`system`,`language`,`update_time`,`status`,`create_time`,`founder`) VALUES ('Firefox','2130706433','简体中文','Windows','1522680643','1','1522680642','游客') [ RunTime:0.0298s ]
NOTIC: [8] Use of undefined constant get_uid - assumed 'get_uid' E:\Workspace\PHP\QingYun\ThinkPHP\Common\functions.php 第 588 行.
SQL: SHOW COLUMNS FROM `publicity` [ RunTime:0.0351s ]
SQL: SELECT `id`,`title`,`picture` FROM `publicity` WHERE `status` = 1 ORDER BY sort ASC LIMIT 5   [ RunTime:0.0003s ]
NOTIC: [8] Use of undefined constant get_uid - assumed 'get_uid' E:\Workspace\PHP\QingYun\ThinkPHP\Common\functions.php 第 588 行.
SQL: SHOW COLUMNS FROM `service` [ RunTime:0.0320s ]
SQL: SELECT `id` FROM `service` WHERE `status` = 1 AND `display` = 1 LIMIT 1   [ RunTime:0.0003s ]
NOTIC: [8] Use of undefined constant get_uid - assumed 'get_uid' E:\Workspace\PHP\QingYun\ThinkPHP\Common\functions.php 第 588 行.
SQL: SHOW COLUMNS FROM `merit` [ RunTime:0.0517s ]
SQL: SELECT `id`,`title`,`content`,`picture` FROM `merit` WHERE `status` = 1 AND `oid` = '1' ORDER BY id ASC  [ RunTime:0.0003s ]
NOTIC: [8] Undefined variable: tag_tags E:\Workspace\PHP\QingYun\Application\Common\Common\custom_filter.php 第 84 行.
NOTIC: [8] Undefined variable: x E:\Workspace\PHP\QingYun\Application\Home\Controller\IndexController.class.php 第 50 行.
NOTIC: [8] Undefined variable: tag_tags E:\Workspace\PHP\QingYun\Application\Common\Common\custom_filter.php 第 84 行.
NOTIC: [8] Undefined variable: x E:\Workspace\PHP\QingYun\Application\Home\Controller\IndexController.class.php 第 50 行.
NOTIC: [8] Undefined variable: tag_tags E:\Workspace\PHP\QingYun\Application\Common\Common\custom_filter.php 第 84 行.
NOTIC: [8] Undefined variable: x E:\Workspace\PHP\QingYun\Application\Home\Controller\IndexController.class.php 第 50 行.
NOTIC: [8] Undefined variable: tag_tags E:\Workspace\PHP\QingYun\Application\Common\Common\custom_filter.php 第 84 行.
NOTIC: [8] Undefined variable: x E:\Workspace\PHP\QingYun\Application\Home\Controller\IndexController.class.php 第 50 行.
NOTIC: [8] Undefined variable: tag_tags E:\Workspace\PHP\QingYun\Application\Common\Common\custom_filter.php 第 84 行.
NOTIC: [8] Undefined variable: x E:\Workspace\PHP\QingYun\Application\Home\Controller\IndexController.class.php 第 47 行.
NOTIC: [8] Use of undefined constant get_uid - assumed 'get_uid' E:\Workspace\PHP\QingYun\ThinkPHP\Common\functions.php 第 588 行.
SQL: SHOW COLUMNS FROM `note` [ RunTime:0.0620s ]
SQL: SELECT `id`,`title`,`content` FROM `note` WHERE `status` = 1 ORDER BY create_time DESC  [ RunTime:0.0005s ]
NOTIC: [8] Undefined variable: tag_tags E:\Workspace\PHP\QingYun\Application\Common\Common\custom_filter.php 第 84 行.
NOTIC: [8] Undefined variable: tag_tags E:\Workspace\PHP\QingYun\Application\Common\Common\custom_filter.php 第 84 行.
NOTIC: [8] Undefined variable: tag_tags E:\Workspace\PHP\QingYun\Application\Common\Common\custom_filter.php 第 84 行.
NOTIC: [8] Use of undefined constant get_uid - assumed 'get_uid' E:\Workspace\PHP\QingYun\ThinkPHP\Common\functions.php 第 588 行.
SQL: SHOW COLUMNS FROM `item` [ RunTime:0.0668s ]
SQL: SELECT `id`,`title`,`content`,`picture` FROM `item` WHERE `status` = 1 ORDER BY create_time DESC LIMIT 2   [ RunTime:0.0005s ]
NOTIC: [8] Undefined variable: tag_tags E:\Workspace\PHP\QingYun\Application\Common\Common\custom_filter.php 第 84 行.
NOTIC: [8] Undefined variable: tag_tags E:\Workspace\PHP\QingYun\Application\Common\Common\custom_filter.php 第 84 行.
INFO: [ view_parse ] --START--
INFO: [ template_filter ] --START--
INFO: Run Behavior\ContentReplaceBehavior [ RunTime:0.000169s ]
INFO: [ template_filter ] --END-- [ RunTime:0.000240s ]
INFO: Run Behavior\ParseTemplateBehavior [ RunTime:0.248752s ]
INFO: [ view_parse ] --END-- [ RunTime:0.248826s ]
INFO: [ view_filter ] --START--
INFO: Run Behavior\WriteHtmlCacheBehavior [ RunTime:0.038268s ]
INFO: [ view_filter ] --END-- [ RunTime:0.038340s ]
INFO: [ app_end ] --START--
INFO: Run Behavior\ShowPageTraceBehavior [ RunTime:0.026264s ]
INFO: [ app_end ] --END-- [ RunTime:0.026381s ]

[ 2018-04-02T22:52:59+08:00 ] 127.0.0.1 /Home/Item/index
INFO: [ app_init ] --START--
INFO: Run Behavior\BuildLiteBehavior [ RunTime:0.000069s ]
INFO: Run Common\Behavior\InitHookBehavior [ RunTime:0.004404s ]
INFO: [ app_init ] --END-- [ RunTime:0.004682s ]
INFO: [ app_begin ] --START--
INFO: Run Behavior\ReadHtmlCacheBehavior [ RunTime:0.000540s ]
INFO: [ app_begin ] --END-- [ RunTime:0.000622s ]
NOTIC: [8] Use of undefined constant get_uid - assumed 'get_uid' E:\Workspace\PHP\QingYun\ThinkPHP\Common\functions.php 第 588 行.
SQL: SHOW COLUMNS FROM `channel` [ RunTime:0.0167s ]
SQL: SELECT `id`,`pid`,`title`,`url` FROM `channel` WHERE `status` = 1 AND `pid` = 0 ORDER BY id ASC  [ RunTime:0.0004s ]
SQL: SHOW COLUMNS FROM `channel` [ RunTime:0.0060s ]
SQL: SELECT `id`,`pid`,`title`,`url` FROM `channel` WHERE `status` = 1 AND `pid` = '1' ORDER BY id ASC  [ RunTime:0.0003s ]
SQL: SHOW COLUMNS FROM `channel` [ RunTime:0.0051s ]
SQL: SELECT `id`,`pid`,`title`,`url` FROM `channel` WHERE `status` = 1 AND `pid` = '2' ORDER BY id ASC  [ RunTime:0.0003s ]
SQL: SHOW COLUMNS FROM `channel` [ RunTime:0.0054s ]
SQL: SELECT `id`,`pid`,`title`,`url` FROM `channel` WHERE `status` = 1 AND `pid` = '3' ORDER BY id ASC  [ RunTime:0.0004s ]
SQL: SHOW COLUMNS FROM `channel` [ RunTime:0.0055s ]
SQL: SELECT `id`,`pid`,`title`,`url` FROM `channel` WHERE `status` = 1 AND `pid` = '4' ORDER BY id ASC  [ RunTime:0.0003s ]
SQL: SHOW COLUMNS FROM `channel` [ RunTime:0.0047s ]
SQL: SELECT `id`,`pid`,`title`,`url` FROM `channel` WHERE `status` = 1 AND `pid` = '5' ORDER BY id ASC  [ RunTime:0.0003s ]
SQL: SHOW COLUMNS FROM `channel` [ RunTime:0.0064s ]
SQL: SELECT `id`,`pid`,`title`,`url` FROM `channel` WHERE `status` = 1 AND `pid` = '6' ORDER BY id ASC  [ RunTime:0.0002s ]
NOTIC: [8] Use of undefined constant get_uid - assumed 'get_uid' E:\Workspace\PHP\QingYun\ThinkPHP\Common\functions.php 第 588 行.
SQL: SHOW COLUMNS FROM `item` [ RunTime:0.0078s ]
SQL: SELECT COUNT(id) AS tp_count FROM `item` WHERE `status` = 1 LIMIT 1   [ RunTime:0.0006s ]
SQL: SHOW COLUMNS FROM `item` [ RunTime:0.0073s ]
SQL: SELECT * FROM `item` WHERE `status` = 1 ORDER BY create_time DESC LIMIT 0,9   [ RunTime:0.0004s ]
NOTIC: [8] Undefined variable: vo E:\Workspace\PHP\QingYun\Application\Home\Controller\ItemController.class.php 第 39 行.
NOTIC: [8] Use of undefined constant get_uid - assumed 'get_uid' E:\Workspace\PHP\QingYun\ThinkPHP\Common\functions.php 第 588 行.
SQL: SHOW COLUMNS FROM `category` [ RunTime:0.0766s ]
SQL: SELECT `id`,`title` FROM `category` WHERE `status` = 1 AND `type` = 1 ORDER BY id ASC  [ RunTime:0.0005s ]
NOTIC: [8] Undefined variable: tag_tags E:\Workspace\PHP\QingYun\Application\Common\Common\custom_filter.php 第 84 行.
SQL: SHOW COLUMNS FROM `category_relevance` [ RunTime:0.0294s ]
SQL: SELECT `cid` FROM `category_relevance` WHERE `status` = 1 AND `type` = 1 AND `oid` = '4' ORDER BY id ASC  [ RunTime:0.0004s ]
SQL: SHOW COLUMNS FROM `category` [ RunTime:0.0170s ]
SQL: SELECT `title` FROM `category` WHERE `status` = 1 AND `id` IN ('2') ORDER BY create_time DESC  [ RunTime:0.0003s ]
NOTIC: [8] Undefined variable: tag_tags E:\Workspace\PHP\QingYun\Application\Common\Common\custom_filter.php 第 84 行.
SQL: SHOW COLUMNS FROM `category_relevance` [ RunTime:0.0139s ]
SQL: SELECT `cid` FROM `category_relevance` WHERE `status` = 1 AND `type` = 1 AND `oid` = '3' ORDER BY id ASC  [ RunTime:0.0004s ]
SQL: SHOW COLUMNS FROM `category` [ RunTime:0.0055s ]
SQL: SELECT `title` FROM `category` WHERE `status` = 1 AND `id` IN ('1') ORDER BY create_time DESC  [ RunTime:0.0003s ]
NOTIC: [8] Undefined variable: tag_tags E:\Workspace\PHP\QingYun\Application\Common\Common\custom_filter.php 第 84 行.
SQL: SHOW COLUMNS FROM `category_relevance` [ RunTime:0.0129s ]
SQL: SELECT `cid` FROM `category_relevance` WHERE `status` = 1 AND `type` = 1 AND `oid` = '2' ORDER BY id ASC  [ RunTime:0.0002s ]
SQL: SHOW COLUMNS FROM `category` [ RunTime:0.0090s ]
SQL: SELECT `title` FROM `category` WHERE `status` = 1 AND `id` IN ('2') ORDER BY create_time DESC  [ RunTime:0.0015s ]
NOTIC: [8] Undefined variable: tag_tags E:\Workspace\PHP\QingYun\Application\Common\Common\custom_filter.php 第 84 行.
SQL: SHOW COLUMNS FROM `category_relevance` [ RunTime:0.0064s ]
SQL: SELECT `cid` FROM `category_relevance` WHERE `status` = 1 AND `type` = 1 AND `oid` = '1' ORDER BY id ASC  [ RunTime:0.0003s ]
SQL: SHOW COLUMNS FROM `category` [ RunTime:0.0118s ]
SQL: SELECT `title` FROM `category` WHERE `status` = 1 AND `id` IN ('2','1') ORDER BY create_time DESC  [ RunTime:0.0003s ]
INFO: [ view_parse ] --START--
INFO: [ template_filter ] --START--
INFO: Run Behavior\ContentReplaceBehavior [ RunTime:0.000110s ]
INFO: [ template_filter ] --END-- [ RunTime:0.000178s ]
INFO: Run Behavior\ParseTemplateBehavior [ RunTime:0.070517s ]
INFO: [ view_parse ] --END-- [ RunTime:0.070605s ]
INFO: [ view_filter ] --START--
INFO: Run Behavior\WriteHtmlCacheBehavior [ RunTime:0.000302s ]
INFO: [ view_filter ] --END-- [ RunTime:0.000352s ]
INFO: [ app_end ] --START--
INFO: Run Behavior\ShowPageTraceBehavior [ RunTime:0.000548s ]
INFO: [ app_end ] --END-- [ RunTime:0.000634s ]

[ 2018-04-02T22:52:59+08:00 ] 127.0.0.1 /Home/Item/img/favicon.png
INFO: [ app_init ] --START--
INFO: Run Behavior\BuildLiteBehavior [ RunTime:0.000013s ]
INFO: Run Common\Behavior\InitHookBehavior [ RunTime:0.001513s ]
INFO: [ app_init ] --END-- [ RunTime:0.001639s ]

[ 2018-04-02T22:53:23+08:00 ] 127.0.0.1 /Home/Note/index
INFO: [ app_init ] --START--
INFO: Run Behavior\BuildLiteBehavior [ RunTime:0.000012s ]
INFO: Run Common\Behavior\InitHookBehavior [ RunTime:0.001391s ]
INFO: [ app_init ] --END-- [ RunTime:0.001493s ]
INFO: [ app_begin ] --START--
INFO: Run Behavior\ReadHtmlCacheBehavior [ RunTime:0.000510s ]
INFO: [ app_begin ] --END-- [ RunTime:0.000579s ]
NOTIC: [8] Use of undefined constant get_uid - assumed 'get_uid' E:\Workspace\PHP\QingYun\ThinkPHP\Common\functions.php 第 588 行.
SQL: SHOW COLUMNS FROM `channel` [ RunTime:0.0176s ]
SQL: SELECT `id`,`pid`,`title`,`url` FROM `channel` WHERE `status` = 1 AND `pid` = 0 ORDER BY id ASC  [ RunTime:0.0004s ]
SQL: SHOW COLUMNS FROM `channel` [ RunTime:0.0061s ]
SQL: SELECT `id`,`pid`,`title`,`url` FROM `channel` WHERE `status` = 1 AND `pid` = '1' ORDER BY id ASC  [ RunTime:0.0003s ]
SQL: SHOW COLUMNS FROM `channel` [ RunTime:0.0054s ]
SQL: SELECT `id`,`pid`,`title`,`url` FROM `channel` WHERE `status` = 1 AND `pid` = '2' ORDER BY id ASC  [ RunTime:0.0003s ]
SQL: SHOW COLUMNS FROM `channel` [ RunTime:0.0048s ]
SQL: SELECT `id`,`pid`,`title`,`url` FROM `channel` WHERE `status` = 1 AND `pid` = '3' ORDER BY id ASC  [ RunTime:0.0003s ]
SQL: SHOW COLUMNS FROM `channel` [ RunTime:0.0062s ]
SQL: SELECT `id`,`pid`,`title`,`url` FROM `channel` WHERE `status` = 1 AND `pid` = '4' ORDER BY id ASC  [ RunTime:0.0003s ]
SQL: SHOW COLUMNS FROM `channel` [ RunTime:0.0046s ]
SQL: SELECT `id`,`pid`,`title`,`url` FROM `channel` WHERE `status` = 1 AND `pid` = '5' ORDER BY id ASC  [ RunTime:0.0002s ]
SQL: SHOW COLUMNS FROM `channel` [ RunTime:0.0048s ]
SQL: SELECT `id`,`pid`,`title`,`url` FROM `channel` WHERE `status` = 1 AND `pid` = '6' ORDER BY id ASC  [ RunTime:0.0003s ]
NOTIC: [8] Use of undefined constant get_uid - assumed 'get_uid' E:\Workspace\PHP\QingYun\ThinkPHP\Common\functions.php 第 588 行.
SQL: SHOW COLUMNS FROM `note` [ RunTime:0.0078s ]
SQL: SELECT COUNT(id) AS tp_count FROM `note` WHERE `status` = 1 LIMIT 1   [ RunTime:0.0003s ]
SQL: SHOW COLUMNS FROM `note` [ RunTime:0.0049s ]
SQL: SELECT * FROM `note` WHERE `status` = 1 ORDER BY create_time DESC LIMIT 0,10   [ RunTime:0.0003s ]
NOTIC: [8] Undefined variable: vo E:\Workspace\PHP\QingYun\Application\Home\Controller\NoteController.class.php 第 75 行.
NOTIC: [8] Use of undefined constant get_uid - assumed 'get_uid' E:\Workspace\PHP\QingYun\ThinkPHP\Common\functions.php 第 588 行.
SQL: SHOW COLUMNS FROM `category` [ RunTime:0.0088s ]
SQL: SELECT `id`,`title` FROM `category` WHERE `status` = 1 AND `type` = 2 ORDER BY id ASC  [ RunTime:0.0003s ]
NOTIC: [8] Use of undefined constant get_uid - assumed 'get_uid' E:\Workspace\PHP\QingYun\ThinkPHP\Common\functions.php 第 588 行.
SQL: SHOW COLUMNS FROM `label` [ RunTime:0.0401s ]
SQL: SELECT `id`,`title` FROM `label` WHERE `status` = 1 AND `type` = 2 ORDER BY id ASC  [ RunTime:0.0003s ]
NOTIC: [8] Undefined variable: tag_tags E:\Workspace\PHP\QingYun\Application\Common\Common\custom_filter.php 第 84 行.
SQL: SHOW COLUMNS FROM `category_relevance` [ RunTime:0.0078s ]
SQL: SELECT `cid` FROM `category_relevance` WHERE `status` = 1 AND `type` = 2 AND `oid` = '14' ORDER BY id ASC  [ RunTime:0.0005s ]
SQL: SHOW COLUMNS FROM `label_relevance` [ RunTime:0.0299s ]
SQL: SELECT `lid` FROM `label_relevance` WHERE `status` = 1 AND `type` = 2 AND `oid` = '14' ORDER BY id ASC  [ RunTime:0.0003s ]
SQL: SHOW COLUMNS FROM `category` [ RunTime:0.0050s ]
SQL: SELECT `title` FROM `category` WHERE `status` = 1 AND `id` IN ('4') ORDER BY create_time DESC  [ RunTime:0.0003s ]
SQL: SHOW COLUMNS FROM `label` [ RunTime:0.0056s ]
SQL: SELECT `title` FROM `label` WHERE `status` = 1 AND `id` IN ('4') ORDER BY create_time DESC  [ RunTime:0.0002s ]
NOTIC: [8] Undefined variable: tag_tags E:\Workspace\PHP\QingYun\Application\Common\Common\custom_filter.php 第 84 行.
SQL: SHOW COLUMNS FROM `category_relevance` [ RunTime:0.0052s ]
SQL: SELECT `cid` FROM `category_relevance` WHERE `status` = 1 AND `type` = 2 AND `oid` = '13' ORDER BY id ASC  [ RunTime:0.0003s ]
SQL: SHOW COLUMNS FROM `label_relevance` [ RunTime:0.0049s ]
SQL: SELECT `lid` FROM `label_relevance` WHERE `status` = 1 AND `type` = 2 AND `oid` = '13' ORDER BY id ASC  [ RunTime:0.0003s ]
SQL: SHOW COLUMNS FROM `category` [ RunTime:0.0054s ]
SQL: SELECT `title` FROM `category` WHERE `status` = 1 AND `id` IN ('4') ORDER BY create_time DESC  [ RunTime:0.0003s ]
SQL: SHOW COLUMNS FROM `label` [ RunTime:0.0047s ]
SQL: SELECT `title` FROM `label` WHERE `status` = 1 AND `id` IN ('4') ORDER BY create_time DESC  [ RunTime:0.0004s ]
NOTIC: [8] Undefined variable: tag_tags E:\Workspace\PHP\QingYun\Application\Common\Common\custom_filter.php 第 84 行.
SQL: SHOW COLUMNS FROM `category_relevance` [ RunTime:0.0049s ]
SQL: SELECT `cid` FROM `category_relevance` WHERE `status` = 1 AND `type` = 2 AND `oid` = '12' ORDER BY id ASC  [ RunTime:0.0007s ]
SQL: SHOW COLUMNS FROM `label_relevance` [ RunTime:0.0064s ]
SQL: SELECT `lid` FROM `label_relevance` WHERE `status` = 1 AND `type` = 2 AND `oid` = '12' ORDER BY id ASC  [ RunTime:0.0002s ]
SQL: SHOW COLUMNS FROM `category` [ RunTime:0.0044s ]
SQL: SELECT `title` FROM `category` WHERE `status` = 1 AND `id` IN ('4') ORDER BY create_time DESC  [ RunTime:0.0003s ]
SQL: SHOW COLUMNS FROM `label` [ RunTime:0.0054s ]
SQL: SELECT `title` FROM `label` WHERE `status` = 1 AND `id` IN ('4') ORDER BY create_time DESC  [ RunTime:0.0002s ]
NOTIC: [8] Undefined variable: tag_tags E:\Workspace\PHP\QingYun\Application\Common\Common\custom_filter.php 第 84 行.
SQL: SHOW COLUMNS FROM `category_relevance` [ RunTime:0.0049s ]
SQL: SELECT `cid` FROM `category_relevance` WHERE `status` = 1 AND `type` = 2 AND `oid` = '3' ORDER BY id ASC  [ RunTime:0.0003s ]
SQL: SHOW COLUMNS FROM `label_relevance` [ RunTime:0.0045s ]
SQL: SELECT `lid` FROM `label_relevance` WHERE `status` = 1 AND `type` = 2 AND `oid` = '3' ORDER BY id ASC  [ RunTime:0.0003s ]
NOTIC: [8] Undefined variable: tag_tags E:\Workspace\PHP\QingYun\Application\Common\Common\custom_filter.php 第 84 行.
SQL: SHOW COLUMNS FROM `category_relevance` [ RunTime:0.0063s ]
SQL: SELECT `cid` FROM `category_relevance` WHERE `status` = 1 AND `type` = 2 AND `oid` = '4' ORDER BY id ASC  [ RunTime:0.0003s ]
SQL: SHOW COLUMNS FROM `label_relevance` [ RunTime:0.0052s ]
SQL: SELECT `lid` FROM `label_relevance` WHERE `status` = 1 AND `type` = 2 AND `oid` = '4' ORDER BY id ASC  [ RunTime:0.0003s ]
SQL: SHOW COLUMNS FROM `category` [ RunTime:0.0049s ]
SQL: SELECT `title` FROM `category` WHERE `status` = 1 AND `id` IN ('3') ORDER BY create_time DESC  [ RunTime:0.0003s ]
SQL: SHOW COLUMNS FROM `label` [ RunTime:0.0073s ]
SQL: SELECT `title` FROM `label` WHERE `status` = 1 AND `id` IN ('3') ORDER BY create_time DESC  [ RunTime:0.0003s ]
NOTIC: [8] Undefined variable: tag_tags E:\Workspace\PHP\QingYun\Application\Common\Common\custom_filter.php 第 84 行.
SQL: SHOW COLUMNS FROM `category_relevance` [ RunTime:0.0050s ]
SQL: SELECT `cid` FROM `category_relevance` WHERE `status` = 1 AND `type` = 2 AND `oid` = '5' ORDER BY id ASC  [ RunTime:0.0002s ]
SQL: SHOW COLUMNS FROM `label_relevance` [ RunTime:0.0064s ]
SQL: SELECT `lid` FROM `label_relevance` WHERE `status` = 1 AND `type` = 2 AND `oid` = '5' ORDER BY id ASC  [ RunTime:0.0003s ]
NOTIC: [8] Undefined variable: tag_tags E:\Workspace\PHP\QingYun\Application\Common\Common\custom_filter.php 第 84 行.
SQL: SHOW COLUMNS FROM `category_relevance` [ RunTime:0.0056s ]
SQL: SELECT `cid` FROM `category_relevance` WHERE `status` = 1 AND `type` = 2 AND `oid` = '6' ORDER BY id ASC  [ RunTime:0.0003s ]
SQL: SHOW COLUMNS FROM `label_relevance` [ RunTime:0.0048s ]
SQL: SELECT `lid` FROM `label_relevance` WHERE `status` = 1 AND `type` = 2 AND `oid` = '6' ORDER BY id ASC  [ RunTime:0.0003s ]
NOTIC: [8] Undefined variable: tag_tags E:\Workspace\PHP\QingYun\Application\Common\Common\custom_filter.php 第 84 行.
SQL: SHOW COLUMNS FROM `category_relevance` [ RunTime:0.0066s ]
SQL: SELECT `cid` FROM `category_relevance` WHERE `status` = 1 AND `type` = 2 AND `oid` = '7' ORDER BY id ASC  [ RunTime:0.0003s ]
SQL: SHOW COLUMNS FROM `label_relevance` [ RunTime:0.0048s ]
SQL: SELECT `lid` FROM `label_relevance` WHERE `status` = 1 AND `type` = 2 AND `oid` = '7' ORDER BY id ASC  [ RunTime:0.0003s ]
NOTIC: [8] Undefined variable: tag_tags E:\Workspace\PHP\QingYun\Application\Common\Common\custom_filter.php 第 84 行.
SQL: SHOW COLUMNS FROM `category_relevance` [ RunTime:0.0049s ]
SQL: SELECT `cid` FROM `category_relevance` WHERE `status` = 1 AND `type` = 2 AND `oid` = '8' ORDER BY id ASC  [ RunTime:0.0003s ]
SQL: SHOW COLUMNS FROM `label_relevance` [ RunTime:0.0061s ]
SQL: SELECT `lid` FROM `label_relevance` WHERE `status` = 1 AND `type` = 2 AND `oid` = '8' ORDER BY id ASC  [ RunTime:0.0002s ]
NOTIC: [8] Undefined variable: tag_tags E:\Workspace\PHP\QingYun\Application\Common\Common\custom_filter.php 第 84 行.
SQL: SHOW COLUMNS FROM `category_relevance` [ RunTime:0.0049s ]
SQL: SELECT `cid` FROM `category_relevance` WHERE `status` = 1 AND `type` = 2 AND `oid` = '9' ORDER BY id ASC  [ RunTime:0.0003s ]
SQL: SHOW COLUMNS FROM `label_relevance` [ RunTime:0.0062s ]
SQL: SELECT `lid` FROM `label_relevance` WHERE `status` = 1 AND `type` = 2 AND `oid` = '9' ORDER BY id ASC  [ RunTime:0.0003s ]
INFO: [ view_parse ] --START--
INFO: [ template_filter ] --START--
INFO: Run Behavior\ContentReplaceBehavior [ RunTime:0.000138s ]
INFO: [ template_filter ] --END-- [ RunTime:0.000197s ]
NOTIC: [8] Undefined index: picture E:\Workspace\PHP\QingYun\Application\Runtime\Cache\Home\1576f051a695d88c69f59a2b72a18878.php 第 110 行.
NOTIC: [8] Undefined index: picture E:\Workspace\PHP\QingYun\Application\Runtime\Cache\Home\1576f051a695d88c69f59a2b72a18878.php 第 110 行.
NOTIC: [8] Undefined index: picture E:\Workspace\PHP\QingYun\Application\Runtime\Cache\Home\1576f051a695d88c69f59a2b72a18878.php 第 110 行.
NOTIC: [8] Undefined index: label E:\Workspace\PHP\QingYun\Application\Runtime\Cache\Home\1576f051a695d88c69f59a2b72a18878.php 第 131 行.
NOTIC: [8] Undefined index: category E:\Workspace\PHP\QingYun\Application\Runtime\Cache\Home\1576f051a695d88c69f59a2b72a18878.php 第 132 行.
NOTIC: [8] Undefined index: picture E:\Workspace\PHP\QingYun\Application\Runtime\Cache\Home\1576f051a695d88c69f59a2b72a18878.php 第 110 行.
NOTIC: [8] Undefined index: label E:\Workspace\PHP\QingYun\Application\Runtime\Cache\Home\1576f051a695d88c69f59a2b72a18878.php 第 131 行.
NOTIC: [8] Undefined index: category E:\Workspace\PHP\QingYun\Application\Runtime\Cache\Home\1576f051a695d88c69f59a2b72a18878.php 第 132 行.
NOTIC: [8] Undefined index: picture E:\Workspace\PHP\QingYun\Application\Runtime\Cache\Home\1576f051a695d88c69f59a2b72a18878.php 第 110 行.
NOTIC: [8] Undefined index: label E:\Workspace\PHP\QingYun\Application\Runtime\Cache\Home\1576f051a695d88c69f59a2b72a18878.php 第 131 行.
NOTIC: [8] Undefined index: category E:\Workspace\PHP\QingYun\Application\Runtime\Cache\Home\1576f051a695d88c69f59a2b72a18878.php 第 132 行.
NOTIC: [8] Undefined index: picture E:\Workspace\PHP\QingYun\Application\Runtime\Cache\Home\1576f051a695d88c69f59a2b72a18878.php 第 110 行.
NOTIC: [8] Undefined index: label E:\Workspace\PHP\QingYun\Application\Runtime\Cache\Home\1576f051a695d88c69f59a2b72a18878.php 第 131 行.
NOTIC: [8] Undefined index: category E:\Workspace\PHP\QingYun\Application\Runtime\Cache\Home\1576f051a695d88c69f59a2b72a18878.php 第 132 行.
NOTIC: [8] Undefined index: picture E:\Workspace\PHP\QingYun\Application\Runtime\Cache\Home\1576f051a695d88c69f59a2b72a18878.php 第 110 行.
NOTIC: [8] Undefined index: label E:\Workspace\PHP\QingYun\Application\Runtime\Cache\Home\1576f051a695d88c69f59a2b72a18878.php 第 131 行.
NOTIC: [8] Undefined index: category E:\Workspace\PHP\QingYun\Application\Runtime\Cache\Home\1576f051a695d88c69f59a2b72a18878.php 第 132 行.
NOTIC: [8] Undefined index: picture E:\Workspace\PHP\QingYun\Application\Runtime\Cache\Home\1576f051a695d88c69f59a2b72a18878.php 第 110 行.
NOTIC: [8] Undefined index: label E:\Workspace\PHP\QingYun\Application\Runtime\Cache\Home\1576f051a695d88c69f59a2b72a18878.php 第 131 行.
NOTIC: [8] Undefined index: category E:\Workspace\PHP\QingYun\Application\Runtime\Cache\Home\1576f051a695d88c69f59a2b72a18878.php 第 132 行.
INFO: Run Behavior\ParseTemplateBehavior [ RunTime:0.100192s ]
INFO: [ view_parse ] --END-- [ RunTime:0.100250s ]
INFO: [ view_filter ] --START--
INFO: Run Behavior\WriteHtmlCacheBehavior [ RunTime:0.000317s ]
INFO: [ view_filter ] --END-- [ RunTime:0.000367s ]
INFO: [ app_end ] --START--
INFO: Run Behavior\ShowPageTraceBehavior [ RunTime:0.000697s ]
INFO: [ app_end ] --END-- [ RunTime:0.000790s ]

[ 2018-04-02T22:53:23+08:00 ] 127.0.0.1 /Home/Note/img/favicon.png
INFO: [ app_init ] --START--
INFO: Run Behavior\BuildLiteBehavior [ RunTime:0.000015s ]
INFO: Run Common\Behavior\InitHookBehavior [ RunTime:0.001734s ]
INFO: [ app_init ] --END-- [ RunTime:0.001857s ]

[ 2018-04-02T22:53:51+08:00 ] 127.0.0.1 /Home/Service/index
INFO: [ app_init ] --START--
INFO: Run Behavior\BuildLiteBehavior [ RunTime:0.000011s ]
INFO: Run Common\Behavior\InitHookBehavior [ RunTime:0.001374s ]
INFO: [ app_init ] --END-- [ RunTime:0.001502s ]
INFO: [ app_begin ] --START--
INFO: Run Behavior\ReadHtmlCacheBehavior [ RunTime:0.000611s ]
INFO: [ app_begin ] --END-- [ RunTime:0.000743s ]
NOTIC: [8] Use of undefined constant get_uid - assumed 'get_uid' E:\Workspace\PHP\QingYun\ThinkPHP\Common\functions.php 第 588 行.
SQL: SHOW COLUMNS FROM `channel` [ RunTime:0.0174s ]
SQL: SELECT `id`,`pid`,`title`,`url` FROM `channel` WHERE `status` = 1 AND `pid` = 0 ORDER BY id ASC  [ RunTime:0.0004s ]
SQL: SHOW COLUMNS FROM `channel` [ RunTime:0.0060s ]
SQL: SELECT `id`,`pid`,`title`,`url` FROM `channel` WHERE `status` = 1 AND `pid` = '1' ORDER BY id ASC  [ RunTime:0.0005s ]
SQL: SHOW COLUMNS FROM `channel` [ RunTime:0.0051s ]
SQL: SELECT `id`,`pid`,`title`,`url` FROM `channel` WHERE `status` = 1 AND `pid` = '2' ORDER BY id ASC  [ RunTime:0.0003s ]
SQL: SHOW COLUMNS FROM `channel` [ RunTime:0.0049s ]
SQL: SELECT `id`,`pid`,`title`,`url` FROM `channel` WHERE `status` = 1 AND `pid` = '3' ORDER BY id ASC  [ RunTime:0.0003s ]
SQL: SHOW COLUMNS FROM `channel` [ RunTime:0.0074s ]
SQL: SELECT `id`,`pid`,`title`,`url` FROM `channel` WHERE `status` = 1 AND `pid` = '4' ORDER BY id ASC  [ RunTime:0.0003s ]
SQL: SHOW COLUMNS FROM `channel` [ RunTime:0.0047s ]
SQL: SELECT `id`,`pid`,`title`,`url` FROM `channel` WHERE `status` = 1 AND `pid` = '5' ORDER BY id ASC  [ RunTime:0.0003s ]
SQL: SHOW COLUMNS FROM `channel` [ RunTime:0.0046s ]
SQL: SELECT `id`,`pid`,`title`,`url` FROM `channel` WHERE `status` = 1 AND `pid` = '6' ORDER BY id ASC  [ RunTime:0.0003s ]
NOTIC: [8] Use of undefined constant get_uid - assumed 'get_uid' E:\Workspace\PHP\QingYun\ThinkPHP\Common\functions.php 第 588 行.
SQL: SHOW COLUMNS FROM `service` [ RunTime:0.0116s ]
SQL: SELECT * FROM `service` WHERE `status` = 1 AND `display` = 1 LIMIT 1   [ RunTime:0.0004s ]
NOTIC: [8] Use of undefined constant get_uid - assumed 'get_uid' E:\Workspace\PHP\QingYun\ThinkPHP\Common\functions.php 第 588 行.
SQL: SHOW COLUMNS FROM `merit` [ RunTime:0.0094s ]
SQL: SELECT `id`,`title`,`content`,`picture` FROM `merit` WHERE `status` = 1 AND `oid` = '1' ORDER BY id ASC  [ RunTime:0.0004s ]
NOTIC: [8] Undefined variable: tag_tags E:\Workspace\PHP\QingYun\Application\Common\Common\custom_filter.php 第 84 行.
NOTIC: [8] Undefined variable: tag_tags E:\Workspace\PHP\QingYun\Application\Common\Common\custom_filter.php 第 84 行.
NOTIC: [8] Undefined variable: tag_tags E:\Workspace\PHP\QingYun\Application\Common\Common\custom_filter.php 第 84 行.
NOTIC: [8] Undefined variable: tag_tags E:\Workspace\PHP\QingYun\Application\Common\Common\custom_filter.php 第 84 行.
NOTIC: [8] Undefined variable: tag_tags E:\Workspace\PHP\QingYun\Application\Common\Common\custom_filter.php 第 84 行.
NOTIC: [8] Use of undefined constant get_uid - assumed 'get_uid' E:\Workspace\PHP\QingYun\ThinkPHP\Common\functions.php 第 588 行.
SQL: SHOW COLUMNS FROM `client` [ RunTime:0.0593s ]
SQL: SELECT `id`,`title`,`url`,`picture` FROM `client` WHERE `status` = 1 AND `oid` = '1' ORDER BY id ASC  [ RunTime:0.0003s ]
INFO: [ view_parse ] --START--
INFO: [ template_filter ] --START--
INFO: Run Behavior\ContentReplaceBehavior [ RunTime:0.000097s ]
INFO: [ template_filter ] --END-- [ RunTime:0.000155s ]
INFO: Run Behavior\ParseTemplateBehavior [ RunTime:0.067293s ]
INFO: [ view_parse ] --END-- [ RunTime:0.067438s ]
INFO: [ view_filter ] --START--
INFO: Run Behavior\WriteHtmlCacheBehavior [ RunTime:0.000545s ]
INFO: [ view_filter ] --END-- [ RunTime:0.000596s ]
INFO: [ app_end ] --START--
INFO: Run Behavior\ShowPageTraceBehavior [ RunTime:0.000977s ]
INFO: [ app_end ] --END-- [ RunTime:0.001032s ]

[ 2018-04-02T22:53:51+08:00 ] 127.0.0.1 /Home/Service/img/favicon.png
INFO: [ app_init ] --START--
INFO: Run Behavior\BuildLiteBehavior [ RunTime:0.000017s ]
INFO: Run Common\Behavior\InitHookBehavior [ RunTime:0.003136s ]
INFO: [ app_init ] --END-- [ RunTime:0.003409s ]

[ 2018-04-02T22:56:30+08:00 ] 127.0.0.1 /Home/About/index
INFO: [ app_init ] --START--
INFO: Run Behavior\BuildLiteBehavior [ RunTime:0.000011s ]
INFO: Run Common\Behavior\InitHookBehavior [ RunTime:0.001288s ]
INFO: [ app_init ] --END-- [ RunTime:0.001381s ]
INFO: [ app_begin ] --START--
INFO: Run Behavior\ReadHtmlCacheBehavior [ RunTime:0.000302s ]
INFO: [ app_begin ] --END-- [ RunTime:0.000352s ]
NOTIC: [8] Use of undefined constant get_uid - assumed 'get_uid' E:\Workspace\PHP\QingYun\ThinkPHP\Common\functions.php 第 588 行.
SQL: SHOW COLUMNS FROM `channel` [ RunTime:0.0177s ]
SQL: SELECT `id`,`pid`,`title`,`url` FROM `channel` WHERE `status` = 1 AND `pid` = 0 ORDER BY id ASC  [ RunTime:0.0004s ]
SQL: SHOW COLUMNS FROM `channel` [ RunTime:0.0065s ]
SQL: SELECT `id`,`pid`,`title`,`url` FROM `channel` WHERE `status` = 1 AND `pid` = '1' ORDER BY id ASC  [ RunTime:0.0003s ]
SQL: SHOW COLUMNS FROM `channel` [ RunTime:0.0050s ]
SQL: SELECT `id`,`pid`,`title`,`url` FROM `channel` WHERE `status` = 1 AND `pid` = '2' ORDER BY id ASC  [ RunTime:0.0003s ]
SQL: SHOW COLUMNS FROM `channel` [ RunTime:0.0060s ]
SQL: SELECT `id`,`pid`,`title`,`url` FROM `channel` WHERE `status` = 1 AND `pid` = '3' ORDER BY id ASC  [ RunTime:0.0004s ]
SQL: SHOW COLUMNS FROM `channel` [ RunTime:0.0052s ]
SQL: SELECT `id`,`pid`,`title`,`url` FROM `channel` WHERE `status` = 1 AND `pid` = '4' ORDER BY id ASC  [ RunTime:0.0003s ]
SQL: SHOW COLUMNS FROM `channel` [ RunTime:0.0051s ]
SQL: SELECT `id`,`pid`,`title`,`url` FROM `channel` WHERE `status` = 1 AND `pid` = '5' ORDER BY id ASC  [ RunTime:0.0004s ]
SQL: SHOW COLUMNS FROM `channel` [ RunTime:0.0062s ]
SQL: SELECT `id`,`pid`,`title`,`url` FROM `channel` WHERE `status` = 1 AND `pid` = '6' ORDER BY id ASC  [ RunTime:0.0004s ]
NOTIC: [8] Use of undefined constant get_uid - assumed 'get_uid' E:\Workspace\PHP\QingYun\ThinkPHP\Common\functions.php 第 588 行.
SQL: SHOW COLUMNS FROM `about` [ RunTime:0.0436s ]
SQL: SELECT * FROM `about` WHERE `status` = 1 AND `display` = 1 LIMIT 1   [ RunTime:0.0004s ]
NOTIC: [8] Use of undefined constant get_uid - assumed 'get_uid' E:\Workspace\PHP\QingYun\ThinkPHP\Common\functions.php 第 588 行.
SQL: SHOW COLUMNS FROM `person` [ RunTime:0.0505s ]
SQL: SELECT `id`,`title`,`content`,`picture` FROM `person` WHERE `status` = 1 AND `oid` = '1' ORDER BY id ASC  [ RunTime:0.0003s ]
INFO: [ view_parse ] --START--
INFO: [ template_filter ] --START--
INFO: Run Behavior\ContentReplaceBehavior [ RunTime:0.000104s ]
INFO: [ template_filter ] --END-- [ RunTime:0.000166s ]
INFO: Run Behavior\ParseTemplateBehavior [ RunTime:0.057062s ]
INFO: [ view_parse ] --END-- [ RunTime:0.057134s ]
INFO: [ view_filter ] --START--
INFO: Run Behavior\WriteHtmlCacheBehavior [ RunTime:0.000256s ]
INFO: [ view_filter ] --END-- [ RunTime:0.000305s ]
INFO: [ app_end ] --START--
INFO: Run Behavior\ShowPageTraceBehavior [ RunTime:0.000644s ]
INFO: [ app_end ] --END-- [ RunTime:0.000715s ]

[ 2018-04-02T22:56:31+08:00 ] 127.0.0.1 /Home/About/img/favicon.png
INFO: [ app_init ] --START--
INFO: Run Behavior\BuildLiteBehavior [ RunTime:0.000014s ]
INFO: Run Common\Behavior\InitHookBehavior [ RunTime:0.001519s ]
INFO: [ app_init ] --END-- [ RunTime:0.001701s ]

[ 2018-04-02T22:57:19+08:00 ] 127.0.0.1 /Home/Contact/index
INFO: [ app_init ] --START--
INFO: Run Behavior\BuildLiteBehavior [ RunTime:0.000013s ]
INFO: Run Common\Behavior\InitHookBehavior [ RunTime:0.001340s ]
INFO: [ app_init ] --END-- [ RunTime:0.001447s ]
INFO: [ app_begin ] --START--
INFO: Run Behavior\ReadHtmlCacheBehavior [ RunTime:0.000327s ]
INFO: [ app_begin ] --END-- [ RunTime:0.000380s ]
NOTIC: [8] Use of undefined constant get_uid - assumed 'get_uid' E:\Workspace\PHP\QingYun\ThinkPHP\Common\functions.php 第 588 行.
SQL: SHOW COLUMNS FROM `channel` [ RunTime:0.0188s ]
SQL: SELECT `id`,`pid`,`title`,`url` FROM `channel` WHERE `status` = 1 AND `pid` = 0 ORDER BY id ASC  [ RunTime:0.0004s ]
SQL: SHOW COLUMNS FROM `channel` [ RunTime:0.0060s ]
SQL: SELECT `id`,`pid`,`title`,`url` FROM `channel` WHERE `status` = 1 AND `pid` = '1' ORDER BY id ASC  [ RunTime:0.0003s ]
SQL: SHOW COLUMNS FROM `channel` [ RunTime:0.0055s ]
SQL: SELECT `id`,`pid`,`title`,`url` FROM `channel` WHERE `status` = 1 AND `pid` = '2' ORDER BY id ASC  [ RunTime:0.0003s ]
SQL: SHOW COLUMNS FROM `channel` [ RunTime:0.0049s ]
SQL: SELECT `id`,`pid`,`title`,`url` FROM `channel` WHERE `status` = 1 AND `pid` = '3' ORDER BY id ASC  [ RunTime:0.0003s ]
SQL: SHOW COLUMNS FROM `channel` [ RunTime:0.0063s ]
SQL: SELECT `id`,`pid`,`title`,`url` FROM `channel` WHERE `status` = 1 AND `pid` = '4' ORDER BY id ASC  [ RunTime:0.0003s ]
SQL: SHOW COLUMNS FROM `channel` [ RunTime:0.0059s ]
SQL: SELECT `id`,`pid`,`title`,`url` FROM `channel` WHERE `status` = 1 AND `pid` = '5' ORDER BY id ASC  [ RunTime:0.0003s ]
SQL: SHOW COLUMNS FROM `channel` [ RunTime:0.0048s ]
SQL: SELECT `id`,`pid`,`title`,`url` FROM `channel` WHERE `status` = 1 AND `pid` = '6' ORDER BY id ASC  [ RunTime:0.0003s ]
NOTIC: [8] Undefined variable: list E:\Workspace\PHP\QingYun\Application\Home\Controller\ContactController.class.php 第 22 行.
INFO: [ view_parse ] --START--
INFO: [ template_filter ] --START--
INFO: Run Behavior\ContentReplaceBehavior [ RunTime:0.000107s ]
INFO: [ template_filter ] --END-- [ RunTime:0.000168s ]
INFO: Run Behavior\ParseTemplateBehavior [ RunTime:0.044184s ]
INFO: [ view_parse ] --END-- [ RunTime:0.044247s ]
INFO: [ view_filter ] --START--
INFO: Run Behavior\WriteHtmlCacheBehavior [ RunTime:0.000258s ]
INFO: [ view_filter ] --END-- [ RunTime:0.000308s ]
INFO: [ app_end ] --START--
INFO: Run Behavior\ShowPageTraceBehavior [ RunTime:0.000855s ]
INFO: [ app_end ] --END-- [ RunTime:0.000969s ]

[ 2018-04-02T22:57:19+08:00 ] 127.0.0.1 /Home/Contact/img/favicon.png
INFO: [ app_init ] --START--
INFO: Run Behavior\BuildLiteBehavior [ RunTime:0.000014s ]
INFO: Run Common\Behavior\InitHookBehavior [ RunTime:0.001440s ]
INFO: [ app_init ] --END-- [ RunTime:0.001554s ]

