[ 2018-07-20T20:52:41+08:00 ] 127.0.0.1 /
INFO: [ app_init ] --START--
INFO: Run Behavior\BuildLiteBehavior [ RunTime:0.000180s ]
INFO: Run Common\Behavior\InitHookBehavior [ RunTime:0.147250s ]
INFO: [ app_init ] --END-- [ RunTime:0.148166s ]
INFO: [ app_begin ] --START--
INFO: Run Behavior\ReadHtmlCacheBehavior [ RunTime:0.044335s ]
INFO: [ app_begin ] --END-- [ RunTime:0.044567s ]
NOTIC: [8] Use of undefined constant get_uid - assumed 'get_uid' E:\Workspace\PHP\QingYun\ThinkPHP\Common\functions.php 第 588 行.
SQL: SHOW COLUMNS FROM `channel` [ RunTime:0.0931s ]
SQL: SELECT `id`,`pid`,`title`,`url` FROM `channel` WHERE `status` = 1 AND `pid` = 0 ORDER BY id ASC  [ RunTime:0.0018s ]
SQL: SHOW COLUMNS FROM `channel` [ RunTime:0.0109s ]
SQL: SELECT `id`,`pid`,`title`,`url` FROM `channel` WHERE `status` = 1 AND `pid` = '1' ORDER BY id ASC  [ RunTime:0.0004s ]
SQL: SHOW COLUMNS FROM `channel` [ RunTime:0.0046s ]
SQL: SELECT `id`,`pid`,`title`,`url` FROM `channel` WHERE `status` = 1 AND `pid` = '2' ORDER BY id ASC  [ RunTime:0.0003s ]
SQL: SHOW COLUMNS FROM `channel` [ RunTime:0.0109s ]
SQL: SELECT `id`,`pid`,`title`,`url` FROM `channel` WHERE `status` = 1 AND `pid` = '3' ORDER BY id ASC  [ RunTime:0.0004s ]
SQL: SHOW COLUMNS FROM `channel` [ RunTime:0.0045s ]
SQL: SELECT `id`,`pid`,`title`,`url` FROM `channel` WHERE `status` = 1 AND `pid` = '4' ORDER BY id ASC  [ RunTime:0.0004s ]
SQL: SHOW COLUMNS FROM `channel` [ RunTime:0.0114s ]
SQL: SELECT `id`,`pid`,`title`,`url` FROM `channel` WHERE `status` = 1 AND `pid` = '5' ORDER BY id ASC  [ RunTime:0.0004s ]
SQL: SHOW COLUMNS FROM `channel` [ RunTime:0.0110s ]
SQL: SELECT `id`,`pid`,`title`,`url` FROM `channel` WHERE `status` = 1 AND `pid` = '6' ORDER BY id ASC  [ RunTime:0.0013s ]
SQL: SHOW COLUMNS FROM `unique_visitor` [ RunTime:0.0912s ]
SQL: SELECT `update_time` FROM `unique_visitor` WHERE `status` = 1 AND `ip_address` = '2130706433' LIMIT 1   [ RunTime:0.0011s ]
SQL: SHOW COLUMNS FROM `unique_visitor` [ RunTime:0.0116s ]
NOTIC: [8] Undefined index: validate E:\Workspace\PHP\QingYun\ThinkPHP\Library\Think\Model.class.php 第 1185 行.
NOTIC: [8] Undefined index: auto E:\Workspace\PHP\QingYun\ThinkPHP\Library\Think\Model.class.php 第 1128 行.
SQL: SHOW COLUMNS FROM `unique_visitor` [ RunTime:0.0142s ]
SQL: INSERT INTO `unique_visitor` (`browser`,`ip_address`,`system`,`language`,`update_time`,`status`,`create_time`,`founder`) VALUES ('Firefox','2130706433','简体中文','Windows','1532091160','1','1532091158','游客') [ RunTime:0.0630s ]
NOTIC: [8] Use of undefined constant get_uid - assumed 'get_uid' E:\Workspace\PHP\QingYun\ThinkPHP\Common\functions.php 第 588 行.
SQL: SHOW COLUMNS FROM `publicity` [ RunTime:0.1019s ]
SQL: SELECT `id`,`title`,`picture` FROM `publicity` WHERE `status` = 1 ORDER BY sort ASC LIMIT 5   [ RunTime:0.0004s ]
NOTIC: [8] Use of undefined constant get_uid - assumed 'get_uid' E:\Workspace\PHP\QingYun\ThinkPHP\Common\functions.php 第 588 行.
SQL: SHOW COLUMNS FROM `service` [ RunTime:0.0379s ]
SQL: SELECT `id` FROM `service` WHERE `status` = 1 AND `display` = 1 LIMIT 1   [ RunTime:0.0003s ]
NOTIC: [8] Use of undefined constant get_uid - assumed 'get_uid' E:\Workspace\PHP\QingYun\ThinkPHP\Common\functions.php 第 588 行.
SQL: SHOW COLUMNS FROM `merit` [ RunTime:0.0732s ]
SQL: SELECT `id`,`title`,`content`,`picture` FROM `merit` WHERE `status` = 1 AND `oid` = '1' ORDER BY id ASC  [ RunTime:0.0004s ]
NOTIC: [8] Undefined variable: tag_tags E:\Workspace\PHP\QingYun\Application\Common\Common\custom_filter.php 第 84 行.
NOTIC: [8] Undefined variable: x E:\Workspace\PHP\QingYun\Application\Home\Controller\IndexController.class.php 第 50 行.
NOTIC: [8] Undefined variable: tag_tags E:\Workspace\PHP\QingYun\Application\Common\Common\custom_filter.php 第 84 行.
NOTIC: [8] Undefined variable: x E:\Workspace\PHP\QingYun\Application\Home\Controller\IndexController.class.php 第 50 行.
NOTIC: [8] Undefined variable: tag_tags E:\Workspace\PHP\QingYun\Application\Common\Common\custom_filter.php 第 84 行.
NOTIC: [8] Undefined variable: x E:\Workspace\PHP\QingYun\Application\Home\Controller\IndexController.class.php 第 50 行.
NOTIC: [8] Undefined variable: tag_tags E:\Workspace\PHP\QingYun\Application\Common\Common\custom_filter.php 第 84 行.
NOTIC: [8] Undefined variable: x E:\Workspace\PHP\QingYun\Application\Home\Controller\IndexController.class.php 第 50 行.
NOTIC: [8] Undefined variable: tag_tags E:\Workspace\PHP\QingYun\Application\Common\Common\custom_filter.php 第 84 行.
NOTIC: [8] Undefined variable: x E:\Workspace\PHP\QingYun\Application\Home\Controller\IndexController.class.php 第 47 行.
NOTIC: [8] Use of undefined constant get_uid - assumed 'get_uid' E:\Workspace\PHP\QingYun\ThinkPHP\Common\functions.php 第 588 行.
SQL: SHOW COLUMNS FROM `note` [ RunTime:0.0532s ]
SQL: SELECT `id`,`title`,`content` FROM `note` WHERE `status` = 1 ORDER BY create_time DESC  [ RunTime:0.0009s ]
NOTIC: [8] Undefined variable: tag_tags E:\Workspace\PHP\QingYun\Application\Common\Common\custom_filter.php 第 84 行.
NOTIC: [8] Undefined variable: tag_tags E:\Workspace\PHP\QingYun\Application\Common\Common\custom_filter.php 第 84 行.
NOTIC: [8] Undefined variable: tag_tags E:\Workspace\PHP\QingYun\Application\Common\Common\custom_filter.php 第 84 行.
NOTIC: [8] Use of undefined constant get_uid - assumed 'get_uid' E:\Workspace\PHP\QingYun\ThinkPHP\Common\functions.php 第 588 行.
SQL: SHOW COLUMNS FROM `item` [ RunTime:0.0642s ]
SQL: SELECT `id`,`title`,`content`,`picture` FROM `item` WHERE `status` = 1 ORDER BY create_time DESC LIMIT 2   [ RunTime:0.0003s ]
NOTIC: [8] Undefined variable: tag_tags E:\Workspace\PHP\QingYun\Application\Common\Common\custom_filter.php 第 84 行.
NOTIC: [8] Undefined variable: tag_tags E:\Workspace\PHP\QingYun\Application\Common\Common\custom_filter.php 第 84 行.
INFO: [ view_parse ] --START--
INFO: [ template_filter ] --START--
INFO: Run Behavior\ContentReplaceBehavior [ RunTime:0.000169s ]
INFO: [ template_filter ] --END-- [ RunTime:0.000264s ]
INFO: Run Behavior\ParseTemplateBehavior [ RunTime:0.390646s ]
INFO: [ view_parse ] --END-- [ RunTime:0.390849s ]
INFO: [ view_filter ] --START--
INFO: Run Behavior\WriteHtmlCacheBehavior [ RunTime:0.046019s ]
INFO: [ view_filter ] --END-- [ RunTime:0.046110s ]
INFO: [ app_end ] --START--
INFO: Run Behavior\ShowPageTraceBehavior [ RunTime:0.033192s ]
INFO: [ app_end ] --END-- [ RunTime:0.033297s ]

[ 2018-07-20T22:11:49+08:00 ] 127.0.0.1 /
INFO: [ app_init ] --START--
INFO: Run Behavior\BuildLiteBehavior [ RunTime:0.000012s ]
INFO: Run Common\Behavior\InitHookBehavior [ RunTime:0.001331s ]
INFO: [ app_init ] --END-- [ RunTime:0.001431s ]
INFO: [ app_begin ] --START--
INFO: Run Behavior\ReadHtmlCacheBehavior [ RunTime:0.000376s ]
INFO: [ app_begin ] --END-- [ RunTime:0.000429s ]
SQL: SHOW COLUMNS FROM `unique_visitor` [ RunTime:0.0559s ]
SQL: SELECT `update_time` FROM `unique_visitor` WHERE `status` = 1 AND `ip_address` = '2130706433' LIMIT 1   [ RunTime:0.0004s ]
SQL: SHOW COLUMNS FROM `unique_visitor` [ RunTime:0.0089s ]
NOTIC: [8] Undefined index: validate E:\Workspace\PHP\QingYun\ThinkPHP\Library\Think\Model.class.php 第 1185 行.
NOTIC: [8] Undefined index: auto E:\Workspace\PHP\QingYun\ThinkPHP\Library\Think\Model.class.php 第 1128 行.
SQL: SHOW COLUMNS FROM `unique_visitor` [ RunTime:0.0047s ]
SQL: INSERT INTO `unique_visitor` (`browser`,`ip_address`,`system`,`language`,`update_time`,`status`,`create_time`,`founder`) VALUES ('Firefox','2130706433','简体中文','Windows','1532095909','1','1532095909','游客') [ RunTime:0.0327s ]
NOTIC: [8] Use of undefined constant get_uid - assumed 'get_uid' E:\Workspace\PHP\QingYun\ThinkPHP\Common\functions.php 第 588 行.
SQL: SHOW COLUMNS FROM `publicity` [ RunTime:0.0335s ]
SQL: SELECT `id`,`title`,`picture` FROM `publicity` WHERE `status` = 1 ORDER BY sort ASC LIMIT 5   [ RunTime:0.0003s ]
NOTIC: [8] Use of undefined constant get_uid - assumed 'get_uid' E:\Workspace\PHP\QingYun\ThinkPHP\Common\functions.php 第 588 行.
SQL: SHOW COLUMNS FROM `service` [ RunTime:0.0150s ]
SQL: SELECT `id` FROM `service` WHERE `status` = 1 AND `display` = 1 LIMIT 1   [ RunTime:0.0003s ]
NOTIC: [8] Use of undefined constant get_uid - assumed 'get_uid' E:\Workspace\PHP\QingYun\ThinkPHP\Common\functions.php 第 588 行.
SQL: SHOW COLUMNS FROM `merit` [ RunTime:0.0292s ]
SQL: SELECT `id`,`title`,`content`,`picture` FROM `merit` WHERE `status` = 1 AND `oid` = '1' ORDER BY id ASC  [ RunTime:0.0004s ]
NOTIC: [8] Undefined variable: tag_tags E:\Workspace\PHP\QingYun\Application\Common\Common\custom_filter.php 第 84 行.
NOTIC: [8] Undefined variable: x E:\Workspace\PHP\QingYun\Application\Home\Controller\IndexController.class.php 第 50 行.
NOTIC: [8] Undefined variable: tag_tags E:\Workspace\PHP\QingYun\Application\Common\Common\custom_filter.php 第 84 行.
NOTIC: [8] Undefined variable: x E:\Workspace\PHP\QingYun\Application\Home\Controller\IndexController.class.php 第 50 行.
NOTIC: [8] Undefined variable: tag_tags E:\Workspace\PHP\QingYun\Application\Common\Common\custom_filter.php 第 84 行.
NOTIC: [8] Undefined variable: x E:\Workspace\PHP\QingYun\Application\Home\Controller\IndexController.class.php 第 50 行.
NOTIC: [8] Undefined variable: tag_tags E:\Workspace\PHP\QingYun\Application\Common\Common\custom_filter.php 第 84 行.
NOTIC: [8] Undefined variable: x E:\Workspace\PHP\QingYun\Application\Home\Controller\IndexController.class.php 第 50 行.
NOTIC: [8] Undefined variable: tag_tags E:\Workspace\PHP\QingYun\Application\Common\Common\custom_filter.php 第 84 行.
NOTIC: [8] Undefined variable: x E:\Workspace\PHP\QingYun\Application\Home\Controller\IndexController.class.php 第 47 行.
NOTIC: [8] Use of undefined constant get_uid - assumed 'get_uid' E:\Workspace\PHP\QingYun\ThinkPHP\Common\functions.php 第 588 行.
SQL: SHOW COLUMNS FROM `note` [ RunTime:0.0143s ]
SQL: SELECT `id`,`title`,`content` FROM `note` WHERE `status` = 1 ORDER BY create_time DESC  [ RunTime:0.0011s ]
NOTIC: [8] Undefined variable: tag_tags E:\Workspace\PHP\QingYun\Application\Common\Common\custom_filter.php 第 84 行.
NOTIC: [8] Undefined variable: tag_tags E:\Workspace\PHP\QingYun\Application\Common\Common\custom_filter.php 第 84 行.
NOTIC: [8] Undefined variable: tag_tags E:\Workspace\PHP\QingYun\Application\Common\Common\custom_filter.php 第 84 行.
NOTIC: [8] Use of undefined constant get_uid - assumed 'get_uid' E:\Workspace\PHP\QingYun\ThinkPHP\Common\functions.php 第 588 行.
SQL: SHOW COLUMNS FROM `item` [ RunTime:0.0148s ]
SQL: SELECT `id`,`title`,`content`,`picture` FROM `item` WHERE `status` = 1 ORDER BY create_time DESC LIMIT 2   [ RunTime:0.0003s ]
NOTIC: [8] Undefined variable: tag_tags E:\Workspace\PHP\QingYun\Application\Common\Common\custom_filter.php 第 84 行.
NOTIC: [8] Undefined variable: tag_tags E:\Workspace\PHP\QingYun\Application\Common\Common\custom_filter.php 第 84 行.
INFO: [ view_parse ] --START--
INFO: [ template_filter ] --START--
INFO: Run Behavior\ContentReplaceBehavior [ RunTime:0.000114s ]
INFO: [ template_filter ] --END-- [ RunTime:0.000177s ]
INFO: Run Behavior\ParseTemplateBehavior [ RunTime:0.085297s ]
INFO: [ view_parse ] --END-- [ RunTime:0.085361s ]
INFO: [ view_filter ] --START--
INFO: Run Behavior\WriteHtmlCacheBehavior [ RunTime:0.000303s ]
INFO: [ view_filter ] --END-- [ RunTime:0.000353s ]
INFO: [ app_end ] --START--
INFO: Run Behavior\ShowPageTraceBehavior [ RunTime:0.000426s ]
INFO: [ app_end ] --END-- [ RunTime:0.000480s ]

