[ 2019-08-05T18:14:56+08:00 ] 127.0.0.1 /
INFO: [ app_init ] --START--
INFO: Run Behavior\BuildLiteBehavior [ RunTime:0.000010s ]
INFO: Run Common\Behavior\InitHookBehavior [ RunTime:0.101029s ]
INFO: [ app_init ] --END-- [ RunTime:0.101110s ]
INFO: [ app_begin ] --START--
INFO: Run Behavior\ReadHtmlCacheBehavior [ RunTime:0.035677s ]
INFO: [ app_begin ] --END-- [ RunTime:0.035787s ]
NOTIC: [8] Use of undefined constant get_uid - assumed 'get_uid' E:\Workspace\PHP\QingYun\ThinkPHP\Common\functions.php 第 588 行.
SQL: SHOW COLUMNS FROM `channel` [ RunTime:0.0866s ]
SQL: SELECT `id`,`pid`,`title`,`url` FROM `channel` WHERE `status` = 1 AND `pid` = 0 ORDER BY id ASC  [ RunTime:0.0004s ]
SQL: SHOW COLUMNS FROM `channel` [ RunTime:0.0047s ]
SQL: SELECT `id`,`pid`,`title`,`url` FROM `channel` WHERE `status` = 1 AND `pid` = '1' ORDER BY id ASC  [ RunTime:0.0003s ]
SQL: SHOW COLUMNS FROM `channel` [ RunTime:0.0106s ]
SQL: SELECT `id`,`pid`,`title`,`url` FROM `channel` WHERE `status` = 1 AND `pid` = '2' ORDER BY id ASC  [ RunTime:0.0004s ]
SQL: SHOW COLUMNS FROM `channel` [ RunTime:0.0063s ]
SQL: SELECT `id`,`pid`,`title`,`url` FROM `channel` WHERE `status` = 1 AND `pid` = '3' ORDER BY id ASC  [ RunTime:0.0005s ]
SQL: SHOW COLUMNS FROM `channel` [ RunTime:0.0102s ]
SQL: SELECT `id`,`pid`,`title`,`url` FROM `channel` WHERE `status` = 1 AND `pid` = '4' ORDER BY id ASC  [ RunTime:0.0004s ]
SQL: SHOW COLUMNS FROM `channel` [ RunTime:0.0063s ]
SQL: SELECT `id`,`pid`,`title`,`url` FROM `channel` WHERE `status` = 1 AND `pid` = '5' ORDER BY id ASC  [ RunTime:0.0006s ]
SQL: SHOW COLUMNS FROM `channel` [ RunTime:0.0091s ]
SQL: SELECT `id`,`pid`,`title`,`url` FROM `channel` WHERE `status` = 1 AND `pid` = '6' ORDER BY id ASC  [ RunTime:0.0003s ]
SQL: SHOW COLUMNS FROM `unique_visitor` [ RunTime:0.0653s ]
SQL: SELECT `update_time` FROM `unique_visitor` WHERE `status` = 1 AND `ip_address` = '2130706433' LIMIT 1   [ RunTime:0.0004s ]
SQL: SHOW COLUMNS FROM `unique_visitor` [ RunTime:0.0198s ]
NOTIC: [8] Undefined index: validate E:\Workspace\PHP\QingYun\ThinkPHP\Library\Think\Model.class.php 第 1185 行.
NOTIC: [8] Undefined index: auto E:\Workspace\PHP\QingYun\ThinkPHP\Library\Think\Model.class.php 第 1128 行.
SQL: SHOW COLUMNS FROM `unique_visitor` [ RunTime:0.0088s ]
SQL: INSERT INTO `unique_visitor` (`browser`,`ip_address`,`system`,`language`,`update_time`,`status`,`create_time`,`founder`) VALUES ('Firefox','2130706433','简体中文','Windows','1565000096','1','1565000094','游客') [ RunTime:0.0319s ]
NOTIC: [8] Use of undefined constant get_uid - assumed 'get_uid' E:\Workspace\PHP\QingYun\ThinkPHP\Common\functions.php 第 588 行.
SQL: SHOW COLUMNS FROM `publicity` [ RunTime:0.0656s ]
SQL: SELECT `id`,`title`,`picture` FROM `publicity` WHERE `status` = 1 ORDER BY sort ASC LIMIT 5   [ RunTime:0.0003s ]
NOTIC: [8] Use of undefined constant get_uid - assumed 'get_uid' E:\Workspace\PHP\QingYun\ThinkPHP\Common\functions.php 第 588 行.
SQL: SHOW COLUMNS FROM `service` [ RunTime:0.0514s ]
SQL: SELECT `id` FROM `service` WHERE `status` = 1 AND `display` = 1 LIMIT 1   [ RunTime:0.0003s ]
NOTIC: [8] Use of undefined constant get_uid - assumed 'get_uid' E:\Workspace\PHP\QingYun\ThinkPHP\Common\functions.php 第 588 行.
SQL: SHOW COLUMNS FROM `merit` [ RunTime:0.0746s ]
SQL: SELECT `id`,`title`,`content`,`picture` FROM `merit` WHERE `status` = 1 AND `oid` = '1' ORDER BY id ASC  [ RunTime:0.0004s ]
NOTIC: [8] Undefined variable: tag_tags E:\Workspace\PHP\QingYun\Application\Common\Common\custom_filter.php 第 84 行.
NOTIC: [8] Undefined variable: x E:\Workspace\PHP\QingYun\Application\Home\Controller\IndexController.class.php 第 50 行.
NOTIC: [8] Undefined variable: x E:\Workspace\PHP\QingYun\Application\Home\Controller\IndexController.class.php 第 50 行.
NOTIC: [8] Undefined variable: tag_tags E:\Workspace\PHP\QingYun\Application\Common\Common\custom_filter.php 第 84 行.
NOTIC: [8] Undefined variable: x E:\Workspace\PHP\QingYun\Application\Home\Controller\IndexController.class.php 第 50 行.
NOTIC: [8] Undefined variable: tag_tags E:\Workspace\PHP\QingYun\Application\Common\Common\custom_filter.php 第 84 行.
NOTIC: [8] Undefined variable: x E:\Workspace\PHP\QingYun\Application\Home\Controller\IndexController.class.php 第 50 行.
NOTIC: [8] Undefined variable: tag_tags E:\Workspace\PHP\QingYun\Application\Common\Common\custom_filter.php 第 84 行.
NOTIC: [8] Undefined variable: x E:\Workspace\PHP\QingYun\Application\Home\Controller\IndexController.class.php 第 50 行.
NOTIC: [8] Undefined variable: tag_tags E:\Workspace\PHP\QingYun\Application\Common\Common\custom_filter.php 第 84 行.
NOTIC: [8] Undefined variable: x E:\Workspace\PHP\QingYun\Application\Home\Controller\IndexController.class.php 第 47 行.
NOTIC: [8] Use of undefined constant get_uid - assumed 'get_uid' E:\Workspace\PHP\QingYun\ThinkPHP\Common\functions.php 第 588 行.
SQL: SHOW COLUMNS FROM `note` [ RunTime:0.0587s ]
SQL: SELECT `id`,`title`,`content` FROM `note` WHERE `status` = 1 ORDER BY create_time DESC  [ RunTime:0.0010s ]
NOTIC: [8] Undefined variable: tag_tags E:\Workspace\PHP\QingYun\Application\Common\Common\custom_filter.php 第 84 行.
NOTIC: [8] Undefined variable: tag_tags E:\Workspace\PHP\QingYun\Application\Common\Common\custom_filter.php 第 84 行.
NOTIC: [8] Undefined variable: tag_tags E:\Workspace\PHP\QingYun\Application\Common\Common\custom_filter.php 第 84 行.
NOTIC: [8] Use of undefined constant get_uid - assumed 'get_uid' E:\Workspace\PHP\QingYun\ThinkPHP\Common\functions.php 第 588 行.
SQL: SHOW COLUMNS FROM `item` [ RunTime:0.0641s ]
SQL: SELECT `id`,`title`,`content`,`picture` FROM `item` WHERE `status` = 1 ORDER BY create_time DESC LIMIT 2   [ RunTime:0.0003s ]
NOTIC: [8] Undefined variable: tag_tags E:\Workspace\PHP\QingYun\Application\Common\Common\custom_filter.php 第 84 行.
NOTIC: [8] Undefined variable: tag_tags E:\Workspace\PHP\QingYun\Application\Common\Common\custom_filter.php 第 84 行.
INFO: [ view_parse ] --START--
INFO: [ template_filter ] --START--
INFO: Run Behavior\ContentReplaceBehavior [ RunTime:0.000198s ]
INFO: [ template_filter ] --END-- [ RunTime:0.000354s ]
INFO: Run Behavior\ParseTemplateBehavior [ RunTime:0.286633s ]
INFO: [ view_parse ] --END-- [ RunTime:0.286668s ]
INFO: [ view_filter ] --START--
INFO: Run Behavior\WriteHtmlCacheBehavior [ RunTime:0.023992s ]
INFO: [ view_filter ] --END-- [ RunTime:0.024087s ]
INFO: [ app_end ] --START--
INFO: Run Behavior\ShowPageTraceBehavior [ RunTime:0.015078s ]
INFO: [ app_end ] --END-- [ RunTime:0.015126s ]

[ 2019-08-05T18:15:12+08:00 ] 127.0.0.1 /Home/Item/index
INFO: [ app_init ] --START--
INFO: Run Behavior\BuildLiteBehavior [ RunTime:0.000005s ]
INFO: Run Common\Behavior\InitHookBehavior [ RunTime:0.001201s ]
INFO: [ app_init ] --END-- [ RunTime:0.001247s ]
INFO: [ app_begin ] --START--
INFO: Run Behavior\ReadHtmlCacheBehavior [ RunTime:0.000352s ]
INFO: [ app_begin ] --END-- [ RunTime:0.000376s ]
NOTIC: [8] Use of undefined constant get_uid - assumed 'get_uid' E:\Workspace\PHP\QingYun\ThinkPHP\Common\functions.php 第 588 行.
SQL: SHOW COLUMNS FROM `channel` [ RunTime:0.0256s ]
SQL: SELECT `id`,`pid`,`title`,`url` FROM `channel` WHERE `status` = 1 AND `pid` = 0 ORDER BY id ASC  [ RunTime:0.0004s ]
SQL: SHOW COLUMNS FROM `channel` [ RunTime:0.0116s ]
SQL: SELECT `id`,`pid`,`title`,`url` FROM `channel` WHERE `status` = 1 AND `pid` = '1' ORDER BY id ASC  [ RunTime:0.0004s ]
SQL: SHOW COLUMNS FROM `channel` [ RunTime:0.0055s ]
SQL: SELECT `id`,`pid`,`title`,`url` FROM `channel` WHERE `status` = 1 AND `pid` = '2' ORDER BY id ASC  [ RunTime:0.0014s ]
SQL: SHOW COLUMNS FROM `channel` [ RunTime:0.0100s ]
SQL: SELECT `id`,`pid`,`title`,`url` FROM `channel` WHERE `status` = 1 AND `pid` = '3' ORDER BY id ASC  [ RunTime:0.0004s ]
SQL: SHOW COLUMNS FROM `channel` [ RunTime:0.0090s ]
SQL: SELECT `id`,`pid`,`title`,`url` FROM `channel` WHERE `status` = 1 AND `pid` = '4' ORDER BY id ASC  [ RunTime:0.0008s ]
SQL: SHOW COLUMNS FROM `channel` [ RunTime:0.0058s ]
SQL: SELECT `id`,`pid`,`title`,`url` FROM `channel` WHERE `status` = 1 AND `pid` = '5' ORDER BY id ASC  [ RunTime:0.0003s ]
SQL: SHOW COLUMNS FROM `channel` [ RunTime:0.0067s ]
SQL: SELECT `id`,`pid`,`title`,`url` FROM `channel` WHERE `status` = 1 AND `pid` = '6' ORDER BY id ASC  [ RunTime:0.0011s ]
NOTIC: [8] Use of undefined constant get_uid - assumed 'get_uid' E:\Workspace\PHP\QingYun\ThinkPHP\Common\functions.php 第 588 行.
SQL: SHOW COLUMNS FROM `item` [ RunTime:0.0118s ]
SQL: SELECT COUNT(id) AS tp_count FROM `item` WHERE `status` = 1 LIMIT 1   [ RunTime:0.0015s ]
SQL: SHOW COLUMNS FROM `item` [ RunTime:0.0064s ]
SQL: SELECT * FROM `item` WHERE `status` = 1 ORDER BY create_time DESC LIMIT 0,9   [ RunTime:0.0004s ]
NOTIC: [8] Undefined variable: vo E:\Workspace\PHP\QingYun\Application\Home\Controller\ItemController.class.php 第 39 行.
NOTIC: [8] Use of undefined constant get_uid - assumed 'get_uid' E:\Workspace\PHP\QingYun\ThinkPHP\Common\functions.php 第 588 行.
SQL: SHOW COLUMNS FROM `category` [ RunTime:0.0788s ]
SQL: SELECT `id`,`title` FROM `category` WHERE `status` = 1 AND `type` = 1 ORDER BY id ASC  [ RunTime:0.0005s ]
NOTIC: [8] Undefined variable: tag_tags E:\Workspace\PHP\QingYun\Application\Common\Common\custom_filter.php 第 84 行.
SQL: SHOW COLUMNS FROM `category_relevance` [ RunTime:0.0428s ]
SQL: SELECT `cid` FROM `category_relevance` WHERE `status` = 1 AND `type` = 1 AND `oid` = '4' ORDER BY id ASC  [ RunTime:0.0004s ]
SQL: SHOW COLUMNS FROM `category` [ RunTime:0.0095s ]
SQL: SELECT `title` FROM `category` WHERE `status` = 1 AND `id` IN ('2') ORDER BY create_time DESC  [ RunTime:0.0014s ]
NOTIC: [8] Undefined variable: tag_tags E:\Workspace\PHP\QingYun\Application\Common\Common\custom_filter.php 第 84 行.
SQL: SHOW COLUMNS FROM `category_relevance` [ RunTime:0.0066s ]
SQL: SELECT `cid` FROM `category_relevance` WHERE `status` = 1 AND `type` = 1 AND `oid` = '3' ORDER BY id ASC  [ RunTime:0.0004s ]
SQL: SHOW COLUMNS FROM `category` [ RunTime:0.0123s ]
SQL: SELECT `title` FROM `category` WHERE `status` = 1 AND `id` IN ('1') ORDER BY create_time DESC  [ RunTime:0.0003s ]
NOTIC: [8] Undefined variable: tag_tags E:\Workspace\PHP\QingYun\Application\Common\Common\custom_filter.php 第 84 行.
SQL: SHOW COLUMNS FROM `category_relevance` [ RunTime:0.0051s ]
SQL: SELECT `cid` FROM `category_relevance` WHERE `status` = 1 AND `type` = 1 AND `oid` = '2' ORDER BY id ASC  [ RunTime:0.0003s ]
SQL: SHOW COLUMNS FROM `category` [ RunTime:0.0119s ]
SQL: SELECT `title` FROM `category` WHERE `status` = 1 AND `id` IN ('2') ORDER BY create_time DESC  [ RunTime:0.0003s ]
NOTIC: [8] Undefined variable: tag_tags E:\Workspace\PHP\QingYun\Application\Common\Common\custom_filter.php 第 84 行.
SQL: SHOW COLUMNS FROM `category_relevance` [ RunTime:0.0052s ]
SQL: SELECT `cid` FROM `category_relevance` WHERE `status` = 1 AND `type` = 1 AND `oid` = '1' ORDER BY id ASC  [ RunTime:0.0010s ]
SQL: SHOW COLUMNS FROM `category` [ RunTime:0.0117s ]
SQL: SELECT `title` FROM `category` WHERE `status` = 1 AND `id` IN ('2','1') ORDER BY create_time DESC  [ RunTime:0.0003s ]
INFO: [ view_parse ] --START--
INFO: [ template_filter ] --START--
INFO: Run Behavior\ContentReplaceBehavior [ RunTime:0.000067s ]
INFO: [ template_filter ] --END-- [ RunTime:0.000089s ]
INFO: Run Behavior\ParseTemplateBehavior [ RunTime:0.076033s ]
INFO: [ view_parse ] --END-- [ RunTime:0.076319s ]
INFO: [ view_filter ] --START--
INFO: Run Behavior\WriteHtmlCacheBehavior [ RunTime:0.000188s ]
INFO: [ view_filter ] --END-- [ RunTime:0.000203s ]
INFO: [ app_end ] --START--
INFO: Run Behavior\ShowPageTraceBehavior [ RunTime:0.000327s ]
INFO: [ app_end ] --END-- [ RunTime:0.000343s ]

[ 2019-08-05T18:15:12+08:00 ] 127.0.0.1 /Home/Item/img/favicon.png
INFO: [ app_init ] --START--
INFO: Run Behavior\BuildLiteBehavior [ RunTime:0.000006s ]
INFO: Run Common\Behavior\InitHookBehavior [ RunTime:0.001453s ]
INFO: [ app_init ] --END-- [ RunTime:0.001525s ]

[ 2019-08-05T18:15:18+08:00 ] 127.0.0.1 /Home/Note/index
INFO: [ app_init ] --START--
INFO: Run Behavior\BuildLiteBehavior [ RunTime:0.000005s ]
INFO: Run Common\Behavior\InitHookBehavior [ RunTime:0.001122s ]
INFO: [ app_init ] --END-- [ RunTime:0.001161s ]
INFO: [ app_begin ] --START--
INFO: Run Behavior\ReadHtmlCacheBehavior [ RunTime:0.000280s ]
INFO: [ app_begin ] --END-- [ RunTime:0.000298s ]
NOTIC: [8] Use of undefined constant get_uid - assumed 'get_uid' E:\Workspace\PHP\QingYun\ThinkPHP\Common\functions.php 第 588 行.
SQL: SHOW COLUMNS FROM `channel` [ RunTime:0.0324s ]
SQL: SELECT `id`,`pid`,`title`,`url` FROM `channel` WHERE `status` = 1 AND `pid` = 0 ORDER BY id ASC  [ RunTime:0.0006s ]
SQL: SHOW COLUMNS FROM `channel` [ RunTime:0.0054s ]
SQL: SELECT `id`,`pid`,`title`,`url` FROM `channel` WHERE `status` = 1 AND `pid` = '1' ORDER BY id ASC  [ RunTime:0.0003s ]
SQL: SHOW COLUMNS FROM `channel` [ RunTime:0.0113s ]
SQL: SELECT `id`,`pid`,`title`,`url` FROM `channel` WHERE `status` = 1 AND `pid` = '2' ORDER BY id ASC  [ RunTime:0.0006s ]
SQL: SHOW COLUMNS FROM `channel` [ RunTime:0.0083s ]
SQL: SELECT `id`,`pid`,`title`,`url` FROM `channel` WHERE `status` = 1 AND `pid` = '3' ORDER BY id ASC  [ RunTime:0.0020s ]
SQL: SHOW COLUMNS FROM `channel` [ RunTime:0.0093s ]
SQL: SELECT `id`,`pid`,`title`,`url` FROM `channel` WHERE `status` = 1 AND `pid` = '4' ORDER BY id ASC  [ RunTime:0.0003s ]
SQL: SHOW COLUMNS FROM `channel` [ RunTime:0.0141s ]
SQL: SELECT `id`,`pid`,`title`,`url` FROM `channel` WHERE `status` = 1 AND `pid` = '5' ORDER BY id ASC  [ RunTime:0.0003s ]
SQL: SHOW COLUMNS FROM `channel` [ RunTime:0.0092s ]
SQL: SELECT `id`,`pid`,`title`,`url` FROM `channel` WHERE `status` = 1 AND `pid` = '6' ORDER BY id ASC  [ RunTime:0.0006s ]
NOTIC: [8] Use of undefined constant get_uid - assumed 'get_uid' E:\Workspace\PHP\QingYun\ThinkPHP\Common\functions.php 第 588 行.
SQL: SHOW COLUMNS FROM `note` [ RunTime:0.0121s ]
SQL: SELECT COUNT(id) AS tp_count FROM `note` WHERE `status` = 1 LIMIT 1   [ RunTime:0.0013s ]
SQL: SHOW COLUMNS FROM `note` [ RunTime:0.0089s ]
SQL: SELECT * FROM `note` WHERE `status` = 1 ORDER BY create_time DESC LIMIT 0,10   [ RunTime:0.0003s ]
NOTIC: [8] Undefined variable: vo E:\Workspace\PHP\QingYun\Application\Home\Controller\NoteController.class.php 第 75 行.
NOTIC: [8] Use of undefined constant get_uid - assumed 'get_uid' E:\Workspace\PHP\QingYun\ThinkPHP\Common\functions.php 第 588 行.
SQL: SHOW COLUMNS FROM `category` [ RunTime:0.0172s ]
SQL: SELECT `id`,`title` FROM `category` WHERE `status` = 1 AND `type` = 2 ORDER BY id ASC  [ RunTime:0.0003s ]
NOTIC: [8] Use of undefined constant get_uid - assumed 'get_uid' E:\Workspace\PHP\QingYun\ThinkPHP\Common\functions.php 第 588 行.
SQL: SHOW COLUMNS FROM `label` [ RunTime:0.0691s ]
SQL: SELECT `id`,`title` FROM `label` WHERE `status` = 1 AND `type` = 2 ORDER BY id ASC  [ RunTime:0.0003s ]
NOTIC: [8] Undefined variable: tag_tags E:\Workspace\PHP\QingYun\Application\Common\Common\custom_filter.php 第 84 行.
SQL: SHOW COLUMNS FROM `category_relevance` [ RunTime:0.0138s ]
SQL: SELECT `cid` FROM `category_relevance` WHERE `status` = 1 AND `type` = 2 AND `oid` = '14' ORDER BY id ASC  [ RunTime:0.0003s ]
SQL: SHOW COLUMNS FROM `label_relevance` [ RunTime:0.0479s ]
SQL: SELECT `lid` FROM `label_relevance` WHERE `status` = 1 AND `type` = 2 AND `oid` = '14' ORDER BY id ASC  [ RunTime:0.0003s ]
SQL: SHOW COLUMNS FROM `category` [ RunTime:0.0101s ]
SQL: SELECT `title` FROM `category` WHERE `status` = 1 AND `id` IN ('4') ORDER BY create_time DESC  [ RunTime:0.0004s ]
SQL: SHOW COLUMNS FROM `label` [ RunTime:0.0059s ]
SQL: SELECT `title` FROM `label` WHERE `status` = 1 AND `id` IN ('4') ORDER BY create_time DESC  [ RunTime:0.0003s ]
NOTIC: [8] Undefined variable: tag_tags E:\Workspace\PHP\QingYun\Application\Common\Common\custom_filter.php 第 84 行.
SQL: SHOW COLUMNS FROM `category_relevance` [ RunTime:0.0121s ]
SQL: SELECT `cid` FROM `category_relevance` WHERE `status` = 1 AND `type` = 2 AND `oid` = '13' ORDER BY id ASC  [ RunTime:0.0004s ]
SQL: SHOW COLUMNS FROM `label_relevance` [ RunTime:0.0058s ]
SQL: SELECT `lid` FROM `label_relevance` WHERE `status` = 1 AND `type` = 2 AND `oid` = '13' ORDER BY id ASC  [ RunTime:0.0005s ]
SQL: SHOW COLUMNS FROM `category` [ RunTime:0.0127s ]
SQL: SELECT `title` FROM `category` WHERE `status` = 1 AND `id` IN ('4') ORDER BY create_time DESC  [ RunTime:0.0003s ]
SQL: SHOW COLUMNS FROM `label` [ RunTime:0.0115s ]
SQL: SELECT `title` FROM `label` WHERE `status` = 1 AND `id` IN ('4') ORDER BY create_time DESC  [ RunTime:0.0003s ]
NOTIC: [8] Undefined variable: tag_tags E:\Workspace\PHP\QingYun\Application\Common\Common\custom_filter.php 第 84 行.
SQL: SHOW COLUMNS FROM `category_relevance` [ RunTime:0.0052s ]
SQL: SELECT `cid` FROM `category_relevance` WHERE `status` = 1 AND `type` = 2 AND `oid` = '12' ORDER BY id ASC  [ RunTime:0.0003s ]
SQL: SHOW COLUMNS FROM `label_relevance` [ RunTime:0.0109s ]
SQL: SELECT `lid` FROM `label_relevance` WHERE `status` = 1 AND `type` = 2 AND `oid` = '12' ORDER BY id ASC  [ RunTime:0.0003s ]
SQL: SHOW COLUMNS FROM `category` [ RunTime:0.0055s ]
SQL: SELECT `title` FROM `category` WHERE `status` = 1 AND `id` IN ('4') ORDER BY create_time DESC  [ RunTime:0.0004s ]
SQL: SHOW COLUMNS FROM `label` [ RunTime:0.0108s ]
SQL: SELECT `title` FROM `label` WHERE `status` = 1 AND `id` IN ('4') ORDER BY create_time DESC  [ RunTime:0.0003s ]
NOTIC: [8] Undefined variable: tag_tags E:\Workspace\PHP\QingYun\Application\Common\Common\custom_filter.php 第 84 行.
SQL: SHOW COLUMNS FROM `category_relevance` [ RunTime:0.0057s ]
SQL: SELECT `cid` FROM `category_relevance` WHERE `status` = 1 AND `type` = 2 AND `oid` = '3' ORDER BY id ASC  [ RunTime:0.0003s ]
SQL: SHOW COLUMNS FROM `label_relevance` [ RunTime:0.0121s ]
SQL: SELECT `lid` FROM `label_relevance` WHERE `status` = 1 AND `type` = 2 AND `oid` = '3' ORDER BY id ASC  [ RunTime:0.0003s ]
NOTIC: [8] Undefined variable: tag_tags E:\Workspace\PHP\QingYun\Application\Common\Common\custom_filter.php 第 84 行.
SQL: SHOW COLUMNS FROM `category_relevance` [ RunTime:0.0089s ]
SQL: SELECT `cid` FROM `category_relevance` WHERE `status` = 1 AND `type` = 2 AND `oid` = '4' ORDER BY id ASC  [ RunTime:0.0004s ]
SQL: SHOW COLUMNS FROM `label_relevance` [ RunTime:0.0065s ]
SQL: SELECT `lid` FROM `label_relevance` WHERE `status` = 1 AND `type` = 2 AND `oid` = '4' ORDER BY id ASC  [ RunTime:0.0003s ]
SQL: SHOW COLUMNS FROM `category` [ RunTime:0.0134s ]
SQL: SELECT `title` FROM `category` WHERE `status` = 1 AND `id` IN ('3') ORDER BY create_time DESC  [ RunTime:0.0003s ]
SQL: SHOW COLUMNS FROM `label` [ RunTime:0.0053s ]
SQL: SELECT `title` FROM `label` WHERE `status` = 1 AND `id` IN ('3') ORDER BY create_time DESC  [ RunTime:0.0002s ]
NOTIC: [8] Undefined variable: tag_tags E:\Workspace\PHP\QingYun\Application\Common\Common\custom_filter.php 第 84 行.
SQL: SHOW COLUMNS FROM `category_relevance` [ RunTime:0.0104s ]
SQL: SELECT `cid` FROM `category_relevance` WHERE `status` = 1 AND `type` = 2 AND `oid` = '5' ORDER BY id ASC  [ RunTime:0.0003s ]
SQL: SHOW COLUMNS FROM `label_relevance` [ RunTime:0.0046s ]
SQL: SELECT `lid` FROM `label_relevance` WHERE `status` = 1 AND `type` = 2 AND `oid` = '5' ORDER BY id ASC  [ RunTime:0.0002s ]
NOTIC: [8] Undefined variable: tag_tags E:\Workspace\PHP\QingYun\Application\Common\Common\custom_filter.php 第 84 行.
SQL: SHOW COLUMNS FROM `category_relevance` [ RunTime:0.0109s ]
SQL: SELECT `cid` FROM `category_relevance` WHERE `status` = 1 AND `type` = 2 AND `oid` = '6' ORDER BY id ASC  [ RunTime:0.0003s ]
SQL: SHOW COLUMNS FROM `label_relevance` [ RunTime:0.0063s ]
SQL: SELECT `lid` FROM `label_relevance` WHERE `status` = 1 AND `type` = 2 AND `oid` = '6' ORDER BY id ASC  [ RunTime:0.0009s ]
NOTIC: [8] Undefined variable: tag_tags E:\Workspace\PHP\QingYun\Application\Common\Common\custom_filter.php 第 84 行.
SQL: SHOW COLUMNS FROM `category_relevance` [ RunTime:0.0103s ]
SQL: SELECT `cid` FROM `category_relevance` WHERE `status` = 1 AND `type` = 2 AND `oid` = '7' ORDER BY id ASC  [ RunTime:0.0002s ]
SQL: SHOW COLUMNS FROM `label_relevance` [ RunTime:0.0061s ]
SQL: SELECT `lid` FROM `label_relevance` WHERE `status` = 1 AND `type` = 2 AND `oid` = '7' ORDER BY id ASC  [ RunTime:0.0007s ]
NOTIC: [8] Undefined variable: tag_tags E:\Workspace\PHP\QingYun\Application\Common\Common\custom_filter.php 第 84 行.
SQL: SHOW COLUMNS FROM `category_relevance` [ RunTime:0.0098s ]
SQL: SELECT `cid` FROM `category_relevance` WHERE `status` = 1 AND `type` = 2 AND `oid` = '8' ORDER BY id ASC  [ RunTime:0.0003s ]
SQL: SHOW COLUMNS FROM `label_relevance` [ RunTime:0.0122s ]
SQL: SELECT `lid` FROM `label_relevance` WHERE `status` = 1 AND `type` = 2 AND `oid` = '8' ORDER BY id ASC  [ RunTime:0.0003s ]
NOTIC: [8] Undefined variable: tag_tags E:\Workspace\PHP\QingYun\Application\Common\Common\custom_filter.php 第 84 行.
SQL: SHOW COLUMNS FROM `category_relevance` [ RunTime:0.0054s ]
SQL: SELECT `cid` FROM `category_relevance` WHERE `status` = 1 AND `type` = 2 AND `oid` = '9' ORDER BY id ASC  [ RunTime:0.0003s ]
SQL: SHOW COLUMNS FROM `label_relevance` [ RunTime:0.0125s ]
SQL: SELECT `lid` FROM `label_relevance` WHERE `status` = 1 AND `type` = 2 AND `oid` = '9' ORDER BY id ASC  [ RunTime:0.0003s ]
INFO: [ view_parse ] --START--
INFO: [ template_filter ] --START--
INFO: Run Behavior\ContentReplaceBehavior [ RunTime:0.000094s ]
INFO: [ template_filter ] --END-- [ RunTime:0.000123s ]
NOTIC: [8] Undefined index: picture E:\Workspace\PHP\QingYun\Application\Runtime\Cache\Home\1576f051a695d88c69f59a2b72a18878.php 第 110 行.
NOTIC: [8] Undefined index: picture E:\Workspace\PHP\QingYun\Application\Runtime\Cache\Home\1576f051a695d88c69f59a2b72a18878.php 第 110 行.
NOTIC: [8] Undefined index: picture E:\Workspace\PHP\QingYun\Application\Runtime\Cache\Home\1576f051a695d88c69f59a2b72a18878.php 第 110 行.
NOTIC: [8] Undefined index: label E:\Workspace\PHP\QingYun\Application\Runtime\Cache\Home\1576f051a695d88c69f59a2b72a18878.php 第 131 行.
NOTIC: [8] Undefined index: category E:\Workspace\PHP\QingYun\Application\Runtime\Cache\Home\1576f051a695d88c69f59a2b72a18878.php 第 132 行.
NOTIC: [8] Undefined index: picture E:\Workspace\PHP\QingYun\Application\Runtime\Cache\Home\1576f051a695d88c69f59a2b72a18878.php 第 110 行.
NOTIC: [8] Undefined index: label E:\Workspace\PHP\QingYun\Application\Runtime\Cache\Home\1576f051a695d88c69f59a2b72a18878.php 第 131 行.
NOTIC: [8] Undefined index: category E:\Workspace\PHP\QingYun\Application\Runtime\Cache\Home\1576f051a695d88c69f59a2b72a18878.php 第 132 行.
NOTIC: [8] Undefined index: picture E:\Workspace\PHP\QingYun\Application\Runtime\Cache\Home\1576f051a695d88c69f59a2b72a18878.php 第 110 行.
NOTIC: [8] Undefined index: label E:\Workspace\PHP\QingYun\Application\Runtime\Cache\Home\1576f051a695d88c69f59a2b72a18878.php 第 131 行.
NOTIC: [8] Undefined index: category E:\Workspace\PHP\QingYun\Application\Runtime\Cache\Home\1576f051a695d88c69f59a2b72a18878.php 第 132 行.
NOTIC: [8] Undefined index: picture E:\Workspace\PHP\QingYun\Application\Runtime\Cache\Home\1576f051a695d88c69f59a2b72a18878.php 第 110 行.
NOTIC: [8] Undefined index: label E:\Workspace\PHP\QingYun\Application\Runtime\Cache\Home\1576f051a695d88c69f59a2b72a18878.php 第 131 行.
NOTIC: [8] Undefined index: category E:\Workspace\PHP\QingYun\Application\Runtime\Cache\Home\1576f051a695d88c69f59a2b72a18878.php 第 132 行.
NOTIC: [8] Undefined index: picture E:\Workspace\PHP\QingYun\Application\Runtime\Cache\Home\1576f051a695d88c69f59a2b72a18878.php 第 110 行.
NOTIC: [8] Undefined index: label E:\Workspace\PHP\QingYun\Application\Runtime\Cache\Home\1576f051a695d88c69f59a2b72a18878.php 第 131 行.
NOTIC: [8] Undefined index: category E:\Workspace\PHP\QingYun\Application\Runtime\Cache\Home\1576f051a695d88c69f59a2b72a18878.php 第 132 行.
NOTIC: [8] Undefined index: picture E:\Workspace\PHP\QingYun\Application\Runtime\Cache\Home\1576f051a695d88c69f59a2b72a18878.php 第 110 行.
NOTIC: [8] Undefined index: label E:\Workspace\PHP\QingYun\Application\Runtime\Cache\Home\1576f051a695d88c69f59a2b72a18878.php 第 131 行.
NOTIC: [8] Undefined index: category E:\Workspace\PHP\QingYun\Application\Runtime\Cache\Home\1576f051a695d88c69f59a2b72a18878.php 第 132 行.
INFO: Run Behavior\ParseTemplateBehavior [ RunTime:0.135436s ]
INFO: [ view_parse ] --END-- [ RunTime:0.135460s ]
INFO: [ view_filter ] --START--
INFO: Run Behavior\WriteHtmlCacheBehavior [ RunTime:0.000325s ]
INFO: [ view_filter ] --END-- [ RunTime:0.000346s ]
INFO: [ app_end ] --START--
INFO: Run Behavior\ShowPageTraceBehavior [ RunTime:0.000407s ]
INFO: [ app_end ] --END-- [ RunTime:0.000432s ]

[ 2019-08-05T18:15:19+08:00 ] 127.0.0.1 /Home/Note/img/favicon.png
INFO: [ app_init ] --START--
INFO: Run Behavior\BuildLiteBehavior [ RunTime:0.000009s ]
INFO: Run Common\Behavior\InitHookBehavior [ RunTime:0.003353s ]
INFO: [ app_init ] --END-- [ RunTime:0.003454s ]

[ 2019-08-05T18:15:23+08:00 ] 127.0.0.1 /Home/Service/index
INFO: [ app_init ] --START--
INFO: Run Behavior\BuildLiteBehavior [ RunTime:0.000008s ]
INFO: Run Common\Behavior\InitHookBehavior [ RunTime:0.001222s ]
INFO: [ app_init ] --END-- [ RunTime:0.001272s ]
INFO: [ app_begin ] --START--
INFO: Run Behavior\ReadHtmlCacheBehavior [ RunTime:0.000298s ]
INFO: [ app_begin ] --END-- [ RunTime:0.000317s ]
NOTIC: [8] Use of undefined constant get_uid - assumed 'get_uid' E:\Workspace\PHP\QingYun\ThinkPHP\Common\functions.php 第 588 行.
SQL: SHOW COLUMNS FROM `channel` [ RunTime:0.0279s ]
SQL: SELECT `id`,`pid`,`title`,`url` FROM `channel` WHERE `status` = 1 AND `pid` = 0 ORDER BY id ASC  [ RunTime:0.0010s ]
SQL: SHOW COLUMNS FROM `channel` [ RunTime:0.0282s ]
SQL: SELECT `id`,`pid`,`title`,`url` FROM `channel` WHERE `status` = 1 AND `pid` = '1' ORDER BY id ASC  [ RunTime:0.0004s ]
SQL: SHOW COLUMNS FROM `channel` [ RunTime:0.0116s ]
SQL: SELECT `id`,`pid`,`title`,`url` FROM `channel` WHERE `status` = 1 AND `pid` = '2' ORDER BY id ASC  [ RunTime:0.0003s ]
SQL: SHOW COLUMNS FROM `channel` [ RunTime:0.0053s ]
SQL: SELECT `id`,`pid`,`title`,`url` FROM `channel` WHERE `status` = 1 AND `pid` = '3' ORDER BY id ASC  [ RunTime:0.0003s ]
SQL: SHOW COLUMNS FROM `channel` [ RunTime:0.0105s ]
SQL: SELECT `id`,`pid`,`title`,`url` FROM `channel` WHERE `status` = 1 AND `pid` = '4' ORDER BY id ASC  [ RunTime:0.0005s ]
SQL: SHOW COLUMNS FROM `channel` [ RunTime:0.0062s ]
SQL: SELECT `id`,`pid`,`title`,`url` FROM `channel` WHERE `status` = 1 AND `pid` = '5' ORDER BY id ASC  [ RunTime:0.0008s ]
SQL: SHOW COLUMNS FROM `channel` [ RunTime:0.0105s ]
SQL: SELECT `id`,`pid`,`title`,`url` FROM `channel` WHERE `status` = 1 AND `pid` = '6' ORDER BY id ASC  [ RunTime:0.0004s ]
NOTIC: [8] Use of undefined constant get_uid - assumed 'get_uid' E:\Workspace\PHP\QingYun\ThinkPHP\Common\functions.php 第 588 行.
SQL: SHOW COLUMNS FROM `service` [ RunTime:0.0144s ]
SQL: SELECT * FROM `service` WHERE `status` = 1 AND `display` = 1 LIMIT 1   [ RunTime:0.0003s ]
NOTIC: [8] Use of undefined constant get_uid - assumed 'get_uid' E:\Workspace\PHP\QingYun\ThinkPHP\Common\functions.php 第 588 行.
SQL: SHOW COLUMNS FROM `merit` [ RunTime:0.0151s ]
SQL: SELECT `id`,`title`,`content`,`picture` FROM `merit` WHERE `status` = 1 AND `oid` = '1' ORDER BY id ASC  [ RunTime:0.0004s ]
NOTIC: [8] Undefined variable: tag_tags E:\Workspace\PHP\QingYun\Application\Common\Common\custom_filter.php 第 84 行.
NOTIC: [8] Undefined variable: tag_tags E:\Workspace\PHP\QingYun\Application\Common\Common\custom_filter.php 第 84 行.
NOTIC: [8] Undefined variable: tag_tags E:\Workspace\PHP\QingYun\Application\Common\Common\custom_filter.php 第 84 行.
NOTIC: [8] Undefined variable: tag_tags E:\Workspace\PHP\QingYun\Application\Common\Common\custom_filter.php 第 84 行.
NOTIC: [8] Undefined variable: tag_tags E:\Workspace\PHP\QingYun\Application\Common\Common\custom_filter.php 第 84 行.
NOTIC: [8] Use of undefined constant get_uid - assumed 'get_uid' E:\Workspace\PHP\QingYun\ThinkPHP\Common\functions.php 第 588 行.
SQL: SHOW COLUMNS FROM `client` [ RunTime:0.0900s ]
SQL: SELECT `id`,`title`,`url`,`picture` FROM `client` WHERE `status` = 1 AND `oid` = '1' ORDER BY id ASC  [ RunTime:0.0004s ]
INFO: [ view_parse ] --START--
INFO: [ template_filter ] --START--
INFO: Run Behavior\ContentReplaceBehavior [ RunTime:0.000074s ]
INFO: [ template_filter ] --END-- [ RunTime:0.000103s ]
INFO: Run Behavior\ParseTemplateBehavior [ RunTime:0.091597s ]
INFO: [ view_parse ] --END-- [ RunTime:0.091680s ]
INFO: [ view_filter ] --START--
INFO: Run Behavior\WriteHtmlCacheBehavior [ RunTime:0.000205s ]
INFO: [ view_filter ] --END-- [ RunTime:0.000230s ]
INFO: [ app_end ] --START--
INFO: Run Behavior\ShowPageTraceBehavior [ RunTime:0.000348s ]
INFO: [ app_end ] --END-- [ RunTime:0.000365s ]

[ 2019-08-05T18:15:23+08:00 ] 127.0.0.1 /Home/Service/img/favicon.png
INFO: [ app_init ] --START--
INFO: Run Behavior\BuildLiteBehavior [ RunTime:0.000006s ]
INFO: Run Common\Behavior\InitHookBehavior [ RunTime:0.001278s ]
INFO: [ app_init ] --END-- [ RunTime:0.001327s ]

[ 2019-08-05T18:15:33+08:00 ] 127.0.0.1 /Home/About/index
INFO: [ app_init ] --START--
INFO: Run Behavior\BuildLiteBehavior [ RunTime:0.000006s ]
INFO: Run Common\Behavior\InitHookBehavior [ RunTime:0.001094s ]
INFO: [ app_init ] --END-- [ RunTime:0.001136s ]
INFO: [ app_begin ] --START--
INFO: Run Behavior\ReadHtmlCacheBehavior [ RunTime:0.000298s ]
INFO: [ app_begin ] --END-- [ RunTime:0.000318s ]
NOTIC: [8] Use of undefined constant get_uid - assumed 'get_uid' E:\Workspace\PHP\QingYun\ThinkPHP\Common\functions.php 第 588 行.
SQL: SHOW COLUMNS FROM `channel` [ RunTime:0.0291s ]
SQL: SELECT `id`,`pid`,`title`,`url` FROM `channel` WHERE `status` = 1 AND `pid` = 0 ORDER BY id ASC  [ RunTime:0.0010s ]
SQL: SHOW COLUMNS FROM `channel` [ RunTime:0.0079s ]
SQL: SELECT `id`,`pid`,`title`,`url` FROM `channel` WHERE `status` = 1 AND `pid` = '1' ORDER BY id ASC  [ RunTime:0.0003s ]
SQL: SHOW COLUMNS FROM `channel` [ RunTime:0.0111s ]
SQL: SELECT `id`,`pid`,`title`,`url` FROM `channel` WHERE `status` = 1 AND `pid` = '2' ORDER BY id ASC  [ RunTime:0.0003s ]
SQL: SHOW COLUMNS FROM `channel` [ RunTime:0.0051s ]
SQL: SELECT `id`,`pid`,`title`,`url` FROM `channel` WHERE `status` = 1 AND `pid` = '3' ORDER BY id ASC  [ RunTime:0.0003s ]
SQL: SHOW COLUMNS FROM `channel` [ RunTime:0.0130s ]
SQL: SELECT `id`,`pid`,`title`,`url` FROM `channel` WHERE `status` = 1 AND `pid` = '4' ORDER BY id ASC  [ RunTime:0.0004s ]
SQL: SHOW COLUMNS FROM `channel` [ RunTime:0.0115s ]
SQL: SELECT `id`,`pid`,`title`,`url` FROM `channel` WHERE `status` = 1 AND `pid` = '5' ORDER BY id ASC  [ RunTime:0.0011s ]
SQL: SHOW COLUMNS FROM `channel` [ RunTime:0.0120s ]
SQL: SELECT `id`,`pid`,`title`,`url` FROM `channel` WHERE `status` = 1 AND `pid` = '6' ORDER BY id ASC  [ RunTime:0.0006s ]
NOTIC: [8] Use of undefined constant get_uid - assumed 'get_uid' E:\Workspace\PHP\QingYun\ThinkPHP\Common\functions.php 第 588 行.
SQL: SHOW COLUMNS FROM `about` [ RunTime:0.0662s ]
SQL: SELECT * FROM `about` WHERE `status` = 1 AND `display` = 1 LIMIT 1   [ RunTime:0.0004s ]
NOTIC: [8] Use of undefined constant get_uid - assumed 'get_uid' E:\Workspace\PHP\QingYun\ThinkPHP\Common\functions.php 第 588 行.
SQL: SHOW COLUMNS FROM `person` [ RunTime:0.0557s ]
SQL: SELECT `id`,`title`,`content`,`picture` FROM `person` WHERE `status` = 1 AND `oid` = '1' ORDER BY id ASC  [ RunTime:0.0003s ]
INFO: [ view_parse ] --START--
INFO: [ template_filter ] --START--
INFO: Run Behavior\ContentReplaceBehavior [ RunTime:0.000066s ]
INFO: [ template_filter ] --END-- [ RunTime:0.000089s ]
INFO: Run Behavior\ParseTemplateBehavior [ RunTime:0.071342s ]
INFO: [ view_parse ] --END-- [ RunTime:0.071377s ]
INFO: [ view_filter ] --START--
INFO: Run Behavior\WriteHtmlCacheBehavior [ RunTime:0.000200s ]
INFO: [ view_filter ] --END-- [ RunTime:0.000219s ]
INFO: [ app_end ] --START--
INFO: Run Behavior\ShowPageTraceBehavior [ RunTime:0.000339s ]
INFO: [ app_end ] --END-- [ RunTime:0.000355s ]

[ 2019-08-05T18:15:34+08:00 ] 127.0.0.1 /Home/About/img/favicon.png
INFO: [ app_init ] --START--
INFO: Run Behavior\BuildLiteBehavior [ RunTime:0.000010s ]
INFO: Run Common\Behavior\InitHookBehavior [ RunTime:0.001388s ]
INFO: [ app_init ] --END-- [ RunTime:0.001469s ]

[ 2019-08-05T18:15:35+08:00 ] 127.0.0.1 /Home/Contact/index
INFO: [ app_init ] --START--
INFO: Run Behavior\BuildLiteBehavior [ RunTime:0.000007s ]
INFO: Run Common\Behavior\InitHookBehavior [ RunTime:0.001022s ]
INFO: [ app_init ] --END-- [ RunTime:0.001084s ]
INFO: [ app_begin ] --START--
INFO: Run Behavior\ReadHtmlCacheBehavior [ RunTime:0.000313s ]
INFO: [ app_begin ] --END-- [ RunTime:0.000335s ]
NOTIC: [8] Use of undefined constant get_uid - assumed 'get_uid' E:\Workspace\PHP\QingYun\ThinkPHP\Common\functions.php 第 588 行.
SQL: SHOW COLUMNS FROM `channel` [ RunTime:0.0355s ]
SQL: SELECT `id`,`pid`,`title`,`url` FROM `channel` WHERE `status` = 1 AND `pid` = 0 ORDER BY id ASC  [ RunTime:0.0015s ]
SQL: SHOW COLUMNS FROM `channel` [ RunTime:0.0153s ]
SQL: SELECT `id`,`pid`,`title`,`url` FROM `channel` WHERE `status` = 1 AND `pid` = '1' ORDER BY id ASC  [ RunTime:0.0003s ]
SQL: SHOW COLUMNS FROM `channel` [ RunTime:0.0056s ]
SQL: SELECT `id`,`pid`,`title`,`url` FROM `channel` WHERE `status` = 1 AND `pid` = '2' ORDER BY id ASC  [ RunTime:0.0002s ]
SQL: SHOW COLUMNS FROM `channel` [ RunTime:0.0127s ]
SQL: SELECT `id`,`pid`,`title`,`url` FROM `channel` WHERE `status` = 1 AND `pid` = '3' ORDER BY id ASC  [ RunTime:0.0004s ]
SQL: SHOW COLUMNS FROM `channel` [ RunTime:0.0098s ]
SQL: SELECT `id`,`pid`,`title`,`url` FROM `channel` WHERE `status` = 1 AND `pid` = '4' ORDER BY id ASC  [ RunTime:0.0012s ]
SQL: SHOW COLUMNS FROM `channel` [ RunTime:0.0082s ]
SQL: SELECT `id`,`pid`,`title`,`url` FROM `channel` WHERE `status` = 1 AND `pid` = '5' ORDER BY id ASC  [ RunTime:0.0004s ]
SQL: SHOW COLUMNS FROM `channel` [ RunTime:0.0112s ]
SQL: SELECT `id`,`pid`,`title`,`url` FROM `channel` WHERE `status` = 1 AND `pid` = '6' ORDER BY id ASC  [ RunTime:0.0003s ]
NOTIC: [8] Undefined variable: list E:\Workspace\PHP\QingYun\Application\Home\Controller\ContactController.class.php 第 22 行.
INFO: [ view_parse ] --START--
INFO: [ template_filter ] --START--
INFO: Run Behavior\ContentReplaceBehavior [ RunTime:0.000122s ]
INFO: [ template_filter ] --END-- [ RunTime:0.000145s ]
INFO: Run Behavior\ParseTemplateBehavior [ RunTime:0.056561s ]
INFO: [ view_parse ] --END-- [ RunTime:0.056671s ]
INFO: [ view_filter ] --START--
INFO: Run Behavior\WriteHtmlCacheBehavior [ RunTime:0.001295s ]
INFO: [ view_filter ] --END-- [ RunTime:0.001352s ]
INFO: [ app_end ] --START--
INFO: Run Behavior\ShowPageTraceBehavior [ RunTime:0.001956s ]
INFO: [ app_end ] --END-- [ RunTime:0.002031s ]

[ 2019-08-05T18:15:36+08:00 ] 127.0.0.1 /Home/Contact/img/favicon.png
INFO: [ app_init ] --START--
INFO: Run Behavior\BuildLiteBehavior [ RunTime:0.000005s ]
INFO: Run Common\Behavior\InitHookBehavior [ RunTime:0.001036s ]
INFO: [ app_init ] --END-- [ RunTime:0.001076s ]

