[ 2019-09-15T21:29:10+08:00 ] 127.0.0.1 /
INFO: [ app_init ] --START--
INFO: Run Behavior\BuildLiteBehavior [ RunTime:0.000007s ]
INFO: Run Common\Behavior\InitHookBehavior [ RunTime:0.075141s ]
INFO: [ app_init ] --END-- [ RunTime:0.075204s ]
INFO: [ app_begin ] --START--
INFO: Run Behavior\ReadHtmlCacheBehavior [ RunTime:0.014862s ]
INFO: [ app_begin ] --END-- [ RunTime:0.014898s ]
NOTIC: [8] Use of undefined constant get_uid - assumed 'get_uid' E:\Workspace\PHP\QingYun\ThinkPHP\Common\functions.php 第 588 行.
SQL: SHOW COLUMNS FROM `channel` [ RunTime:0.0704s ]
SQL: SELECT `id`,`pid`,`title`,`url` FROM `channel` WHERE `status` = 1 AND `pid` = 0 ORDER BY id ASC  [ RunTime:0.0166s ]
SQL: SHOW COLUMNS FROM `channel` [ RunTime:0.0052s ]
SQL: SELECT `id`,`pid`,`title`,`url` FROM `channel` WHERE `status` = 1 AND `pid` = '1' ORDER BY id ASC  [ RunTime:0.0002s ]
SQL: SHOW COLUMNS FROM `channel` [ RunTime:0.0054s ]
SQL: SELECT `id`,`pid`,`title`,`url` FROM `channel` WHERE `status` = 1 AND `pid` = '2' ORDER BY id ASC  [ RunTime:0.0002s ]
SQL: SHOW COLUMNS FROM `channel` [ RunTime:0.0079s ]
SQL: SELECT `id`,`pid`,`title`,`url` FROM `channel` WHERE `status` = 1 AND `pid` = '3' ORDER BY id ASC  [ RunTime:0.0004s ]
SQL: SHOW COLUMNS FROM `channel` [ RunTime:0.0050s ]
SQL: SELECT `id`,`pid`,`title`,`url` FROM `channel` WHERE `status` = 1 AND `pid` = '4' ORDER BY id ASC  [ RunTime:0.0002s ]
SQL: SHOW COLUMNS FROM `channel` [ RunTime:0.0060s ]
SQL: SELECT `id`,`pid`,`title`,`url` FROM `channel` WHERE `status` = 1 AND `pid` = '5' ORDER BY id ASC  [ RunTime:0.0002s ]
SQL: SHOW COLUMNS FROM `channel` [ RunTime:0.0059s ]
SQL: SELECT `id`,`pid`,`title`,`url` FROM `channel` WHERE `status` = 1 AND `pid` = '6' ORDER BY id ASC  [ RunTime:0.0003s ]
SQL: SHOW COLUMNS FROM `unique_visitor` [ RunTime:0.0564s ]
SQL: SELECT `update_time` FROM `unique_visitor` WHERE `status` = 1 AND `ip_address` = '2130706433' LIMIT 1   [ RunTime:0.0008s ]
SQL: SHOW COLUMNS FROM `unique_visitor` [ RunTime:0.0050s ]
NOTIC: [8] Undefined index: validate E:\Workspace\PHP\QingYun\ThinkPHP\Library\Think\Model.class.php 第 1185 行.
NOTIC: [8] Undefined index: auto E:\Workspace\PHP\QingYun\ThinkPHP\Library\Think\Model.class.php 第 1128 行.
SQL: SHOW COLUMNS FROM `unique_visitor` [ RunTime:0.0053s ]
SQL: INSERT INTO `unique_visitor` (`browser`,`ip_address`,`system`,`language`,`update_time`,`status`,`create_time`,`founder`) VALUES ('Firefox','2130706433','简体中文','Windows','1568554149','1','1568554148','游客') [ RunTime:0.0315s ]
NOTIC: [8] Use of undefined constant get_uid - assumed 'get_uid' E:\Workspace\PHP\QingYun\ThinkPHP\Common\functions.php 第 588 行.
SQL: SHOW COLUMNS FROM `publicity` [ RunTime:0.0802s ]
SQL: SELECT `id`,`title`,`picture` FROM `publicity` WHERE `status` = 1 ORDER BY sort ASC LIMIT 5   [ RunTime:0.0003s ]
NOTIC: [8] Use of undefined constant get_uid - assumed 'get_uid' E:\Workspace\PHP\QingYun\ThinkPHP\Common\functions.php 第 588 行.
SQL: SHOW COLUMNS FROM `service` [ RunTime:0.0346s ]
SQL: SELECT `id` FROM `service` WHERE `status` = 1 AND `display` = 1 LIMIT 1   [ RunTime:0.0003s ]
NOTIC: [8] Use of undefined constant get_uid - assumed 'get_uid' E:\Workspace\PHP\QingYun\ThinkPHP\Common\functions.php 第 588 行.
SQL: SHOW COLUMNS FROM `merit` [ RunTime:0.0569s ]
SQL: SELECT `id`,`title`,`content`,`picture` FROM `merit` WHERE `status` = 1 AND `oid` = '1' ORDER BY id ASC  [ RunTime:0.0003s ]
NOTIC: [8] Undefined variable: tag_tags E:\Workspace\PHP\QingYun\Application\Common\Common\custom_filter.php 第 84 行.
NOTIC: [8] Undefined variable: x E:\Workspace\PHP\QingYun\Application\Home\Controller\IndexController.class.php 第 50 行.
NOTIC: [8] Undefined variable: x E:\Workspace\PHP\QingYun\Application\Home\Controller\IndexController.class.php 第 50 行.
NOTIC: [8] Undefined variable: tag_tags E:\Workspace\PHP\QingYun\Application\Common\Common\custom_filter.php 第 84 行.
NOTIC: [8] Undefined variable: x E:\Workspace\PHP\QingYun\Application\Home\Controller\IndexController.class.php 第 50 行.
NOTIC: [8] Undefined variable: tag_tags E:\Workspace\PHP\QingYun\Application\Common\Common\custom_filter.php 第 84 行.
NOTIC: [8] Undefined variable: x E:\Workspace\PHP\QingYun\Application\Home\Controller\IndexController.class.php 第 50 行.
NOTIC: [8] Undefined variable: tag_tags E:\Workspace\PHP\QingYun\Application\Common\Common\custom_filter.php 第 84 行.
NOTIC: [8] Undefined variable: x E:\Workspace\PHP\QingYun\Application\Home\Controller\IndexController.class.php 第 50 行.
NOTIC: [8] Undefined variable: tag_tags E:\Workspace\PHP\QingYun\Application\Common\Common\custom_filter.php 第 84 行.
NOTIC: [8] Undefined variable: x E:\Workspace\PHP\QingYun\Application\Home\Controller\IndexController.class.php 第 47 行.
NOTIC: [8] Use of undefined constant get_uid - assumed 'get_uid' E:\Workspace\PHP\QingYun\ThinkPHP\Common\functions.php 第 588 行.
SQL: SHOW COLUMNS FROM `note` [ RunTime:0.0533s ]
SQL: SELECT `id`,`title`,`content` FROM `note` WHERE `status` = 1 ORDER BY create_time DESC  [ RunTime:0.0005s ]
NOTIC: [8] Undefined variable: tag_tags E:\Workspace\PHP\QingYun\Application\Common\Common\custom_filter.php 第 84 行.
NOTIC: [8] Undefined variable: tag_tags E:\Workspace\PHP\QingYun\Application\Common\Common\custom_filter.php 第 84 行.
NOTIC: [8] Undefined variable: tag_tags E:\Workspace\PHP\QingYun\Application\Common\Common\custom_filter.php 第 84 行.
NOTIC: [8] Use of undefined constant get_uid - assumed 'get_uid' E:\Workspace\PHP\QingYun\ThinkPHP\Common\functions.php 第 588 行.
SQL: SHOW COLUMNS FROM `item` [ RunTime:0.0691s ]
SQL: SELECT `id`,`title`,`content`,`picture` FROM `item` WHERE `status` = 1 ORDER BY create_time DESC LIMIT 2   [ RunTime:0.0003s ]
NOTIC: [8] Undefined variable: tag_tags E:\Workspace\PHP\QingYun\Application\Common\Common\custom_filter.php 第 84 行.
NOTIC: [8] Undefined variable: tag_tags E:\Workspace\PHP\QingYun\Application\Common\Common\custom_filter.php 第 84 行.
INFO: [ view_parse ] --START--
INFO: [ template_filter ] --START--
INFO: Run Behavior\ContentReplaceBehavior [ RunTime:0.017132s ]
INFO: [ template_filter ] --END-- [ RunTime:0.017168s ]
INFO: Run Behavior\ParseTemplateBehavior [ RunTime:0.237688s ]
INFO: [ view_parse ] --END-- [ RunTime:0.237732s ]
INFO: [ view_filter ] --START--
INFO: Run Behavior\WriteHtmlCacheBehavior [ RunTime:0.040830s ]
INFO: [ view_filter ] --END-- [ RunTime:0.040865s ]
INFO: [ app_end ] --START--
INFO: Run Behavior\ShowPageTraceBehavior [ RunTime:0.009256s ]
INFO: [ app_end ] --END-- [ RunTime:0.009300s ]

[ 2019-09-15T21:29:41+08:00 ] 127.0.0.1 /Home/Item/index
INFO: [ app_init ] --START--
INFO: Run Behavior\BuildLiteBehavior [ RunTime:0.000005s ]
INFO: Run Common\Behavior\InitHookBehavior [ RunTime:0.001019s ]
INFO: [ app_init ] --END-- [ RunTime:0.001060s ]
INFO: [ app_begin ] --START--
INFO: Run Behavior\ReadHtmlCacheBehavior [ RunTime:0.000309s ]
INFO: [ app_begin ] --END-- [ RunTime:0.000329s ]
NOTIC: [8] Use of undefined constant get_uid - assumed 'get_uid' E:\Workspace\PHP\QingYun\ThinkPHP\Common\functions.php 第 588 行.
SQL: SHOW COLUMNS FROM `channel` [ RunTime:0.0227s ]
SQL: SELECT `id`,`pid`,`title`,`url` FROM `channel` WHERE `status` = 1 AND `pid` = 0 ORDER BY id ASC  [ RunTime:0.0004s ]
SQL: SHOW COLUMNS FROM `channel` [ RunTime:0.0057s ]
SQL: SELECT `id`,`pid`,`title`,`url` FROM `channel` WHERE `status` = 1 AND `pid` = '1' ORDER BY id ASC  [ RunTime:0.0003s ]
SQL: SHOW COLUMNS FROM `channel` [ RunTime:0.0058s ]
SQL: SELECT `id`,`pid`,`title`,`url` FROM `channel` WHERE `status` = 1 AND `pid` = '2' ORDER BY id ASC  [ RunTime:0.0004s ]
SQL: SHOW COLUMNS FROM `channel` [ RunTime:0.0053s ]
SQL: SELECT `id`,`pid`,`title`,`url` FROM `channel` WHERE `status` = 1 AND `pid` = '3' ORDER BY id ASC  [ RunTime:0.0003s ]
SQL: SHOW COLUMNS FROM `channel` [ RunTime:0.0057s ]
SQL: SELECT `id`,`pid`,`title`,`url` FROM `channel` WHERE `status` = 1 AND `pid` = '4' ORDER BY id ASC  [ RunTime:0.0003s ]
SQL: SHOW COLUMNS FROM `channel` [ RunTime:0.0085s ]
SQL: SELECT `id`,`pid`,`title`,`url` FROM `channel` WHERE `status` = 1 AND `pid` = '5' ORDER BY id ASC  [ RunTime:0.0003s ]
SQL: SHOW COLUMNS FROM `channel` [ RunTime:0.0074s ]
SQL: SELECT `id`,`pid`,`title`,`url` FROM `channel` WHERE `status` = 1 AND `pid` = '6' ORDER BY id ASC  [ RunTime:0.0004s ]
NOTIC: [8] Use of undefined constant get_uid - assumed 'get_uid' E:\Workspace\PHP\QingYun\ThinkPHP\Common\functions.php 第 588 行.
SQL: SHOW COLUMNS FROM `item` [ RunTime:0.0131s ]
SQL: SELECT COUNT(id) AS tp_count FROM `item` WHERE `status` = 1 LIMIT 1   [ RunTime:0.0004s ]
SQL: SHOW COLUMNS FROM `item` [ RunTime:0.0059s ]
SQL: SELECT * FROM `item` WHERE `status` = 1 ORDER BY create_time DESC LIMIT 0,9   [ RunTime:0.0003s ]
NOTIC: [8] Undefined variable: vo E:\Workspace\PHP\QingYun\Application\Home\Controller\ItemController.class.php 第 39 行.
NOTIC: [8] Use of undefined constant get_uid - assumed 'get_uid' E:\Workspace\PHP\QingYun\ThinkPHP\Common\functions.php 第 588 行.
SQL: SHOW COLUMNS FROM `category` [ RunTime:0.0809s ]
SQL: SELECT `id`,`title` FROM `category` WHERE `status` = 1 AND `type` = 1 ORDER BY id ASC  [ RunTime:0.0003s ]
NOTIC: [8] Undefined variable: tag_tags E:\Workspace\PHP\QingYun\Application\Common\Common\custom_filter.php 第 84 行.
SQL: SHOW COLUMNS FROM `category_relevance` [ RunTime:0.0273s ]
SQL: SELECT `cid` FROM `category_relevance` WHERE `status` = 1 AND `type` = 1 AND `oid` = '4' ORDER BY id ASC  [ RunTime:0.0002s ]
SQL: SHOW COLUMNS FROM `category` [ RunTime:0.0077s ]
SQL: SELECT `title` FROM `category` WHERE `status` = 1 AND `id` IN ('2') ORDER BY create_time DESC  [ RunTime:0.0004s ]
NOTIC: [8] Undefined variable: tag_tags E:\Workspace\PHP\QingYun\Application\Common\Common\custom_filter.php 第 84 行.
SQL: SHOW COLUMNS FROM `category_relevance` [ RunTime:0.0070s ]
SQL: SELECT `cid` FROM `category_relevance` WHERE `status` = 1 AND `type` = 1 AND `oid` = '3' ORDER BY id ASC  [ RunTime:0.0003s ]
SQL: SHOW COLUMNS FROM `category` [ RunTime:0.0055s ]
SQL: SELECT `title` FROM `category` WHERE `status` = 1 AND `id` IN ('1') ORDER BY create_time DESC  [ RunTime:0.0003s ]
NOTIC: [8] Undefined variable: tag_tags E:\Workspace\PHP\QingYun\Application\Common\Common\custom_filter.php 第 84 行.
SQL: SHOW COLUMNS FROM `category_relevance` [ RunTime:0.0069s ]
SQL: SELECT `cid` FROM `category_relevance` WHERE `status` = 1 AND `type` = 1 AND `oid` = '2' ORDER BY id ASC  [ RunTime:0.0002s ]
SQL: SHOW COLUMNS FROM `category` [ RunTime:0.0061s ]
SQL: SELECT `title` FROM `category` WHERE `status` = 1 AND `id` IN ('2') ORDER BY create_time DESC  [ RunTime:0.0003s ]
NOTIC: [8] Undefined variable: tag_tags E:\Workspace\PHP\QingYun\Application\Common\Common\custom_filter.php 第 84 行.
SQL: SHOW COLUMNS FROM `category_relevance` [ RunTime:0.0060s ]
SQL: SELECT `cid` FROM `category_relevance` WHERE `status` = 1 AND `type` = 1 AND `oid` = '1' ORDER BY id ASC  [ RunTime:0.0004s ]
SQL: SHOW COLUMNS FROM `category` [ RunTime:0.0065s ]
SQL: SELECT `title` FROM `category` WHERE `status` = 1 AND `id` IN ('2','1') ORDER BY create_time DESC  [ RunTime:0.0201s ]
INFO: [ view_parse ] --START--
INFO: [ template_filter ] --START--
INFO: Run Behavior\ContentReplaceBehavior [ RunTime:0.023834s ]
INFO: [ template_filter ] --END-- [ RunTime:0.023870s ]
INFO: Run Behavior\ParseTemplateBehavior [ RunTime:0.087137s ]
INFO: [ view_parse ] --END-- [ RunTime:0.087170s ]
INFO: [ view_filter ] --START--
INFO: Run Behavior\WriteHtmlCacheBehavior [ RunTime:0.000198s ]
INFO: [ view_filter ] --END-- [ RunTime:0.000214s ]
INFO: [ app_end ] --START--
INFO: Run Behavior\ShowPageTraceBehavior [ RunTime:0.000334s ]
INFO: [ app_end ] --END-- [ RunTime:0.000352s ]

[ 2019-09-15T21:29:41+08:00 ] 127.0.0.1 /Home/Item/img/favicon.png
INFO: [ app_init ] --START--
INFO: Run Behavior\BuildLiteBehavior [ RunTime:0.000030s ]
INFO: Run Common\Behavior\InitHookBehavior [ RunTime:0.001329s ]
INFO: [ app_init ] --END-- [ RunTime:0.001431s ]

[ 2019-09-15T21:29:48+08:00 ] 127.0.0.1 /Home/Item/detail/id/1
INFO: [ app_init ] --START--
INFO: Run Behavior\BuildLiteBehavior [ RunTime:0.000007s ]
INFO: Run Common\Behavior\InitHookBehavior [ RunTime:0.002194s ]
INFO: [ app_init ] --END-- [ RunTime:0.002266s ]
INFO: [ app_begin ] --START--
INFO: Run Behavior\ReadHtmlCacheBehavior [ RunTime:0.000493s ]
INFO: [ app_begin ] --END-- [ RunTime:0.000522s ]
NOTIC: [8] Use of undefined constant get_uid - assumed 'get_uid' E:\Workspace\PHP\QingYun\ThinkPHP\Common\functions.php 第 588 行.
SQL: SHOW COLUMNS FROM `item` [ RunTime:0.0184s ]
SQL: SELECT * FROM `item` WHERE `status` = 1 AND `id` = '1' LIMIT 1   [ RunTime:0.0003s ]
SQL: SHOW COLUMNS FROM `category_relevance` [ RunTime:0.0110s ]
SQL: SELECT `cid` FROM `category_relevance` WHERE `status` = 1 AND `type` = 1 AND `oid` = '1' ORDER BY id ASC  [ RunTime:0.0003s ]
SQL: SHOW COLUMNS FROM `label_relevance` [ RunTime:0.0512s ]
SQL: SELECT `lid` FROM `label_relevance` WHERE `status` = 1 AND `type` = 1 AND `oid` = '1' ORDER BY id ASC  [ RunTime:0.0003s ]
NOTIC: [8] Use of undefined constant get_uid - assumed 'get_uid' E:\Workspace\PHP\QingYun\ThinkPHP\Common\functions.php 第 588 行.
SQL: SHOW COLUMNS FROM `category` [ RunTime:0.0122s ]
SQL: SELECT `title` FROM `category` WHERE `status` = 1 AND `id` IN ('2','1') ORDER BY create_time DESC  [ RunTime:0.0003s ]
NOTIC: [8] Use of undefined constant get_uid - assumed 'get_uid' E:\Workspace\PHP\QingYun\ThinkPHP\Common\functions.php 第 588 行.
SQL: SHOW COLUMNS FROM `label` [ RunTime:0.0251s ]
SQL: SELECT `title` FROM `label` WHERE `status` = 1 AND `id` IN ('2','1') ORDER BY create_time DESC  [ RunTime:0.0003s ]
NOTIC: [8] Undefined variable: vo E:\Workspace\PHP\QingYun\Application\Home\Controller\ItemController.class.php 第 106 行.
SQL: SHOW COLUMNS FROM `category` [ RunTime:0.0097s ]
SQL: SELECT `id`,`title` FROM `category` WHERE `status` = 1 AND `type` = 1 ORDER BY id ASC  [ RunTime:0.0003s ]
SQL: SHOW COLUMNS FROM `label` [ RunTime:0.0051s ]
SQL: SELECT `id`,`title` FROM `label` WHERE `status` = 1 AND `type` = 1 ORDER BY id ASC  [ RunTime:0.0002s ]
SQL: SHOW COLUMNS FROM `item` [ RunTime:0.0087s ]
SQL: SELECT `id`,`title`,`content`,`picture` FROM `item` WHERE `status` = 1 ORDER BY create_time DESC LIMIT 5   [ RunTime:0.0003s ]
NOTIC: [8] Undefined variable: tag_tags E:\Workspace\PHP\QingYun\Application\Common\Common\custom_filter.php 第 84 行.
NOTIC: [8] Undefined variable: tag_tags E:\Workspace\PHP\QingYun\Application\Common\Common\custom_filter.php 第 84 行.
NOTIC: [8] Undefined variable: tag_tags E:\Workspace\PHP\QingYun\Application\Common\Common\custom_filter.php 第 84 行.
NOTIC: [8] Undefined variable: tag_tags E:\Workspace\PHP\QingYun\Application\Common\Common\custom_filter.php 第 84 行.
INFO: [ view_parse ] --START--
INFO: [ template_filter ] --START--
INFO: Run Behavior\ContentReplaceBehavior [ RunTime:0.000089s ]
INFO: [ template_filter ] --END-- [ RunTime:0.000124s ]
INFO: Run Behavior\ParseTemplateBehavior [ RunTime:0.051537s ]
INFO: [ view_parse ] --END-- [ RunTime:0.051560s ]
INFO: [ view_filter ] --START--
INFO: Run Behavior\WriteHtmlCacheBehavior [ RunTime:0.000237s ]
INFO: [ view_filter ] --END-- [ RunTime:0.000251s ]
INFO: [ app_end ] --START--
INFO: Run Behavior\ShowPageTraceBehavior [ RunTime:0.000322s ]
INFO: [ app_end ] --END-- [ RunTime:0.000338s ]

[ 2019-09-15T21:29:48+08:00 ] 127.0.0.1 /Home/Item/detail/id/img/favicon.png
INFO: [ app_init ] --START--
INFO: Run Behavior\BuildLiteBehavior [ RunTime:0.000008s ]
INFO: Run Common\Behavior\InitHookBehavior [ RunTime:0.001592s ]
INFO: [ app_init ] --END-- [ RunTime:0.001668s ]

[ 2019-09-15T21:30:05+08:00 ] 127.0.0.1 /Home/Note/index
INFO: [ app_init ] --START--
INFO: Run Behavior\BuildLiteBehavior [ RunTime:0.000015s ]
INFO: Run Common\Behavior\InitHookBehavior [ RunTime:0.000998s ]
INFO: [ app_init ] --END-- [ RunTime:0.001070s ]
INFO: [ app_begin ] --START--
INFO: Run Behavior\ReadHtmlCacheBehavior [ RunTime:0.000291s ]
INFO: [ app_begin ] --END-- [ RunTime:0.000310s ]
NOTIC: [8] Use of undefined constant get_uid - assumed 'get_uid' E:\Workspace\PHP\QingYun\ThinkPHP\Common\functions.php 第 588 行.
SQL: SHOW COLUMNS FROM `channel` [ RunTime:0.0308s ]
SQL: SELECT `id`,`pid`,`title`,`url` FROM `channel` WHERE `status` = 1 AND `pid` = 0 ORDER BY id ASC  [ RunTime:0.0004s ]
SQL: SHOW COLUMNS FROM `channel` [ RunTime:0.0081s ]
SQL: SELECT `id`,`pid`,`title`,`url` FROM `channel` WHERE `status` = 1 AND `pid` = '1' ORDER BY id ASC  [ RunTime:0.0002s ]
SQL: SHOW COLUMNS FROM `channel` [ RunTime:0.0051s ]
SQL: SELECT `id`,`pid`,`title`,`url` FROM `channel` WHERE `status` = 1 AND `pid` = '2' ORDER BY id ASC  [ RunTime:0.0003s ]
SQL: SHOW COLUMNS FROM `channel` [ RunTime:0.0055s ]
SQL: SELECT `id`,`pid`,`title`,`url` FROM `channel` WHERE `status` = 1 AND `pid` = '3' ORDER BY id ASC  [ RunTime:0.0005s ]
SQL: SHOW COLUMNS FROM `channel` [ RunTime:0.0088s ]
SQL: SELECT `id`,`pid`,`title`,`url` FROM `channel` WHERE `status` = 1 AND `pid` = '4' ORDER BY id ASC  [ RunTime:0.0002s ]
SQL: SHOW COLUMNS FROM `channel` [ RunTime:0.0048s ]
SQL: SELECT `id`,`pid`,`title`,`url` FROM `channel` WHERE `status` = 1 AND `pid` = '5' ORDER BY id ASC  [ RunTime:0.0003s ]
SQL: SHOW COLUMNS FROM `channel` [ RunTime:0.0073s ]
SQL: SELECT `id`,`pid`,`title`,`url` FROM `channel` WHERE `status` = 1 AND `pid` = '6' ORDER BY id ASC  [ RunTime:0.0002s ]
NOTIC: [8] Use of undefined constant get_uid - assumed 'get_uid' E:\Workspace\PHP\QingYun\ThinkPHP\Common\functions.php 第 588 行.
SQL: SHOW COLUMNS FROM `note` [ RunTime:0.0090s ]
SQL: SELECT COUNT(id) AS tp_count FROM `note` WHERE `status` = 1 LIMIT 1   [ RunTime:0.0005s ]
SQL: SHOW COLUMNS FROM `note` [ RunTime:0.0069s ]
SQL: SELECT * FROM `note` WHERE `status` = 1 ORDER BY create_time DESC LIMIT 0,10   [ RunTime:0.0003s ]
NOTIC: [8] Undefined variable: vo E:\Workspace\PHP\QingYun\Application\Home\Controller\NoteController.class.php 第 75 行.
NOTIC: [8] Use of undefined constant get_uid - assumed 'get_uid' E:\Workspace\PHP\QingYun\ThinkPHP\Common\functions.php 第 588 行.
SQL: SHOW COLUMNS FROM `category` [ RunTime:0.0092s ]
SQL: SELECT `id`,`title` FROM `category` WHERE `status` = 1 AND `type` = 2 ORDER BY id ASC  [ RunTime:0.0007s ]
NOTIC: [8] Use of undefined constant get_uid - assumed 'get_uid' E:\Workspace\PHP\QingYun\ThinkPHP\Common\functions.php 第 588 行.
SQL: SHOW COLUMNS FROM `label` [ RunTime:0.0093s ]
SQL: SELECT `id`,`title` FROM `label` WHERE `status` = 1 AND `type` = 2 ORDER BY id ASC  [ RunTime:0.0002s ]
NOTIC: [8] Undefined variable: tag_tags E:\Workspace\PHP\QingYun\Application\Common\Common\custom_filter.php 第 84 行.
SQL: SHOW COLUMNS FROM `category_relevance` [ RunTime:0.0117s ]
SQL: SELECT `cid` FROM `category_relevance` WHERE `status` = 1 AND `type` = 2 AND `oid` = '14' ORDER BY id ASC  [ RunTime:0.0003s ]
SQL: SHOW COLUMNS FROM `label_relevance` [ RunTime:0.0099s ]
SQL: SELECT `lid` FROM `label_relevance` WHERE `status` = 1 AND `type` = 2 AND `oid` = '14' ORDER BY id ASC  [ RunTime:0.0003s ]
SQL: SHOW COLUMNS FROM `category` [ RunTime:0.0052s ]
SQL: SELECT `title` FROM `category` WHERE `status` = 1 AND `id` IN ('4') ORDER BY create_time DESC  [ RunTime:0.0002s ]
SQL: SHOW COLUMNS FROM `label` [ RunTime:0.0047s ]
SQL: SELECT `title` FROM `label` WHERE `status` = 1 AND `id` IN ('4') ORDER BY create_time DESC  [ RunTime:0.0002s ]
NOTIC: [8] Undefined variable: tag_tags E:\Workspace\PHP\QingYun\Application\Common\Common\custom_filter.php 第 84 行.
SQL: SHOW COLUMNS FROM `category_relevance` [ RunTime:0.0068s ]
SQL: SELECT `cid` FROM `category_relevance` WHERE `status` = 1 AND `type` = 2 AND `oid` = '13' ORDER BY id ASC  [ RunTime:0.0003s ]
SQL: SHOW COLUMNS FROM `label_relevance` [ RunTime:0.0057s ]
SQL: SELECT `lid` FROM `label_relevance` WHERE `status` = 1 AND `type` = 2 AND `oid` = '13' ORDER BY id ASC  [ RunTime:0.0003s ]
SQL: SHOW COLUMNS FROM `category` [ RunTime:0.0054s ]
SQL: SELECT `title` FROM `category` WHERE `status` = 1 AND `id` IN ('4') ORDER BY create_time DESC  [ RunTime:0.0003s ]
SQL: SHOW COLUMNS FROM `label` [ RunTime:0.0058s ]
SQL: SELECT `title` FROM `label` WHERE `status` = 1 AND `id` IN ('4') ORDER BY create_time DESC  [ RunTime:0.0002s ]
NOTIC: [8] Undefined variable: tag_tags E:\Workspace\PHP\QingYun\Application\Common\Common\custom_filter.php 第 84 行.
SQL: SHOW COLUMNS FROM `category_relevance` [ RunTime:0.0046s ]
SQL: SELECT `cid` FROM `category_relevance` WHERE `status` = 1 AND `type` = 2 AND `oid` = '12' ORDER BY id ASC  [ RunTime:0.0002s ]
SQL: SHOW COLUMNS FROM `label_relevance` [ RunTime:0.0044s ]
SQL: SELECT `lid` FROM `label_relevance` WHERE `status` = 1 AND `type` = 2 AND `oid` = '12' ORDER BY id ASC  [ RunTime:0.0003s ]
SQL: SHOW COLUMNS FROM `category` [ RunTime:0.0056s ]
SQL: SELECT `title` FROM `category` WHERE `status` = 1 AND `id` IN ('4') ORDER BY create_time DESC  [ RunTime:0.0002s ]
SQL: SHOW COLUMNS FROM `label` [ RunTime:0.0050s ]
SQL: SELECT `title` FROM `label` WHERE `status` = 1 AND `id` IN ('4') ORDER BY create_time DESC  [ RunTime:0.0003s ]
NOTIC: [8] Undefined variable: tag_tags E:\Workspace\PHP\QingYun\Application\Common\Common\custom_filter.php 第 84 行.
SQL: SHOW COLUMNS FROM `category_relevance` [ RunTime:0.0052s ]
SQL: SELECT `cid` FROM `category_relevance` WHERE `status` = 1 AND `type` = 2 AND `oid` = '3' ORDER BY id ASC  [ RunTime:0.0003s ]
SQL: SHOW COLUMNS FROM `label_relevance` [ RunTime:0.0060s ]
SQL: SELECT `lid` FROM `label_relevance` WHERE `status` = 1 AND `type` = 2 AND `oid` = '3' ORDER BY id ASC  [ RunTime:0.0002s ]
NOTIC: [8] Undefined variable: tag_tags E:\Workspace\PHP\QingYun\Application\Common\Common\custom_filter.php 第 84 行.
SQL: SHOW COLUMNS FROM `category_relevance` [ RunTime:0.0048s ]
SQL: SELECT `cid` FROM `category_relevance` WHERE `status` = 1 AND `type` = 2 AND `oid` = '4' ORDER BY id ASC  [ RunTime:0.0002s ]
SQL: SHOW COLUMNS FROM `label_relevance` [ RunTime:0.0046s ]
SQL: SELECT `lid` FROM `label_relevance` WHERE `status` = 1 AND `type` = 2 AND `oid` = '4' ORDER BY id ASC  [ RunTime:0.0003s ]
SQL: SHOW COLUMNS FROM `category` [ RunTime:0.0147s ]
SQL: SELECT `title` FROM `category` WHERE `status` = 1 AND `id` IN ('3') ORDER BY create_time DESC  [ RunTime:0.0003s ]
SQL: SHOW COLUMNS FROM `label` [ RunTime:0.0099s ]
SQL: SELECT `title` FROM `label` WHERE `status` = 1 AND `id` IN ('3') ORDER BY create_time DESC  [ RunTime:0.0002s ]
NOTIC: [8] Undefined variable: tag_tags E:\Workspace\PHP\QingYun\Application\Common\Common\custom_filter.php 第 84 行.
SQL: SHOW COLUMNS FROM `category_relevance` [ RunTime:0.0100s ]
SQL: SELECT `cid` FROM `category_relevance` WHERE `status` = 1 AND `type` = 2 AND `oid` = '5' ORDER BY id ASC  [ RunTime:0.0003s ]
SQL: SHOW COLUMNS FROM `label_relevance` [ RunTime:0.0091s ]
SQL: SELECT `lid` FROM `label_relevance` WHERE `status` = 1 AND `type` = 2 AND `oid` = '5' ORDER BY id ASC  [ RunTime:0.0002s ]
NOTIC: [8] Undefined variable: tag_tags E:\Workspace\PHP\QingYun\Application\Common\Common\custom_filter.php 第 84 行.
SQL: SHOW COLUMNS FROM `category_relevance` [ RunTime:0.0057s ]
SQL: SELECT `cid` FROM `category_relevance` WHERE `status` = 1 AND `type` = 2 AND `oid` = '6' ORDER BY id ASC  [ RunTime:0.0002s ]
SQL: SHOW COLUMNS FROM `label_relevance` [ RunTime:0.0051s ]
SQL: SELECT `lid` FROM `label_relevance` WHERE `status` = 1 AND `type` = 2 AND `oid` = '6' ORDER BY id ASC  [ RunTime:0.0003s ]
NOTIC: [8] Undefined variable: tag_tags E:\Workspace\PHP\QingYun\Application\Common\Common\custom_filter.php 第 84 行.
SQL: SHOW COLUMNS FROM `category_relevance` [ RunTime:0.0050s ]
SQL: SELECT `cid` FROM `category_relevance` WHERE `status` = 1 AND `type` = 2 AND `oid` = '7' ORDER BY id ASC  [ RunTime:0.0002s ]
SQL: SHOW COLUMNS FROM `label_relevance` [ RunTime:0.0060s ]
SQL: SELECT `lid` FROM `label_relevance` WHERE `status` = 1 AND `type` = 2 AND `oid` = '7' ORDER BY id ASC  [ RunTime:0.0002s ]
NOTIC: [8] Undefined variable: tag_tags E:\Workspace\PHP\QingYun\Application\Common\Common\custom_filter.php 第 84 行.
SQL: SHOW COLUMNS FROM `category_relevance` [ RunTime:0.0050s ]
SQL: SELECT `cid` FROM `category_relevance` WHERE `status` = 1 AND `type` = 2 AND `oid` = '8' ORDER BY id ASC  [ RunTime:0.0002s ]
SQL: SHOW COLUMNS FROM `label_relevance` [ RunTime:0.0046s ]
SQL: SELECT `lid` FROM `label_relevance` WHERE `status` = 1 AND `type` = 2 AND `oid` = '8' ORDER BY id ASC  [ RunTime:0.0002s ]
NOTIC: [8] Undefined variable: tag_tags E:\Workspace\PHP\QingYun\Application\Common\Common\custom_filter.php 第 84 行.
SQL: SHOW COLUMNS FROM `category_relevance` [ RunTime:0.0059s ]
SQL: SELECT `cid` FROM `category_relevance` WHERE `status` = 1 AND `type` = 2 AND `oid` = '9' ORDER BY id ASC  [ RunTime:0.0002s ]
SQL: SHOW COLUMNS FROM `label_relevance` [ RunTime:0.0050s ]
SQL: SELECT `lid` FROM `label_relevance` WHERE `status` = 1 AND `type` = 2 AND `oid` = '9' ORDER BY id ASC  [ RunTime:0.0002s ]
INFO: [ view_parse ] --START--
INFO: [ template_filter ] --START--
INFO: Run Behavior\ContentReplaceBehavior [ RunTime:0.000077s ]
INFO: [ template_filter ] --END-- [ RunTime:0.000100s ]
NOTIC: [8] Undefined index: picture E:\Workspace\PHP\QingYun\Application\Runtime\Cache\Home\1576f051a695d88c69f59a2b72a18878.php 第 110 行.
NOTIC: [8] Undefined index: picture E:\Workspace\PHP\QingYun\Application\Runtime\Cache\Home\1576f051a695d88c69f59a2b72a18878.php 第 110 行.
NOTIC: [8] Undefined index: picture E:\Workspace\PHP\QingYun\Application\Runtime\Cache\Home\1576f051a695d88c69f59a2b72a18878.php 第 110 行.
NOTIC: [8] Undefined index: label E:\Workspace\PHP\QingYun\Application\Runtime\Cache\Home\1576f051a695d88c69f59a2b72a18878.php 第 131 行.
NOTIC: [8] Undefined index: category E:\Workspace\PHP\QingYun\Application\Runtime\Cache\Home\1576f051a695d88c69f59a2b72a18878.php 第 132 行.
NOTIC: [8] Undefined index: picture E:\Workspace\PHP\QingYun\Application\Runtime\Cache\Home\1576f051a695d88c69f59a2b72a18878.php 第 110 行.
NOTIC: [8] Undefined index: label E:\Workspace\PHP\QingYun\Application\Runtime\Cache\Home\1576f051a695d88c69f59a2b72a18878.php 第 131 行.
NOTIC: [8] Undefined index: category E:\Workspace\PHP\QingYun\Application\Runtime\Cache\Home\1576f051a695d88c69f59a2b72a18878.php 第 132 行.
NOTIC: [8] Undefined index: picture E:\Workspace\PHP\QingYun\Application\Runtime\Cache\Home\1576f051a695d88c69f59a2b72a18878.php 第 110 行.
NOTIC: [8] Undefined index: label E:\Workspace\PHP\QingYun\Application\Runtime\Cache\Home\1576f051a695d88c69f59a2b72a18878.php 第 131 行.
NOTIC: [8] Undefined index: category E:\Workspace\PHP\QingYun\Application\Runtime\Cache\Home\1576f051a695d88c69f59a2b72a18878.php 第 132 行.
NOTIC: [8] Undefined index: picture E:\Workspace\PHP\QingYun\Application\Runtime\Cache\Home\1576f051a695d88c69f59a2b72a18878.php 第 110 行.
NOTIC: [8] Undefined index: label E:\Workspace\PHP\QingYun\Application\Runtime\Cache\Home\1576f051a695d88c69f59a2b72a18878.php 第 131 行.
NOTIC: [8] Undefined index: category E:\Workspace\PHP\QingYun\Application\Runtime\Cache\Home\1576f051a695d88c69f59a2b72a18878.php 第 132 行.
NOTIC: [8] Undefined index: picture E:\Workspace\PHP\QingYun\Application\Runtime\Cache\Home\1576f051a695d88c69f59a2b72a18878.php 第 110 行.
NOTIC: [8] Undefined index: label E:\Workspace\PHP\QingYun\Application\Runtime\Cache\Home\1576f051a695d88c69f59a2b72a18878.php 第 131 行.
NOTIC: [8] Undefined index: category E:\Workspace\PHP\QingYun\Application\Runtime\Cache\Home\1576f051a695d88c69f59a2b72a18878.php 第 132 行.
NOTIC: [8] Undefined index: picture E:\Workspace\PHP\QingYun\Application\Runtime\Cache\Home\1576f051a695d88c69f59a2b72a18878.php 第 110 行.
NOTIC: [8] Undefined index: label E:\Workspace\PHP\QingYun\Application\Runtime\Cache\Home\1576f051a695d88c69f59a2b72a18878.php 第 131 行.
NOTIC: [8] Undefined index: category E:\Workspace\PHP\QingYun\Application\Runtime\Cache\Home\1576f051a695d88c69f59a2b72a18878.php 第 132 行.
INFO: Run Behavior\ParseTemplateBehavior [ RunTime:0.068534s ]
INFO: [ view_parse ] --END-- [ RunTime:0.068553s ]
INFO: [ view_filter ] --START--
INFO: Run Behavior\WriteHtmlCacheBehavior [ RunTime:0.000185s ]
INFO: [ view_filter ] --END-- [ RunTime:0.000200s ]
INFO: [ app_end ] --START--
INFO: Run Behavior\ShowPageTraceBehavior [ RunTime:0.000340s ]
INFO: [ app_end ] --END-- [ RunTime:0.000358s ]

[ 2019-09-15T21:30:05+08:00 ] 127.0.0.1 /Home/Note/img/favicon.png
INFO: [ app_init ] --START--
INFO: Run Behavior\BuildLiteBehavior [ RunTime:0.000005s ]
INFO: Run Common\Behavior\InitHookBehavior [ RunTime:0.001158s ]
INFO: [ app_init ] --END-- [ RunTime:0.001195s ]

[ 2019-09-15T21:30:13+08:00 ] 127.0.0.1 /Home/Service/index
INFO: [ app_init ] --START--
INFO: Run Behavior\BuildLiteBehavior [ RunTime:0.000008s ]
INFO: Run Common\Behavior\InitHookBehavior [ RunTime:0.001665s ]
INFO: [ app_init ] --END-- [ RunTime:0.001763s ]
INFO: [ app_begin ] --START--
INFO: Run Behavior\ReadHtmlCacheBehavior [ RunTime:0.000310s ]
INFO: [ app_begin ] --END-- [ RunTime:0.000329s ]
NOTIC: [8] Use of undefined constant get_uid - assumed 'get_uid' E:\Workspace\PHP\QingYun\ThinkPHP\Common\functions.php 第 588 行.
SQL: SHOW COLUMNS FROM `channel` [ RunTime:0.0217s ]
SQL: SELECT `id`,`pid`,`title`,`url` FROM `channel` WHERE `status` = 1 AND `pid` = 0 ORDER BY id ASC  [ RunTime:0.0004s ]
SQL: SHOW COLUMNS FROM `channel` [ RunTime:0.0058s ]
SQL: SELECT `id`,`pid`,`title`,`url` FROM `channel` WHERE `status` = 1 AND `pid` = '1' ORDER BY id ASC  [ RunTime:0.0005s ]
SQL: SHOW COLUMNS FROM `channel` [ RunTime:0.0096s ]
SQL: SELECT `id`,`pid`,`title`,`url` FROM `channel` WHERE `status` = 1 AND `pid` = '2' ORDER BY id ASC  [ RunTime:0.0003s ]
SQL: SHOW COLUMNS FROM `channel` [ RunTime:0.0058s ]
SQL: SELECT `id`,`pid`,`title`,`url` FROM `channel` WHERE `status` = 1 AND `pid` = '3' ORDER BY id ASC  [ RunTime:0.0004s ]
SQL: SHOW COLUMNS FROM `channel` [ RunTime:0.0061s ]
SQL: SELECT `id`,`pid`,`title`,`url` FROM `channel` WHERE `status` = 1 AND `pid` = '4' ORDER BY id ASC  [ RunTime:0.0003s ]
SQL: SHOW COLUMNS FROM `channel` [ RunTime:0.0056s ]
SQL: SELECT `id`,`pid`,`title`,`url` FROM `channel` WHERE `status` = 1 AND `pid` = '5' ORDER BY id ASC  [ RunTime:0.0003s ]
SQL: SHOW COLUMNS FROM `channel` [ RunTime:0.0061s ]
SQL: SELECT `id`,`pid`,`title`,`url` FROM `channel` WHERE `status` = 1 AND `pid` = '6' ORDER BY id ASC  [ RunTime:0.0003s ]
NOTIC: [8] Use of undefined constant get_uid - assumed 'get_uid' E:\Workspace\PHP\QingYun\ThinkPHP\Common\functions.php 第 588 行.
SQL: SHOW COLUMNS FROM `service` [ RunTime:0.0099s ]
SQL: SELECT * FROM `service` WHERE `status` = 1 AND `display` = 1 LIMIT 1   [ RunTime:0.0003s ]
NOTIC: [8] Use of undefined constant get_uid - assumed 'get_uid' E:\Workspace\PHP\QingYun\ThinkPHP\Common\functions.php 第 588 行.
SQL: SHOW COLUMNS FROM `merit` [ RunTime:0.0328s ]
SQL: SELECT `id`,`title`,`content`,`picture` FROM `merit` WHERE `status` = 1 AND `oid` = '1' ORDER BY id ASC  [ RunTime:0.0006s ]
NOTIC: [8] Undefined variable: tag_tags E:\Workspace\PHP\QingYun\Application\Common\Common\custom_filter.php 第 84 行.
NOTIC: [8] Undefined variable: tag_tags E:\Workspace\PHP\QingYun\Application\Common\Common\custom_filter.php 第 84 行.
NOTIC: [8] Undefined variable: tag_tags E:\Workspace\PHP\QingYun\Application\Common\Common\custom_filter.php 第 84 行.
NOTIC: [8] Undefined variable: tag_tags E:\Workspace\PHP\QingYun\Application\Common\Common\custom_filter.php 第 84 行.
NOTIC: [8] Undefined variable: tag_tags E:\Workspace\PHP\QingYun\Application\Common\Common\custom_filter.php 第 84 行.
NOTIC: [8] Use of undefined constant get_uid - assumed 'get_uid' E:\Workspace\PHP\QingYun\ThinkPHP\Common\functions.php 第 588 行.
SQL: SHOW COLUMNS FROM `client` [ RunTime:0.1042s ]
SQL: SELECT `id`,`title`,`url`,`picture` FROM `client` WHERE `status` = 1 AND `oid` = '1' ORDER BY id ASC  [ RunTime:0.0008s ]
INFO: [ view_parse ] --START--
INFO: [ template_filter ] --START--
INFO: Run Behavior\ContentReplaceBehavior [ RunTime:0.000296s ]
INFO: [ template_filter ] --END-- [ RunTime:0.000370s ]
INFO: Run Behavior\ParseTemplateBehavior [ RunTime:0.110265s ]
INFO: [ view_parse ] --END-- [ RunTime:0.110352s ]
INFO: [ view_filter ] --START--
INFO: Run Behavior\WriteHtmlCacheBehavior [ RunTime:0.000192s ]
INFO: [ view_filter ] --END-- [ RunTime:0.000208s ]
INFO: [ app_end ] --START--
INFO: Run Behavior\ShowPageTraceBehavior [ RunTime:0.000337s ]
INFO: [ app_end ] --END-- [ RunTime:0.000367s ]

[ 2019-09-15T21:30:14+08:00 ] 127.0.0.1 /Home/Service/img/favicon.png
INFO: [ app_init ] --START--
INFO: Run Behavior\BuildLiteBehavior [ RunTime:0.000005s ]
INFO: Run Common\Behavior\InitHookBehavior [ RunTime:0.001072s ]
INFO: [ app_init ] --END-- [ RunTime:0.001111s ]

[ 2019-09-15T21:30:18+08:00 ] 127.0.0.1 /Home/About/index
INFO: [ app_init ] --START--
INFO: Run Behavior\BuildLiteBehavior [ RunTime:0.000007s ]
INFO: Run Common\Behavior\InitHookBehavior [ RunTime:0.001259s ]
INFO: [ app_init ] --END-- [ RunTime:0.001308s ]
INFO: [ app_begin ] --START--
INFO: Run Behavior\ReadHtmlCacheBehavior [ RunTime:0.000360s ]
INFO: [ app_begin ] --END-- [ RunTime:0.000383s ]
NOTIC: [8] Use of undefined constant get_uid - assumed 'get_uid' E:\Workspace\PHP\QingYun\ThinkPHP\Common\functions.php 第 588 行.
SQL: SHOW COLUMNS FROM `channel` [ RunTime:0.0196s ]
SQL: SELECT `id`,`pid`,`title`,`url` FROM `channel` WHERE `status` = 1 AND `pid` = 0 ORDER BY id ASC  [ RunTime:0.0005s ]
SQL: SHOW COLUMNS FROM `channel` [ RunTime:0.0100s ]
SQL: SELECT `id`,`pid`,`title`,`url` FROM `channel` WHERE `status` = 1 AND `pid` = '1' ORDER BY id ASC  [ RunTime:0.0004s ]
SQL: SHOW COLUMNS FROM `channel` [ RunTime:0.0098s ]
SQL: SELECT `id`,`pid`,`title`,`url` FROM `channel` WHERE `status` = 1 AND `pid` = '2' ORDER BY id ASC  [ RunTime:0.0004s ]
SQL: SHOW COLUMNS FROM `channel` [ RunTime:0.0228s ]
SQL: SELECT `id`,`pid`,`title`,`url` FROM `channel` WHERE `status` = 1 AND `pid` = '3' ORDER BY id ASC  [ RunTime:0.0005s ]
SQL: SHOW COLUMNS FROM `channel` [ RunTime:0.0097s ]
SQL: SELECT `id`,`pid`,`title`,`url` FROM `channel` WHERE `status` = 1 AND `pid` = '4' ORDER BY id ASC  [ RunTime:0.0004s ]
SQL: SHOW COLUMNS FROM `channel` [ RunTime:0.0090s ]
SQL: SELECT `id`,`pid`,`title`,`url` FROM `channel` WHERE `status` = 1 AND `pid` = '5' ORDER BY id ASC  [ RunTime:0.0004s ]
SQL: SHOW COLUMNS FROM `channel` [ RunTime:0.0098s ]
SQL: SELECT `id`,`pid`,`title`,`url` FROM `channel` WHERE `status` = 1 AND `pid` = '6' ORDER BY id ASC  [ RunTime:0.0004s ]
NOTIC: [8] Use of undefined constant get_uid - assumed 'get_uid' E:\Workspace\PHP\QingYun\ThinkPHP\Common\functions.php 第 588 行.
SQL: SHOW COLUMNS FROM `about` [ RunTime:0.0770s ]
SQL: SELECT * FROM `about` WHERE `status` = 1 AND `display` = 1 LIMIT 1   [ RunTime:0.0004s ]
NOTIC: [8] Use of undefined constant get_uid - assumed 'get_uid' E:\Workspace\PHP\QingYun\ThinkPHP\Common\functions.php 第 588 行.
SQL: SHOW COLUMNS FROM `person` [ RunTime:0.0645s ]
SQL: SELECT `id`,`title`,`content`,`picture` FROM `person` WHERE `status` = 1 AND `oid` = '1' ORDER BY id ASC  [ RunTime:0.0005s ]
INFO: [ view_parse ] --START--
INFO: [ template_filter ] --START--
INFO: Run Behavior\ContentReplaceBehavior [ RunTime:0.000216s ]
INFO: [ template_filter ] --END-- [ RunTime:0.000286s ]
INFO: Run Behavior\ParseTemplateBehavior [ RunTime:0.091294s ]
INFO: [ view_parse ] --END-- [ RunTime:0.091347s ]
INFO: [ view_filter ] --START--
INFO: Run Behavior\WriteHtmlCacheBehavior [ RunTime:0.000252s ]
INFO: [ view_filter ] --END-- [ RunTime:0.000273s ]
INFO: [ app_end ] --START--
INFO: Run Behavior\ShowPageTraceBehavior [ RunTime:0.000479s ]
INFO: [ app_end ] --END-- [ RunTime:0.000502s ]

[ 2019-09-15T21:30:18+08:00 ] 127.0.0.1 /Home/About/img/favicon.png
INFO: [ app_init ] --START--
INFO: Run Behavior\BuildLiteBehavior [ RunTime:0.000006s ]
INFO: Run Common\Behavior\InitHookBehavior [ RunTime:0.000988s ]
INFO: [ app_init ] --END-- [ RunTime:0.001026s ]

[ 2019-09-15T21:30:23+08:00 ] 127.0.0.1 /Home/About/person/id/4
INFO: [ app_init ] --START--
INFO: Run Behavior\BuildLiteBehavior [ RunTime:0.000009s ]
INFO: Run Common\Behavior\InitHookBehavior [ RunTime:0.001193s ]
INFO: [ app_init ] --END-- [ RunTime:0.001252s ]
INFO: [ app_begin ] --START--
INFO: Run Behavior\ReadHtmlCacheBehavior [ RunTime:0.000348s ]
INFO: [ app_begin ] --END-- [ RunTime:0.000371s ]
NOTIC: [8] Use of undefined constant get_uid - assumed 'get_uid' E:\Workspace\PHP\QingYun\ThinkPHP\Common\functions.php 第 588 行.
SQL: SHOW COLUMNS FROM `person` [ RunTime:0.0210s ]
SQL: SELECT `id`,`title`,`content`,`picture` FROM `person` WHERE `status` = 1 AND `id` = '4' LIMIT 1   [ RunTime:0.0003s ]
INFO: [ view_parse ] --START--
INFO: [ template_filter ] --START--
INFO: Run Behavior\ContentReplaceBehavior [ RunTime:0.000068s ]
INFO: [ template_filter ] --END-- [ RunTime:0.000093s ]
INFO: Run Behavior\ParseTemplateBehavior [ RunTime:0.031814s ]
INFO: [ view_parse ] --END-- [ RunTime:0.031846s ]
INFO: [ view_filter ] --START--
INFO: Run Behavior\WriteHtmlCacheBehavior [ RunTime:0.000248s ]
INFO: [ view_filter ] --END-- [ RunTime:0.000270s ]
INFO: [ app_end ] --START--
INFO: Run Behavior\ShowPageTraceBehavior [ RunTime:0.000396s ]
INFO: [ app_end ] --END-- [ RunTime:0.000416s ]

[ 2019-09-15T21:30:24+08:00 ] 127.0.0.1 /Home/About/person/id/img/favicon.png
INFO: [ app_init ] --START--
INFO: Run Behavior\BuildLiteBehavior [ RunTime:0.000007s ]
INFO: Run Common\Behavior\InitHookBehavior [ RunTime:0.001332s ]
INFO: [ app_init ] --END-- [ RunTime:0.001394s ]

[ 2019-09-15T21:30:28+08:00 ] 127.0.0.1 /Home/Contact/index
INFO: [ app_init ] --START--
INFO: Run Behavior\BuildLiteBehavior [ RunTime:0.000005s ]
INFO: Run Common\Behavior\InitHookBehavior [ RunTime:0.001077s ]
INFO: [ app_init ] --END-- [ RunTime:0.001120s ]
INFO: [ app_begin ] --START--
INFO: Run Behavior\ReadHtmlCacheBehavior [ RunTime:0.000318s ]
INFO: [ app_begin ] --END-- [ RunTime:0.000339s ]
NOTIC: [8] Use of undefined constant get_uid - assumed 'get_uid' E:\Workspace\PHP\QingYun\ThinkPHP\Common\functions.php 第 588 行.
SQL: SHOW COLUMNS FROM `channel` [ RunTime:0.0224s ]
SQL: SELECT `id`,`pid`,`title`,`url` FROM `channel` WHERE `status` = 1 AND `pid` = 0 ORDER BY id ASC  [ RunTime:0.0004s ]
SQL: SHOW COLUMNS FROM `channel` [ RunTime:0.0073s ]
SQL: SELECT `id`,`pid`,`title`,`url` FROM `channel` WHERE `status` = 1 AND `pid` = '1' ORDER BY id ASC  [ RunTime:0.0002s ]
SQL: SHOW COLUMNS FROM `channel` [ RunTime:0.0069s ]
SQL: SELECT `id`,`pid`,`title`,`url` FROM `channel` WHERE `status` = 1 AND `pid` = '2' ORDER BY id ASC  [ RunTime:0.0003s ]
SQL: SHOW COLUMNS FROM `channel` [ RunTime:0.0076s ]
SQL: SELECT `id`,`pid`,`title`,`url` FROM `channel` WHERE `status` = 1 AND `pid` = '3' ORDER BY id ASC  [ RunTime:0.0003s ]
SQL: SHOW COLUMNS FROM `channel` [ RunTime:0.0081s ]
SQL: SELECT `id`,`pid`,`title`,`url` FROM `channel` WHERE `status` = 1 AND `pid` = '4' ORDER BY id ASC  [ RunTime:0.0003s ]
SQL: SHOW COLUMNS FROM `channel` [ RunTime:0.0102s ]
SQL: SELECT `id`,`pid`,`title`,`url` FROM `channel` WHERE `status` = 1 AND `pid` = '5' ORDER BY id ASC  [ RunTime:0.0005s ]
SQL: SHOW COLUMNS FROM `channel` [ RunTime:0.0071s ]
SQL: SELECT `id`,`pid`,`title`,`url` FROM `channel` WHERE `status` = 1 AND `pid` = '6' ORDER BY id ASC  [ RunTime:0.0003s ]
NOTIC: [8] Undefined variable: list E:\Workspace\PHP\QingYun\Application\Home\Controller\ContactController.class.php 第 22 行.
INFO: [ view_parse ] --START--
INFO: [ template_filter ] --START--
INFO: Run Behavior\ContentReplaceBehavior [ RunTime:0.000077s ]
INFO: [ template_filter ] --END-- [ RunTime:0.000116s ]
INFO: Run Behavior\ParseTemplateBehavior [ RunTime:0.051603s ]
INFO: [ view_parse ] --END-- [ RunTime:0.051647s ]
INFO: [ view_filter ] --START--
INFO: Run Behavior\WriteHtmlCacheBehavior [ RunTime:0.000380s ]
INFO: [ view_filter ] --END-- [ RunTime:0.000399s ]
INFO: [ app_end ] --START--
INFO: Run Behavior\ShowPageTraceBehavior [ RunTime:0.000820s ]
INFO: [ app_end ] --END-- [ RunTime:0.000919s ]

[ 2019-09-15T21:30:29+08:00 ] 127.0.0.1 /Home/Contact/img/favicon.png
INFO: [ app_init ] --START--
INFO: Run Behavior\BuildLiteBehavior [ RunTime:0.000006s ]
INFO: Run Common\Behavior\InitHookBehavior [ RunTime:0.001071s ]
INFO: [ app_init ] --END-- [ RunTime:0.001114s ]

