[ 2017-03-10T09:38:26+08:00 ] ::1 /Public/Home/js/ajaxSubmit.js
INFO: [ app_init ] --START--
INFO: Run Behavior\BuildLiteBehavior [ RunTime:0.000022s ]
INFO: Run Common\Behavior\InitHookBehavior [ RunTime:0.001645s ]
INFO: [ app_init ] --END-- [ RunTime:0.001814s ]
NOTIC: [8] Use of undefined constant IS_AJAX - assumed 'IS_AJAX' E:\Workspace\PHP\QinYun\Application\Common\Common\api.php 第 42 行.

[ 2017-03-10T09:38:26+08:00 ] ::1 /Public/Home/css/background.jpg
INFO: [ app_init ] --START--
INFO: Run Behavior\BuildLiteBehavior [ RunTime:0.000025s ]
INFO: Run Common\Behavior\InitHookBehavior [ RunTime:0.002219s ]
INFO: [ app_init ] --END-- [ RunTime:0.002542s ]
NOTIC: [8] Use of undefined constant IS_AJAX - assumed 'IS_AJAX' E:\Workspace\PHP\QinYun\Application\Common\Common\api.php 第 42 行.

[ 2017-03-10T12:47:58+08:00 ] ::1 /Public/Home/js/ajaxSubmit.js
INFO: [ app_init ] --START--
INFO: Run Behavior\BuildLiteBehavior [ RunTime:0.000020s ]
INFO: Run Common\Behavior\InitHookBehavior [ RunTime:0.001505s ]
INFO: [ app_init ] --END-- [ RunTime:0.001657s ]
NOTIC: [8] Use of undefined constant IS_AJAX - assumed 'IS_AJAX' E:\Workspace\PHP\QinYun\Application\Common\Common\api.php 第 42 行.

[ 2017-03-10T12:47:58+08:00 ] ::1 /Public/Home/css/background.jpg
INFO: [ app_init ] --START--
INFO: Run Behavior\BuildLiteBehavior [ RunTime:0.000020s ]
INFO: Run Common\Behavior\InitHookBehavior [ RunTime:0.001252s ]
INFO: [ app_init ] --END-- [ RunTime:0.001400s ]
NOTIC: [8] Use of undefined constant IS_AJAX - assumed 'IS_AJAX' E:\Workspace\PHP\QinYun\Application\Common\Common\api.php 第 42 行.

[ 2017-03-10T12:47:59+08:00 ] ::1 /favicon.ico
INFO: [ app_init ] --START--
INFO: Run Behavior\BuildLiteBehavior [ RunTime:0.000029s ]
INFO: Run Common\Behavior\InitHookBehavior [ RunTime:0.001830s ]
INFO: [ app_init ] --END-- [ RunTime:0.003471s ]
NOTIC: [8] Use of undefined constant IS_AJAX - assumed 'IS_AJAX' E:\Workspace\PHP\QinYun\Application\Common\Common\api.php 第 42 行.

[ 2017-03-10T12:47:59+08:00 ] ::1 /favicon.ico
INFO: [ app_init ] --START--
INFO: Run Behavior\BuildLiteBehavior [ RunTime:0.000018s ]
INFO: Run Common\Behavior\InitHookBehavior [ RunTime:0.001687s ]
INFO: [ app_init ] --END-- [ RunTime:0.001842s ]
NOTIC: [8] Use of undefined constant IS_AJAX - assumed 'IS_AJAX' E:\Workspace\PHP\QinYun\Application\Common\Common\api.php 第 42 行.

[ 2017-03-10T14:15:30+08:00 ] ::1 /Public/favicon.ico
INFO: [ app_init ] --START--
INFO: Run Behavior\BuildLiteBehavior [ RunTime:0.000019s ]
INFO: Run Common\Behavior\InitHookBehavior [ RunTime:0.001759s ]
INFO: [ app_init ] --END-- [ RunTime:0.001913s ]
NOTIC: [8] Use of undefined constant IS_AJAX - assumed 'IS_AJAX' E:\Workspace\PHP\QinYun\Application\Common\Common\api.php 第 42 行.

[ 2017-03-10T14:17:21+08:00 ] ::1 /Public/Home/js/ajaxSubmit.js
INFO: [ app_init ] --START--
INFO: Run Behavior\BuildLiteBehavior [ RunTime:0.000019s ]
INFO: Run Common\Behavior\InitHookBehavior [ RunTime:0.001324s ]
INFO: [ app_init ] --END-- [ RunTime:0.001487s ]
NOTIC: [8] Use of undefined constant IS_AJAX - assumed 'IS_AJAX' E:\Workspace\PHP\QinYun\Application\Common\Common\api.php 第 42 行.

[ 2017-03-10T14:17:21+08:00 ] ::1 /Public/Home/css/background.jpg
INFO: [ app_init ] --START--
INFO: Run Behavior\BuildLiteBehavior [ RunTime:0.000041s ]
INFO: Run Common\Behavior\InitHookBehavior [ RunTime:0.002073s ]
INFO: [ app_init ] --END-- [ RunTime:0.002364s ]
NOTIC: [8] Use of undefined constant IS_AJAX - assumed 'IS_AJAX' E:\Workspace\PHP\QinYun\Application\Common\Common\api.php 第 42 行.

[ 2017-03-10T14:19:35+08:00 ] ::1 /Public/Home/js/ajaxSubmit.js
INFO: [ app_init ] --START--
INFO: Run Behavior\BuildLiteBehavior [ RunTime:0.000019s ]
INFO: Run Common\Behavior\InitHookBehavior [ RunTime:0.001820s ]
INFO: [ app_init ] --END-- [ RunTime:0.001979s ]
NOTIC: [8] Use of undefined constant IS_AJAX - assumed 'IS_AJAX' E:\Workspace\PHP\QinYun\Application\Common\Common\api.php 第 42 行.

[ 2017-03-10T14:19:36+08:00 ] ::1 /Public/Home/css/background.jpg
INFO: [ app_init ] --START--
INFO: Run Behavior\BuildLiteBehavior [ RunTime:0.000031s ]
INFO: Run Common\Behavior\InitHookBehavior [ RunTime:0.002072s ]
INFO: [ app_init ] --END-- [ RunTime:0.002300s ]
NOTIC: [8] Use of undefined constant IS_AJAX - assumed 'IS_AJAX' E:\Workspace\PHP\QinYun\Application\Common\Common\api.php 第 42 行.

[ 2017-03-10T14:21:27+08:00 ] ::1 /Public/Home/js/ajaxSubmit.js
INFO: [ app_init ] --START--
INFO: Run Behavior\BuildLiteBehavior [ RunTime:0.000028s ]
INFO: Run Common\Behavior\InitHookBehavior [ RunTime:0.001388s ]
INFO: [ app_init ] --END-- [ RunTime:0.001591s ]
NOTIC: [8] Use of undefined constant IS_AJAX - assumed 'IS_AJAX' E:\Workspace\PHP\QinYun\Application\Common\Common\api.php 第 42 行.

[ 2017-03-10T14:21:27+08:00 ] ::1 /Public/Home/css/background.jpg
INFO: [ app_init ] --START--
INFO: Run Behavior\BuildLiteBehavior [ RunTime:0.000021s ]
INFO: Run Common\Behavior\InitHookBehavior [ RunTime:0.001411s ]
INFO: [ app_init ] --END-- [ RunTime:0.001596s ]
NOTIC: [8] Use of undefined constant IS_AJAX - assumed 'IS_AJAX' E:\Workspace\PHP\QinYun\Application\Common\Common\api.php 第 42 行.

[ 2017-03-10T14:21:36+08:00 ] ::1 /Public/Home/js/ajaxSubmit.js
INFO: [ app_init ] --START--
INFO: Run Behavior\BuildLiteBehavior [ RunTime:0.000019s ]
INFO: Run Common\Behavior\InitHookBehavior [ RunTime:0.001240s ]
INFO: [ app_init ] --END-- [ RunTime:0.001387s ]
NOTIC: [8] Use of undefined constant IS_AJAX - assumed 'IS_AJAX' E:\Workspace\PHP\QinYun\Application\Common\Common\api.php 第 42 行.

[ 2017-03-10T14:21:37+08:00 ] ::1 /Public/Home/css/background.jpg
INFO: [ app_init ] --START--
INFO: Run Behavior\BuildLiteBehavior [ RunTime:0.000021s ]
INFO: Run Common\Behavior\InitHookBehavior [ RunTime:0.001315s ]
INFO: [ app_init ] --END-- [ RunTime:0.001472s ]
NOTIC: [8] Use of undefined constant IS_AJAX - assumed 'IS_AJAX' E:\Workspace\PHP\QinYun\Application\Common\Common\api.php 第 42 行.

[ 2017-03-10T14:21:48+08:00 ] ::1 /Public/Home/js/ajaxSubmit.js
INFO: [ app_init ] --START--
INFO: Run Behavior\BuildLiteBehavior [ RunTime:0.000020s ]
INFO: Run Common\Behavior\InitHookBehavior [ RunTime:0.001340s ]
INFO: [ app_init ] --END-- [ RunTime:0.001504s ]
NOTIC: [8] Use of undefined constant IS_AJAX - assumed 'IS_AJAX' E:\Workspace\PHP\QinYun\Application\Common\Common\api.php 第 42 行.

[ 2017-03-10T14:21:48+08:00 ] ::1 /Public/Home/css/background.jpg
INFO: [ app_init ] --START--
INFO: Run Behavior\BuildLiteBehavior [ RunTime:0.000020s ]
INFO: Run Common\Behavior\InitHookBehavior [ RunTime:0.001557s ]
INFO: [ app_init ] --END-- [ RunTime:0.001714s ]
NOTIC: [8] Use of undefined constant IS_AJAX - assumed 'IS_AJAX' E:\Workspace\PHP\QinYun\Application\Common\Common\api.php 第 42 行.

[ 2017-03-10T14:27:34+08:00 ] ::1 /Public/Home/js/ajaxSubmit.js
INFO: [ app_init ] --START--
INFO: Run Behavior\BuildLiteBehavior [ RunTime:0.000019s ]
INFO: Run Common\Behavior\InitHookBehavior [ RunTime:0.001450s ]
INFO: [ app_init ] --END-- [ RunTime:0.001599s ]
NOTIC: [8] Use of undefined constant IS_AJAX - assumed 'IS_AJAX' E:\Workspace\PHP\QinYun\Application\Common\Common\api.php 第 42 行.

[ 2017-03-10T14:27:34+08:00 ] ::1 /Public/Home/css/background.jpg
INFO: [ app_init ] --START--
INFO: Run Behavior\BuildLiteBehavior [ RunTime:0.000020s ]
INFO: Run Common\Behavior\InitHookBehavior [ RunTime:0.001885s ]
INFO: [ app_init ] --END-- [ RunTime:0.002043s ]
NOTIC: [8] Use of undefined constant IS_AJAX - assumed 'IS_AJAX' E:\Workspace\PHP\QinYun\Application\Common\Common\api.php 第 42 行.

[ 2017-03-10T14:27:44+08:00 ] ::1 /Public/Home/js/ajaxSubmit.js
INFO: [ app_init ] --START--
INFO: Run Behavior\BuildLiteBehavior [ RunTime:0.000021s ]
INFO: Run Common\Behavior\InitHookBehavior [ RunTime:0.002773s ]
INFO: [ app_init ] --END-- [ RunTime:0.003025s ]
NOTIC: [8] Use of undefined constant IS_AJAX - assumed 'IS_AJAX' E:\Workspace\PHP\QinYun\Application\Common\Common\api.php 第 42 行.

[ 2017-03-10T14:27:44+08:00 ] ::1 /Public/Home/css/background.jpg
INFO: [ app_init ] --START--
INFO: Run Behavior\BuildLiteBehavior [ RunTime:0.000019s ]
INFO: Run Common\Behavior\InitHookBehavior [ RunTime:0.004282s ]
INFO: [ app_init ] --END-- [ RunTime:0.004453s ]
NOTIC: [8] Use of undefined constant IS_AJAX - assumed 'IS_AJAX' E:\Workspace\PHP\QinYun\Application\Common\Common\api.php 第 42 行.

[ 2017-03-10T14:28:41+08:00 ] ::1 /Public/Home/js/ajaxSubmit.js
INFO: [ app_init ] --START--
INFO: Run Behavior\BuildLiteBehavior [ RunTime:0.000019s ]
INFO: Run Common\Behavior\InitHookBehavior [ RunTime:0.001741s ]
INFO: [ app_init ] --END-- [ RunTime:0.001895s ]
NOTIC: [8] Use of undefined constant IS_AJAX - assumed 'IS_AJAX' E:\Workspace\PHP\QinYun\Application\Common\Common\api.php 第 42 行.

[ 2017-03-10T14:28:41+08:00 ] ::1 /Public/Home/css/background.jpg
INFO: [ app_init ] --START--
INFO: Run Behavior\BuildLiteBehavior [ RunTime:0.000020s ]
INFO: Run Common\Behavior\InitHookBehavior [ RunTime:0.001689s ]
INFO: [ app_init ] --END-- [ RunTime:0.001843s ]
NOTIC: [8] Use of undefined constant IS_AJAX - assumed 'IS_AJAX' E:\Workspace\PHP\QinYun\Application\Common\Common\api.php 第 42 行.

[ 2017-03-10T15:09:03+08:00 ] ::1 /Public/Home/js/ajaxSubmit.js
INFO: [ app_init ] --START--
INFO: Run Behavior\BuildLiteBehavior [ RunTime:0.000022s ]
INFO: Run Common\Behavior\InitHookBehavior [ RunTime:0.002508s ]
INFO: [ app_init ] --END-- [ RunTime:0.002748s ]
NOTIC: [8] Use of undefined constant IS_AJAX - assumed 'IS_AJAX' E:\Workspace\PHP\QinYun\Application\Common\Common\api.php 第 42 行.

[ 2017-03-10T15:09:04+08:00 ] ::1 /Public/Home/css/background.jpg
INFO: [ app_init ] --START--
INFO: Run Behavior\BuildLiteBehavior [ RunTime:0.000041s ]
INFO: Run Common\Behavior\InitHookBehavior [ RunTime:0.002230s ]
INFO: [ app_init ] --END-- [ RunTime:0.002488s ]
NOTIC: [8] Use of undefined constant IS_AJAX - assumed 'IS_AJAX' E:\Workspace\PHP\QinYun\Application\Common\Common\api.php 第 42 行.

[ 2017-03-10T15:10:12+08:00 ] ::1 /Public/Home/js/ajaxSubmit.js
INFO: [ app_init ] --START--
INFO: Run Behavior\BuildLiteBehavior [ RunTime:0.000031s ]
INFO: Run Common\Behavior\InitHookBehavior [ RunTime:0.002696s ]
INFO: [ app_init ] --END-- [ RunTime:0.002974s ]
NOTIC: [8] Use of undefined constant IS_AJAX - assumed 'IS_AJAX' E:\Workspace\PHP\QinYun\Application\Common\Common\api.php 第 42 行.

[ 2017-03-10T15:10:12+08:00 ] ::1 /Public/Home/css/background.jpg
INFO: [ app_init ] --START--
INFO: Run Behavior\BuildLiteBehavior [ RunTime:0.000020s ]
INFO: Run Common\Behavior\InitHookBehavior [ RunTime:0.001771s ]
INFO: [ app_init ] --END-- [ RunTime:0.001951s ]
NOTIC: [8] Use of undefined constant IS_AJAX - assumed 'IS_AJAX' E:\Workspace\PHP\QinYun\Application\Common\Common\api.php 第 42 行.

[ 2017-03-10T15:10:36+08:00 ] ::1 /Public/Home/js/ajaxSubmit.js
INFO: [ app_init ] --START--
INFO: Run Behavior\BuildLiteBehavior [ RunTime:0.000034s ]
INFO: Run Common\Behavior\InitHookBehavior [ RunTime:0.002664s ]
INFO: [ app_init ] --END-- [ RunTime:0.002921s ]
NOTIC: [8] Use of undefined constant IS_AJAX - assumed 'IS_AJAX' E:\Workspace\PHP\QinYun\Application\Common\Common\api.php 第 42 行.

[ 2017-03-10T15:10:37+08:00 ] ::1 /Public/Home/css/background.jpg
INFO: [ app_init ] --START--
INFO: Run Behavior\BuildLiteBehavior [ RunTime:0.000026s ]
INFO: Run Common\Behavior\InitHookBehavior [ RunTime:0.009083s ]
INFO: [ app_init ] --END-- [ RunTime:0.009322s ]
NOTIC: [8] Use of undefined constant IS_AJAX - assumed 'IS_AJAX' E:\Workspace\PHP\QinYun\Application\Common\Common\api.php 第 42 行.

[ 2017-03-10T15:11:14+08:00 ] ::1 /Public/Home/js/ajaxSubmit.js
INFO: [ app_init ] --START--
INFO: Run Behavior\BuildLiteBehavior [ RunTime:0.000036s ]
INFO: Run Common\Behavior\InitHookBehavior [ RunTime:0.002639s ]
INFO: [ app_init ] --END-- [ RunTime:0.002910s ]
NOTIC: [8] Use of undefined constant IS_AJAX - assumed 'IS_AJAX' E:\Workspace\PHP\QinYun\Application\Common\Common\api.php 第 42 行.

[ 2017-03-10T15:11:14+08:00 ] ::1 /Public/Home/css/background.jpg
INFO: [ app_init ] --START--
INFO: Run Behavior\BuildLiteBehavior [ RunTime:0.000027s ]
INFO: Run Common\Behavior\InitHookBehavior [ RunTime:0.002164s ]
INFO: [ app_init ] --END-- [ RunTime:0.002452s ]
NOTIC: [8] Use of undefined constant IS_AJAX - assumed 'IS_AJAX' E:\Workspace\PHP\QinYun\Application\Common\Common\api.php 第 42 行.

[ 2017-03-10T15:11:48+08:00 ] ::1 /Public/Home/js/ajaxSubmit.js
INFO: [ app_init ] --START--
INFO: Run Behavior\BuildLiteBehavior [ RunTime:0.000020s ]
INFO: Run Common\Behavior\InitHookBehavior [ RunTime:0.004212s ]
INFO: [ app_init ] --END-- [ RunTime:0.004378s ]
NOTIC: [8] Use of undefined constant IS_AJAX - assumed 'IS_AJAX' E:\Workspace\PHP\QinYun\Application\Common\Common\api.php 第 42 行.

[ 2017-03-10T15:11:48+08:00 ] ::1 /Public/Home/css/background.jpg
INFO: [ app_init ] --START--
INFO: Run Behavior\BuildLiteBehavior [ RunTime:0.000021s ]
INFO: Run Common\Behavior\InitHookBehavior [ RunTime:0.004305s ]
INFO: [ app_init ] --END-- [ RunTime:0.004523s ]
NOTIC: [8] Use of undefined constant IS_AJAX - assumed 'IS_AJAX' E:\Workspace\PHP\QinYun\Application\Common\Common\api.php 第 42 行.

[ 2017-03-10T15:12:17+08:00 ] ::1 /Public/Home/js/ajaxSubmit.js
INFO: [ app_init ] --START--
INFO: Run Behavior\BuildLiteBehavior [ RunTime:0.000030s ]
INFO: Run Common\Behavior\InitHookBehavior [ RunTime:0.002532s ]
INFO: [ app_init ] --END-- [ RunTime:0.002772s ]
NOTIC: [8] Use of undefined constant IS_AJAX - assumed 'IS_AJAX' E:\Workspace\PHP\QinYun\Application\Common\Common\api.php 第 42 行.

[ 2017-03-10T15:12:17+08:00 ] ::1 /Public/Home/css/background.jpg
INFO: [ app_init ] --START--
INFO: Run Behavior\BuildLiteBehavior [ RunTime:0.000030s ]
INFO: Run Common\Behavior\InitHookBehavior [ RunTime:0.005047s ]
INFO: [ app_init ] --END-- [ RunTime:0.005295s ]
NOTIC: [8] Use of undefined constant IS_AJAX - assumed 'IS_AJAX' E:\Workspace\PHP\QinYun\Application\Common\Common\api.php 第 42 行.

[ 2017-03-10T15:12:26+08:00 ] ::1 /Public/Home/js/ajaxSubmit.js
INFO: [ app_init ] --START--
INFO: Run Behavior\BuildLiteBehavior [ RunTime:0.000020s ]
INFO: Run Common\Behavior\InitHookBehavior [ RunTime:0.001697s ]
INFO: [ app_init ] --END-- [ RunTime:0.001851s ]
NOTIC: [8] Use of undefined constant IS_AJAX - assumed 'IS_AJAX' E:\Workspace\PHP\QinYun\Application\Common\Common\api.php 第 42 行.

[ 2017-03-10T15:12:27+08:00 ] ::1 /Public/Home/css/background.jpg
INFO: [ app_init ] --START--
INFO: Run Behavior\BuildLiteBehavior [ RunTime:0.000020s ]
INFO: Run Common\Behavior\InitHookBehavior [ RunTime:0.001745s ]
INFO: [ app_init ] --END-- [ RunTime:0.001899s ]
NOTIC: [8] Use of undefined constant IS_AJAX - assumed 'IS_AJAX' E:\Workspace\PHP\QinYun\Application\Common\Common\api.php 第 42 行.

[ 2017-03-10T15:13:01+08:00 ] ::1 /Public/Home/js/ajaxSubmit.js
INFO: [ app_init ] --START--
INFO: Run Behavior\BuildLiteBehavior [ RunTime:0.000031s ]
INFO: Run Common\Behavior\InitHookBehavior [ RunTime:0.002724s ]
INFO: [ app_init ] --END-- [ RunTime:0.002951s ]
NOTIC: [8] Use of undefined constant IS_AJAX - assumed 'IS_AJAX' E:\Workspace\PHP\QinYun\Application\Common\Common\api.php 第 42 行.

[ 2017-03-10T15:13:02+08:00 ] ::1 /Public/Home/css/background.jpg
INFO: [ app_init ] --START--
INFO: Run Behavior\BuildLiteBehavior [ RunTime:0.000019s ]
INFO: Run Common\Behavior\InitHookBehavior [ RunTime:0.001892s ]
INFO: [ app_init ] --END-- [ RunTime:0.002055s ]
NOTIC: [8] Use of undefined constant IS_AJAX - assumed 'IS_AJAX' E:\Workspace\PHP\QinYun\Application\Common\Common\api.php 第 42 行.

[ 2017-03-10T15:14:52+08:00 ] ::1 /Public/Home/js/ajaxSubmit.js
INFO: [ app_init ] --START--
INFO: Run Behavior\BuildLiteBehavior [ RunTime:0.000021s ]
INFO: Run Common\Behavior\InitHookBehavior [ RunTime:0.001824s ]
INFO: [ app_init ] --END-- [ RunTime:0.001991s ]
NOTIC: [8] Use of undefined constant IS_AJAX - assumed 'IS_AJAX' E:\Workspace\PHP\QinYun\Application\Common\Common\api.php 第 42 行.

[ 2017-03-10T15:14:52+08:00 ] ::1 /Public/Home/css/background.jpg
INFO: [ app_init ] --START--
INFO: Run Behavior\BuildLiteBehavior [ RunTime:0.000020s ]
INFO: Run Common\Behavior\InitHookBehavior [ RunTime:0.002083s ]
INFO: [ app_init ] --END-- [ RunTime:0.002243s ]
NOTIC: [8] Use of undefined constant IS_AJAX - assumed 'IS_AJAX' E:\Workspace\PHP\QinYun\Application\Common\Common\api.php 第 42 行.

[ 2017-03-10T15:15:47+08:00 ] ::1 /Public/Home/js/ajaxSubmit.js
INFO: [ app_init ] --START--
INFO: Run Behavior\BuildLiteBehavior [ RunTime:0.000018s ]
INFO: Run Common\Behavior\InitHookBehavior [ RunTime:0.001793s ]
INFO: [ app_init ] --END-- [ RunTime:0.001943s ]
NOTIC: [8] Use of undefined constant IS_AJAX - assumed 'IS_AJAX' E:\Workspace\PHP\QinYun\Application\Common\Common\api.php 第 42 行.

[ 2017-03-10T15:15:47+08:00 ] ::1 /Public/Home/css/background.jpg
INFO: [ app_init ] --START--
INFO: Run Behavior\BuildLiteBehavior [ RunTime:0.000019s ]
INFO: Run Common\Behavior\InitHookBehavior [ RunTime:0.002205s ]
INFO: [ app_init ] --END-- [ RunTime:0.002370s ]
NOTIC: [8] Use of undefined constant IS_AJAX - assumed 'IS_AJAX' E:\Workspace\PHP\QinYun\Application\Common\Common\api.php 第 42 行.

[ 2017-03-10T15:17:13+08:00 ] ::1 /Public/Home/js/ajaxSubmit.js
INFO: [ app_init ] --START--
INFO: Run Behavior\BuildLiteBehavior [ RunTime:0.000040s ]
INFO: Run Common\Behavior\InitHookBehavior [ RunTime:0.001519s ]
INFO: [ app_init ] --END-- [ RunTime:0.001789s ]
NOTIC: [8] Use of undefined constant IS_AJAX - assumed 'IS_AJAX' E:\Workspace\PHP\QinYun\Application\Common\Common\api.php 第 42 行.

[ 2017-03-10T15:17:14+08:00 ] ::1 /Public/Home/css/background.jpg
INFO: [ app_init ] --START--
INFO: Run Behavior\BuildLiteBehavior [ RunTime:0.000021s ]
INFO: Run Common\Behavior\InitHookBehavior [ RunTime:0.003389s ]
INFO: [ app_init ] --END-- [ RunTime:0.003575s ]
NOTIC: [8] Use of undefined constant IS_AJAX - assumed 'IS_AJAX' E:\Workspace\PHP\QinYun\Application\Common\Common\api.php 第 42 行.

[ 2017-03-10T15:17:27+08:00 ] ::1 /Public/Home/js/ajaxSubmit.js
INFO: [ app_init ] --START--
INFO: Run Behavior\BuildLiteBehavior [ RunTime:0.000018s ]
INFO: Run Common\Behavior\InitHookBehavior [ RunTime:0.001275s ]
INFO: [ app_init ] --END-- [ RunTime:0.001423s ]
NOTIC: [8] Use of undefined constant IS_AJAX - assumed 'IS_AJAX' E:\Workspace\PHP\QinYun\Application\Common\Common\api.php 第 42 行.

[ 2017-03-10T15:17:27+08:00 ] ::1 /Public/Home/css/background.jpg
INFO: [ app_init ] --START--
INFO: Run Behavior\BuildLiteBehavior [ RunTime:0.000019s ]
INFO: Run Common\Behavior\InitHookBehavior [ RunTime:0.001262s ]
INFO: [ app_init ] --END-- [ RunTime:0.001408s ]
NOTIC: [8] Use of undefined constant IS_AJAX - assumed 'IS_AJAX' E:\Workspace\PHP\QinYun\Application\Common\Common\api.php 第 42 行.

[ 2017-03-10T15:17:42+08:00 ] ::1 /Public/Home/js/ajaxSubmit.js
INFO: [ app_init ] --START--
INFO: Run Behavior\BuildLiteBehavior [ RunTime:0.000028s ]
INFO: Run Common\Behavior\InitHookBehavior [ RunTime:0.001251s ]
INFO: [ app_init ] --END-- [ RunTime:0.001436s ]
NOTIC: [8] Use of undefined constant IS_AJAX - assumed 'IS_AJAX' E:\Workspace\PHP\QinYun\Application\Common\Common\api.php 第 42 行.

[ 2017-03-10T15:17:42+08:00 ] ::1 /Public/Home/css/background.jpg
INFO: [ app_init ] --START--
INFO: Run Behavior\BuildLiteBehavior [ RunTime:0.000030s ]
INFO: Run Common\Behavior\InitHookBehavior [ RunTime:0.001903s ]
INFO: [ app_init ] --END-- [ RunTime:0.002139s ]
NOTIC: [8] Use of undefined constant IS_AJAX - assumed 'IS_AJAX' E:\Workspace\PHP\QinYun\Application\Common\Common\api.php 第 42 行.

[ 2017-03-10T15:17:55+08:00 ] ::1 /Public/Home/js/ajaxSubmit.js
INFO: [ app_init ] --START--
INFO: Run Behavior\BuildLiteBehavior [ RunTime:0.000023s ]
INFO: Run Common\Behavior\InitHookBehavior [ RunTime:0.001314s ]
INFO: [ app_init ] --END-- [ RunTime:0.001472s ]
NOTIC: [8] Use of undefined constant IS_AJAX - assumed 'IS_AJAX' E:\Workspace\PHP\QinYun\Application\Common\Common\api.php 第 42 行.

[ 2017-03-10T15:17:56+08:00 ] ::1 /Public/Home/css/background.jpg
INFO: [ app_init ] --START--
INFO: Run Behavior\BuildLiteBehavior [ RunTime:0.000025s ]
INFO: Run Common\Behavior\InitHookBehavior [ RunTime:0.001301s ]
INFO: [ app_init ] --END-- [ RunTime:0.001503s ]
NOTIC: [8] Use of undefined constant IS_AJAX - assumed 'IS_AJAX' E:\Workspace\PHP\QinYun\Application\Common\Common\api.php 第 42 行.

[ 2017-03-10T15:18:36+08:00 ] ::1 /Public/Home/js/ajaxSubmit.js
INFO: [ app_init ] --START--
INFO: Run Behavior\BuildLiteBehavior [ RunTime:0.000019s ]
INFO: Run Common\Behavior\InitHookBehavior [ RunTime:0.001225s ]
INFO: [ app_init ] --END-- [ RunTime:0.001370s ]
NOTIC: [8] Use of undefined constant IS_AJAX - assumed 'IS_AJAX' E:\Workspace\PHP\QinYun\Application\Common\Common\api.php 第 42 行.

[ 2017-03-10T15:18:37+08:00 ] ::1 /Public/Home/css/background.jpg
INFO: [ app_init ] --START--
INFO: Run Behavior\BuildLiteBehavior [ RunTime:0.000020s ]
INFO: Run Common\Behavior\InitHookBehavior [ RunTime:0.001264s ]
INFO: [ app_init ] --END-- [ RunTime:0.001416s ]
NOTIC: [8] Use of undefined constant IS_AJAX - assumed 'IS_AJAX' E:\Workspace\PHP\QinYun\Application\Common\Common\api.php 第 42 行.

[ 2017-03-10T15:19:01+08:00 ] ::1 /Public/Home/js/ajaxSubmit.js
INFO: [ app_init ] --START--
INFO: Run Behavior\BuildLiteBehavior [ RunTime:0.000030s ]
INFO: Run Common\Behavior\InitHookBehavior [ RunTime:0.002205s ]
INFO: [ app_init ] --END-- [ RunTime:0.002415s ]
NOTIC: [8] Use of undefined constant IS_AJAX - assumed 'IS_AJAX' E:\Workspace\PHP\QinYun\Application\Common\Common\api.php 第 42 行.

[ 2017-03-10T15:19:01+08:00 ] ::1 /Public/Home/css/background.jpg
INFO: [ app_init ] --START--
INFO: Run Behavior\BuildLiteBehavior [ RunTime:0.000021s ]
INFO: Run Common\Behavior\InitHookBehavior [ RunTime:0.001779s ]
INFO: [ app_init ] --END-- [ RunTime:0.001943s ]
NOTIC: [8] Use of undefined constant IS_AJAX - assumed 'IS_AJAX' E:\Workspace\PHP\QinYun\Application\Common\Common\api.php 第 42 行.

[ 2017-03-10T15:21:04+08:00 ] ::1 /Public/Home/js/ajaxSubmit.js
INFO: [ app_init ] --START--
INFO: Run Behavior\BuildLiteBehavior [ RunTime:0.000018s ]
INFO: Run Common\Behavior\InitHookBehavior [ RunTime:0.001697s ]
INFO: [ app_init ] --END-- [ RunTime:0.001852s ]
NOTIC: [8] Use of undefined constant IS_AJAX - assumed 'IS_AJAX' E:\Workspace\PHP\QinYun\Application\Common\Common\api.php 第 42 行.

[ 2017-03-10T15:21:04+08:00 ] ::1 /Public/Home/css/background.jpg
INFO: [ app_init ] --START--
INFO: Run Behavior\BuildLiteBehavior [ RunTime:0.000020s ]
INFO: Run Common\Behavior\InitHookBehavior [ RunTime:0.001771s ]
INFO: [ app_init ] --END-- [ RunTime:0.001928s ]
NOTIC: [8] Use of undefined constant IS_AJAX - assumed 'IS_AJAX' E:\Workspace\PHP\QinYun\Application\Common\Common\api.php 第 42 行.

[ 2017-03-10T15:21:16+08:00 ] ::1 /Public/Home/js/ajaxSubmit.js
INFO: [ app_init ] --START--
INFO: Run Behavior\BuildLiteBehavior [ RunTime:0.000018s ]
INFO: Run Common\Behavior\InitHookBehavior [ RunTime:0.002516s ]
INFO: [ app_init ] --END-- [ RunTime:0.002692s ]
NOTIC: [8] Use of undefined constant IS_AJAX - assumed 'IS_AJAX' E:\Workspace\PHP\QinYun\Application\Common\Common\api.php 第 42 行.

[ 2017-03-10T15:21:16+08:00 ] ::1 /Public/Home/css/background.jpg
INFO: [ app_init ] --START--
INFO: Run Behavior\BuildLiteBehavior [ RunTime:0.000020s ]
INFO: Run Common\Behavior\InitHookBehavior [ RunTime:0.002283s ]
INFO: [ app_init ] --END-- [ RunTime:0.002474s ]
NOTIC: [8] Use of undefined constant IS_AJAX - assumed 'IS_AJAX' E:\Workspace\PHP\QinYun\Application\Common\Common\api.php 第 42 行.

[ 2017-03-10T15:26:42+08:00 ] ::1 /Public/Home/js/ajaxSubmit.js
INFO: [ app_init ] --START--
INFO: Run Behavior\BuildLiteBehavior [ RunTime:0.000020s ]
INFO: Run Common\Behavior\InitHookBehavior [ RunTime:0.001847s ]
INFO: [ app_init ] --END-- [ RunTime:0.002026s ]
NOTIC: [8] Use of undefined constant IS_AJAX - assumed 'IS_AJAX' E:\Workspace\PHP\QinYun\Application\Common\Common\api.php 第 42 行.

[ 2017-03-10T15:26:42+08:00 ] ::1 /Public/Home/css/background.jpg
INFO: [ app_init ] --START--
INFO: Run Behavior\BuildLiteBehavior [ RunTime:0.000020s ]
INFO: Run Common\Behavior\InitHookBehavior [ RunTime:0.001736s ]
INFO: [ app_init ] --END-- [ RunTime:0.001892s ]
NOTIC: [8] Use of undefined constant IS_AJAX - assumed 'IS_AJAX' E:\Workspace\PHP\QinYun\Application\Common\Common\api.php 第 42 行.

[ 2017-03-10T15:26:56+08:00 ] ::1 /Public/Home/js/ajaxSubmit.js
INFO: [ app_init ] --START--
INFO: Run Behavior\BuildLiteBehavior [ RunTime:0.000023s ]
INFO: Run Common\Behavior\InitHookBehavior [ RunTime:0.001712s ]
INFO: [ app_init ] --END-- [ RunTime:0.001867s ]
NOTIC: [8] Use of undefined constant IS_AJAX - assumed 'IS_AJAX' E:\Workspace\PHP\QinYun\Application\Common\Common\api.php 第 42 行.

[ 2017-03-10T15:26:56+08:00 ] ::1 /Public/Home/css/background.jpg
INFO: [ app_init ] --START--
INFO: Run Behavior\BuildLiteBehavior [ RunTime:0.000027s ]
INFO: Run Common\Behavior\InitHookBehavior [ RunTime:0.002016s ]
INFO: [ app_init ] --END-- [ RunTime:0.002197s ]
NOTIC: [8] Use of undefined constant IS_AJAX - assumed 'IS_AJAX' E:\Workspace\PHP\QinYun\Application\Common\Common\api.php 第 42 行.

[ 2017-03-10T15:27:02+08:00 ] ::1 /Public/Home/js/ajaxSubmit.js
INFO: [ app_init ] --START--
INFO: Run Behavior\BuildLiteBehavior [ RunTime:0.000020s ]
INFO: Run Common\Behavior\InitHookBehavior [ RunTime:0.001700s ]
INFO: [ app_init ] --END-- [ RunTime:0.001851s ]
NOTIC: [8] Use of undefined constant IS_AJAX - assumed 'IS_AJAX' E:\Workspace\PHP\QinYun\Application\Common\Common\api.php 第 42 行.

[ 2017-03-10T15:27:02+08:00 ] ::1 /Public/Home/css/background.jpg
INFO: [ app_init ] --START--
INFO: Run Behavior\BuildLiteBehavior [ RunTime:0.000020s ]
INFO: Run Common\Behavior\InitHookBehavior [ RunTime:0.001732s ]
INFO: [ app_init ] --END-- [ RunTime:0.001903s ]
NOTIC: [8] Use of undefined constant IS_AJAX - assumed 'IS_AJAX' E:\Workspace\PHP\QinYun\Application\Common\Common\api.php 第 42 行.

[ 2017-03-10T15:27:10+08:00 ] ::1 /Public/Home/js/ajaxSubmit.js
INFO: [ app_init ] --START--
INFO: Run Behavior\BuildLiteBehavior [ RunTime:0.000019s ]
INFO: Run Common\Behavior\InitHookBehavior [ RunTime:0.001756s ]
INFO: [ app_init ] --END-- [ RunTime:0.001923s ]
NOTIC: [8] Use of undefined constant IS_AJAX - assumed 'IS_AJAX' E:\Workspace\PHP\QinYun\Application\Common\Common\api.php 第 42 行.

[ 2017-03-10T15:27:10+08:00 ] ::1 /Public/Home/css/background.jpg
INFO: [ app_init ] --START--
INFO: Run Behavior\BuildLiteBehavior [ RunTime:0.000020s ]
INFO: Run Common\Behavior\InitHookBehavior [ RunTime:0.002103s ]
INFO: [ app_init ] --END-- [ RunTime:0.002315s ]
NOTIC: [8] Use of undefined constant IS_AJAX - assumed 'IS_AJAX' E:\Workspace\PHP\QinYun\Application\Common\Common\api.php 第 42 行.

[ 2017-03-10T15:27:16+08:00 ] ::1 /Public/Home/css/background.jpg
INFO: [ app_init ] --START--
INFO: Run Behavior\BuildLiteBehavior [ RunTime:0.000022s ]
INFO: Run Common\Behavior\InitHookBehavior [ RunTime:0.001749s ]
INFO: [ app_init ] --END-- [ RunTime:0.001916s ]
NOTIC: [8] Use of undefined constant IS_AJAX - assumed 'IS_AJAX' E:\Workspace\PHP\QinYun\Application\Common\Common\api.php 第 42 行.

[ 2017-03-10T15:27:29+08:00 ] ::1 /Public/Home/css/background.jpg
INFO: [ app_init ] --START--
INFO: Run Behavior\BuildLiteBehavior [ RunTime:0.000026s ]
INFO: Run Common\Behavior\InitHookBehavior [ RunTime:0.002448s ]
INFO: [ app_init ] --END-- [ RunTime:0.002628s ]
NOTIC: [8] Use of undefined constant IS_AJAX - assumed 'IS_AJAX' E:\Workspace\PHP\QinYun\Application\Common\Common\api.php 第 42 行.

[ 2017-03-10T15:27:43+08:00 ] ::1 /Public/Home/js/ajaxSubmit.js
INFO: [ app_init ] --START--
INFO: Run Behavior\BuildLiteBehavior [ RunTime:0.000019s ]
INFO: Run Common\Behavior\InitHookBehavior [ RunTime:0.001730s ]
INFO: [ app_init ] --END-- [ RunTime:0.001881s ]
NOTIC: [8] Use of undefined constant IS_AJAX - assumed 'IS_AJAX' E:\Workspace\PHP\QinYun\Application\Common\Common\api.php 第 42 行.

[ 2017-03-10T15:27:44+08:00 ] ::1 /Public/Home/css/background.jpg
INFO: [ app_init ] --START--
INFO: Run Behavior\BuildLiteBehavior [ RunTime:0.000024s ]
INFO: Run Common\Behavior\InitHookBehavior [ RunTime:0.002069s ]
INFO: [ app_init ] --END-- [ RunTime:0.002248s ]
NOTIC: [8] Use of undefined constant IS_AJAX - assumed 'IS_AJAX' E:\Workspace\PHP\QinYun\Application\Common\Common\api.php 第 42 行.

[ 2017-03-10T15:29:46+08:00 ] ::1 /Public/Home/js/ajaxSubmit.js
INFO: [ app_init ] --START--
INFO: Run Behavior\BuildLiteBehavior [ RunTime:0.000020s ]
INFO: Run Common\Behavior\InitHookBehavior [ RunTime:0.001732s ]
INFO: [ app_init ] --END-- [ RunTime:0.001883s ]
NOTIC: [8] Use of undefined constant IS_AJAX - assumed 'IS_AJAX' E:\Workspace\PHP\QinYun\Application\Common\Common\api.php 第 42 行.

[ 2017-03-10T15:29:46+08:00 ] ::1 /Public/Home/css/background.jpg
INFO: [ app_init ] --START--
INFO: Run Behavior\BuildLiteBehavior [ RunTime:0.000021s ]
INFO: Run Common\Behavior\InitHookBehavior [ RunTime:0.002325s ]
INFO: [ app_init ] --END-- [ RunTime:0.002486s ]
NOTIC: [8] Use of undefined constant IS_AJAX - assumed 'IS_AJAX' E:\Workspace\PHP\QinYun\Application\Common\Common\api.php 第 42 行.

[ 2017-03-10T15:31:03+08:00 ] ::1 /Public/Home/js/ajaxSubmit.js
INFO: [ app_init ] --START--
INFO: Run Behavior\BuildLiteBehavior [ RunTime:0.000020s ]
INFO: Run Common\Behavior\InitHookBehavior [ RunTime:0.001775s ]
INFO: [ app_init ] --END-- [ RunTime:0.001927s ]
NOTIC: [8] Use of undefined constant IS_AJAX - assumed 'IS_AJAX' E:\Workspace\PHP\QinYun\Application\Common\Common\api.php 第 42 行.

[ 2017-03-10T15:31:03+08:00 ] ::1 /Public/Home/css/background.jpg
INFO: [ app_init ] --START--
INFO: Run Behavior\BuildLiteBehavior [ RunTime:0.000019s ]
INFO: Run Common\Behavior\InitHookBehavior [ RunTime:0.001760s ]
INFO: [ app_init ] --END-- [ RunTime:0.001917s ]
NOTIC: [8] Use of undefined constant IS_AJAX - assumed 'IS_AJAX' E:\Workspace\PHP\QinYun\Application\Common\Common\api.php 第 42 行.

[ 2017-03-10T15:31:33+08:00 ] ::1 /Public/Home/js/ajaxSubmit.js
INFO: [ app_init ] --START--
INFO: Run Behavior\BuildLiteBehavior [ RunTime:0.000023s ]
INFO: Run Common\Behavior\InitHookBehavior [ RunTime:0.001708s ]
INFO: [ app_init ] --END-- [ RunTime:0.001860s ]
NOTIC: [8] Use of undefined constant IS_AJAX - assumed 'IS_AJAX' E:\Workspace\PHP\QinYun\Application\Common\Common\api.php 第 42 行.

[ 2017-03-10T15:31:33+08:00 ] ::1 /Public/Home/css/background.jpg
INFO: [ app_init ] --START--
INFO: Run Behavior\BuildLiteBehavior [ RunTime:0.000021s ]
INFO: Run Common\Behavior\InitHookBehavior [ RunTime:0.003597s ]
INFO: [ app_init ] --END-- [ RunTime:0.003771s ]
NOTIC: [8] Use of undefined constant IS_AJAX - assumed 'IS_AJAX' E:\Workspace\PHP\QinYun\Application\Common\Common\api.php 第 42 行.

[ 2017-03-10T15:33:08+08:00 ] ::1 /Public/Home/js/ajaxSubmit.js
INFO: [ app_init ] --START--
INFO: Run Behavior\BuildLiteBehavior [ RunTime:0.000019s ]
INFO: Run Common\Behavior\InitHookBehavior [ RunTime:0.001750s ]
INFO: [ app_init ] --END-- [ RunTime:0.001951s ]
NOTIC: [8] Use of undefined constant IS_AJAX - assumed 'IS_AJAX' E:\Workspace\PHP\QinYun\Application\Common\Common\api.php 第 42 行.

[ 2017-03-10T15:33:09+08:00 ] ::1 /Public/Home/css/background.jpg
INFO: [ app_init ] --START--
INFO: Run Behavior\BuildLiteBehavior [ RunTime:0.000025s ]
INFO: Run Common\Behavior\InitHookBehavior [ RunTime:0.002233s ]
INFO: [ app_init ] --END-- [ RunTime:0.002409s ]
NOTIC: [8] Use of undefined constant IS_AJAX - assumed 'IS_AJAX' E:\Workspace\PHP\QinYun\Application\Common\Common\api.php 第 42 行.

[ 2017-03-10T15:33:15+08:00 ] ::1 /Public/Home/js/ajaxSubmit.js
INFO: [ app_init ] --START--
INFO: Run Behavior\BuildLiteBehavior [ RunTime:0.002502s ]
INFO: Run Common\Behavior\InitHookBehavior [ RunTime:0.002018s ]
INFO: [ app_init ] --END-- [ RunTime:0.004684s ]
NOTIC: [8] Use of undefined constant IS_AJAX - assumed 'IS_AJAX' E:\Workspace\PHP\QinYun\Application\Common\Common\api.php 第 42 行.

[ 2017-03-10T15:33:15+08:00 ] ::1 /Public/Home/css/background.jpg
INFO: [ app_init ] --START--
INFO: Run Behavior\BuildLiteBehavior [ RunTime:0.000023s ]
INFO: Run Common\Behavior\InitHookBehavior [ RunTime:0.001994s ]
INFO: [ app_init ] --END-- [ RunTime:0.002167s ]
NOTIC: [8] Use of undefined constant IS_AJAX - assumed 'IS_AJAX' E:\Workspace\PHP\QinYun\Application\Common\Common\api.php 第 42 行.

[ 2017-03-10T15:33:29+08:00 ] ::1 /Public/Home/css/background.jpg
INFO: [ app_init ] --START--
INFO: Run Behavior\BuildLiteBehavior [ RunTime:0.000018s ]
INFO: Run Common\Behavior\InitHookBehavior [ RunTime:0.001717s ]
INFO: [ app_init ] --END-- [ RunTime:0.001866s ]
NOTIC: [8] Use of undefined constant IS_AJAX - assumed 'IS_AJAX' E:\Workspace\PHP\QinYun\Application\Common\Common\api.php 第 42 行.

[ 2017-03-10T15:33:40+08:00 ] ::1 /Public/Home/css/background.jpg
INFO: [ app_init ] --START--
INFO: Run Behavior\BuildLiteBehavior [ RunTime:0.000021s ]
INFO: Run Common\Behavior\InitHookBehavior [ RunTime:0.001991s ]
INFO: [ app_init ] --END-- [ RunTime:0.002145s ]
NOTIC: [8] Use of undefined constant IS_AJAX - assumed 'IS_AJAX' E:\Workspace\PHP\QinYun\Application\Common\Common\api.php 第 42 行.

[ 2017-03-10T15:33:52+08:00 ] ::1 /Public/Home/js/ajaxSubmit.js
INFO: [ app_init ] --START--
INFO: Run Behavior\BuildLiteBehavior [ RunTime:0.000030s ]
INFO: Run Common\Behavior\InitHookBehavior [ RunTime:0.002491s ]
INFO: [ app_init ] --END-- [ RunTime:0.002727s ]
NOTIC: [8] Use of undefined constant IS_AJAX - assumed 'IS_AJAX' E:\Workspace\PHP\QinYun\Application\Common\Common\api.php 第 42 行.

[ 2017-03-10T15:33:53+08:00 ] ::1 /Public/Home/css/background.jpg
INFO: [ app_init ] --START--
INFO: Run Behavior\BuildLiteBehavior [ RunTime:0.000025s ]
INFO: Run Common\Behavior\InitHookBehavior [ RunTime:0.002035s ]
INFO: [ app_init ] --END-- [ RunTime:0.002233s ]
NOTIC: [8] Use of undefined constant IS_AJAX - assumed 'IS_AJAX' E:\Workspace\PHP\QinYun\Application\Common\Common\api.php 第 42 行.

[ 2017-03-10T15:34:01+08:00 ] ::1 /Public/Home/js/ajaxSubmit.js
INFO: [ app_init ] --START--
INFO: Run Behavior\BuildLiteBehavior [ RunTime:0.000018s ]
INFO: Run Common\Behavior\InitHookBehavior [ RunTime:0.001700s ]
INFO: [ app_init ] --END-- [ RunTime:0.001848s ]
NOTIC: [8] Use of undefined constant IS_AJAX - assumed 'IS_AJAX' E:\Workspace\PHP\QinYun\Application\Common\Common\api.php 第 42 行.

[ 2017-03-10T15:34:02+08:00 ] ::1 /Public/Home/css/background.jpg
INFO: [ app_init ] --START--
INFO: Run Behavior\BuildLiteBehavior [ RunTime:0.000023s ]
INFO: Run Common\Behavior\InitHookBehavior [ RunTime:0.001905s ]
INFO: [ app_init ] --END-- [ RunTime:0.002082s ]
NOTIC: [8] Use of undefined constant IS_AJAX - assumed 'IS_AJAX' E:\Workspace\PHP\QinYun\Application\Common\Common\api.php 第 42 行.

[ 2017-03-10T15:34:20+08:00 ] ::1 /Public/Home/js/ajaxSubmit.js
INFO: [ app_init ] --START--
INFO: Run Behavior\BuildLiteBehavior [ RunTime:0.000030s ]
INFO: Run Common\Behavior\InitHookBehavior [ RunTime:0.002465s ]
INFO: [ app_init ] --END-- [ RunTime:0.002677s ]
NOTIC: [8] Use of undefined constant IS_AJAX - assumed 'IS_AJAX' E:\Workspace\PHP\QinYun\Application\Common\Common\api.php 第 42 行.

[ 2017-03-10T15:34:20+08:00 ] ::1 /Public/Home/css/background.jpg
INFO: [ app_init ] --START--
INFO: Run Behavior\BuildLiteBehavior [ RunTime:0.000022s ]
INFO: Run Common\Behavior\InitHookBehavior [ RunTime:0.002136s ]
INFO: [ app_init ] --END-- [ RunTime:0.002303s ]
NOTIC: [8] Use of undefined constant IS_AJAX - assumed 'IS_AJAX' E:\Workspace\PHP\QinYun\Application\Common\Common\api.php 第 42 行.

[ 2017-03-10T15:34:37+08:00 ] ::1 /Public/Home/js/ajaxSubmit.js
INFO: [ app_init ] --START--
INFO: Run Behavior\BuildLiteBehavior [ RunTime:0.000020s ]
INFO: Run Common\Behavior\InitHookBehavior [ RunTime:0.001822s ]
INFO: [ app_init ] --END-- [ RunTime:0.002001s ]
NOTIC: [8] Use of undefined constant IS_AJAX - assumed 'IS_AJAX' E:\Workspace\PHP\QinYun\Application\Common\Common\api.php 第 42 行.

[ 2017-03-10T15:34:37+08:00 ] ::1 /Public/Home/css/background.jpg
INFO: [ app_init ] --START--
INFO: Run Behavior\BuildLiteBehavior [ RunTime:0.000025s ]
INFO: Run Common\Behavior\InitHookBehavior [ RunTime:0.001873s ]
INFO: [ app_init ] --END-- [ RunTime:0.002406s ]
NOTIC: [8] Use of undefined constant IS_AJAX - assumed 'IS_AJAX' E:\Workspace\PHP\QinYun\Application\Common\Common\api.php 第 42 行.

[ 2017-03-10T15:34:42+08:00 ] ::1 /Public/Home/js/ajaxSubmit.js
INFO: [ app_init ] --START--
INFO: Run Behavior\BuildLiteBehavior [ RunTime:0.000018s ]
INFO: Run Common\Behavior\InitHookBehavior [ RunTime:0.001716s ]
INFO: [ app_init ] --END-- [ RunTime:0.001860s ]
NOTIC: [8] Use of undefined constant IS_AJAX - assumed 'IS_AJAX' E:\Workspace\PHP\QinYun\Application\Common\Common\api.php 第 42 行.

[ 2017-03-10T15:34:43+08:00 ] ::1 /Public/Home/css/background.jpg
INFO: [ app_init ] --START--
INFO: Run Behavior\BuildLiteBehavior [ RunTime:0.000020s ]
INFO: Run Common\Behavior\InitHookBehavior [ RunTime:0.001712s ]
INFO: [ app_init ] --END-- [ RunTime:0.001867s ]
NOTIC: [8] Use of undefined constant IS_AJAX - assumed 'IS_AJAX' E:\Workspace\PHP\QinYun\Application\Common\Common\api.php 第 42 行.

[ 2017-03-10T15:36:08+08:00 ] ::1 /Public/Home/js/ajaxSubmit.js
INFO: [ app_init ] --START--
INFO: Run Behavior\BuildLiteBehavior [ RunTime:0.000022s ]
INFO: Run Common\Behavior\InitHookBehavior [ RunTime:0.001274s ]
INFO: [ app_init ] --END-- [ RunTime:0.001464s ]
NOTIC: [8] Use of undefined constant IS_AJAX - assumed 'IS_AJAX' E:\Workspace\PHP\QinYun\Application\Common\Common\api.php 第 42 行.

[ 2017-03-10T15:36:08+08:00 ] ::1 /Public/Home/css/background.jpg
INFO: [ app_init ] --START--
INFO: Run Behavior\BuildLiteBehavior [ RunTime:0.000031s ]
INFO: Run Common\Behavior\InitHookBehavior [ RunTime:0.002745s ]
INFO: [ app_init ] --END-- [ RunTime:0.003000s ]
NOTIC: [8] Use of undefined constant IS_AJAX - assumed 'IS_AJAX' E:\Workspace\PHP\QinYun\Application\Common\Common\api.php 第 42 行.

[ 2017-03-10T15:36:11+08:00 ] ::1 /Public/Home/js/ajaxSubmit.js
INFO: [ app_init ] --START--
INFO: Run Behavior\BuildLiteBehavior [ RunTime:0.000017s ]
INFO: Run Common\Behavior\InitHookBehavior [ RunTime:0.001227s ]
INFO: [ app_init ] --END-- [ RunTime:0.001370s ]
NOTIC: [8] Use of undefined constant IS_AJAX - assumed 'IS_AJAX' E:\Workspace\PHP\QinYun\Application\Common\Common\api.php 第 42 行.

[ 2017-03-10T15:36:12+08:00 ] ::1 /Public/Home/css/background.jpg
INFO: [ app_init ] --START--
INFO: Run Behavior\BuildLiteBehavior [ RunTime:0.000020s ]
INFO: Run Common\Behavior\InitHookBehavior [ RunTime:0.001307s ]
INFO: [ app_init ] --END-- [ RunTime:0.001455s ]
NOTIC: [8] Use of undefined constant IS_AJAX - assumed 'IS_AJAX' E:\Workspace\PHP\QinYun\Application\Common\Common\api.php 第 42 行.

[ 2017-03-10T15:36:14+08:00 ] ::1 /Public/Home/js/ajaxSubmit.js
INFO: [ app_init ] --START--
INFO: Run Behavior\BuildLiteBehavior [ RunTime:0.000028s ]
INFO: Run Common\Behavior\InitHookBehavior [ RunTime:0.001638s ]
INFO: [ app_init ] --END-- [ RunTime:0.001843s ]
NOTIC: [8] Use of undefined constant IS_AJAX - assumed 'IS_AJAX' E:\Workspace\PHP\QinYun\Application\Common\Common\api.php 第 42 行.

[ 2017-03-10T15:36:18+08:00 ] ::1 /Public/Home/css/background.jpg
INFO: [ app_init ] --START--
INFO: Run Behavior\BuildLiteBehavior [ RunTime:0.000061s ]
INFO: Run Common\Behavior\InitHookBehavior [ RunTime:0.002687s ]
INFO: [ app_init ] --END-- [ RunTime:0.003016s ]
NOTIC: [8] Use of undefined constant IS_AJAX - assumed 'IS_AJAX' E:\Workspace\PHP\QinYun\Application\Common\Common\api.php 第 42 行.

[ 2017-03-10T15:36:30+08:00 ] ::1 /Public/Home/js/ajaxSubmit.js
INFO: [ app_init ] --START--
INFO: Run Behavior\BuildLiteBehavior [ RunTime:0.000019s ]
INFO: Run Common\Behavior\InitHookBehavior [ RunTime:0.001263s ]
INFO: [ app_init ] --END-- [ RunTime:0.001414s ]
NOTIC: [8] Use of undefined constant IS_AJAX - assumed 'IS_AJAX' E:\Workspace\PHP\QinYun\Application\Common\Common\api.php 第 42 行.

[ 2017-03-10T15:36:31+08:00 ] ::1 /Public/Home/css/background.jpg
INFO: [ app_init ] --START--
INFO: Run Behavior\BuildLiteBehavior [ RunTime:0.000019s ]
INFO: Run Common\Behavior\InitHookBehavior [ RunTime:0.001262s ]
INFO: [ app_init ] --END-- [ RunTime:0.001412s ]
NOTIC: [8] Use of undefined constant IS_AJAX - assumed 'IS_AJAX' E:\Workspace\PHP\QinYun\Application\Common\Common\api.php 第 42 行.

[ 2017-03-10T15:36:33+08:00 ] ::1 /Public/Home/js/ajaxSubmit.js
INFO: [ app_init ] --START--
INFO: Run Behavior\BuildLiteBehavior [ RunTime:0.000021s ]
INFO: Run Common\Behavior\InitHookBehavior [ RunTime:0.001280s ]
INFO: [ app_init ] --END-- [ RunTime:0.001505s ]
NOTIC: [8] Use of undefined constant IS_AJAX - assumed 'IS_AJAX' E:\Workspace\PHP\QinYun\Application\Common\Common\api.php 第 42 行.

[ 2017-03-10T15:36:40+08:00 ] ::1 /Public/Home/css/background.jpg
INFO: [ app_init ] --START--
INFO: Run Behavior\BuildLiteBehavior [ RunTime:0.000018s ]
INFO: Run Common\Behavior\InitHookBehavior [ RunTime:0.001243s ]
INFO: [ app_init ] --END-- [ RunTime:0.001380s ]
NOTIC: [8] Use of undefined constant IS_AJAX - assumed 'IS_AJAX' E:\Workspace\PHP\QinYun\Application\Common\Common\api.php 第 42 行.

[ 2017-03-10T15:37:36+08:00 ] ::1 /Public/Home/js/ajaxSubmit.js
INFO: [ app_init ] --START--
INFO: Run Behavior\BuildLiteBehavior [ RunTime:0.000031s ]
INFO: Run Common\Behavior\InitHookBehavior [ RunTime:0.002694s ]
INFO: [ app_init ] --END-- [ RunTime:0.002931s ]
NOTIC: [8] Use of undefined constant IS_AJAX - assumed 'IS_AJAX' E:\Workspace\PHP\QinYun\Application\Common\Common\api.php 第 42 行.

[ 2017-03-10T15:37:37+08:00 ] ::1 /Public/Home/css/background.jpg
INFO: [ app_init ] --START--
INFO: Run Behavior\BuildLiteBehavior [ RunTime:0.000033s ]
INFO: Run Common\Behavior\InitHookBehavior [ RunTime:0.002456s ]
INFO: [ app_init ] --END-- [ RunTime:0.002705s ]
NOTIC: [8] Use of undefined constant IS_AJAX - assumed 'IS_AJAX' E:\Workspace\PHP\QinYun\Application\Common\Common\api.php 第 42 行.

[ 2017-03-10T15:41:29+08:00 ] ::1 /Public/Home/js/ajaxSubmit.js
INFO: [ app_init ] --START--
INFO: Run Behavior\BuildLiteBehavior [ RunTime:0.000020s ]
INFO: Run Common\Behavior\InitHookBehavior [ RunTime:0.001753s ]
INFO: [ app_init ] --END-- [ RunTime:0.001908s ]
NOTIC: [8] Use of undefined constant IS_AJAX - assumed 'IS_AJAX' E:\Workspace\PHP\QinYun\Application\Common\Common\api.php 第 42 行.

[ 2017-03-10T15:41:30+08:00 ] ::1 /Public/Home/css/background.jpg
INFO: [ app_init ] --START--
INFO: Run Behavior\BuildLiteBehavior [ RunTime:0.000031s ]
INFO: Run Common\Behavior\InitHookBehavior [ RunTime:0.002730s ]
INFO: [ app_init ] --END-- [ RunTime:0.002975s ]
NOTIC: [8] Use of undefined constant IS_AJAX - assumed 'IS_AJAX' E:\Workspace\PHP\QinYun\Application\Common\Common\api.php 第 42 行.

[ 2017-03-10T15:41:43+08:00 ] ::1 /Public/Home/js/ajaxSubmit.js
INFO: [ app_init ] --START--
INFO: Run Behavior\BuildLiteBehavior [ RunTime:0.000019s ]
INFO: Run Common\Behavior\InitHookBehavior [ RunTime:0.001711s ]
INFO: [ app_init ] --END-- [ RunTime:0.001863s ]
NOTIC: [8] Use of undefined constant IS_AJAX - assumed 'IS_AJAX' E:\Workspace\PHP\QinYun\Application\Common\Common\api.php 第 42 行.

[ 2017-03-10T15:41:43+08:00 ] ::1 /Public/Home/css/background.jpg
INFO: [ app_init ] --START--
INFO: Run Behavior\BuildLiteBehavior [ RunTime:0.000021s ]
INFO: Run Common\Behavior\InitHookBehavior [ RunTime:0.003023s ]
INFO: [ app_init ] --END-- [ RunTime:0.003212s ]
NOTIC: [8] Use of undefined constant IS_AJAX - assumed 'IS_AJAX' E:\Workspace\PHP\QinYun\Application\Common\Common\api.php 第 42 行.

[ 2017-03-10T15:43:24+08:00 ] ::1 /Public/Home/js/ajaxSubmit.js
INFO: [ app_init ] --START--
INFO: Run Behavior\BuildLiteBehavior [ RunTime:0.000018s ]
INFO: Run Common\Behavior\InitHookBehavior [ RunTime:0.001804s ]
INFO: [ app_init ] --END-- [ RunTime:0.001955s ]
NOTIC: [8] Use of undefined constant IS_AJAX - assumed 'IS_AJAX' E:\Workspace\PHP\QinYun\Application\Common\Common\api.php 第 42 行.

[ 2017-03-10T15:43:25+08:00 ] ::1 /Public/Home/css/background.jpg
INFO: [ app_init ] --START--
INFO: Run Behavior\BuildLiteBehavior [ RunTime:0.000022s ]
INFO: Run Common\Behavior\InitHookBehavior [ RunTime:0.001780s ]
INFO: [ app_init ] --END-- [ RunTime:0.001939s ]
NOTIC: [8] Use of undefined constant IS_AJAX - assumed 'IS_AJAX' E:\Workspace\PHP\QinYun\Application\Common\Common\api.php 第 42 行.

[ 2017-03-10T15:44:25+08:00 ] ::1 /Public/Home/js/ajaxSubmit.js
INFO: [ app_init ] --START--
INFO: Run Behavior\BuildLiteBehavior [ RunTime:0.000023s ]
INFO: Run Common\Behavior\InitHookBehavior [ RunTime:0.001854s ]
INFO: [ app_init ] --END-- [ RunTime:0.002029s ]
NOTIC: [8] Use of undefined constant IS_AJAX - assumed 'IS_AJAX' E:\Workspace\PHP\QinYun\Application\Common\Common\api.php 第 42 行.

[ 2017-03-10T15:44:26+08:00 ] ::1 /Public/Home/css/background.jpg
INFO: [ app_init ] --START--
INFO: Run Behavior\BuildLiteBehavior [ RunTime:0.000020s ]
INFO: Run Common\Behavior\InitHookBehavior [ RunTime:0.001277s ]
INFO: [ app_init ] --END-- [ RunTime:0.001425s ]
NOTIC: [8] Use of undefined constant IS_AJAX - assumed 'IS_AJAX' E:\Workspace\PHP\QinYun\Application\Common\Common\api.php 第 42 行.

[ 2017-03-10T15:45:09+08:00 ] ::1 /Public/Home/js/ajaxSubmit.js
INFO: [ app_init ] --START--
INFO: Run Behavior\BuildLiteBehavior [ RunTime:0.000020s ]
INFO: Run Common\Behavior\InitHookBehavior [ RunTime:0.001908s ]
INFO: [ app_init ] --END-- [ RunTime:0.002105s ]
NOTIC: [8] Use of undefined constant IS_AJAX - assumed 'IS_AJAX' E:\Workspace\PHP\QinYun\Application\Common\Common\api.php 第 42 行.

[ 2017-03-10T15:45:09+08:00 ] ::1 /Public/Home/css/background.jpg
INFO: [ app_init ] --START--
INFO: Run Behavior\BuildLiteBehavior [ RunTime:0.000021s ]
INFO: Run Common\Behavior\InitHookBehavior [ RunTime:0.002274s ]
INFO: [ app_init ] --END-- [ RunTime:0.002447s ]
NOTIC: [8] Use of undefined constant IS_AJAX - assumed 'IS_AJAX' E:\Workspace\PHP\QinYun\Application\Common\Common\api.php 第 42 行.

[ 2017-03-10T15:45:30+08:00 ] ::1 /Public/Home/js/ajaxSubmit.js
INFO: [ app_init ] --START--
INFO: Run Behavior\BuildLiteBehavior [ RunTime:0.000022s ]
INFO: Run Common\Behavior\InitHookBehavior [ RunTime:0.001663s ]
INFO: [ app_init ] --END-- [ RunTime:0.001838s ]
NOTIC: [8] Use of undefined constant IS_AJAX - assumed 'IS_AJAX' E:\Workspace\PHP\QinYun\Application\Common\Common\api.php 第 42 行.

[ 2017-03-10T15:45:31+08:00 ] ::1 /Public/Home/css/background.jpg
INFO: [ app_init ] --START--
INFO: Run Behavior\BuildLiteBehavior [ RunTime:0.000028s ]
INFO: Run Common\Behavior\InitHookBehavior [ RunTime:0.001710s ]
INFO: [ app_init ] --END-- [ RunTime:0.001896s ]
NOTIC: [8] Use of undefined constant IS_AJAX - assumed 'IS_AJAX' E:\Workspace\PHP\QinYun\Application\Common\Common\api.php 第 42 行.

[ 2017-03-10T15:46:24+08:00 ] ::1 /Public/Home/js/ajaxSubmit.js
INFO: [ app_init ] --START--
INFO: Run Behavior\BuildLiteBehavior [ RunTime:0.000021s ]
INFO: Run Common\Behavior\InitHookBehavior [ RunTime:0.004221s ]
INFO: [ app_init ] --END-- [ RunTime:0.004418s ]
NOTIC: [8] Use of undefined constant IS_AJAX - assumed 'IS_AJAX' E:\Workspace\PHP\QinYun\Application\Common\Common\api.php 第 42 行.

[ 2017-03-10T15:46:24+08:00 ] ::1 /Public/Home/css/background.jpg
INFO: [ app_init ] --START--
INFO: Run Behavior\BuildLiteBehavior [ RunTime:0.000031s ]
INFO: Run Common\Behavior\InitHookBehavior [ RunTime:0.002655s ]
INFO: [ app_init ] --END-- [ RunTime:0.002899s ]
NOTIC: [8] Use of undefined constant IS_AJAX - assumed 'IS_AJAX' E:\Workspace\PHP\QinYun\Application\Common\Common\api.php 第 42 行.

[ 2017-03-10T15:46:39+08:00 ] ::1 /Public/Home/js/ajaxSubmit.js
INFO: [ app_init ] --START--
INFO: Run Behavior\BuildLiteBehavior [ RunTime:0.000020s ]
INFO: Run Common\Behavior\InitHookBehavior [ RunTime:0.001767s ]
INFO: [ app_init ] --END-- [ RunTime:0.001927s ]
NOTIC: [8] Use of undefined constant IS_AJAX - assumed 'IS_AJAX' E:\Workspace\PHP\QinYun\Application\Common\Common\api.php 第 42 行.

[ 2017-03-10T15:46:39+08:00 ] ::1 /Public/Home/css/background.jpg
INFO: [ app_init ] --START--
INFO: Run Behavior\BuildLiteBehavior [ RunTime:0.000024s ]
INFO: Run Common\Behavior\InitHookBehavior [ RunTime:0.002041s ]
INFO: [ app_init ] --END-- [ RunTime:0.006609s ]
NOTIC: [8] Use of undefined constant IS_AJAX - assumed 'IS_AJAX' E:\Workspace\PHP\QinYun\Application\Common\Common\api.php 第 42 行.

[ 2017-03-10T15:46:57+08:00 ] ::1 /Public/Home/js/ajaxSubmit.js
INFO: [ app_init ] --START--
INFO: Run Behavior\BuildLiteBehavior [ RunTime:0.000018s ]
INFO: Run Common\Behavior\InitHookBehavior [ RunTime:0.001956s ]
INFO: [ app_init ] --END-- [ RunTime:0.002106s ]
NOTIC: [8] Use of undefined constant IS_AJAX - assumed 'IS_AJAX' E:\Workspace\PHP\QinYun\Application\Common\Common\api.php 第 42 行.

[ 2017-03-10T15:46:58+08:00 ] ::1 /Public/Home/css/background.jpg
INFO: [ app_init ] --START--
INFO: Run Behavior\BuildLiteBehavior [ RunTime:0.000034s ]
INFO: Run Common\Behavior\InitHookBehavior [ RunTime:0.002013s ]
INFO: [ app_init ] --END-- [ RunTime:0.002229s ]
NOTIC: [8] Use of undefined constant IS_AJAX - assumed 'IS_AJAX' E:\Workspace\PHP\QinYun\Application\Common\Common\api.php 第 42 行.

[ 2017-03-10T15:47:19+08:00 ] ::1 /Public/Home/js/ajaxSubmit.js
INFO: [ app_init ] --START--
INFO: Run Behavior\BuildLiteBehavior [ RunTime:0.000116s ]
INFO: Run Common\Behavior\InitHookBehavior [ RunTime:0.001800s ]
INFO: [ app_init ] --END-- [ RunTime:0.002061s ]
NOTIC: [8] Use of undefined constant IS_AJAX - assumed 'IS_AJAX' E:\Workspace\PHP\QinYun\Application\Common\Common\api.php 第 42 行.

[ 2017-03-10T15:47:19+08:00 ] ::1 /Public/Home/css/background.jpg
INFO: [ app_init ] --START--
INFO: Run Behavior\BuildLiteBehavior [ RunTime:0.000020s ]
INFO: Run Common\Behavior\InitHookBehavior [ RunTime:0.001797s ]
INFO: [ app_init ] --END-- [ RunTime:0.001955s ]
NOTIC: [8] Use of undefined constant IS_AJAX - assumed 'IS_AJAX' E:\Workspace\PHP\QinYun\Application\Common\Common\api.php 第 42 行.

[ 2017-03-10T15:47:24+08:00 ] ::1 /Public/Home/js/ajaxSubmit.js
INFO: [ app_init ] --START--
INFO: Run Behavior\BuildLiteBehavior [ RunTime:0.000019s ]
INFO: Run Common\Behavior\InitHookBehavior [ RunTime:0.001589s ]
INFO: [ app_init ] --END-- [ RunTime:0.001737s ]
NOTIC: [8] Use of undefined constant IS_AJAX - assumed 'IS_AJAX' E:\Workspace\PHP\QinYun\Application\Common\Common\api.php 第 42 行.

[ 2017-03-10T15:47:24+08:00 ] ::1 /Public/Home/css/background.jpg
INFO: [ app_init ] --START--
INFO: Run Behavior\BuildLiteBehavior [ RunTime:0.000021s ]
INFO: Run Common\Behavior\InitHookBehavior [ RunTime:0.001775s ]
INFO: [ app_init ] --END-- [ RunTime:0.001932s ]
NOTIC: [8] Use of undefined constant IS_AJAX - assumed 'IS_AJAX' E:\Workspace\PHP\QinYun\Application\Common\Common\api.php 第 42 行.

[ 2017-03-10T15:47:29+08:00 ] ::1 /Public/Home/css/background.jpg
INFO: [ app_init ] --START--
INFO: Run Behavior\BuildLiteBehavior [ RunTime:0.000026s ]
INFO: Run Common\Behavior\InitHookBehavior [ RunTime:0.002035s ]
INFO: [ app_init ] --END-- [ RunTime:0.002212s ]
NOTIC: [8] Use of undefined constant IS_AJAX - assumed 'IS_AJAX' E:\Workspace\PHP\QinYun\Application\Common\Common\api.php 第 42 行.

[ 2017-03-10T15:47:32+08:00 ] ::1 /Public/Home/js/ajaxSubmit.js
INFO: [ app_init ] --START--
INFO: Run Behavior\BuildLiteBehavior [ RunTime:0.000026s ]
INFO: Run Common\Behavior\InitHookBehavior [ RunTime:0.002285s ]
INFO: [ app_init ] --END-- [ RunTime:0.002465s ]
NOTIC: [8] Use of undefined constant IS_AJAX - assumed 'IS_AJAX' E:\Workspace\PHP\QinYun\Application\Common\Common\api.php 第 42 行.

[ 2017-03-10T15:47:37+08:00 ] ::1 /Public/Home/js/ajaxSubmit.js
INFO: [ app_init ] --START--
INFO: Run Behavior\BuildLiteBehavior [ RunTime:0.000018s ]
INFO: Run Common\Behavior\InitHookBehavior [ RunTime:0.001690s ]
INFO: [ app_init ] --END-- [ RunTime:0.001838s ]
NOTIC: [8] Use of undefined constant IS_AJAX - assumed 'IS_AJAX' E:\Workspace\PHP\QinYun\Application\Common\Common\api.php 第 42 行.

[ 2017-03-10T15:47:37+08:00 ] ::1 /Public/Home/css/background.jpg
INFO: [ app_init ] --START--
INFO: Run Behavior\BuildLiteBehavior [ RunTime:0.000027s ]
INFO: Run Common\Behavior\InitHookBehavior [ RunTime:0.002346s ]
INFO: [ app_init ] --END-- [ RunTime:0.002563s ]
NOTIC: [8] Use of undefined constant IS_AJAX - assumed 'IS_AJAX' E:\Workspace\PHP\QinYun\Application\Common\Common\api.php 第 42 行.

[ 2017-03-10T15:47:37+08:00 ] ::1 /Public/Home/css/background.jpg
INFO: [ app_init ] --START--
INFO: Run Behavior\BuildLiteBehavior [ RunTime:0.000027s ]
INFO: Run Common\Behavior\InitHookBehavior [ RunTime:0.002414s ]
INFO: [ app_init ] --END-- [ RunTime:0.002593s ]
NOTIC: [8] Use of undefined constant IS_AJAX - assumed 'IS_AJAX' E:\Workspace\PHP\QinYun\Application\Common\Common\api.php 第 42 行.

[ 2017-03-10T15:47:43+08:00 ] ::1 /Public/Home/js/ajaxSubmit.js
INFO: [ app_init ] --START--
INFO: Run Behavior\BuildLiteBehavior [ RunTime:0.000030s ]
INFO: Run Common\Behavior\InitHookBehavior [ RunTime:0.002125s ]
INFO: [ app_init ] --END-- [ RunTime:0.002337s ]
NOTIC: [8] Use of undefined constant IS_AJAX - assumed 'IS_AJAX' E:\Workspace\PHP\QinYun\Application\Common\Common\api.php 第 42 行.

[ 2017-03-10T15:47:43+08:00 ] ::1 /Public/Home/css/background.jpg
INFO: [ app_init ] --START--
INFO: Run Behavior\BuildLiteBehavior [ RunTime:0.000025s ]
INFO: Run Common\Behavior\InitHookBehavior [ RunTime:0.002704s ]
INFO: [ app_init ] --END-- [ RunTime:0.002910s ]
NOTIC: [8] Use of undefined constant IS_AJAX - assumed 'IS_AJAX' E:\Workspace\PHP\QinYun\Application\Common\Common\api.php 第 42 行.

[ 2017-03-10T15:48:42+08:00 ] ::1 /Public/Home/js/ajaxSubmit.js
INFO: [ app_init ] --START--
INFO: Run Behavior\BuildLiteBehavior [ RunTime:0.000020s ]
INFO: Run Common\Behavior\InitHookBehavior [ RunTime:0.001698s ]
INFO: [ app_init ] --END-- [ RunTime:0.001848s ]
NOTIC: [8] Use of undefined constant IS_AJAX - assumed 'IS_AJAX' E:\Workspace\PHP\QinYun\Application\Common\Common\api.php 第 42 行.

[ 2017-03-10T15:48:43+08:00 ] ::1 /Public/Home/css/background.jpg
INFO: [ app_init ] --START--
INFO: Run Behavior\BuildLiteBehavior [ RunTime:0.000021s ]
INFO: Run Common\Behavior\InitHookBehavior [ RunTime:0.003166s ]
INFO: [ app_init ] --END-- [ RunTime:0.003353s ]
NOTIC: [8] Use of undefined constant IS_AJAX - assumed 'IS_AJAX' E:\Workspace\PHP\QinYun\Application\Common\Common\api.php 第 42 行.

[ 2017-03-10T15:49:18+08:00 ] ::1 /Public/Home/js/ajaxSubmit.js
INFO: [ app_init ] --START--
INFO: Run Behavior\BuildLiteBehavior [ RunTime:0.000020s ]
INFO: Run Common\Behavior\InitHookBehavior [ RunTime:0.001888s ]
INFO: [ app_init ] --END-- [ RunTime:0.002046s ]
NOTIC: [8] Use of undefined constant IS_AJAX - assumed 'IS_AJAX' E:\Workspace\PHP\QinYun\Application\Common\Common\api.php 第 42 行.

[ 2017-03-10T15:49:18+08:00 ] ::1 /Public/Home/css/background.jpg
INFO: [ app_init ] --START--
INFO: Run Behavior\BuildLiteBehavior [ RunTime:0.000031s ]
INFO: Run Common\Behavior\InitHookBehavior [ RunTime:0.003455s ]
INFO: [ app_init ] --END-- [ RunTime:0.003771s ]
NOTIC: [8] Use of undefined constant IS_AJAX - assumed 'IS_AJAX' E:\Workspace\PHP\QinYun\Application\Common\Common\api.php 第 42 行.

[ 2017-03-10T16:06:30+08:00 ] ::1 /Public/Home/js/ajaxSubmit.js
INFO: [ app_init ] --START--
INFO: Run Behavior\BuildLiteBehavior [ RunTime:0.000020s ]
INFO: Run Common\Behavior\InitHookBehavior [ RunTime:0.001757s ]
INFO: [ app_init ] --END-- [ RunTime:0.001909s ]
NOTIC: [8] Use of undefined constant IS_AJAX - assumed 'IS_AJAX' E:\Workspace\PHP\QinYun\Application\Common\Common\api.php 第 42 行.

[ 2017-03-10T16:06:30+08:00 ] ::1 /Public/Home/css/background.jpg
INFO: [ app_init ] --START--
INFO: Run Behavior\BuildLiteBehavior [ RunTime:0.000021s ]
INFO: Run Common\Behavior\InitHookBehavior [ RunTime:0.001889s ]
INFO: [ app_init ] --END-- [ RunTime:0.002047s ]
NOTIC: [8] Use of undefined constant IS_AJAX - assumed 'IS_AJAX' E:\Workspace\PHP\QinYun\Application\Common\Common\api.php 第 42 行.

[ 2017-03-10T16:08:34+08:00 ] ::1 /Public/Home/js/ajaxSubmit.js
INFO: [ app_init ] --START--
INFO: Run Behavior\BuildLiteBehavior [ RunTime:0.000019s ]
INFO: Run Common\Behavior\InitHookBehavior [ RunTime:0.001741s ]
INFO: [ app_init ] --END-- [ RunTime:0.001893s ]
NOTIC: [8] Use of undefined constant IS_AJAX - assumed 'IS_AJAX' E:\Workspace\PHP\QinYun\Application\Common\Common\api.php 第 42 行.

[ 2017-03-10T16:08:34+08:00 ] ::1 /Public/Home/css/background.jpg
INFO: [ app_init ] --START--
INFO: Run Behavior\BuildLiteBehavior [ RunTime:0.000019s ]
INFO: Run Common\Behavior\InitHookBehavior [ RunTime:0.001900s ]
INFO: [ app_init ] --END-- [ RunTime:0.002058s ]
NOTIC: [8] Use of undefined constant IS_AJAX - assumed 'IS_AJAX' E:\Workspace\PHP\QinYun\Application\Common\Common\api.php 第 42 行.

[ 2017-03-10T16:08:36+08:00 ] ::1 /Public/Home/js/ajaxSubmit.js
INFO: [ app_init ] --START--
INFO: Run Behavior\BuildLiteBehavior [ RunTime:0.000020s ]
INFO: Run Common\Behavior\InitHookBehavior [ RunTime:0.001781s ]
INFO: [ app_init ] --END-- [ RunTime:0.001960s ]
NOTIC: [8] Use of undefined constant IS_AJAX - assumed 'IS_AJAX' E:\Workspace\PHP\QinYun\Application\Common\Common\api.php 第 42 行.

[ 2017-03-10T16:08:36+08:00 ] ::1 /Public/Home/css/background.jpg
INFO: [ app_init ] --START--
INFO: Run Behavior\BuildLiteBehavior [ RunTime:0.000021s ]
INFO: Run Common\Behavior\InitHookBehavior [ RunTime:0.001804s ]
INFO: [ app_init ] --END-- [ RunTime:0.001958s ]
NOTIC: [8] Use of undefined constant IS_AJAX - assumed 'IS_AJAX' E:\Workspace\PHP\QinYun\Application\Common\Common\api.php 第 42 行.

[ 2017-03-10T16:33:15+08:00 ] ::1 /Public/Home/js/ajaxSubmit.js
INFO: [ app_init ] --START--
INFO: Run Behavior\BuildLiteBehavior [ RunTime:0.000032s ]
INFO: Run Common\Behavior\InitHookBehavior [ RunTime:0.004123s ]
INFO: [ app_init ] --END-- [ RunTime:0.004412s ]
NOTIC: [8] Use of undefined constant IS_AJAX - assumed 'IS_AJAX' E:\Workspace\PHP\QinYun\Application\Common\Common\api.php 第 42 行.

[ 2017-03-10T16:33:15+08:00 ] ::1 /Public/Home/css/background.jpg
INFO: [ app_init ] --START--
INFO: Run Behavior\BuildLiteBehavior [ RunTime:0.000020s ]
INFO: Run Common\Behavior\InitHookBehavior [ RunTime:0.001718s ]
INFO: [ app_init ] --END-- [ RunTime:0.001870s ]
NOTIC: [8] Use of undefined constant IS_AJAX - assumed 'IS_AJAX' E:\Workspace\PHP\QinYun\Application\Common\Common\api.php 第 42 行.

[ 2017-03-10T16:33:22+08:00 ] ::1 /Public/Home/js/ajaxSubmit.js
INFO: [ app_init ] --START--
INFO: Run Behavior\BuildLiteBehavior [ RunTime:0.000029s ]
INFO: Run Common\Behavior\InitHookBehavior [ RunTime:0.002457s ]
INFO: [ app_init ] --END-- [ RunTime:0.002686s ]
NOTIC: [8] Use of undefined constant IS_AJAX - assumed 'IS_AJAX' E:\Workspace\PHP\QinYun\Application\Common\Common\api.php 第 42 行.

[ 2017-03-10T16:33:24+08:00 ] ::1 /Public/Home/css/background.jpg
INFO: [ app_init ] --START--
INFO: Run Behavior\BuildLiteBehavior [ RunTime:0.000019s ]
INFO: Run Common\Behavior\InitHookBehavior [ RunTime:0.001660s ]
INFO: [ app_init ] --END-- [ RunTime:0.001804s ]
NOTIC: [8] Use of undefined constant IS_AJAX - assumed 'IS_AJAX' E:\Workspace\PHP\QinYun\Application\Common\Common\api.php 第 42 行.

[ 2017-03-10T16:33:40+08:00 ] ::1 /Public/Home/js/ajaxSubmit.js
INFO: [ app_init ] --START--
INFO: Run Behavior\BuildLiteBehavior [ RunTime:0.000020s ]
INFO: Run Common\Behavior\InitHookBehavior [ RunTime:0.001670s ]
INFO: [ app_init ] --END-- [ RunTime:0.001819s ]
NOTIC: [8] Use of undefined constant IS_AJAX - assumed 'IS_AJAX' E:\Workspace\PHP\QinYun\Application\Common\Common\api.php 第 42 行.

[ 2017-03-10T16:33:41+08:00 ] ::1 /Public/Home/css/background.jpg
INFO: [ app_init ] --START--
INFO: Run Behavior\BuildLiteBehavior [ RunTime:0.000020s ]
INFO: Run Common\Behavior\InitHookBehavior [ RunTime:0.003104s ]
INFO: [ app_init ] --END-- [ RunTime:0.003279s ]
NOTIC: [8] Use of undefined constant IS_AJAX - assumed 'IS_AJAX' E:\Workspace\PHP\QinYun\Application\Common\Common\api.php 第 42 行.

[ 2017-03-10T16:34:00+08:00 ] ::1 /Public/Home/js/ajaxSubmit.js
INFO: [ app_init ] --START--
INFO: Run Behavior\BuildLiteBehavior [ RunTime:0.000020s ]
INFO: Run Common\Behavior\InitHookBehavior [ RunTime:0.001640s ]
INFO: [ app_init ] --END-- [ RunTime:0.001788s ]
NOTIC: [8] Use of undefined constant IS_AJAX - assumed 'IS_AJAX' E:\Workspace\PHP\QinYun\Application\Common\Common\api.php 第 42 行.

[ 2017-03-10T16:34:01+08:00 ] ::1 /Public/Home/css/background.jpg
INFO: [ app_init ] --START--
INFO: Run Behavior\BuildLiteBehavior [ RunTime:0.000032s ]
INFO: Run Common\Behavior\InitHookBehavior [ RunTime:0.002613s ]
INFO: [ app_init ] --END-- [ RunTime:0.002868s ]
NOTIC: [8] Use of undefined constant IS_AJAX - assumed 'IS_AJAX' E:\Workspace\PHP\QinYun\Application\Common\Common\api.php 第 42 行.

[ 2017-03-10T16:34:22+08:00 ] ::1 /Public/Home/js/ajaxSubmit.js
INFO: [ app_init ] --START--
INFO: Run Behavior\BuildLiteBehavior [ RunTime:0.000021s ]
INFO: Run Common\Behavior\InitHookBehavior [ RunTime:0.001753s ]
INFO: [ app_init ] --END-- [ RunTime:0.001908s ]
NOTIC: [8] Use of undefined constant IS_AJAX - assumed 'IS_AJAX' E:\Workspace\PHP\QinYun\Application\Common\Common\api.php 第 42 行.

[ 2017-03-10T16:34:22+08:00 ] ::1 /Public/Home/css/background.jpg
INFO: [ app_init ] --START--
INFO: Run Behavior\BuildLiteBehavior [ RunTime:0.000020s ]
INFO: Run Common\Behavior\InitHookBehavior [ RunTime:0.002321s ]
INFO: [ app_init ] --END-- [ RunTime:0.002511s ]
NOTIC: [8] Use of undefined constant IS_AJAX - assumed 'IS_AJAX' E:\Workspace\PHP\QinYun\Application\Common\Common\api.php 第 42 行.

[ 2017-03-10T16:34:37+08:00 ] ::1 /Public/Home/js/ajaxSubmit.js
INFO: [ app_init ] --START--
INFO: Run Behavior\BuildLiteBehavior [ RunTime:0.000020s ]
INFO: Run Common\Behavior\InitHookBehavior [ RunTime:0.001784s ]
INFO: [ app_init ] --END-- [ RunTime:0.001952s ]
NOTIC: [8] Use of undefined constant IS_AJAX - assumed 'IS_AJAX' E:\Workspace\PHP\QinYun\Application\Common\Common\api.php 第 42 行.

[ 2017-03-10T16:34:38+08:00 ] ::1 /Public/Home/css/background.jpg
INFO: [ app_init ] --START--
INFO: Run Behavior\BuildLiteBehavior [ RunTime:0.000031s ]
INFO: Run Common\Behavior\InitHookBehavior [ RunTime:0.002480s ]
INFO: [ app_init ] --END-- [ RunTime:0.002747s ]
NOTIC: [8] Use of undefined constant IS_AJAX - assumed 'IS_AJAX' E:\Workspace\PHP\QinYun\Application\Common\Common\api.php 第 42 行.

[ 2017-03-10T16:34:41+08:00 ] ::1 /Public/Home/js/ajaxSubmit.js
INFO: [ app_init ] --START--
INFO: Run Behavior\BuildLiteBehavior [ RunTime:0.000020s ]
INFO: Run Common\Behavior\InitHookBehavior [ RunTime:0.001667s ]
INFO: [ app_init ] --END-- [ RunTime:0.001815s ]
NOTIC: [8] Use of undefined constant IS_AJAX - assumed 'IS_AJAX' E:\Workspace\PHP\QinYun\Application\Common\Common\api.php 第 42 行.

[ 2017-03-10T16:34:41+08:00 ] ::1 /Public/Home/css/background.jpg
INFO: [ app_init ] --START--
INFO: Run Behavior\BuildLiteBehavior [ RunTime:0.000066s ]
INFO: Run Common\Behavior\InitHookBehavior [ RunTime:0.002895s ]
INFO: [ app_init ] --END-- [ RunTime:0.003339s ]
NOTIC: [8] Use of undefined constant IS_AJAX - assumed 'IS_AJAX' E:\Workspace\PHP\QinYun\Application\Common\Common\api.php 第 42 行.

[ 2017-03-10T16:34:44+08:00 ] ::1 /Public/Home/js/ajaxSubmit.js
INFO: [ app_init ] --START--
INFO: Run Behavior\BuildLiteBehavior [ RunTime:0.000029s ]
INFO: Run Common\Behavior\InitHookBehavior [ RunTime:0.002500s ]
INFO: [ app_init ] --END-- [ RunTime:0.002731s ]
NOTIC: [8] Use of undefined constant IS_AJAX - assumed 'IS_AJAX' E:\Workspace\PHP\QinYun\Application\Common\Common\api.php 第 42 行.

[ 2017-03-10T16:34:51+08:00 ] ::1 /Public/Home/css/background.jpg
INFO: [ app_init ] --START--
INFO: Run Behavior\BuildLiteBehavior [ RunTime:0.000018s ]
INFO: Run Common\Behavior\InitHookBehavior [ RunTime:0.001697s ]
INFO: [ app_init ] --END-- [ RunTime:0.001843s ]
NOTIC: [8] Use of undefined constant IS_AJAX - assumed 'IS_AJAX' E:\Workspace\PHP\QinYun\Application\Common\Common\api.php 第 42 行.

[ 2017-03-10T16:34:58+08:00 ] ::1 /Public/Home/js/ajaxSubmit.js
INFO: [ app_init ] --START--
INFO: Run Behavior\BuildLiteBehavior [ RunTime:0.000029s ]
INFO: Run Common\Behavior\InitHookBehavior [ RunTime:0.002131s ]
INFO: [ app_init ] --END-- [ RunTime:0.002340s ]
NOTIC: [8] Use of undefined constant IS_AJAX - assumed 'IS_AJAX' E:\Workspace\PHP\QinYun\Application\Common\Common\api.php 第 42 行.

[ 2017-03-10T16:34:58+08:00 ] ::1 /Public/Home/css/background.jpg
INFO: [ app_init ] --START--
INFO: Run Behavior\BuildLiteBehavior [ RunTime:0.000019s ]
INFO: Run Common\Behavior\InitHookBehavior [ RunTime:0.001760s ]
INFO: [ app_init ] --END-- [ RunTime:0.001911s ]
NOTIC: [8] Use of undefined constant IS_AJAX - assumed 'IS_AJAX' E:\Workspace\PHP\QinYun\Application\Common\Common\api.php 第 42 行.

[ 2017-03-10T16:35:29+08:00 ] ::1 /Public/Home/js/ajaxSubmit.js
INFO: [ app_init ] --START--
INFO: Run Behavior\BuildLiteBehavior [ RunTime:0.000030s ]
INFO: Run Common\Behavior\InitHookBehavior [ RunTime:0.002455s ]
INFO: [ app_init ] --END-- [ RunTime:0.002690s ]
NOTIC: [8] Use of undefined constant IS_AJAX - assumed 'IS_AJAX' E:\Workspace\PHP\QinYun\Application\Common\Common\api.php 第 42 行.

[ 2017-03-10T16:35:30+08:00 ] ::1 /Public/Home/css/background.jpg
INFO: [ app_init ] --START--
INFO: Run Behavior\BuildLiteBehavior [ RunTime:0.000020s ]
INFO: Run Common\Behavior\InitHookBehavior [ RunTime:0.002126s ]
INFO: [ app_init ] --END-- [ RunTime:0.002286s ]
NOTIC: [8] Use of undefined constant IS_AJAX - assumed 'IS_AJAX' E:\Workspace\PHP\QinYun\Application\Common\Common\api.php 第 42 行.

[ 2017-03-10T16:35:43+08:00 ] ::1 /Public/Home/js/ajaxSubmit.js
INFO: [ app_init ] --START--
INFO: Run Behavior\BuildLiteBehavior [ RunTime:0.000020s ]
INFO: Run Common\Behavior\InitHookBehavior [ RunTime:0.001894s ]
INFO: [ app_init ] --END-- [ RunTime:0.002044s ]
NOTIC: [8] Use of undefined constant IS_AJAX - assumed 'IS_AJAX' E:\Workspace\PHP\QinYun\Application\Common\Common\api.php 第 42 行.

[ 2017-03-10T16:35:43+08:00 ] ::1 /Public/Home/css/background.jpg
INFO: [ app_init ] --START--
INFO: Run Behavior\BuildLiteBehavior [ RunTime:0.000020s ]
INFO: Run Common\Behavior\InitHookBehavior [ RunTime:0.002039s ]
INFO: [ app_init ] --END-- [ RunTime:0.002196s ]
NOTIC: [8] Use of undefined constant IS_AJAX - assumed 'IS_AJAX' E:\Workspace\PHP\QinYun\Application\Common\Common\api.php 第 42 行.

[ 2017-03-10T16:38:07+08:00 ] ::1 /Public/Home/js/ajaxSubmit.js
INFO: [ app_init ] --START--
INFO: Run Behavior\BuildLiteBehavior [ RunTime:0.000030s ]
INFO: Run Common\Behavior\InitHookBehavior [ RunTime:0.002423s ]
INFO: [ app_init ] --END-- [ RunTime:0.002652s ]
NOTIC: [8] Use of undefined constant IS_AJAX - assumed 'IS_AJAX' E:\Workspace\PHP\QinYun\Application\Common\Common\api.php 第 42 行.

[ 2017-03-10T16:38:07+08:00 ] ::1 /Public/Home/css/background.jpg
INFO: [ app_init ] --START--
INFO: Run Behavior\BuildLiteBehavior [ RunTime:0.000019s ]
INFO: Run Common\Behavior\InitHookBehavior [ RunTime:0.001950s ]
INFO: [ app_init ] --END-- [ RunTime:0.002137s ]
NOTIC: [8] Use of undefined constant IS_AJAX - assumed 'IS_AJAX' E:\Workspace\PHP\QinYun\Application\Common\Common\api.php 第 42 行.

[ 2017-03-10T16:38:26+08:00 ] ::1 /Public/Home/js/ajaxSubmit.js
INFO: [ app_init ] --START--
INFO: Run Behavior\BuildLiteBehavior [ RunTime:0.000018s ]
INFO: Run Common\Behavior\InitHookBehavior [ RunTime:0.001652s ]
INFO: [ app_init ] --END-- [ RunTime:0.001800s ]
NOTIC: [8] Use of undefined constant IS_AJAX - assumed 'IS_AJAX' E:\Workspace\PHP\QinYun\Application\Common\Common\api.php 第 42 行.

[ 2017-03-10T16:38:27+08:00 ] ::1 /Public/Home/css/background.jpg
INFO: [ app_init ] --START--
INFO: Run Behavior\BuildLiteBehavior [ RunTime:0.000033s ]
INFO: Run Common\Behavior\InitHookBehavior [ RunTime:0.001924s ]
INFO: [ app_init ] --END-- [ RunTime:0.002133s ]
NOTIC: [8] Use of undefined constant IS_AJAX - assumed 'IS_AJAX' E:\Workspace\PHP\QinYun\Application\Common\Common\api.php 第 42 行.

[ 2017-03-10T16:39:33+08:00 ] ::1 /Public/Home/js/ajaxSubmit.js
INFO: [ app_init ] --START--
INFO: Run Behavior\BuildLiteBehavior [ RunTime:0.000019s ]
INFO: Run Common\Behavior\InitHookBehavior [ RunTime:0.001896s ]
INFO: [ app_init ] --END-- [ RunTime:0.002049s ]
NOTIC: [8] Use of undefined constant IS_AJAX - assumed 'IS_AJAX' E:\Workspace\PHP\QinYun\Application\Common\Common\api.php 第 42 行.

[ 2017-03-10T16:39:33+08:00 ] ::1 /Public/Home/css/background.jpg
INFO: [ app_init ] --START--
INFO: Run Behavior\BuildLiteBehavior [ RunTime:0.000031s ]
INFO: Run Common\Behavior\InitHookBehavior [ RunTime:0.002444s ]
INFO: [ app_init ] --END-- [ RunTime:0.002671s ]
NOTIC: [8] Use of undefined constant IS_AJAX - assumed 'IS_AJAX' E:\Workspace\PHP\QinYun\Application\Common\Common\api.php 第 42 行.

[ 2017-03-10T16:40:25+08:00 ] ::1 /Public/Home/js/ajaxSubmit.js
INFO: [ app_init ] --START--
INFO: Run Behavior\BuildLiteBehavior [ RunTime:0.000019s ]
INFO: Run Common\Behavior\InitHookBehavior [ RunTime:0.001770s ]
INFO: [ app_init ] --END-- [ RunTime:0.001954s ]
NOTIC: [8] Use of undefined constant IS_AJAX - assumed 'IS_AJAX' E:\Workspace\PHP\QinYun\Application\Common\Common\api.php 第 42 行.

[ 2017-03-10T16:40:25+08:00 ] ::1 /Public/Home/css/background.jpg
INFO: [ app_init ] --START--
INFO: Run Behavior\BuildLiteBehavior [ RunTime:0.000024s ]
INFO: Run Common\Behavior\InitHookBehavior [ RunTime:0.002125s ]
INFO: [ app_init ] --END-- [ RunTime:0.002290s ]
NOTIC: [8] Use of undefined constant IS_AJAX - assumed 'IS_AJAX' E:\Workspace\PHP\QinYun\Application\Common\Common\api.php 第 42 行.

[ 2017-03-10T16:47:36+08:00 ] ::1 /Public/Home/js/ajaxSubmit.js
INFO: [ app_init ] --START--
INFO: Run Behavior\BuildLiteBehavior [ RunTime:0.000030s ]
INFO: Run Common\Behavior\InitHookBehavior [ RunTime:0.002768s ]
INFO: [ app_init ] --END-- [ RunTime:0.003017s ]
NOTIC: [8] Use of undefined constant IS_AJAX - assumed 'IS_AJAX' E:\Workspace\PHP\QinYun\Application\Common\Common\api.php 第 42 行.

[ 2017-03-10T16:47:36+08:00 ] ::1 /Public/Home/css/background.jpg
INFO: [ app_init ] --START--
INFO: Run Behavior\BuildLiteBehavior [ RunTime:0.000019s ]
INFO: Run Common\Behavior\InitHookBehavior [ RunTime:0.001698s ]
INFO: [ app_init ] --END-- [ RunTime:0.001850s ]
NOTIC: [8] Use of undefined constant IS_AJAX - assumed 'IS_AJAX' E:\Workspace\PHP\QinYun\Application\Common\Common\api.php 第 42 行.

[ 2017-03-10T17:13:35+08:00 ] ::1 /Public/Home/js/ajaxSubmit.js
INFO: [ app_init ] --START--
INFO: Run Behavior\BuildLiteBehavior [ RunTime:0.000021s ]
INFO: Run Common\Behavior\InitHookBehavior [ RunTime:0.002543s ]
INFO: [ app_init ] --END-- [ RunTime:0.002733s ]
NOTIC: [8] Use of undefined constant IS_AJAX - assumed 'IS_AJAX' E:\Workspace\PHP\QinYun\Application\Common\Common\api.php 第 42 行.

[ 2017-03-10T17:13:35+08:00 ] ::1 /Public/Home/css/background.jpg
INFO: [ app_init ] --START--
INFO: Run Behavior\BuildLiteBehavior [ RunTime:0.000019s ]
INFO: Run Common\Behavior\InitHookBehavior [ RunTime:0.001881s ]
INFO: [ app_init ] --END-- [ RunTime:0.002033s ]
NOTIC: [8] Use of undefined constant IS_AJAX - assumed 'IS_AJAX' E:\Workspace\PHP\QinYun\Application\Common\Common\api.php 第 42 行.

[ 2017-03-10T17:15:36+08:00 ] ::1 /Public/Home/js/ajaxSubmit.js
INFO: [ app_init ] --START--
INFO: Run Behavior\BuildLiteBehavior [ RunTime:0.000029s ]
INFO: Run Common\Behavior\InitHookBehavior [ RunTime:0.002468s ]
INFO: [ app_init ] --END-- [ RunTime:0.002705s ]
NOTIC: [8] Use of undefined constant IS_AJAX - assumed 'IS_AJAX' E:\Workspace\PHP\QinYun\Application\Common\Common\api.php 第 42 行.

[ 2017-03-10T17:15:37+08:00 ] ::1 /Public/Home/css/background.jpg
INFO: [ app_init ] --START--
INFO: Run Behavior\BuildLiteBehavior [ RunTime:0.000023s ]
INFO: Run Common\Behavior\InitHookBehavior [ RunTime:0.001734s ]
INFO: [ app_init ] --END-- [ RunTime:0.001889s ]
NOTIC: [8] Use of undefined constant IS_AJAX - assumed 'IS_AJAX' E:\Workspace\PHP\QinYun\Application\Common\Common\api.php 第 42 行.

[ 2017-03-10T17:16:26+08:00 ] ::1 /Public/Home/js/ajaxSubmit.js
INFO: [ app_init ] --START--
INFO: Run Behavior\BuildLiteBehavior [ RunTime:0.000030s ]
INFO: Run Common\Behavior\InitHookBehavior [ RunTime:0.002593s ]
INFO: [ app_init ] --END-- [ RunTime:0.002828s ]
NOTIC: [8] Use of undefined constant IS_AJAX - assumed 'IS_AJAX' E:\Workspace\PHP\QinYun\Application\Common\Common\api.php 第 42 行.

[ 2017-03-10T17:16:27+08:00 ] ::1 /Public/Home/css/background.jpg
INFO: [ app_init ] --START--
INFO: Run Behavior\BuildLiteBehavior [ RunTime:0.000032s ]
INFO: Run Common\Behavior\InitHookBehavior [ RunTime:0.002284s ]
INFO: [ app_init ] --END-- [ RunTime:0.002547s ]
NOTIC: [8] Use of undefined constant IS_AJAX - assumed 'IS_AJAX' E:\Workspace\PHP\QinYun\Application\Common\Common\api.php 第 42 行.

[ 2017-03-10T17:16:44+08:00 ] ::1 /Public/Home/js/ajaxSubmit.js
INFO: [ app_init ] --START--
INFO: Run Behavior\BuildLiteBehavior [ RunTime:0.000022s ]
INFO: Run Common\Behavior\InitHookBehavior [ RunTime:0.003013s ]
INFO: [ app_init ] --END-- [ RunTime:0.003196s ]
NOTIC: [8] Use of undefined constant IS_AJAX - assumed 'IS_AJAX' E:\Workspace\PHP\QinYun\Application\Common\Common\api.php 第 42 行.

[ 2017-03-10T17:16:45+08:00 ] ::1 /Public/Home/css/background.jpg
INFO: [ app_init ] --START--
INFO: Run Behavior\BuildLiteBehavior [ RunTime:0.000123s ]
INFO: Run Common\Behavior\InitHookBehavior [ RunTime:0.005593s ]
INFO: [ app_init ] --END-- [ RunTime:0.005889s ]
NOTIC: [8] Use of undefined constant IS_AJAX - assumed 'IS_AJAX' E:\Workspace\PHP\QinYun\Application\Common\Common\api.php 第 42 行.

[ 2017-03-10T17:17:23+08:00 ] ::1 /Public/Home/js/ajaxSubmit.js
INFO: [ app_init ] --START--
INFO: Run Behavior\BuildLiteBehavior [ RunTime:0.000030s ]
INFO: Run Common\Behavior\InitHookBehavior [ RunTime:0.003584s ]
INFO: [ app_init ] --END-- [ RunTime:0.003825s ]
NOTIC: [8] Use of undefined constant IS_AJAX - assumed 'IS_AJAX' E:\Workspace\PHP\QinYun\Application\Common\Common\api.php 第 42 行.

[ 2017-03-10T17:17:23+08:00 ] ::1 /Public/Home/css/background.jpg
INFO: [ app_init ] --START--
INFO: Run Behavior\BuildLiteBehavior [ RunTime:0.000020s ]
INFO: Run Common\Behavior\InitHookBehavior [ RunTime:0.002738s ]
INFO: [ app_init ] --END-- [ RunTime:0.002935s ]
NOTIC: [8] Use of undefined constant IS_AJAX - assumed 'IS_AJAX' E:\Workspace\PHP\QinYun\Application\Common\Common\api.php 第 42 行.

[ 2017-03-10T17:18:33+08:00 ] ::1 /Public/Home/js/ajaxSubmit.js
INFO: [ app_init ] --START--
INFO: Run Behavior\BuildLiteBehavior [ RunTime:0.000227s ]
INFO: Run Common\Behavior\InitHookBehavior [ RunTime:0.003226s ]
INFO: [ app_init ] --END-- [ RunTime:0.003671s ]
NOTIC: [8] Use of undefined constant IS_AJAX - assumed 'IS_AJAX' E:\Workspace\PHP\QinYun\Application\Common\Common\api.php 第 42 行.

[ 2017-03-10T17:18:33+08:00 ] ::1 /Public/Home/css/background.jpg
INFO: [ app_init ] --START--
INFO: Run Behavior\BuildLiteBehavior [ RunTime:0.000020s ]
INFO: Run Common\Behavior\InitHookBehavior [ RunTime:0.004746s ]
INFO: [ app_init ] --END-- [ RunTime:0.004919s ]
NOTIC: [8] Use of undefined constant IS_AJAX - assumed 'IS_AJAX' E:\Workspace\PHP\QinYun\Application\Common\Common\api.php 第 42 行.

[ 2017-03-10T17:19:40+08:00 ] ::1 /Public/Home/js/ajaxSubmit.js
INFO: [ app_init ] --START--
INFO: Run Behavior\BuildLiteBehavior [ RunTime:0.000020s ]
INFO: Run Common\Behavior\InitHookBehavior [ RunTime:0.001750s ]
INFO: [ app_init ] --END-- [ RunTime:0.001902s ]
NOTIC: [8] Use of undefined constant IS_AJAX - assumed 'IS_AJAX' E:\Workspace\PHP\QinYun\Application\Common\Common\api.php 第 42 行.

[ 2017-03-10T17:19:40+08:00 ] ::1 /Public/Home/css/background.jpg
INFO: [ app_init ] --START--
INFO: Run Behavior\BuildLiteBehavior [ RunTime:0.000021s ]
INFO: Run Common\Behavior\InitHookBehavior [ RunTime:0.002768s ]
INFO: [ app_init ] --END-- [ RunTime:0.002945s ]
NOTIC: [8] Use of undefined constant IS_AJAX - assumed 'IS_AJAX' E:\Workspace\PHP\QinYun\Application\Common\Common\api.php 第 42 行.

[ 2017-03-10T17:19:52+08:00 ] ::1 /Public/Home/js/ajaxSubmit.js
INFO: [ app_init ] --START--
INFO: Run Behavior\BuildLiteBehavior [ RunTime:0.000019s ]
INFO: Run Common\Behavior\InitHookBehavior [ RunTime:0.001982s ]
INFO: [ app_init ] --END-- [ RunTime:0.002135s ]
NOTIC: [8] Use of undefined constant IS_AJAX - assumed 'IS_AJAX' E:\Workspace\PHP\QinYun\Application\Common\Common\api.php 第 42 行.

[ 2017-03-10T17:19:53+08:00 ] ::1 /Public/Home/css/background.jpg
INFO: [ app_init ] --START--
INFO: Run Behavior\BuildLiteBehavior [ RunTime:0.000019s ]
INFO: Run Common\Behavior\InitHookBehavior [ RunTime:0.003829s ]
INFO: [ app_init ] --END-- [ RunTime:0.003990s ]
NOTIC: [8] Use of undefined constant IS_AJAX - assumed 'IS_AJAX' E:\Workspace\PHP\QinYun\Application\Common\Common\api.php 第 42 行.

[ 2017-03-10T17:20:13+08:00 ] ::1 /Public/Home/js/ajaxSubmit.js
INFO: [ app_init ] --START--
INFO: Run Behavior\BuildLiteBehavior [ RunTime:0.000021s ]
INFO: Run Common\Behavior\InitHookBehavior [ RunTime:0.001833s ]
INFO: [ app_init ] --END-- [ RunTime:0.001986s ]
NOTIC: [8] Use of undefined constant IS_AJAX - assumed 'IS_AJAX' E:\Workspace\PHP\QinYun\Application\Common\Common\api.php 第 42 行.

[ 2017-03-10T17:20:13+08:00 ] ::1 /Public/Home/css/background.jpg
INFO: [ app_init ] --START--
INFO: Run Behavior\BuildLiteBehavior [ RunTime:0.000022s ]
INFO: Run Common\Behavior\InitHookBehavior [ RunTime:0.001969s ]
INFO: [ app_init ] --END-- [ RunTime:0.002177s ]
NOTIC: [8] Use of undefined constant IS_AJAX - assumed 'IS_AJAX' E:\Workspace\PHP\QinYun\Application\Common\Common\api.php 第 42 行.

[ 2017-03-10T17:20:49+08:00 ] ::1 /Public/Home/js/ajaxSubmit.js
INFO: [ app_init ] --START--
INFO: Run Behavior\BuildLiteBehavior [ RunTime:0.000019s ]
INFO: Run Common\Behavior\InitHookBehavior [ RunTime:0.001951s ]
INFO: [ app_init ] --END-- [ RunTime:0.002101s ]
NOTIC: [8] Use of undefined constant IS_AJAX - assumed 'IS_AJAX' E:\Workspace\PHP\QinYun\Application\Common\Common\api.php 第 42 行.

[ 2017-03-10T17:20:50+08:00 ] ::1 /Public/Home/css/background.jpg
INFO: [ app_init ] --START--
INFO: Run Behavior\BuildLiteBehavior [ RunTime:0.000021s ]
INFO: Run Common\Behavior\InitHookBehavior [ RunTime:0.002448s ]
INFO: [ app_init ] --END-- [ RunTime:0.002653s ]
NOTIC: [8] Use of undefined constant IS_AJAX - assumed 'IS_AJAX' E:\Workspace\PHP\QinYun\Application\Common\Common\api.php 第 42 行.

[ 2017-03-10T17:21:09+08:00 ] ::1 /Public/Home/js/ajaxSubmit.js
INFO: [ app_init ] --START--
INFO: Run Behavior\BuildLiteBehavior [ RunTime:0.000020s ]
INFO: Run Common\Behavior\InitHookBehavior [ RunTime:0.002016s ]
INFO: [ app_init ] --END-- [ RunTime:0.002166s ]
NOTIC: [8] Use of undefined constant IS_AJAX - assumed 'IS_AJAX' E:\Workspace\PHP\QinYun\Application\Common\Common\api.php 第 42 行.

[ 2017-03-10T17:21:09+08:00 ] ::1 /Public/Home/css/background.jpg
INFO: [ app_init ] --START--
INFO: Run Behavior\BuildLiteBehavior [ RunTime:0.000020s ]
INFO: Run Common\Behavior\InitHookBehavior [ RunTime:0.002290s ]
INFO: [ app_init ] --END-- [ RunTime:0.002470s ]
NOTIC: [8] Use of undefined constant IS_AJAX - assumed 'IS_AJAX' E:\Workspace\PHP\QinYun\Application\Common\Common\api.php 第 42 行.

[ 2017-03-10T17:21:15+08:00 ] ::1 /Public/Home/js/ajaxSubmit.js
INFO: [ app_init ] --START--
INFO: Run Behavior\BuildLiteBehavior [ RunTime:0.000019s ]
INFO: Run Common\Behavior\InitHookBehavior [ RunTime:0.001867s ]
INFO: [ app_init ] --END-- [ RunTime:0.002022s ]
NOTIC: [8] Use of undefined constant IS_AJAX - assumed 'IS_AJAX' E:\Workspace\PHP\QinYun\Application\Common\Common\api.php 第 42 行.

[ 2017-03-10T17:21:15+08:00 ] ::1 /Public/Home/css/background.jpg
INFO: [ app_init ] --START--
INFO: Run Behavior\BuildLiteBehavior [ RunTime:0.000034s ]
INFO: Run Common\Behavior\InitHookBehavior [ RunTime:0.002837s ]
INFO: [ app_init ] --END-- [ RunTime:0.003089s ]
NOTIC: [8] Use of undefined constant IS_AJAX - assumed 'IS_AJAX' E:\Workspace\PHP\QinYun\Application\Common\Common\api.php 第 42 行.

[ 2017-03-10T17:21:57+08:00 ] ::1 /Public/Home/js/ajaxSubmit.js
INFO: [ app_init ] --START--
INFO: Run Behavior\BuildLiteBehavior [ RunTime:0.000031s ]
INFO: Run Common\Behavior\InitHookBehavior [ RunTime:0.002527s ]
INFO: [ app_init ] --END-- [ RunTime:0.002813s ]
NOTIC: [8] Use of undefined constant IS_AJAX - assumed 'IS_AJAX' E:\Workspace\PHP\QinYun\Application\Common\Common\api.php 第 42 行.

[ 2017-03-10T17:21:57+08:00 ] ::1 /Public/Home/css/background.jpg
INFO: [ app_init ] --START--
INFO: Run Behavior\BuildLiteBehavior [ RunTime:0.000031s ]
INFO: Run Common\Behavior\InitHookBehavior [ RunTime:0.002337s ]
INFO: [ app_init ] --END-- [ RunTime:0.002551s ]
NOTIC: [8] Use of undefined constant IS_AJAX - assumed 'IS_AJAX' E:\Workspace\PHP\QinYun\Application\Common\Common\api.php 第 42 行.

[ 2017-03-10T17:22:54+08:00 ] ::1 /Public/Home/js/ajaxSubmit.js
INFO: [ app_init ] --START--
INFO: Run Behavior\BuildLiteBehavior [ RunTime:0.000020s ]
INFO: Run Common\Behavior\InitHookBehavior [ RunTime:0.002406s ]
INFO: [ app_init ] --END-- [ RunTime:0.002563s ]
NOTIC: [8] Use of undefined constant IS_AJAX - assumed 'IS_AJAX' E:\Workspace\PHP\QinYun\Application\Common\Common\api.php 第 42 行.

[ 2017-03-10T17:22:55+08:00 ] ::1 /Public/Home/css/background.jpg
INFO: [ app_init ] --START--
INFO: Run Behavior\BuildLiteBehavior [ RunTime:0.000020s ]
INFO: Run Common\Behavior\InitHookBehavior [ RunTime:0.002091s ]
INFO: [ app_init ] --END-- [ RunTime:0.002260s ]
NOTIC: [8] Use of undefined constant IS_AJAX - assumed 'IS_AJAX' E:\Workspace\PHP\QinYun\Application\Common\Common\api.php 第 42 行.

[ 2017-03-10T17:24:30+08:00 ] ::1 /Public/Home/js/ajaxSubmit.js
INFO: [ app_init ] --START--
INFO: Run Behavior\BuildLiteBehavior [ RunTime:0.000021s ]
INFO: Run Common\Behavior\InitHookBehavior [ RunTime:0.001775s ]
INFO: [ app_init ] --END-- [ RunTime:0.001927s ]
NOTIC: [8] Use of undefined constant IS_AJAX - assumed 'IS_AJAX' E:\Workspace\PHP\QinYun\Application\Common\Common\api.php 第 42 行.

[ 2017-03-10T17:24:30+08:00 ] ::1 /Public/Home/css/background.jpg
INFO: [ app_init ] --START--
INFO: Run Behavior\BuildLiteBehavior [ RunTime:0.000030s ]
INFO: Run Common\Behavior\InitHookBehavior [ RunTime:0.002279s ]
INFO: [ app_init ] --END-- [ RunTime:0.002472s ]
NOTIC: [8] Use of undefined constant IS_AJAX - assumed 'IS_AJAX' E:\Workspace\PHP\QinYun\Application\Common\Common\api.php 第 42 行.

[ 2017-03-10T17:25:11+08:00 ] ::1 /Public/Home/js/ajaxSubmit.js
INFO: [ app_init ] --START--
INFO: Run Behavior\BuildLiteBehavior [ RunTime:0.000033s ]
INFO: Run Common\Behavior\InitHookBehavior [ RunTime:0.002582s ]
INFO: [ app_init ] --END-- [ RunTime:0.002795s ]
NOTIC: [8] Use of undefined constant IS_AJAX - assumed 'IS_AJAX' E:\Workspace\PHP\QinYun\Application\Common\Common\api.php 第 42 行.

[ 2017-03-10T17:25:12+08:00 ] ::1 /Public/Home/css/background.jpg
INFO: [ app_init ] --START--
INFO: Run Behavior\BuildLiteBehavior [ RunTime:0.000172s ]
INFO: Run Common\Behavior\InitHookBehavior [ RunTime:0.002333s ]
INFO: [ app_init ] --END-- [ RunTime:0.002649s ]
NOTIC: [8] Use of undefined constant IS_AJAX - assumed 'IS_AJAX' E:\Workspace\PHP\QinYun\Application\Common\Common\api.php 第 42 行.

[ 2017-03-10T17:25:23+08:00 ] ::1 /Public/Home/js/ajaxSubmit.js
INFO: [ app_init ] --START--
INFO: Run Behavior\BuildLiteBehavior [ RunTime:0.000030s ]
INFO: Run Common\Behavior\InitHookBehavior [ RunTime:0.003309s ]
INFO: [ app_init ] --END-- [ RunTime:0.003553s ]
NOTIC: [8] Use of undefined constant IS_AJAX - assumed 'IS_AJAX' E:\Workspace\PHP\QinYun\Application\Common\Common\api.php 第 42 行.

[ 2017-03-10T17:25:24+08:00 ] ::1 /Public/Home/css/background.jpg
INFO: [ app_init ] --START--
INFO: Run Behavior\BuildLiteBehavior [ RunTime:0.000022s ]
INFO: Run Common\Behavior\InitHookBehavior [ RunTime:0.002305s ]
INFO: [ app_init ] --END-- [ RunTime:0.002466s ]
NOTIC: [8] Use of undefined constant IS_AJAX - assumed 'IS_AJAX' E:\Workspace\PHP\QinYun\Application\Common\Common\api.php 第 42 行.

[ 2017-03-10T17:25:28+08:00 ] ::1 /Public/Home/js/ajaxSubmit.js
INFO: [ app_init ] --START--
INFO: Run Behavior\BuildLiteBehavior [ RunTime:0.000020s ]
INFO: Run Common\Behavior\InitHookBehavior [ RunTime:0.002857s ]
INFO: [ app_init ] --END-- [ RunTime:0.003045s ]
NOTIC: [8] Use of undefined constant IS_AJAX - assumed 'IS_AJAX' E:\Workspace\PHP\QinYun\Application\Common\Common\api.php 第 42 行.

[ 2017-03-10T17:25:34+08:00 ] ::1 /Public/Home/js/ajaxSubmit.js
INFO: [ app_init ] --START--
INFO: Run Behavior\BuildLiteBehavior [ RunTime:0.000022s ]
INFO: Run Common\Behavior\InitHookBehavior [ RunTime:0.002513s ]
INFO: [ app_init ] --END-- [ RunTime:0.002704s ]
NOTIC: [8] Use of undefined constant IS_AJAX - assumed 'IS_AJAX' E:\Workspace\PHP\QinYun\Application\Common\Common\api.php 第 42 行.

[ 2017-03-10T17:25:37+08:00 ] ::1 /Public/Home/css/background.jpg
INFO: [ app_init ] --START--
INFO: Run Behavior\BuildLiteBehavior [ RunTime:0.000021s ]
INFO: Run Common\Behavior\InitHookBehavior [ RunTime:0.001791s ]
INFO: [ app_init ] --END-- [ RunTime:0.001943s ]
NOTIC: [8] Use of undefined constant IS_AJAX - assumed 'IS_AJAX' E:\Workspace\PHP\QinYun\Application\Common\Common\api.php 第 42 行.

[ 2017-03-10T17:25:38+08:00 ] ::1 /Public/Home/css/background.jpg
INFO: [ app_init ] --START--
INFO: Run Behavior\BuildLiteBehavior [ RunTime:0.000027s ]
INFO: Run Common\Behavior\InitHookBehavior [ RunTime:0.002493s ]
INFO: [ app_init ] --END-- [ RunTime:0.002682s ]
NOTIC: [8] Use of undefined constant IS_AJAX - assumed 'IS_AJAX' E:\Workspace\PHP\QinYun\Application\Common\Common\api.php 第 42 行.

[ 2017-03-10T17:25:46+08:00 ] ::1 /Public/Home/js/ajaxSubmit.js
INFO: [ app_init ] --START--
INFO: Run Behavior\BuildLiteBehavior [ RunTime:0.000031s ]
INFO: Run Common\Behavior\InitHookBehavior [ RunTime:0.002100s ]
INFO: [ app_init ] --END-- [ RunTime:0.002315s ]
NOTIC: [8] Use of undefined constant IS_AJAX - assumed 'IS_AJAX' E:\Workspace\PHP\QinYun\Application\Common\Common\api.php 第 42 行.

[ 2017-03-10T17:25:46+08:00 ] ::1 /Public/Home/css/background.jpg
INFO: [ app_init ] --START--
INFO: Run Behavior\BuildLiteBehavior [ RunTime:0.000054s ]
INFO: Run Common\Behavior\InitHookBehavior [ RunTime:0.002826s ]
INFO: [ app_init ] --END-- [ RunTime:0.003105s ]
NOTIC: [8] Use of undefined constant IS_AJAX - assumed 'IS_AJAX' E:\Workspace\PHP\QinYun\Application\Common\Common\api.php 第 42 行.

[ 2017-03-10T17:27:27+08:00 ] ::1 /Public/Home/js/ajaxSubmit.js
INFO: [ app_init ] --START--
INFO: Run Behavior\BuildLiteBehavior [ RunTime:0.000022s ]
INFO: Run Common\Behavior\InitHookBehavior [ RunTime:0.001905s ]
INFO: [ app_init ] --END-- [ RunTime:0.002089s ]
NOTIC: [8] Use of undefined constant IS_AJAX - assumed 'IS_AJAX' E:\Workspace\PHP\QinYun\Application\Common\Common\api.php 第 42 行.

[ 2017-03-10T17:27:28+08:00 ] ::1 /Public/Home/css/background.jpg
INFO: [ app_init ] --START--
INFO: Run Behavior\BuildLiteBehavior [ RunTime:0.000032s ]
INFO: Run Common\Behavior\InitHookBehavior [ RunTime:0.002878s ]
INFO: [ app_init ] --END-- [ RunTime:0.003116s ]
NOTIC: [8] Use of undefined constant IS_AJAX - assumed 'IS_AJAX' E:\Workspace\PHP\QinYun\Application\Common\Common\api.php 第 42 行.

[ 2017-03-10T17:27:30+08:00 ] ::1 /Public/Home/js/ajaxSubmit.js
INFO: [ app_init ] --START--
INFO: Run Behavior\BuildLiteBehavior [ RunTime:0.000024s ]
INFO: Run Common\Behavior\InitHookBehavior [ RunTime:0.001844s ]
INFO: [ app_init ] --END-- [ RunTime:0.002024s ]
NOTIC: [8] Use of undefined constant IS_AJAX - assumed 'IS_AJAX' E:\Workspace\PHP\QinYun\Application\Common\Common\api.php 第 42 行.

[ 2017-03-10T17:27:31+08:00 ] ::1 /Public/Home/css/background.jpg
INFO: [ app_init ] --START--
INFO: Run Behavior\BuildLiteBehavior [ RunTime:0.000023s ]
INFO: Run Common\Behavior\InitHookBehavior [ RunTime:0.002160s ]
INFO: [ app_init ] --END-- [ RunTime:0.002357s ]
NOTIC: [8] Use of undefined constant IS_AJAX - assumed 'IS_AJAX' E:\Workspace\PHP\QinYun\Application\Common\Common\api.php 第 42 行.

[ 2017-03-10T17:28:27+08:00 ] ::1 /Public/Home/js/ajaxSubmit.js
INFO: [ app_init ] --START--
INFO: Run Behavior\BuildLiteBehavior [ RunTime:0.000020s ]
INFO: Run Common\Behavior\InitHookBehavior [ RunTime:0.001801s ]
INFO: [ app_init ] --END-- [ RunTime:0.001955s ]
NOTIC: [8] Use of undefined constant IS_AJAX - assumed 'IS_AJAX' E:\Workspace\PHP\QinYun\Application\Common\Common\api.php 第 42 行.

[ 2017-03-10T17:28:28+08:00 ] ::1 /Public/Home/css/background.jpg
INFO: [ app_init ] --START--
INFO: Run Behavior\BuildLiteBehavior [ RunTime:0.000021s ]
INFO: Run Common\Behavior\InitHookBehavior [ RunTime:0.002782s ]
INFO: [ app_init ] --END-- [ RunTime:0.003000s ]
NOTIC: [8] Use of undefined constant IS_AJAX - assumed 'IS_AJAX' E:\Workspace\PHP\QinYun\Application\Common\Common\api.php 第 42 行.

[ 2017-03-10T17:28:44+08:00 ] ::1 /Public/Home/js/ajaxSubmit.js
INFO: [ app_init ] --START--
INFO: Run Behavior\BuildLiteBehavior [ RunTime:0.000020s ]
INFO: Run Common\Behavior\InitHookBehavior [ RunTime:0.001721s ]
INFO: [ app_init ] --END-- [ RunTime:0.001877s ]
NOTIC: [8] Use of undefined constant IS_AJAX - assumed 'IS_AJAX' E:\Workspace\PHP\QinYun\Application\Common\Common\api.php 第 42 行.

[ 2017-03-10T17:28:45+08:00 ] ::1 /Public/Home/css/background.jpg
INFO: [ app_init ] --START--
INFO: Run Behavior\BuildLiteBehavior [ RunTime:0.000024s ]
INFO: Run Common\Behavior\InitHookBehavior [ RunTime:0.002060s ]
INFO: [ app_init ] --END-- [ RunTime:0.002262s ]
NOTIC: [8] Use of undefined constant IS_AJAX - assumed 'IS_AJAX' E:\Workspace\PHP\QinYun\Application\Common\Common\api.php 第 42 行.

[ 2017-03-10T17:28:51+08:00 ] ::1 /Public/Home/js/ajaxSubmit.js
INFO: [ app_init ] --START--
INFO: Run Behavior\BuildLiteBehavior [ RunTime:0.000019s ]
INFO: Run Common\Behavior\InitHookBehavior [ RunTime:0.001880s ]
INFO: [ app_init ] --END-- [ RunTime:0.002033s ]
NOTIC: [8] Use of undefined constant IS_AJAX - assumed 'IS_AJAX' E:\Workspace\PHP\QinYun\Application\Common\Common\api.php 第 42 行.

[ 2017-03-10T17:28:52+08:00 ] ::1 /Public/Home/css/background.jpg
INFO: [ app_init ] --START--
INFO: Run Behavior\BuildLiteBehavior [ RunTime:0.000033s ]
INFO: Run Common\Behavior\InitHookBehavior [ RunTime:0.003189s ]
INFO: [ app_init ] --END-- [ RunTime:0.003435s ]
NOTIC: [8] Use of undefined constant IS_AJAX - assumed 'IS_AJAX' E:\Workspace\PHP\QinYun\Application\Common\Common\api.php 第 42 行.

[ 2017-03-10T17:29:15+08:00 ] ::1 /Public/Home/js/ajaxSubmit.js
INFO: [ app_init ] --START--
INFO: Run Behavior\BuildLiteBehavior [ RunTime:0.000020s ]
INFO: Run Common\Behavior\InitHookBehavior [ RunTime:0.001723s ]
INFO: [ app_init ] --END-- [ RunTime:0.001878s ]
NOTIC: [8] Use of undefined constant IS_AJAX - assumed 'IS_AJAX' E:\Workspace\PHP\QinYun\Application\Common\Common\api.php 第 42 行.

[ 2017-03-10T17:29:16+08:00 ] ::1 /Public/Home/css/background.jpg
INFO: [ app_init ] --START--
INFO: Run Behavior\BuildLiteBehavior [ RunTime:0.000032s ]
INFO: Run Common\Behavior\InitHookBehavior [ RunTime:0.002532s ]
INFO: [ app_init ] --END-- [ RunTime:0.002765s ]
NOTIC: [8] Use of undefined constant IS_AJAX - assumed 'IS_AJAX' E:\Workspace\PHP\QinYun\Application\Common\Common\api.php 第 42 行.

