[ 2017-03-08T14:35:51+08:00 ] ::1 /img/favicon.png
INFO: [ app_init ] --START--
INFO: Run Behavior\BuildLiteBehavior [ RunTime:0.000022s ]
INFO: Run Common\Behavior\InitHookBehavior [ RunTime:0.001972s ]
INFO: [ app_init ] --END-- [ RunTime:0.002133s ]
NOTIC: [8] Use of undefined constant IS_AJAX - assumed 'IS_AJAX' E:\Workspace\PHP\QinYun\Application\Common\Common\api.php 第 42 行.

[ 2017-03-08T14:35:51+08:00 ] ::1 /Public/Home/css/background.jpg
INFO: [ app_init ] --START--
INFO: Run Behavior\BuildLiteBehavior [ RunTime:0.000030s ]
INFO: Run Common\Behavior\InitHookBehavior [ RunTime:0.002527s ]
INFO: [ app_init ] --END-- [ RunTime:0.002737s ]
NOTIC: [8] Use of undefined constant IS_AJAX - assumed 'IS_AJAX' E:\Workspace\PHP\QinYun\Application\Common\Common\api.php 第 42 行.

[ 2017-03-08T14:35:52+08:00 ] ::1 /Public/Home/js/ajaxSubmit.js
INFO: [ app_init ] --START--
INFO: Run Behavior\BuildLiteBehavior [ RunTime:0.000038s ]
INFO: Run Common\Behavior\InitHookBehavior [ RunTime:0.002182s ]
INFO: [ app_init ] --END-- [ RunTime:0.002479s ]
NOTIC: [8] Use of undefined constant IS_AJAX - assumed 'IS_AJAX' E:\Workspace\PHP\QinYun\Application\Common\Common\api.php 第 42 行.

[ 2017-03-08T14:36:33+08:00 ] ::1 /Public/Home/js/ajaxSubmit.js
INFO: [ app_init ] --START--
INFO: Run Behavior\BuildLiteBehavior [ RunTime:0.000024s ]
INFO: Run Common\Behavior\InitHookBehavior [ RunTime:0.003041s ]
INFO: [ app_init ] --END-- [ RunTime:0.003223s ]
NOTIC: [8] Use of undefined constant IS_AJAX - assumed 'IS_AJAX' E:\Workspace\PHP\QinYun\Application\Common\Common\api.php 第 42 行.

[ 2017-03-08T14:36:33+08:00 ] ::1 /Public/Home/css/background.jpg
INFO: [ app_init ] --START--
INFO: Run Behavior\BuildLiteBehavior [ RunTime:0.000030s ]
INFO: Run Common\Behavior\InitHookBehavior [ RunTime:0.003105s ]
INFO: [ app_init ] --END-- [ RunTime:0.003286s ]
NOTIC: [8] Use of undefined constant IS_AJAX - assumed 'IS_AJAX' E:\Workspace\PHP\QinYun\Application\Common\Common\api.php 第 42 行.

[ 2017-03-08T14:37:06+08:00 ] ::1 /Public/Home/js/ajaxSubmit.js
INFO: [ app_init ] --START--
INFO: Run Behavior\BuildLiteBehavior [ RunTime:0.000022s ]
INFO: Run Common\Behavior\InitHookBehavior [ RunTime:0.002693s ]
INFO: [ app_init ] --END-- [ RunTime:0.002876s ]
NOTIC: [8] Use of undefined constant IS_AJAX - assumed 'IS_AJAX' E:\Workspace\PHP\QinYun\Application\Common\Common\api.php 第 42 行.

[ 2017-03-08T14:37:06+08:00 ] ::1 /Public/Home/css/background.jpg
INFO: [ app_init ] --START--
INFO: Run Behavior\BuildLiteBehavior [ RunTime:0.000021s ]
INFO: Run Common\Behavior\InitHookBehavior [ RunTime:0.003503s ]
INFO: [ app_init ] --END-- [ RunTime:0.003723s ]
NOTIC: [8] Use of undefined constant IS_AJAX - assumed 'IS_AJAX' E:\Workspace\PHP\QinYun\Application\Common\Common\api.php 第 42 行.

[ 2017-03-08T14:37:08+08:00 ] ::1 /favicon.ico
INFO: [ app_init ] --START--
INFO: Run Behavior\BuildLiteBehavior [ RunTime:0.000021s ]
INFO: Run Common\Behavior\InitHookBehavior [ RunTime:0.001937s ]
INFO: [ app_init ] --END-- [ RunTime:0.002124s ]
NOTIC: [8] Use of undefined constant IS_AJAX - assumed 'IS_AJAX' E:\Workspace\PHP\QinYun\Application\Common\Common\api.php 第 42 行.

[ 2017-03-08T14:37:08+08:00 ] ::1 /favicon.ico
INFO: [ app_init ] --START--
INFO: Run Behavior\BuildLiteBehavior [ RunTime:0.000031s ]
INFO: Run Common\Behavior\InitHookBehavior [ RunTime:0.002535s ]
INFO: [ app_init ] --END-- [ RunTime:0.002782s ]
NOTIC: [8] Use of undefined constant IS_AJAX - assumed 'IS_AJAX' E:\Workspace\PHP\QinYun\Application\Common\Common\api.php 第 42 行.

[ 2017-03-08T14:37:09+08:00 ] ::1 /Public/Home/js/ajaxSubmit.js
INFO: [ app_init ] --START--
INFO: Run Behavior\BuildLiteBehavior [ RunTime:0.000018s ]
INFO: Run Common\Behavior\InitHookBehavior [ RunTime:0.001811s ]
INFO: [ app_init ] --END-- [ RunTime:0.001958s ]
NOTIC: [8] Use of undefined constant IS_AJAX - assumed 'IS_AJAX' E:\Workspace\PHP\QinYun\Application\Common\Common\api.php 第 42 行.

[ 2017-03-08T14:37:10+08:00 ] ::1 /Public/Home/css/background.jpg
INFO: [ app_init ] --START--
INFO: Run Behavior\BuildLiteBehavior [ RunTime:0.000030s ]
INFO: Run Common\Behavior\InitHookBehavior [ RunTime:0.002919s ]
INFO: [ app_init ] --END-- [ RunTime:0.003161s ]
NOTIC: [8] Use of undefined constant IS_AJAX - assumed 'IS_AJAX' E:\Workspace\PHP\QinYun\Application\Common\Common\api.php 第 42 行.

[ 2017-03-08T14:37:13+08:00 ] ::1 /Public/Home/js/ajaxSubmit.js
INFO: [ app_init ] --START--
INFO: Run Behavior\BuildLiteBehavior [ RunTime:0.000042s ]
INFO: Run Common\Behavior\InitHookBehavior [ RunTime:0.003273s ]
INFO: [ app_init ] --END-- [ RunTime:0.003568s ]
NOTIC: [8] Use of undefined constant IS_AJAX - assumed 'IS_AJAX' E:\Workspace\PHP\QinYun\Application\Common\Common\api.php 第 42 行.

[ 2017-03-08T14:37:14+08:00 ] ::1 /Public/Home/css/background.jpg
INFO: [ app_init ] --START--
INFO: Run Behavior\BuildLiteBehavior [ RunTime:0.000020s ]
INFO: Run Common\Behavior\InitHookBehavior [ RunTime:0.001867s ]
INFO: [ app_init ] --END-- [ RunTime:0.002018s ]
NOTIC: [8] Use of undefined constant IS_AJAX - assumed 'IS_AJAX' E:\Workspace\PHP\QinYun\Application\Common\Common\api.php 第 42 行.

[ 2017-03-08T15:37:09+08:00 ] ::1 /Public/Home/js/ajaxSubmit.js
INFO: [ app_init ] --START--
INFO: Run Behavior\BuildLiteBehavior [ RunTime:0.000031s ]
INFO: Run Common\Behavior\InitHookBehavior [ RunTime:0.003772s ]
INFO: [ app_init ] --END-- [ RunTime:0.004028s ]
NOTIC: [8] Use of undefined constant IS_AJAX - assumed 'IS_AJAX' E:\Workspace\PHP\QinYun\Application\Common\Common\api.php 第 42 行.

[ 2017-03-08T15:37:09+08:00 ] ::1 /Public/Home/css/background.jpg
INFO: [ app_init ] --START--
INFO: Run Behavior\BuildLiteBehavior [ RunTime:0.000019s ]
INFO: Run Common\Behavior\InitHookBehavior [ RunTime:0.002160s ]
INFO: [ app_init ] --END-- [ RunTime:0.002317s ]
NOTIC: [8] Use of undefined constant IS_AJAX - assumed 'IS_AJAX' E:\Workspace\PHP\QinYun\Application\Common\Common\api.php 第 42 行.

[ 2017-03-08T16:57:50+08:00 ] ::1 /Public/favicon.ico
INFO: [ app_init ] --START--
INFO: Run Behavior\BuildLiteBehavior [ RunTime:0.000018s ]
INFO: Run Common\Behavior\InitHookBehavior [ RunTime:0.002125s ]
INFO: [ app_init ] --END-- [ RunTime:0.002281s ]
NOTIC: [8] Use of undefined constant IS_AJAX - assumed 'IS_AJAX' E:\Workspace\PHP\QinYun\Application\Common\Common\api.php 第 42 行.

