[ 2017-03-15T09:56:45+08:00 ] ::1 /img/favicon.png
INFO: [ app_init ] --START--
INFO: Run Behavior\BuildLiteBehavior [ RunTime:0.000020s ]
INFO: Run Common\Behavior\InitHookBehavior [ RunTime:0.002011s ]
INFO: [ app_init ] --END-- [ RunTime:0.002181s ]
NOTIC: [8] Use of undefined constant IS_AJAX - assumed 'IS_AJAX' E:\Workspace\PHP\QinYun\Application\Common\Common\api.php 第 42 行.

[ 2017-03-15T09:56:45+08:00 ] ::1 /Public/Home/css/background.jpg
INFO: [ app_init ] --START--
INFO: Run Behavior\BuildLiteBehavior [ RunTime:0.000032s ]
INFO: Run Common\Behavior\InitHookBehavior [ RunTime:0.003127s ]
INFO: [ app_init ] --END-- [ RunTime:0.003356s ]
NOTIC: [8] Use of undefined constant IS_AJAX - assumed 'IS_AJAX' E:\Workspace\PHP\QinYun\Application\Common\Common\api.php 第 42 行.

[ 2017-03-15T09:56:45+08:00 ] ::1 /Public/Home/font/cJZKeOuBrn4kERxqtaUH3fY6323mHUZFJMgTvxaG2iE.eot
INFO: [ app_init ] --START--
INFO: Run Behavior\BuildLiteBehavior [ RunTime:0.000029s ]
INFO: Run Common\Behavior\InitHookBehavior [ RunTime:0.002321s ]
INFO: [ app_init ] --END-- [ RunTime:0.002561s ]
NOTIC: [8] Use of undefined constant IS_AJAX - assumed 'IS_AJAX' E:\Workspace\PHP\QinYun\Application\Common\Common\api.php 第 42 行.

[ 2017-03-15T10:16:28+08:00 ] ::1 /Public/Home/css/background.jpg
INFO: [ app_init ] --START--
INFO: Run Behavior\BuildLiteBehavior [ RunTime:0.000020s ]
INFO: Run Common\Behavior\InitHookBehavior [ RunTime:0.001974s ]
INFO: [ app_init ] --END-- [ RunTime:0.002138s ]
NOTIC: [8] Use of undefined constant IS_AJAX - assumed 'IS_AJAX' E:\Workspace\PHP\QinYun\Application\Common\Common\api.php 第 42 行.

[ 2017-03-15T10:16:28+08:00 ] ::1 /Public/Home/font/cJZKeOuBrn4kERxqtaUH3fY6323mHUZFJMgTvxaG2iE.eot
INFO: [ app_init ] --START--
INFO: Run Behavior\BuildLiteBehavior [ RunTime:0.000033s ]
INFO: Run Common\Behavior\InitHookBehavior [ RunTime:0.002393s ]
INFO: [ app_init ] --END-- [ RunTime:0.002668s ]
NOTIC: [8] Use of undefined constant IS_AJAX - assumed 'IS_AJAX' E:\Workspace\PHP\QinYun\Application\Common\Common\api.php 第 42 行.

[ 2017-03-15T10:16:29+08:00 ] ::1 /Public/Home/css/background.jpg
INFO: [ app_init ] --START--
INFO: Run Behavior\BuildLiteBehavior [ RunTime:0.000020s ]
INFO: Run Common\Behavior\InitHookBehavior [ RunTime:0.001798s ]
INFO: [ app_init ] --END-- [ RunTime:0.001943s ]
NOTIC: [8] Use of undefined constant IS_AJAX - assumed 'IS_AJAX' E:\Workspace\PHP\QinYun\Application\Common\Common\api.php 第 42 行.

[ 2017-03-15T10:16:30+08:00 ] ::1 /Public/Home/font/cJZKeOuBrn4kERxqtaUH3fY6323mHUZFJMgTvxaG2iE.eot
INFO: [ app_init ] --START--
INFO: Run Behavior\BuildLiteBehavior [ RunTime:0.000035s ]
INFO: Run Common\Behavior\InitHookBehavior [ RunTime:0.002996s ]
INFO: [ app_init ] --END-- [ RunTime:0.003260s ]
NOTIC: [8] Use of undefined constant IS_AJAX - assumed 'IS_AJAX' E:\Workspace\PHP\QinYun\Application\Common\Common\api.php 第 42 行.

[ 2017-03-15T10:23:24+08:00 ] ::1 /Public/favicon.ico
INFO: [ app_init ] --START--
INFO: Run Behavior\BuildLiteBehavior [ RunTime:0.000025s ]
INFO: Run Common\Behavior\InitHookBehavior [ RunTime:0.002387s ]
INFO: [ app_init ] --END-- [ RunTime:0.002574s ]
NOTIC: [8] Use of undefined constant IS_AJAX - assumed 'IS_AJAX' E:\Workspace\PHP\QinYun\Application\Common\Common\api.php 第 42 行.

[ 2017-03-15T10:23:30+08:00 ] ::1 /favicon.ico
INFO: [ app_init ] --START--
INFO: Run Behavior\BuildLiteBehavior [ RunTime:0.000086s ]
INFO: Run Common\Behavior\InitHookBehavior [ RunTime:0.004204s ]
INFO: [ app_init ] --END-- [ RunTime:0.004667s ]
NOTIC: [8] Use of undefined constant IS_AJAX - assumed 'IS_AJAX' E:\Workspace\PHP\QinYun\Application\Common\Common\api.php 第 42 行.

[ 2017-03-15T10:23:31+08:00 ] ::1 /favicon.ico
INFO: [ app_init ] --START--
INFO: Run Behavior\BuildLiteBehavior [ RunTime:0.000024s ]
INFO: Run Common\Behavior\InitHookBehavior [ RunTime:0.002213s ]
INFO: [ app_init ] --END-- [ RunTime:0.002417s ]
NOTIC: [8] Use of undefined constant IS_AJAX - assumed 'IS_AJAX' E:\Workspace\PHP\QinYun\Application\Common\Common\api.php 第 42 行.

[ 2017-03-15T10:38:32+08:00 ] ::1 /Public/Home/css/background.jpg
INFO: [ app_init ] --START--
INFO: Run Behavior\BuildLiteBehavior [ RunTime:0.000033s ]
INFO: Run Common\Behavior\InitHookBehavior [ RunTime:0.002947s ]
INFO: [ app_init ] --END-- [ RunTime:0.003231s ]
NOTIC: [8] Use of undefined constant IS_AJAX - assumed 'IS_AJAX' E:\Workspace\PHP\QinYun\Application\Common\Common\api.php 第 42 行.

[ 2017-03-15T10:38:32+08:00 ] ::1 /Public/Home/font/cJZKeOuBrn4kERxqtaUH3fY6323mHUZFJMgTvxaG2iE.eot
INFO: [ app_init ] --START--
INFO: Run Behavior\BuildLiteBehavior [ RunTime:0.000031s ]
INFO: Run Common\Behavior\InitHookBehavior [ RunTime:0.001912s ]
INFO: [ app_init ] --END-- [ RunTime:0.002144s ]
NOTIC: [8] Use of undefined constant IS_AJAX - assumed 'IS_AJAX' E:\Workspace\PHP\QinYun\Application\Common\Common\api.php 第 42 行.

[ 2017-03-15T10:38:36+08:00 ] ::1 /Public/Home/css/background.jpg
INFO: [ app_init ] --START--
INFO: Run Behavior\BuildLiteBehavior [ RunTime:0.000023s ]
INFO: Run Common\Behavior\InitHookBehavior [ RunTime:0.001397s ]
INFO: [ app_init ] --END-- [ RunTime:0.001997s ]
NOTIC: [8] Use of undefined constant IS_AJAX - assumed 'IS_AJAX' E:\Workspace\PHP\QinYun\Application\Common\Common\api.php 第 42 行.

[ 2017-03-15T10:38:36+08:00 ] ::1 /Public/Home/font/cJZKeOuBrn4kERxqtaUH3fY6323mHUZFJMgTvxaG2iE.eot
INFO: [ app_init ] --START--
INFO: Run Behavior\BuildLiteBehavior [ RunTime:0.000031s ]
INFO: Run Common\Behavior\InitHookBehavior [ RunTime:0.001794s ]
INFO: [ app_init ] --END-- [ RunTime:0.002002s ]
NOTIC: [8] Use of undefined constant IS_AJAX - assumed 'IS_AJAX' E:\Workspace\PHP\QinYun\Application\Common\Common\api.php 第 42 行.

[ 2017-03-15T10:42:30+08:00 ] ::1 /Public/Home/css/background.jpg
INFO: [ app_init ] --START--
INFO: Run Behavior\BuildLiteBehavior [ RunTime:0.000023s ]
INFO: Run Common\Behavior\InitHookBehavior [ RunTime:0.002097s ]
INFO: [ app_init ] --END-- [ RunTime:0.002277s ]
NOTIC: [8] Use of undefined constant IS_AJAX - assumed 'IS_AJAX' E:\Workspace\PHP\QinYun\Application\Common\Common\api.php 第 42 行.

[ 2017-03-15T10:42:30+08:00 ] ::1 /Public/Home/font/cJZKeOuBrn4kERxqtaUH3fY6323mHUZFJMgTvxaG2iE.eot
INFO: [ app_init ] --START--
INFO: Run Behavior\BuildLiteBehavior [ RunTime:0.000031s ]
INFO: Run Common\Behavior\InitHookBehavior [ RunTime:0.001640s ]
INFO: [ app_init ] --END-- [ RunTime:0.001836s ]
NOTIC: [8] Use of undefined constant IS_AJAX - assumed 'IS_AJAX' E:\Workspace\PHP\QinYun\Application\Common\Common\api.php 第 42 行.

[ 2017-03-15T10:42:52+08:00 ] ::1 /Public/Home/css/background.jpg
INFO: [ app_init ] --START--
INFO: Run Behavior\BuildLiteBehavior [ RunTime:0.000030s ]
INFO: Run Common\Behavior\InitHookBehavior [ RunTime:0.002586s ]
INFO: [ app_init ] --END-- [ RunTime:0.002837s ]
NOTIC: [8] Use of undefined constant IS_AJAX - assumed 'IS_AJAX' E:\Workspace\PHP\QinYun\Application\Common\Common\api.php 第 42 行.

[ 2017-03-15T10:42:52+08:00 ] ::1 /Public/Home/font/cJZKeOuBrn4kERxqtaUH3fY6323mHUZFJMgTvxaG2iE.eot
INFO: [ app_init ] --START--
INFO: Run Behavior\BuildLiteBehavior [ RunTime:0.000046s ]
INFO: Run Common\Behavior\InitHookBehavior [ RunTime:0.001439s ]
INFO: [ app_init ] --END-- [ RunTime:0.001725s ]
NOTIC: [8] Use of undefined constant IS_AJAX - assumed 'IS_AJAX' E:\Workspace\PHP\QinYun\Application\Common\Common\api.php 第 42 行.

[ 2017-03-15T10:43:34+08:00 ] ::1 /Public/Home/css/background.jpg
INFO: [ app_init ] --START--
INFO: Run Behavior\BuildLiteBehavior [ RunTime:0.000030s ]
INFO: Run Common\Behavior\InitHookBehavior [ RunTime:0.002035s ]
INFO: [ app_init ] --END-- [ RunTime:0.002271s ]
NOTIC: [8] Use of undefined constant IS_AJAX - assumed 'IS_AJAX' E:\Workspace\PHP\QinYun\Application\Common\Common\api.php 第 42 行.

[ 2017-03-15T10:43:34+08:00 ] ::1 /Public/Home/font/cJZKeOuBrn4kERxqtaUH3fY6323mHUZFJMgTvxaG2iE.eot
INFO: [ app_init ] --START--
INFO: Run Behavior\BuildLiteBehavior [ RunTime:0.000022s ]
INFO: Run Common\Behavior\InitHookBehavior [ RunTime:0.001387s ]
INFO: [ app_init ] --END-- [ RunTime:0.001566s ]
NOTIC: [8] Use of undefined constant IS_AJAX - assumed 'IS_AJAX' E:\Workspace\PHP\QinYun\Application\Common\Common\api.php 第 42 行.

[ 2017-03-15T11:02:28+08:00 ] ::1 /Public/Home/css/background.jpg
INFO: [ app_init ] --START--
INFO: Run Behavior\BuildLiteBehavior [ RunTime:0.000023s ]
INFO: Run Common\Behavior\InitHookBehavior [ RunTime:0.001887s ]
INFO: [ app_init ] --END-- [ RunTime:0.002152s ]
NOTIC: [8] Use of undefined constant IS_AJAX - assumed 'IS_AJAX' E:\Workspace\PHP\QinYun\Application\Common\Common\api.php 第 42 行.

[ 2017-03-15T11:02:28+08:00 ] ::1 /Public/Home/font/cJZKeOuBrn4kERxqtaUH3fY6323mHUZFJMgTvxaG2iE.eot
INFO: [ app_init ] --START--
INFO: Run Behavior\BuildLiteBehavior [ RunTime:0.000027s ]
INFO: Run Common\Behavior\InitHookBehavior [ RunTime:0.001333s ]
INFO: [ app_init ] --END-- [ RunTime:0.001527s ]
NOTIC: [8] Use of undefined constant IS_AJAX - assumed 'IS_AJAX' E:\Workspace\PHP\QinYun\Application\Common\Common\api.php 第 42 行.

[ 2017-03-15T11:03:16+08:00 ] ::1 /Public/Home/css/background.jpg
INFO: [ app_init ] --START--
INFO: Run Behavior\BuildLiteBehavior [ RunTime:0.000022s ]
INFO: Run Common\Behavior\InitHookBehavior [ RunTime:0.001607s ]
INFO: [ app_init ] --END-- [ RunTime:0.001812s ]
NOTIC: [8] Use of undefined constant IS_AJAX - assumed 'IS_AJAX' E:\Workspace\PHP\QinYun\Application\Common\Common\api.php 第 42 行.

[ 2017-03-15T11:03:16+08:00 ] ::1 /Public/Home/font/cJZKeOuBrn4kERxqtaUH3fY6323mHUZFJMgTvxaG2iE.eot
INFO: [ app_init ] --START--
INFO: Run Behavior\BuildLiteBehavior [ RunTime:0.000020s ]
INFO: Run Common\Behavior\InitHookBehavior [ RunTime:0.001743s ]
INFO: [ app_init ] --END-- [ RunTime:0.001922s ]
NOTIC: [8] Use of undefined constant IS_AJAX - assumed 'IS_AJAX' E:\Workspace\PHP\QinYun\Application\Common\Common\api.php 第 42 行.

[ 2017-03-15T11:03:27+08:00 ] ::1 /Public/Home/css/background.jpg
INFO: [ app_init ] --START--
INFO: Run Behavior\BuildLiteBehavior [ RunTime:0.000022s ]
INFO: Run Common\Behavior\InitHookBehavior [ RunTime:0.002250s ]
INFO: [ app_init ] --END-- [ RunTime:0.002423s ]
NOTIC: [8] Use of undefined constant IS_AJAX - assumed 'IS_AJAX' E:\Workspace\PHP\QinYun\Application\Common\Common\api.php 第 42 行.

[ 2017-03-15T11:03:27+08:00 ] ::1 /Public/Home/font/cJZKeOuBrn4kERxqtaUH3fY6323mHUZFJMgTvxaG2iE.eot
INFO: [ app_init ] --START--
INFO: Run Behavior\BuildLiteBehavior [ RunTime:0.000030s ]
INFO: Run Common\Behavior\InitHookBehavior [ RunTime:0.001875s ]
INFO: [ app_init ] --END-- [ RunTime:0.002115s ]
NOTIC: [8] Use of undefined constant IS_AJAX - assumed 'IS_AJAX' E:\Workspace\PHP\QinYun\Application\Common\Common\api.php 第 42 行.

[ 2017-03-15T11:03:39+08:00 ] ::1 /Public/Home/css/background.jpg
INFO: [ app_init ] --START--
INFO: Run Behavior\BuildLiteBehavior [ RunTime:0.000101s ]
INFO: Run Common\Behavior\InitHookBehavior [ RunTime:0.001513s ]
INFO: [ app_init ] --END-- [ RunTime:0.001777s ]
NOTIC: [8] Use of undefined constant IS_AJAX - assumed 'IS_AJAX' E:\Workspace\PHP\QinYun\Application\Common\Common\api.php 第 42 行.

[ 2017-03-15T11:03:39+08:00 ] ::1 /Public/Home/font/cJZKeOuBrn4kERxqtaUH3fY6323mHUZFJMgTvxaG2iE.eot
INFO: [ app_init ] --START--
INFO: Run Behavior\BuildLiteBehavior [ RunTime:0.000022s ]
INFO: Run Common\Behavior\InitHookBehavior [ RunTime:0.002499s ]
INFO: [ app_init ] --END-- [ RunTime:0.002701s ]
NOTIC: [8] Use of undefined constant IS_AJAX - assumed 'IS_AJAX' E:\Workspace\PHP\QinYun\Application\Common\Common\api.php 第 42 行.

[ 2017-03-15T11:03:47+08:00 ] ::1 /Public/Home/css/background.jpg
INFO: [ app_init ] --START--
INFO: Run Behavior\BuildLiteBehavior [ RunTime:0.000018s ]
INFO: Run Common\Behavior\InitHookBehavior [ RunTime:0.001245s ]
INFO: [ app_init ] --END-- [ RunTime:0.001388s ]
NOTIC: [8] Use of undefined constant IS_AJAX - assumed 'IS_AJAX' E:\Workspace\PHP\QinYun\Application\Common\Common\api.php 第 42 行.

[ 2017-03-15T11:03:47+08:00 ] ::1 /Public/Home/font/cJZKeOuBrn4kERxqtaUH3fY6323mHUZFJMgTvxaG2iE.eot
INFO: [ app_init ] --START--
INFO: Run Behavior\BuildLiteBehavior [ RunTime:0.000020s ]
INFO: Run Common\Behavior\InitHookBehavior [ RunTime:0.001292s ]
INFO: [ app_init ] --END-- [ RunTime:0.001442s ]
NOTIC: [8] Use of undefined constant IS_AJAX - assumed 'IS_AJAX' E:\Workspace\PHP\QinYun\Application\Common\Common\api.php 第 42 行.

[ 2017-03-15T11:04:06+08:00 ] ::1 /Public/Home/css/background.jpg
INFO: [ app_init ] --START--
INFO: Run Behavior\BuildLiteBehavior [ RunTime:0.000018s ]
INFO: Run Common\Behavior\InitHookBehavior [ RunTime:0.001225s ]
INFO: [ app_init ] --END-- [ RunTime:0.001364s ]
NOTIC: [8] Use of undefined constant IS_AJAX - assumed 'IS_AJAX' E:\Workspace\PHP\QinYun\Application\Common\Common\api.php 第 42 行.

[ 2017-03-15T11:04:06+08:00 ] ::1 /Public/Home/font/cJZKeOuBrn4kERxqtaUH3fY6323mHUZFJMgTvxaG2iE.eot
INFO: [ app_init ] --START--
INFO: Run Behavior\BuildLiteBehavior [ RunTime:0.000020s ]
INFO: Run Common\Behavior\InitHookBehavior [ RunTime:0.001415s ]
INFO: [ app_init ] --END-- [ RunTime:0.001569s ]
NOTIC: [8] Use of undefined constant IS_AJAX - assumed 'IS_AJAX' E:\Workspace\PHP\QinYun\Application\Common\Common\api.php 第 42 行.

[ 2017-03-15T11:04:21+08:00 ] ::1 /Public/Home/font/cJZKeOuBrn4kERxqtaUH3fY6323mHUZFJMgTvxaG2iE.eot
INFO: [ app_init ] --START--
INFO: Run Behavior\BuildLiteBehavior [ RunTime:0.000019s ]
INFO: Run Common\Behavior\InitHookBehavior [ RunTime:0.001267s ]
INFO: [ app_init ] --END-- [ RunTime:0.001419s ]
NOTIC: [8] Use of undefined constant IS_AJAX - assumed 'IS_AJAX' E:\Workspace\PHP\QinYun\Application\Common\Common\api.php 第 42 行.

[ 2017-03-15T11:04:21+08:00 ] ::1 /Public/Home/css/background.jpg
INFO: [ app_init ] --START--
INFO: Run Behavior\BuildLiteBehavior [ RunTime:0.000019s ]
INFO: Run Common\Behavior\InitHookBehavior [ RunTime:0.001277s ]
INFO: [ app_init ] --END-- [ RunTime:0.001423s ]
NOTIC: [8] Use of undefined constant IS_AJAX - assumed 'IS_AJAX' E:\Workspace\PHP\QinYun\Application\Common\Common\api.php 第 42 行.

[ 2017-03-15T11:04:52+08:00 ] ::1 /Public/Home/css/background.jpg
INFO: [ app_init ] --START--
INFO: Run Behavior\BuildLiteBehavior [ RunTime:0.000026s ]
INFO: Run Common\Behavior\InitHookBehavior [ RunTime:0.001730s ]
INFO: [ app_init ] --END-- [ RunTime:0.001918s ]
NOTIC: [8] Use of undefined constant IS_AJAX - assumed 'IS_AJAX' E:\Workspace\PHP\QinYun\Application\Common\Common\api.php 第 42 行.

[ 2017-03-15T11:04:52+08:00 ] ::1 /Public/Home/font/cJZKeOuBrn4kERxqtaUH3fY6323mHUZFJMgTvxaG2iE.eot
INFO: [ app_init ] --START--
INFO: Run Behavior\BuildLiteBehavior [ RunTime:0.000019s ]
INFO: Run Common\Behavior\InitHookBehavior [ RunTime:0.001463s ]
INFO: [ app_init ] --END-- [ RunTime:0.001611s ]
NOTIC: [8] Use of undefined constant IS_AJAX - assumed 'IS_AJAX' E:\Workspace\PHP\QinYun\Application\Common\Common\api.php 第 42 行.

[ 2017-03-15T11:17:39+08:00 ] ::1 /Public/Home/css/background.jpg
INFO: [ app_init ] --START--
INFO: Run Behavior\BuildLiteBehavior [ RunTime:0.000029s ]
INFO: Run Common\Behavior\InitHookBehavior [ RunTime:0.001555s ]
INFO: [ app_init ] --END-- [ RunTime:0.001767s ]
NOTIC: [8] Use of undefined constant IS_AJAX - assumed 'IS_AJAX' E:\Workspace\PHP\QinYun\Application\Common\Common\api.php 第 42 行.

[ 2017-03-15T11:17:39+08:00 ] ::1 /Public/Home/font/cJZKeOuBrn4kERxqtaUH3fY6323mHUZFJMgTvxaG2iE.eot
INFO: [ app_init ] --START--
INFO: Run Behavior\BuildLiteBehavior [ RunTime:0.000020s ]
INFO: Run Common\Behavior\InitHookBehavior [ RunTime:0.001264s ]
INFO: [ app_init ] --END-- [ RunTime:0.001410s ]
NOTIC: [8] Use of undefined constant IS_AJAX - assumed 'IS_AJAX' E:\Workspace\PHP\QinYun\Application\Common\Common\api.php 第 42 行.

[ 2017-03-15T11:18:02+08:00 ] ::1 /Public/Home/css/background.jpg
INFO: [ app_init ] --START--
INFO: Run Behavior\BuildLiteBehavior [ RunTime:0.000022s ]
INFO: Run Common\Behavior\InitHookBehavior [ RunTime:0.001739s ]
INFO: [ app_init ] --END-- [ RunTime:0.001951s ]
NOTIC: [8] Use of undefined constant IS_AJAX - assumed 'IS_AJAX' E:\Workspace\PHP\QinYun\Application\Common\Common\api.php 第 42 行.

[ 2017-03-15T11:18:02+08:00 ] ::1 /Public/Home/font/cJZKeOuBrn4kERxqtaUH3fY6323mHUZFJMgTvxaG2iE.eot
INFO: [ app_init ] --START--
INFO: Run Behavior\BuildLiteBehavior [ RunTime:0.000031s ]
INFO: Run Common\Behavior\InitHookBehavior [ RunTime:0.002732s ]
INFO: [ app_init ] --END-- [ RunTime:0.002971s ]
NOTIC: [8] Use of undefined constant IS_AJAX - assumed 'IS_AJAX' E:\Workspace\PHP\QinYun\Application\Common\Common\api.php 第 42 行.

[ 2017-03-15T11:18:46+08:00 ] ::1 /Public/Home/css/background.jpg
INFO: [ app_init ] --START--
INFO: Run Behavior\BuildLiteBehavior [ RunTime:0.000029s ]
INFO: Run Common\Behavior\InitHookBehavior [ RunTime:0.003275s ]
INFO: [ app_init ] --END-- [ RunTime:0.003562s ]
NOTIC: [8] Use of undefined constant IS_AJAX - assumed 'IS_AJAX' E:\Workspace\PHP\QinYun\Application\Common\Common\api.php 第 42 行.

[ 2017-03-15T11:18:46+08:00 ] ::1 /Public/Home/font/cJZKeOuBrn4kERxqtaUH3fY6323mHUZFJMgTvxaG2iE.eot
INFO: [ app_init ] --START--
INFO: Run Behavior\BuildLiteBehavior [ RunTime:0.000028s ]
INFO: Run Common\Behavior\InitHookBehavior [ RunTime:0.001966s ]
INFO: [ app_init ] --END-- [ RunTime:0.002152s ]
NOTIC: [8] Use of undefined constant IS_AJAX - assumed 'IS_AJAX' E:\Workspace\PHP\QinYun\Application\Common\Common\api.php 第 42 行.

[ 2017-03-15T11:18:53+08:00 ] ::1 /Public/Home/css/background.jpg
INFO: [ app_init ] --START--
INFO: Run Behavior\BuildLiteBehavior [ RunTime:0.000030s ]
INFO: Run Common\Behavior\InitHookBehavior [ RunTime:0.002294s ]
INFO: [ app_init ] --END-- [ RunTime:0.002512s ]
NOTIC: [8] Use of undefined constant IS_AJAX - assumed 'IS_AJAX' E:\Workspace\PHP\QinYun\Application\Common\Common\api.php 第 42 行.

[ 2017-03-15T11:18:53+08:00 ] ::1 /Public/Home/font/cJZKeOuBrn4kERxqtaUH3fY6323mHUZFJMgTvxaG2iE.eot
INFO: [ app_init ] --START--
INFO: Run Behavior\BuildLiteBehavior [ RunTime:0.000032s ]
INFO: Run Common\Behavior\InitHookBehavior [ RunTime:0.002306s ]
INFO: [ app_init ] --END-- [ RunTime:0.002522s ]
NOTIC: [8] Use of undefined constant IS_AJAX - assumed 'IS_AJAX' E:\Workspace\PHP\QinYun\Application\Common\Common\api.php 第 42 行.

[ 2017-03-15T11:19:20+08:00 ] ::1 /Public/Home/css/background.jpg
INFO: [ app_init ] --START--
INFO: Run Behavior\BuildLiteBehavior [ RunTime:0.000030s ]
INFO: Run Common\Behavior\InitHookBehavior [ RunTime:0.002851s ]
INFO: [ app_init ] --END-- [ RunTime:0.003086s ]
NOTIC: [8] Use of undefined constant IS_AJAX - assumed 'IS_AJAX' E:\Workspace\PHP\QinYun\Application\Common\Common\api.php 第 42 行.

[ 2017-03-15T11:19:20+08:00 ] ::1 /Public/Home/font/cJZKeOuBrn4kERxqtaUH3fY6323mHUZFJMgTvxaG2iE.eot
INFO: [ app_init ] --START--
INFO: Run Behavior\BuildLiteBehavior [ RunTime:0.000033s ]
INFO: Run Common\Behavior\InitHookBehavior [ RunTime:0.002848s ]
INFO: [ app_init ] --END-- [ RunTime:0.003106s ]
NOTIC: [8] Use of undefined constant IS_AJAX - assumed 'IS_AJAX' E:\Workspace\PHP\QinYun\Application\Common\Common\api.php 第 42 行.

[ 2017-03-15T11:19:33+08:00 ] ::1 /Public/Home/css/background.jpg
INFO: [ app_init ] --START--
INFO: Run Behavior\BuildLiteBehavior [ RunTime:0.000028s ]
INFO: Run Common\Behavior\InitHookBehavior [ RunTime:0.002204s ]
INFO: [ app_init ] --END-- [ RunTime:0.002572s ]
NOTIC: [8] Use of undefined constant IS_AJAX - assumed 'IS_AJAX' E:\Workspace\PHP\QinYun\Application\Common\Common\api.php 第 42 行.

[ 2017-03-15T11:19:33+08:00 ] ::1 /Public/Home/font/cJZKeOuBrn4kERxqtaUH3fY6323mHUZFJMgTvxaG2iE.eot
INFO: [ app_init ] --START--
INFO: Run Behavior\BuildLiteBehavior [ RunTime:0.000030s ]
INFO: Run Common\Behavior\InitHookBehavior [ RunTime:0.001803s ]
INFO: [ app_init ] --END-- [ RunTime:0.002061s ]
NOTIC: [8] Use of undefined constant IS_AJAX - assumed 'IS_AJAX' E:\Workspace\PHP\QinYun\Application\Common\Common\api.php 第 42 行.

[ 2017-03-15T11:19:42+08:00 ] ::1 /Public/Home/css/background.jpg
INFO: [ app_init ] --START--
INFO: Run Behavior\BuildLiteBehavior [ RunTime:0.000021s ]
INFO: Run Common\Behavior\InitHookBehavior [ RunTime:0.002028s ]
INFO: [ app_init ] --END-- [ RunTime:0.002199s ]
NOTIC: [8] Use of undefined constant IS_AJAX - assumed 'IS_AJAX' E:\Workspace\PHP\QinYun\Application\Common\Common\api.php 第 42 行.

[ 2017-03-15T11:19:42+08:00 ] ::1 /Public/Home/font/cJZKeOuBrn4kERxqtaUH3fY6323mHUZFJMgTvxaG2iE.eot
INFO: [ app_init ] --START--
INFO: Run Behavior\BuildLiteBehavior [ RunTime:0.000029s ]
INFO: Run Common\Behavior\InitHookBehavior [ RunTime:0.002188s ]
INFO: [ app_init ] --END-- [ RunTime:0.002401s ]
NOTIC: [8] Use of undefined constant IS_AJAX - assumed 'IS_AJAX' E:\Workspace\PHP\QinYun\Application\Common\Common\api.php 第 42 行.

[ 2017-03-15T11:19:53+08:00 ] ::1 /Public/Home/css/background.jpg
INFO: [ app_init ] --START--
INFO: Run Behavior\BuildLiteBehavior [ RunTime:0.000030s ]
INFO: Run Common\Behavior\InitHookBehavior [ RunTime:0.002771s ]
INFO: [ app_init ] --END-- [ RunTime:0.003029s ]
NOTIC: [8] Use of undefined constant IS_AJAX - assumed 'IS_AJAX' E:\Workspace\PHP\QinYun\Application\Common\Common\api.php 第 42 行.

[ 2017-03-15T11:19:53+08:00 ] ::1 /Public/Home/font/cJZKeOuBrn4kERxqtaUH3fY6323mHUZFJMgTvxaG2iE.eot
INFO: [ app_init ] --START--
INFO: Run Behavior\BuildLiteBehavior [ RunTime:0.000021s ]
INFO: Run Common\Behavior\InitHookBehavior [ RunTime:0.001601s ]
INFO: [ app_init ] --END-- [ RunTime:0.001760s ]
NOTIC: [8] Use of undefined constant IS_AJAX - assumed 'IS_AJAX' E:\Workspace\PHP\QinYun\Application\Common\Common\api.php 第 42 行.

[ 2017-03-15T11:20:09+08:00 ] ::1 /Public/Home/css/background.jpg
INFO: [ app_init ] --START--
INFO: Run Behavior\BuildLiteBehavior [ RunTime:0.000021s ]
INFO: Run Common\Behavior\InitHookBehavior [ RunTime:0.001720s ]
INFO: [ app_init ] --END-- [ RunTime:0.001881s ]
NOTIC: [8] Use of undefined constant IS_AJAX - assumed 'IS_AJAX' E:\Workspace\PHP\QinYun\Application\Common\Common\api.php 第 42 行.

[ 2017-03-15T11:20:09+08:00 ] ::1 /Public/Home/font/cJZKeOuBrn4kERxqtaUH3fY6323mHUZFJMgTvxaG2iE.eot
INFO: [ app_init ] --START--
INFO: Run Behavior\BuildLiteBehavior [ RunTime:0.000020s ]
INFO: Run Common\Behavior\InitHookBehavior [ RunTime:0.002144s ]
INFO: [ app_init ] --END-- [ RunTime:0.002298s ]
NOTIC: [8] Use of undefined constant IS_AJAX - assumed 'IS_AJAX' E:\Workspace\PHP\QinYun\Application\Common\Common\api.php 第 42 行.

[ 2017-03-15T11:21:40+08:00 ] ::1 /Public/Home/css/background.jpg
INFO: [ app_init ] --START--
INFO: Run Behavior\BuildLiteBehavior [ RunTime:0.000020s ]
INFO: Run Common\Behavior\InitHookBehavior [ RunTime:0.002412s ]
INFO: [ app_init ] --END-- [ RunTime:0.002607s ]
NOTIC: [8] Use of undefined constant IS_AJAX - assumed 'IS_AJAX' E:\Workspace\PHP\QinYun\Application\Common\Common\api.php 第 42 行.

[ 2017-03-15T11:21:41+08:00 ] ::1 /Public/Home/font/cJZKeOuBrn4kERxqtaUH3fY6323mHUZFJMgTvxaG2iE.eot
INFO: [ app_init ] --START--
INFO: Run Behavior\BuildLiteBehavior [ RunTime:0.000020s ]
INFO: Run Common\Behavior\InitHookBehavior [ RunTime:0.001268s ]
INFO: [ app_init ] --END-- [ RunTime:0.001418s ]
NOTIC: [8] Use of undefined constant IS_AJAX - assumed 'IS_AJAX' E:\Workspace\PHP\QinYun\Application\Common\Common\api.php 第 42 行.

[ 2017-03-15T11:22:21+08:00 ] ::1 /Public/Home/css/background.jpg
INFO: [ app_init ] --START--
INFO: Run Behavior\BuildLiteBehavior [ RunTime:0.000020s ]
INFO: Run Common\Behavior\InitHookBehavior [ RunTime:0.001517s ]
INFO: [ app_init ] --END-- [ RunTime:0.001669s ]
NOTIC: [8] Use of undefined constant IS_AJAX - assumed 'IS_AJAX' E:\Workspace\PHP\QinYun\Application\Common\Common\api.php 第 42 行.

[ 2017-03-15T11:22:21+08:00 ] ::1 /Public/Home/font/cJZKeOuBrn4kERxqtaUH3fY6323mHUZFJMgTvxaG2iE.eot
INFO: [ app_init ] --START--
INFO: Run Behavior\BuildLiteBehavior [ RunTime:0.000029s ]
INFO: Run Common\Behavior\InitHookBehavior [ RunTime:0.001940s ]
INFO: [ app_init ] --END-- [ RunTime:0.002177s ]
NOTIC: [8] Use of undefined constant IS_AJAX - assumed 'IS_AJAX' E:\Workspace\PHP\QinYun\Application\Common\Common\api.php 第 42 行.

[ 2017-03-15T11:22:41+08:00 ] ::1 /Public/Home/css/background.jpg
INFO: [ app_init ] --START--
INFO: Run Behavior\BuildLiteBehavior [ RunTime:0.000018s ]
INFO: Run Common\Behavior\InitHookBehavior [ RunTime:0.001277s ]
INFO: [ app_init ] --END-- [ RunTime:0.001422s ]
NOTIC: [8] Use of undefined constant IS_AJAX - assumed 'IS_AJAX' E:\Workspace\PHP\QinYun\Application\Common\Common\api.php 第 42 行.

[ 2017-03-15T11:22:41+08:00 ] ::1 /Public/Home/font/cJZKeOuBrn4kERxqtaUH3fY6323mHUZFJMgTvxaG2iE.eot
INFO: [ app_init ] --START--
INFO: Run Behavior\BuildLiteBehavior [ RunTime:0.000019s ]
INFO: Run Common\Behavior\InitHookBehavior [ RunTime:0.001290s ]
INFO: [ app_init ] --END-- [ RunTime:0.001439s ]
NOTIC: [8] Use of undefined constant IS_AJAX - assumed 'IS_AJAX' E:\Workspace\PHP\QinYun\Application\Common\Common\api.php 第 42 行.

[ 2017-03-15T11:24:04+08:00 ] ::1 /Public/Home/css/background.jpg
INFO: [ app_init ] --START--
INFO: Run Behavior\BuildLiteBehavior [ RunTime:0.000020s ]
INFO: Run Common\Behavior\InitHookBehavior [ RunTime:0.001362s ]
INFO: [ app_init ] --END-- [ RunTime:0.001530s ]
NOTIC: [8] Use of undefined constant IS_AJAX - assumed 'IS_AJAX' E:\Workspace\PHP\QinYun\Application\Common\Common\api.php 第 42 行.

[ 2017-03-15T11:24:04+08:00 ] ::1 /Public/Home/font/cJZKeOuBrn4kERxqtaUH3fY6323mHUZFJMgTvxaG2iE.eot
INFO: [ app_init ] --START--
INFO: Run Behavior\BuildLiteBehavior [ RunTime:0.000019s ]
INFO: Run Common\Behavior\InitHookBehavior [ RunTime:0.002879s ]
INFO: [ app_init ] --END-- [ RunTime:0.003032s ]
NOTIC: [8] Use of undefined constant IS_AJAX - assumed 'IS_AJAX' E:\Workspace\PHP\QinYun\Application\Common\Common\api.php 第 42 行.

[ 2017-03-15T13:50:59+08:00 ] ::1 /Public/Home/css/background.jpg
INFO: [ app_init ] --START--
INFO: Run Behavior\BuildLiteBehavior [ RunTime:0.000020s ]
INFO: Run Common\Behavior\InitHookBehavior [ RunTime:0.001357s ]
INFO: [ app_init ] --END-- [ RunTime:0.001512s ]
NOTIC: [8] Use of undefined constant IS_AJAX - assumed 'IS_AJAX' E:\Workspace\PHP\QinYun\Application\Common\Common\api.php 第 42 行.

[ 2017-03-15T13:50:59+08:00 ] ::1 /Public/Home/font/cJZKeOuBrn4kERxqtaUH3fY6323mHUZFJMgTvxaG2iE.eot
INFO: [ app_init ] --START--
INFO: Run Behavior\BuildLiteBehavior [ RunTime:0.000020s ]
INFO: Run Common\Behavior\InitHookBehavior [ RunTime:0.001484s ]
INFO: [ app_init ] --END-- [ RunTime:0.001662s ]
NOTIC: [8] Use of undefined constant IS_AJAX - assumed 'IS_AJAX' E:\Workspace\PHP\QinYun\Application\Common\Common\api.php 第 42 行.

[ 2017-03-15T13:51:23+08:00 ] ::1 /Public/Home/css/background.jpg
INFO: [ app_init ] --START--
INFO: Run Behavior\BuildLiteBehavior [ RunTime:0.000020s ]
INFO: Run Common\Behavior\InitHookBehavior [ RunTime:0.001341s ]
INFO: [ app_init ] --END-- [ RunTime:0.001490s ]
NOTIC: [8] Use of undefined constant IS_AJAX - assumed 'IS_AJAX' E:\Workspace\PHP\QinYun\Application\Common\Common\api.php 第 42 行.

[ 2017-03-15T13:51:23+08:00 ] ::1 /Public/Home/font/cJZKeOuBrn4kERxqtaUH3fY6323mHUZFJMgTvxaG2iE.eot
INFO: [ app_init ] --START--
INFO: Run Behavior\BuildLiteBehavior [ RunTime:0.000025s ]
INFO: Run Common\Behavior\InitHookBehavior [ RunTime:0.001275s ]
INFO: [ app_init ] --END-- [ RunTime:0.001438s ]
NOTIC: [8] Use of undefined constant IS_AJAX - assumed 'IS_AJAX' E:\Workspace\PHP\QinYun\Application\Common\Common\api.php 第 42 行.

[ 2017-03-15T13:52:14+08:00 ] ::1 /Public/Home/css/background.jpg
INFO: [ app_init ] --START--
INFO: Run Behavior\BuildLiteBehavior [ RunTime:0.000021s ]
INFO: Run Common\Behavior\InitHookBehavior [ RunTime:0.001295s ]
INFO: [ app_init ] --END-- [ RunTime:0.001457s ]
NOTIC: [8] Use of undefined constant IS_AJAX - assumed 'IS_AJAX' E:\Workspace\PHP\QinYun\Application\Common\Common\api.php 第 42 行.

[ 2017-03-15T13:52:14+08:00 ] ::1 /Public/Home/font/cJZKeOuBrn4kERxqtaUH3fY6323mHUZFJMgTvxaG2iE.eot
INFO: [ app_init ] --START--
INFO: Run Behavior\BuildLiteBehavior [ RunTime:0.000021s ]
INFO: Run Common\Behavior\InitHookBehavior [ RunTime:0.001279s ]
INFO: [ app_init ] --END-- [ RunTime:0.001430s ]
NOTIC: [8] Use of undefined constant IS_AJAX - assumed 'IS_AJAX' E:\Workspace\PHP\QinYun\Application\Common\Common\api.php 第 42 行.

[ 2017-03-15T13:52:17+08:00 ] ::1 /Public/Home/css/background.jpg
INFO: [ app_init ] --START--
INFO: Run Behavior\BuildLiteBehavior [ RunTime:0.000032s ]
INFO: Run Common\Behavior\InitHookBehavior [ RunTime:0.001956s ]
INFO: [ app_init ] --END-- [ RunTime:0.002203s ]
NOTIC: [8] Use of undefined constant IS_AJAX - assumed 'IS_AJAX' E:\Workspace\PHP\QinYun\Application\Common\Common\api.php 第 42 行.

[ 2017-03-15T13:52:17+08:00 ] ::1 /Public/Home/font/cJZKeOuBrn4kERxqtaUH3fY6323mHUZFJMgTvxaG2iE.eot
INFO: [ app_init ] --START--
INFO: Run Behavior\BuildLiteBehavior [ RunTime:0.000021s ]
INFO: Run Common\Behavior\InitHookBehavior [ RunTime:0.001502s ]
INFO: [ app_init ] --END-- [ RunTime:0.001684s ]
NOTIC: [8] Use of undefined constant IS_AJAX - assumed 'IS_AJAX' E:\Workspace\PHP\QinYun\Application\Common\Common\api.php 第 42 行.

[ 2017-03-15T13:53:26+08:00 ] ::1 /Public/Home/css/background.jpg
INFO: [ app_init ] --START--
INFO: Run Behavior\BuildLiteBehavior [ RunTime:0.000020s ]
INFO: Run Common\Behavior\InitHookBehavior [ RunTime:0.002384s ]
INFO: [ app_init ] --END-- [ RunTime:0.002545s ]
NOTIC: [8] Use of undefined constant IS_AJAX - assumed 'IS_AJAX' E:\Workspace\PHP\QinYun\Application\Common\Common\api.php 第 42 行.

[ 2017-03-15T13:53:26+08:00 ] ::1 /Public/Home/font/cJZKeOuBrn4kERxqtaUH3fY6323mHUZFJMgTvxaG2iE.eot
INFO: [ app_init ] --START--
INFO: Run Behavior\BuildLiteBehavior [ RunTime:0.000021s ]
INFO: Run Common\Behavior\InitHookBehavior [ RunTime:0.002146s ]
INFO: [ app_init ] --END-- [ RunTime:0.002310s ]
NOTIC: [8] Use of undefined constant IS_AJAX - assumed 'IS_AJAX' E:\Workspace\PHP\QinYun\Application\Common\Common\api.php 第 42 行.

[ 2017-03-15T14:07:09+08:00 ] ::1 /Public/Home/css/background.jpg
INFO: [ app_init ] --START--
INFO: Run Behavior\BuildLiteBehavior [ RunTime:0.000021s ]
INFO: Run Common\Behavior\InitHookBehavior [ RunTime:0.002264s ]
INFO: [ app_init ] --END-- [ RunTime:0.002420s ]
NOTIC: [8] Use of undefined constant IS_AJAX - assumed 'IS_AJAX' E:\Workspace\PHP\QinYun\Application\Common\Common\api.php 第 42 行.

[ 2017-03-15T14:07:09+08:00 ] ::1 /Public/Home/font/cJZKeOuBrn4kERxqtaUH3fY6323mHUZFJMgTvxaG2iE.eot
INFO: [ app_init ] --START--
INFO: Run Behavior\BuildLiteBehavior [ RunTime:0.000019s ]
INFO: Run Common\Behavior\InitHookBehavior [ RunTime:0.001903s ]
INFO: [ app_init ] --END-- [ RunTime:0.002085s ]
NOTIC: [8] Use of undefined constant IS_AJAX - assumed 'IS_AJAX' E:\Workspace\PHP\QinYun\Application\Common\Common\api.php 第 42 行.

[ 2017-03-15T14:07:12+08:00 ] ::1 /Public/Home/font/cJZKeOuBrn4kERxqtaUH3fY6323mHUZFJMgTvxaG2iE.eot
INFO: [ app_init ] --START--
INFO: Run Behavior\BuildLiteBehavior [ RunTime:0.000031s ]
INFO: Run Common\Behavior\InitHookBehavior [ RunTime:0.002313s ]
INFO: [ app_init ] --END-- [ RunTime:0.002564s ]
NOTIC: [8] Use of undefined constant IS_AJAX - assumed 'IS_AJAX' E:\Workspace\PHP\QinYun\Application\Common\Common\api.php 第 42 行.

[ 2017-03-15T14:07:19+08:00 ] ::1 /Public/Home/css/background.jpg
INFO: [ app_init ] --START--
INFO: Run Behavior\BuildLiteBehavior [ RunTime:0.000027s ]
INFO: Run Common\Behavior\InitHookBehavior [ RunTime:0.001416s ]
INFO: [ app_init ] --END-- [ RunTime:0.001636s ]
NOTIC: [8] Use of undefined constant IS_AJAX - assumed 'IS_AJAX' E:\Workspace\PHP\QinYun\Application\Common\Common\api.php 第 42 行.

[ 2017-03-15T14:07:20+08:00 ] ::1 /Public/Home/css/background.jpg
INFO: [ app_init ] --START--
INFO: Run Behavior\BuildLiteBehavior [ RunTime:0.000021s ]
INFO: Run Common\Behavior\InitHookBehavior [ RunTime:0.001855s ]
INFO: [ app_init ] --END-- [ RunTime:0.002013s ]
NOTIC: [8] Use of undefined constant IS_AJAX - assumed 'IS_AJAX' E:\Workspace\PHP\QinYun\Application\Common\Common\api.php 第 42 行.

[ 2017-03-15T14:07:20+08:00 ] ::1 /Public/Home/font/cJZKeOuBrn4kERxqtaUH3fY6323mHUZFJMgTvxaG2iE.eot
INFO: [ app_init ] --START--
INFO: Run Behavior\BuildLiteBehavior [ RunTime:0.000021s ]
INFO: Run Common\Behavior\InitHookBehavior [ RunTime:0.001903s ]
INFO: [ app_init ] --END-- [ RunTime:0.002058s ]
NOTIC: [8] Use of undefined constant IS_AJAX - assumed 'IS_AJAX' E:\Workspace\PHP\QinYun\Application\Common\Common\api.php 第 42 行.

[ 2017-03-15T14:07:55+08:00 ] ::1 /Public/Home/css/background.jpg
INFO: [ app_init ] --START--
INFO: Run Behavior\BuildLiteBehavior [ RunTime:0.000019s ]
INFO: Run Common\Behavior\InitHookBehavior [ RunTime:0.001839s ]
INFO: [ app_init ] --END-- [ RunTime:0.001985s ]
NOTIC: [8] Use of undefined constant IS_AJAX - assumed 'IS_AJAX' E:\Workspace\PHP\QinYun\Application\Common\Common\api.php 第 42 行.

[ 2017-03-15T14:07:55+08:00 ] ::1 /Public/Home/font/cJZKeOuBrn4kERxqtaUH3fY6323mHUZFJMgTvxaG2iE.eot
INFO: [ app_init ] --START--
INFO: Run Behavior\BuildLiteBehavior [ RunTime:0.000020s ]
INFO: Run Common\Behavior\InitHookBehavior [ RunTime:0.001445s ]
INFO: [ app_init ] --END-- [ RunTime:0.001597s ]
NOTIC: [8] Use of undefined constant IS_AJAX - assumed 'IS_AJAX' E:\Workspace\PHP\QinYun\Application\Common\Common\api.php 第 42 行.

[ 2017-03-15T14:07:58+08:00 ] ::1 /Public/Home/font/cJZKeOuBrn4kERxqtaUH3fY6323mHUZFJMgTvxaG2iE.eot
INFO: [ app_init ] --START--
INFO: Run Behavior\BuildLiteBehavior [ RunTime:0.000022s ]
INFO: Run Common\Behavior\InitHookBehavior [ RunTime:0.002304s ]
INFO: [ app_init ] --END-- [ RunTime:0.002516s ]
NOTIC: [8] Use of undefined constant IS_AJAX - assumed 'IS_AJAX' E:\Workspace\PHP\QinYun\Application\Common\Common\api.php 第 42 行.

[ 2017-03-15T14:08:04+08:00 ] ::1 /Public/Home/css/background.jpg
INFO: [ app_init ] --START--
INFO: Run Behavior\BuildLiteBehavior [ RunTime:0.000019s ]
INFO: Run Common\Behavior\InitHookBehavior [ RunTime:0.001885s ]
INFO: [ app_init ] --END-- [ RunTime:0.002030s ]
NOTIC: [8] Use of undefined constant IS_AJAX - assumed 'IS_AJAX' E:\Workspace\PHP\QinYun\Application\Common\Common\api.php 第 42 行.

[ 2017-03-15T14:08:09+08:00 ] ::1 /Public/Home/font/cJZKeOuBrn4kERxqtaUH3fY6323mHUZFJMgTvxaG2iE.eot
INFO: [ app_init ] --START--
INFO: Run Behavior\BuildLiteBehavior [ RunTime:0.000057s ]
INFO: Run Common\Behavior\InitHookBehavior [ RunTime:0.003190s ]
INFO: [ app_init ] --END-- [ RunTime:0.003574s ]
NOTIC: [8] Use of undefined constant IS_AJAX - assumed 'IS_AJAX' E:\Workspace\PHP\QinYun\Application\Common\Common\api.php 第 42 行.

[ 2017-03-15T14:08:11+08:00 ] ::1 /Public/Home/css/background.jpg
INFO: [ app_init ] --START--
INFO: Run Behavior\BuildLiteBehavior [ RunTime:0.000021s ]
INFO: Run Common\Behavior\InitHookBehavior [ RunTime:0.001770s ]
INFO: [ app_init ] --END-- [ RunTime:0.001928s ]
NOTIC: [8] Use of undefined constant IS_AJAX - assumed 'IS_AJAX' E:\Workspace\PHP\QinYun\Application\Common\Common\api.php 第 42 行.

[ 2017-03-15T14:09:29+08:00 ] ::1 /Public/Static/ueditormini/js/themes/default/images/spacer.gif
INFO: [ app_init ] --START--
INFO: Run Behavior\BuildLiteBehavior [ RunTime:0.000029s ]
INFO: Run Common\Behavior\InitHookBehavior [ RunTime:0.002324s ]
INFO: [ app_init ] --END-- [ RunTime:0.002572s ]
NOTIC: [8] Use of undefined constant IS_AJAX - assumed 'IS_AJAX' E:\Workspace\PHP\QinYun\Application\Common\Common\api.php 第 42 行.

[ 2017-03-15T14:09:29+08:00 ] ::1 /Public/Static/ueditormini/js/themes/default/images/videologo.gif
INFO: [ app_init ] --START--
INFO: Run Behavior\BuildLiteBehavior [ RunTime:0.000028s ]
INFO: Run Common\Behavior\InitHookBehavior [ RunTime:0.004529s ]
INFO: [ app_init ] --END-- [ RunTime:0.004743s ]
NOTIC: [8] Use of undefined constant IS_AJAX - assumed 'IS_AJAX' E:\Workspace\PHP\QinYun\Application\Common\Common\api.php 第 42 行.

[ 2017-03-15T14:09:36+08:00 ] ::1 /Public/Static/ueditormini/js/themes/default/images/spacer.gif
INFO: [ app_init ] --START--
INFO: Run Behavior\BuildLiteBehavior [ RunTime:0.000018s ]
INFO: Run Common\Behavior\InitHookBehavior [ RunTime:0.001830s ]
INFO: [ app_init ] --END-- [ RunTime:0.001967s ]
NOTIC: [8] Use of undefined constant IS_AJAX - assumed 'IS_AJAX' E:\Workspace\PHP\QinYun\Application\Common\Common\api.php 第 42 行.

[ 2017-03-15T14:09:52+08:00 ] ::1 /Public/Home/font/cJZKeOuBrn4kERxqtaUH3fY6323mHUZFJMgTvxaG2iE.eot
INFO: [ app_init ] --START--
INFO: Run Behavior\BuildLiteBehavior [ RunTime:0.000019s ]
INFO: Run Common\Behavior\InitHookBehavior [ RunTime:0.001279s ]
INFO: [ app_init ] --END-- [ RunTime:0.001426s ]
NOTIC: [8] Use of undefined constant IS_AJAX - assumed 'IS_AJAX' E:\Workspace\PHP\QinYun\Application\Common\Common\api.php 第 42 行.

[ 2017-03-15T14:09:52+08:00 ] ::1 /Public/Home/css/background.jpg
INFO: [ app_init ] --START--
INFO: Run Behavior\BuildLiteBehavior [ RunTime:0.000028s ]
INFO: Run Common\Behavior\InitHookBehavior [ RunTime:0.004138s ]
INFO: [ app_init ] --END-- [ RunTime:0.004400s ]
NOTIC: [8] Use of undefined constant IS_AJAX - assumed 'IS_AJAX' E:\Workspace\PHP\QinYun\Application\Common\Common\api.php 第 42 行.

[ 2017-03-15T14:15:20+08:00 ] ::1 /Public/Home/font/cJZKeOuBrn4kERxqtaUH3fY6323mHUZFJMgTvxaG2iE.eot
INFO: [ app_init ] --START--
INFO: Run Behavior\BuildLiteBehavior [ RunTime:0.000030s ]
INFO: Run Common\Behavior\InitHookBehavior [ RunTime:0.002809s ]
INFO: [ app_init ] --END-- [ RunTime:0.003050s ]
NOTIC: [8] Use of undefined constant IS_AJAX - assumed 'IS_AJAX' E:\Workspace\PHP\QinYun\Application\Common\Common\api.php 第 42 行.

[ 2017-03-15T14:15:20+08:00 ] ::1 /Public/Home/css/background.jpg
INFO: [ app_init ] --START--
INFO: Run Behavior\BuildLiteBehavior [ RunTime:0.000021s ]
INFO: Run Common\Behavior\InitHookBehavior [ RunTime:0.001934s ]
INFO: [ app_init ] --END-- [ RunTime:0.002093s ]
NOTIC: [8] Use of undefined constant IS_AJAX - assumed 'IS_AJAX' E:\Workspace\PHP\QinYun\Application\Common\Common\api.php 第 42 行.

[ 2017-03-15T14:15:46+08:00 ] ::1 /Public/Home/css/background.jpg
INFO: [ app_init ] --START--
INFO: Run Behavior\BuildLiteBehavior [ RunTime:0.000019s ]
INFO: Run Common\Behavior\InitHookBehavior [ RunTime:0.001852s ]
INFO: [ app_init ] --END-- [ RunTime:0.002001s ]
NOTIC: [8] Use of undefined constant IS_AJAX - assumed 'IS_AJAX' E:\Workspace\PHP\QinYun\Application\Common\Common\api.php 第 42 行.

[ 2017-03-15T14:15:46+08:00 ] ::1 /Public/Home/font/cJZKeOuBrn4kERxqtaUH3fY6323mHUZFJMgTvxaG2iE.eot
INFO: [ app_init ] --START--
INFO: Run Behavior\BuildLiteBehavior [ RunTime:0.000028s ]
INFO: Run Common\Behavior\InitHookBehavior [ RunTime:0.015008s ]
INFO: [ app_init ] --END-- [ RunTime:0.015231s ]
NOTIC: [8] Use of undefined constant IS_AJAX - assumed 'IS_AJAX' E:\Workspace\PHP\QinYun\Application\Common\Common\api.php 第 42 行.

[ 2017-03-15T14:16:05+08:00 ] ::1 /Public/Home/css/background.jpg
INFO: [ app_init ] --START--
INFO: Run Behavior\BuildLiteBehavior [ RunTime:0.000030s ]
INFO: Run Common\Behavior\InitHookBehavior [ RunTime:0.002784s ]
INFO: [ app_init ] --END-- [ RunTime:0.003298s ]
NOTIC: [8] Use of undefined constant IS_AJAX - assumed 'IS_AJAX' E:\Workspace\PHP\QinYun\Application\Common\Common\api.php 第 42 行.

[ 2017-03-15T14:16:05+08:00 ] ::1 /Public/Home/font/cJZKeOuBrn4kERxqtaUH3fY6323mHUZFJMgTvxaG2iE.eot
INFO: [ app_init ] --START--
INFO: Run Behavior\BuildLiteBehavior [ RunTime:0.000029s ]
INFO: Run Common\Behavior\InitHookBehavior [ RunTime:0.003129s ]
INFO: [ app_init ] --END-- [ RunTime:0.003366s ]
NOTIC: [8] Use of undefined constant IS_AJAX - assumed 'IS_AJAX' E:\Workspace\PHP\QinYun\Application\Common\Common\api.php 第 42 行.

[ 2017-03-15T14:16:20+08:00 ] ::1 /Public/Home/css/background.jpg
INFO: [ app_init ] --START--
INFO: Run Behavior\BuildLiteBehavior [ RunTime:0.000019s ]
INFO: Run Common\Behavior\InitHookBehavior [ RunTime:0.003339s ]
INFO: [ app_init ] --END-- [ RunTime:0.003566s ]
NOTIC: [8] Use of undefined constant IS_AJAX - assumed 'IS_AJAX' E:\Workspace\PHP\QinYun\Application\Common\Common\api.php 第 42 行.

[ 2017-03-15T14:16:20+08:00 ] ::1 /Public/Home/font/cJZKeOuBrn4kERxqtaUH3fY6323mHUZFJMgTvxaG2iE.eot
INFO: [ app_init ] --START--
INFO: Run Behavior\BuildLiteBehavior [ RunTime:0.000020s ]
INFO: Run Common\Behavior\InitHookBehavior [ RunTime:0.001681s ]
INFO: [ app_init ] --END-- [ RunTime:0.001844s ]
NOTIC: [8] Use of undefined constant IS_AJAX - assumed 'IS_AJAX' E:\Workspace\PHP\QinYun\Application\Common\Common\api.php 第 42 行.

[ 2017-03-15T14:16:49+08:00 ] ::1 /Public/Home/css/background.jpg
INFO: [ app_init ] --START--
INFO: Run Behavior\BuildLiteBehavior [ RunTime:0.000020s ]
INFO: Run Common\Behavior\InitHookBehavior [ RunTime:0.002221s ]
INFO: [ app_init ] --END-- [ RunTime:0.002379s ]
NOTIC: [8] Use of undefined constant IS_AJAX - assumed 'IS_AJAX' E:\Workspace\PHP\QinYun\Application\Common\Common\api.php 第 42 行.

[ 2017-03-15T14:16:49+08:00 ] ::1 /Public/Home/font/cJZKeOuBrn4kERxqtaUH3fY6323mHUZFJMgTvxaG2iE.eot
INFO: [ app_init ] --START--
INFO: Run Behavior\BuildLiteBehavior [ RunTime:0.000032s ]
INFO: Run Common\Behavior\InitHookBehavior [ RunTime:0.003540s ]
INFO: [ app_init ] --END-- [ RunTime:0.003792s ]
NOTIC: [8] Use of undefined constant IS_AJAX - assumed 'IS_AJAX' E:\Workspace\PHP\QinYun\Application\Common\Common\api.php 第 42 行.

[ 2017-03-15T14:19:37+08:00 ] ::1 /Public/Home/css/background.jpg
INFO: [ app_init ] --START--
INFO: Run Behavior\BuildLiteBehavior [ RunTime:0.000019s ]
INFO: Run Common\Behavior\InitHookBehavior [ RunTime:0.001821s ]
INFO: [ app_init ] --END-- [ RunTime:0.002010s ]
NOTIC: [8] Use of undefined constant IS_AJAX - assumed 'IS_AJAX' E:\Workspace\PHP\QinYun\Application\Common\Common\api.php 第 42 行.

[ 2017-03-15T14:19:55+08:00 ] ::1 /Public/Home/font/cJZKeOuBrn4kERxqtaUH3fY6323mHUZFJMgTvxaG2iE.eot
INFO: [ app_init ] --START--
INFO: Run Behavior\BuildLiteBehavior [ RunTime:0.000034s ]
INFO: Run Common\Behavior\InitHookBehavior [ RunTime:0.002405s ]
INFO: [ app_init ] --END-- [ RunTime:0.002695s ]
NOTIC: [8] Use of undefined constant IS_AJAX - assumed 'IS_AJAX' E:\Workspace\PHP\QinYun\Application\Common\Common\api.php 第 42 行.

[ 2017-03-15T14:19:55+08:00 ] ::1 /Public/Home/css/background.jpg
INFO: [ app_init ] --START--
INFO: Run Behavior\BuildLiteBehavior [ RunTime:0.000033s ]
INFO: Run Common\Behavior\InitHookBehavior [ RunTime:0.002194s ]
INFO: [ app_init ] --END-- [ RunTime:0.002446s ]
NOTIC: [8] Use of undefined constant IS_AJAX - assumed 'IS_AJAX' E:\Workspace\PHP\QinYun\Application\Common\Common\api.php 第 42 行.

[ 2017-03-15T14:19:59+08:00 ] ::1 /Public/Home/css/background.jpg
INFO: [ app_init ] --START--
INFO: Run Behavior\BuildLiteBehavior [ RunTime:0.000020s ]
INFO: Run Common\Behavior\InitHookBehavior [ RunTime:0.001369s ]
INFO: [ app_init ] --END-- [ RunTime:0.001688s ]
NOTIC: [8] Use of undefined constant IS_AJAX - assumed 'IS_AJAX' E:\Workspace\PHP\QinYun\Application\Common\Common\api.php 第 42 行.

[ 2017-03-15T14:19:59+08:00 ] ::1 /Public/Home/font/cJZKeOuBrn4kERxqtaUH3fY6323mHUZFJMgTvxaG2iE.eot
INFO: [ app_init ] --START--
INFO: Run Behavior\BuildLiteBehavior [ RunTime:0.000033s ]
INFO: Run Common\Behavior\InitHookBehavior [ RunTime:0.002002s ]
INFO: [ app_init ] --END-- [ RunTime:0.002249s ]
NOTIC: [8] Use of undefined constant IS_AJAX - assumed 'IS_AJAX' E:\Workspace\PHP\QinYun\Application\Common\Common\api.php 第 42 行.

[ 2017-03-15T14:20:24+08:00 ] ::1 /Public/Home/css/background.jpg
INFO: [ app_init ] --START--
INFO: Run Behavior\BuildLiteBehavior [ RunTime:0.000024s ]
INFO: Run Common\Behavior\InitHookBehavior [ RunTime:0.002982s ]
INFO: [ app_init ] --END-- [ RunTime:0.003207s ]
NOTIC: [8] Use of undefined constant IS_AJAX - assumed 'IS_AJAX' E:\Workspace\PHP\QinYun\Application\Common\Common\api.php 第 42 行.

[ 2017-03-15T14:20:24+08:00 ] ::1 /Public/Home/font/cJZKeOuBrn4kERxqtaUH3fY6323mHUZFJMgTvxaG2iE.eot
INFO: [ app_init ] --START--
INFO: Run Behavior\BuildLiteBehavior [ RunTime:0.000020s ]
INFO: Run Common\Behavior\InitHookBehavior [ RunTime:0.002338s ]
INFO: [ app_init ] --END-- [ RunTime:0.002551s ]
NOTIC: [8] Use of undefined constant IS_AJAX - assumed 'IS_AJAX' E:\Workspace\PHP\QinYun\Application\Common\Common\api.php 第 42 行.

[ 2017-03-15T14:24:43+08:00 ] ::1 /Public/Home/css/background.jpg
INFO: [ app_init ] --START--
INFO: Run Behavior\BuildLiteBehavior [ RunTime:0.000032s ]
INFO: Run Common\Behavior\InitHookBehavior [ RunTime:0.003315s ]
INFO: [ app_init ] --END-- [ RunTime:0.003573s ]
NOTIC: [8] Use of undefined constant IS_AJAX - assumed 'IS_AJAX' E:\Workspace\PHP\QinYun\Application\Common\Common\api.php 第 42 行.

[ 2017-03-15T14:24:43+08:00 ] ::1 /Public/Home/font/cJZKeOuBrn4kERxqtaUH3fY6323mHUZFJMgTvxaG2iE.eot
INFO: [ app_init ] --START--
INFO: Run Behavior\BuildLiteBehavior [ RunTime:0.000021s ]
INFO: Run Common\Behavior\InitHookBehavior [ RunTime:0.001929s ]
INFO: [ app_init ] --END-- [ RunTime:0.002110s ]
NOTIC: [8] Use of undefined constant IS_AJAX - assumed 'IS_AJAX' E:\Workspace\PHP\QinYun\Application\Common\Common\api.php 第 42 行.

[ 2017-03-15T14:24:57+08:00 ] ::1 /Public/Home/css/background.jpg
INFO: [ app_init ] --START--
INFO: Run Behavior\BuildLiteBehavior [ RunTime:0.000021s ]
INFO: Run Common\Behavior\InitHookBehavior [ RunTime:0.002208s ]
INFO: [ app_init ] --END-- [ RunTime:0.002377s ]
NOTIC: [8] Use of undefined constant IS_AJAX - assumed 'IS_AJAX' E:\Workspace\PHP\QinYun\Application\Common\Common\api.php 第 42 行.

[ 2017-03-15T14:24:57+08:00 ] ::1 /Public/Home/font/cJZKeOuBrn4kERxqtaUH3fY6323mHUZFJMgTvxaG2iE.eot
INFO: [ app_init ] --START--
INFO: Run Behavior\BuildLiteBehavior [ RunTime:0.000020s ]
INFO: Run Common\Behavior\InitHookBehavior [ RunTime:0.001596s ]
INFO: [ app_init ] --END-- [ RunTime:0.001752s ]
NOTIC: [8] Use of undefined constant IS_AJAX - assumed 'IS_AJAX' E:\Workspace\PHP\QinYun\Application\Common\Common\api.php 第 42 行.

[ 2017-03-15T14:26:00+08:00 ] ::1 /Public/Home/css/background.jpg
INFO: [ app_init ] --START--
INFO: Run Behavior\BuildLiteBehavior [ RunTime:0.000023s ]
INFO: Run Common\Behavior\InitHookBehavior [ RunTime:0.002925s ]
INFO: [ app_init ] --END-- [ RunTime:0.003113s ]
NOTIC: [8] Use of undefined constant IS_AJAX - assumed 'IS_AJAX' E:\Workspace\PHP\QinYun\Application\Common\Common\api.php 第 42 行.

[ 2017-03-15T14:26:00+08:00 ] ::1 /Public/Home/font/cJZKeOuBrn4kERxqtaUH3fY6323mHUZFJMgTvxaG2iE.eot
INFO: [ app_init ] --START--
INFO: Run Behavior\BuildLiteBehavior [ RunTime:0.000044s ]
INFO: Run Common\Behavior\InitHookBehavior [ RunTime:0.002977s ]
INFO: [ app_init ] --END-- [ RunTime:0.003279s ]
NOTIC: [8] Use of undefined constant IS_AJAX - assumed 'IS_AJAX' E:\Workspace\PHP\QinYun\Application\Common\Common\api.php 第 42 行.

[ 2017-03-15T14:26:26+08:00 ] ::1 /Public/Home/css/background.jpg
INFO: [ app_init ] --START--
INFO: Run Behavior\BuildLiteBehavior [ RunTime:0.000028s ]
INFO: Run Common\Behavior\InitHookBehavior [ RunTime:0.002034s ]
INFO: [ app_init ] --END-- [ RunTime:0.002238s ]
NOTIC: [8] Use of undefined constant IS_AJAX - assumed 'IS_AJAX' E:\Workspace\PHP\QinYun\Application\Common\Common\api.php 第 42 行.

[ 2017-03-15T14:26:26+08:00 ] ::1 /Public/Home/font/cJZKeOuBrn4kERxqtaUH3fY6323mHUZFJMgTvxaG2iE.eot
INFO: [ app_init ] --START--
INFO: Run Behavior\BuildLiteBehavior [ RunTime:0.000028s ]
INFO: Run Common\Behavior\InitHookBehavior [ RunTime:0.002677s ]
INFO: [ app_init ] --END-- [ RunTime:0.002863s ]
NOTIC: [8] Use of undefined constant IS_AJAX - assumed 'IS_AJAX' E:\Workspace\PHP\QinYun\Application\Common\Common\api.php 第 42 行.

[ 2017-03-15T14:27:34+08:00 ] ::1 /Public/Home/css/background.jpg
INFO: [ app_init ] --START--
INFO: Run Behavior\BuildLiteBehavior [ RunTime:0.000019s ]
INFO: Run Common\Behavior\InitHookBehavior [ RunTime:0.001711s ]
INFO: [ app_init ] --END-- [ RunTime:0.001860s ]
NOTIC: [8] Use of undefined constant IS_AJAX - assumed 'IS_AJAX' E:\Workspace\PHP\QinYun\Application\Common\Common\api.php 第 42 行.

[ 2017-03-15T14:27:35+08:00 ] ::1 /Public/Home/font/cJZKeOuBrn4kERxqtaUH3fY6323mHUZFJMgTvxaG2iE.eot
INFO: [ app_init ] --START--
INFO: Run Behavior\BuildLiteBehavior [ RunTime:0.000020s ]
INFO: Run Common\Behavior\InitHookBehavior [ RunTime:0.001850s ]
INFO: [ app_init ] --END-- [ RunTime:0.002007s ]
NOTIC: [8] Use of undefined constant IS_AJAX - assumed 'IS_AJAX' E:\Workspace\PHP\QinYun\Application\Common\Common\api.php 第 42 行.

[ 2017-03-15T14:27:39+08:00 ] ::1 /Public/Home/font/cJZKeOuBrn4kERxqtaUH3fY6323mHUZFJMgTvxaG2iE.eot
INFO: [ app_init ] --START--
INFO: Run Behavior\BuildLiteBehavior [ RunTime:0.000041s ]
INFO: Run Common\Behavior\InitHookBehavior [ RunTime:0.003414s ]
INFO: [ app_init ] --END-- [ RunTime:0.003703s ]
NOTIC: [8] Use of undefined constant IS_AJAX - assumed 'IS_AJAX' E:\Workspace\PHP\QinYun\Application\Common\Common\api.php 第 42 行.

[ 2017-03-15T14:27:48+08:00 ] ::1 /Public/Home/css/background.jpg
INFO: [ app_init ] --START--
INFO: Run Behavior\BuildLiteBehavior [ RunTime:0.000024s ]
INFO: Run Common\Behavior\InitHookBehavior [ RunTime:0.001848s ]
INFO: [ app_init ] --END-- [ RunTime:0.002031s ]
NOTIC: [8] Use of undefined constant IS_AJAX - assumed 'IS_AJAX' E:\Workspace\PHP\QinYun\Application\Common\Common\api.php 第 42 行.

[ 2017-03-15T14:28:31+08:00 ] ::1 /Public/Home/css/background.jpg
INFO: [ app_init ] --START--
INFO: Run Behavior\BuildLiteBehavior [ RunTime:0.000024s ]
INFO: Run Common\Behavior\InitHookBehavior [ RunTime:0.002245s ]
INFO: [ app_init ] --END-- [ RunTime:0.002445s ]
NOTIC: [8] Use of undefined constant IS_AJAX - assumed 'IS_AJAX' E:\Workspace\PHP\QinYun\Application\Common\Common\api.php 第 42 行.

[ 2017-03-15T14:28:31+08:00 ] ::1 /Public/Home/font/cJZKeOuBrn4kERxqtaUH3fY6323mHUZFJMgTvxaG2iE.eot
INFO: [ app_init ] --START--
INFO: Run Behavior\BuildLiteBehavior [ RunTime:0.000020s ]
INFO: Run Common\Behavior\InitHookBehavior [ RunTime:0.002070s ]
INFO: [ app_init ] --END-- [ RunTime:0.002231s ]
NOTIC: [8] Use of undefined constant IS_AJAX - assumed 'IS_AJAX' E:\Workspace\PHP\QinYun\Application\Common\Common\api.php 第 42 行.

[ 2017-03-15T14:28:48+08:00 ] ::1 /Public/Home/css/background.jpg
INFO: [ app_init ] --START--
INFO: Run Behavior\BuildLiteBehavior [ RunTime:0.000033s ]
INFO: Run Common\Behavior\InitHookBehavior [ RunTime:0.003243s ]
INFO: [ app_init ] --END-- [ RunTime:0.003508s ]
NOTIC: [8] Use of undefined constant IS_AJAX - assumed 'IS_AJAX' E:\Workspace\PHP\QinYun\Application\Common\Common\api.php 第 42 行.

[ 2017-03-15T14:28:48+08:00 ] ::1 /Public/Home/font/cJZKeOuBrn4kERxqtaUH3fY6323mHUZFJMgTvxaG2iE.eot
INFO: [ app_init ] --START--
INFO: Run Behavior\BuildLiteBehavior [ RunTime:0.000031s ]
INFO: Run Common\Behavior\InitHookBehavior [ RunTime:0.002487s ]
INFO: [ app_init ] --END-- [ RunTime:0.002712s ]
NOTIC: [8] Use of undefined constant IS_AJAX - assumed 'IS_AJAX' E:\Workspace\PHP\QinYun\Application\Common\Common\api.php 第 42 行.

[ 2017-03-15T14:42:40+08:00 ] ::1 /Public/Home/css/background.jpg
INFO: [ app_init ] --START--
INFO: Run Behavior\BuildLiteBehavior [ RunTime:0.000033s ]
INFO: Run Common\Behavior\InitHookBehavior [ RunTime:0.002525s ]
INFO: [ app_init ] --END-- [ RunTime:0.002776s ]
NOTIC: [8] Use of undefined constant IS_AJAX - assumed 'IS_AJAX' E:\Workspace\PHP\QinYun\Application\Common\Common\api.php 第 42 行.

[ 2017-03-15T14:42:40+08:00 ] ::1 /Public/Home/font/cJZKeOuBrn4kERxqtaUH3fY6323mHUZFJMgTvxaG2iE.eot
INFO: [ app_init ] --START--
INFO: Run Behavior\BuildLiteBehavior [ RunTime:0.000030s ]
INFO: Run Common\Behavior\InitHookBehavior [ RunTime:0.002755s ]
INFO: [ app_init ] --END-- [ RunTime:0.002995s ]
NOTIC: [8] Use of undefined constant IS_AJAX - assumed 'IS_AJAX' E:\Workspace\PHP\QinYun\Application\Common\Common\api.php 第 42 行.

[ 2017-03-15T14:56:35+08:00 ] ::1 /Public/Home/css/background.jpg
INFO: [ app_init ] --START--
INFO: Run Behavior\BuildLiteBehavior [ RunTime:0.000030s ]
INFO: Run Common\Behavior\InitHookBehavior [ RunTime:0.002513s ]
INFO: [ app_init ] --END-- [ RunTime:0.002771s ]
NOTIC: [8] Use of undefined constant IS_AJAX - assumed 'IS_AJAX' E:\Workspace\PHP\QinYun\Application\Common\Common\api.php 第 42 行.

[ 2017-03-15T14:56:35+08:00 ] ::1 /Public/Home/font/cJZKeOuBrn4kERxqtaUH3fY6323mHUZFJMgTvxaG2iE.eot
INFO: [ app_init ] --START--
INFO: Run Behavior\BuildLiteBehavior [ RunTime:0.000021s ]
INFO: Run Common\Behavior\InitHookBehavior [ RunTime:0.001909s ]
INFO: [ app_init ] --END-- [ RunTime:0.002069s ]
NOTIC: [8] Use of undefined constant IS_AJAX - assumed 'IS_AJAX' E:\Workspace\PHP\QinYun\Application\Common\Common\api.php 第 42 行.

[ 2017-03-15T14:57:56+08:00 ] ::1 /Public/Home/css/background.jpg
INFO: [ app_init ] --START--
INFO: Run Behavior\BuildLiteBehavior [ RunTime:0.000031s ]
INFO: Run Common\Behavior\InitHookBehavior [ RunTime:0.002804s ]
INFO: [ app_init ] --END-- [ RunTime:0.003054s ]
NOTIC: [8] Use of undefined constant IS_AJAX - assumed 'IS_AJAX' E:\Workspace\PHP\QinYun\Application\Common\Common\api.php 第 42 行.

[ 2017-03-15T14:57:56+08:00 ] ::1 /Public/Home/font/cJZKeOuBrn4kERxqtaUH3fY6323mHUZFJMgTvxaG2iE.eot
INFO: [ app_init ] --START--
INFO: Run Behavior\BuildLiteBehavior [ RunTime:0.000035s ]
INFO: Run Common\Behavior\InitHookBehavior [ RunTime:0.002673s ]
INFO: [ app_init ] --END-- [ RunTime:0.002884s ]
NOTIC: [8] Use of undefined constant IS_AJAX - assumed 'IS_AJAX' E:\Workspace\PHP\QinYun\Application\Common\Common\api.php 第 42 行.

[ 2017-03-15T15:04:20+08:00 ] ::1 /Public/Home/css/background.jpg
INFO: [ app_init ] --START--
INFO: Run Behavior\BuildLiteBehavior [ RunTime:0.000017s ]
INFO: Run Common\Behavior\InitHookBehavior [ RunTime:0.001703s ]
INFO: [ app_init ] --END-- [ RunTime:0.001842s ]
NOTIC: [8] Use of undefined constant IS_AJAX - assumed 'IS_AJAX' E:\Workspace\PHP\QinYun\Application\Common\Common\api.php 第 42 行.

[ 2017-03-15T15:04:20+08:00 ] ::1 /Public/Home/font/cJZKeOuBrn4kERxqtaUH3fY6323mHUZFJMgTvxaG2iE.eot
INFO: [ app_init ] --START--
INFO: Run Behavior\BuildLiteBehavior [ RunTime:0.000037s ]
INFO: Run Common\Behavior\InitHookBehavior [ RunTime:0.002384s ]
INFO: [ app_init ] --END-- [ RunTime:0.002622s ]
NOTIC: [8] Use of undefined constant IS_AJAX - assumed 'IS_AJAX' E:\Workspace\PHP\QinYun\Application\Common\Common\api.php 第 42 行.

[ 2017-03-15T15:04:33+08:00 ] ::1 /Public/Home/css/background.jpg
INFO: [ app_init ] --START--
INFO: Run Behavior\BuildLiteBehavior [ RunTime:0.000021s ]
INFO: Run Common\Behavior\InitHookBehavior [ RunTime:0.001805s ]
INFO: [ app_init ] --END-- [ RunTime:0.001981s ]
NOTIC: [8] Use of undefined constant IS_AJAX - assumed 'IS_AJAX' E:\Workspace\PHP\QinYun\Application\Common\Common\api.php 第 42 行.

[ 2017-03-15T15:04:33+08:00 ] ::1 /Public/Home/font/cJZKeOuBrn4kERxqtaUH3fY6323mHUZFJMgTvxaG2iE.eot
INFO: [ app_init ] --START--
INFO: Run Behavior\BuildLiteBehavior [ RunTime:0.000029s ]
INFO: Run Common\Behavior\InitHookBehavior [ RunTime:0.002382s ]
INFO: [ app_init ] --END-- [ RunTime:0.002603s ]
NOTIC: [8] Use of undefined constant IS_AJAX - assumed 'IS_AJAX' E:\Workspace\PHP\QinYun\Application\Common\Common\api.php 第 42 行.

[ 2017-03-15T15:05:07+08:00 ] ::1 /Public/Home/css/background.jpg
INFO: [ app_init ] --START--
INFO: Run Behavior\BuildLiteBehavior [ RunTime:0.000032s ]
INFO: Run Common\Behavior\InitHookBehavior [ RunTime:0.003158s ]
INFO: [ app_init ] --END-- [ RunTime:0.003451s ]
NOTIC: [8] Use of undefined constant IS_AJAX - assumed 'IS_AJAX' E:\Workspace\PHP\QinYun\Application\Common\Common\api.php 第 42 行.

[ 2017-03-15T15:05:07+08:00 ] ::1 /Public/Home/font/cJZKeOuBrn4kERxqtaUH3fY6323mHUZFJMgTvxaG2iE.eot
INFO: [ app_init ] --START--
INFO: Run Behavior\BuildLiteBehavior [ RunTime:0.000020s ]
INFO: Run Common\Behavior\InitHookBehavior [ RunTime:0.002605s ]
INFO: [ app_init ] --END-- [ RunTime:0.002792s ]
NOTIC: [8] Use of undefined constant IS_AJAX - assumed 'IS_AJAX' E:\Workspace\PHP\QinYun\Application\Common\Common\api.php 第 42 行.

[ 2017-03-15T15:06:36+08:00 ] ::1 /Public/Home/css/background.jpg
INFO: [ app_init ] --START--
INFO: Run Behavior\BuildLiteBehavior [ RunTime:0.000025s ]
INFO: Run Common\Behavior\InitHookBehavior [ RunTime:0.002277s ]
INFO: [ app_init ] --END-- [ RunTime:0.002499s ]
NOTIC: [8] Use of undefined constant IS_AJAX - assumed 'IS_AJAX' E:\Workspace\PHP\QinYun\Application\Common\Common\api.php 第 42 行.

[ 2017-03-15T15:06:36+08:00 ] ::1 /Public/Home/font/cJZKeOuBrn4kERxqtaUH3fY6323mHUZFJMgTvxaG2iE.eot
INFO: [ app_init ] --START--
INFO: Run Behavior\BuildLiteBehavior [ RunTime:0.000031s ]
INFO: Run Common\Behavior\InitHookBehavior [ RunTime:0.002752s ]
INFO: [ app_init ] --END-- [ RunTime:0.003001s ]
NOTIC: [8] Use of undefined constant IS_AJAX - assumed 'IS_AJAX' E:\Workspace\PHP\QinYun\Application\Common\Common\api.php 第 42 行.

[ 2017-03-15T15:07:36+08:00 ] ::1 /Public/Home/css/background.jpg
INFO: [ app_init ] --START--
INFO: Run Behavior\BuildLiteBehavior [ RunTime:0.000020s ]
INFO: Run Common\Behavior\InitHookBehavior [ RunTime:0.001698s ]
INFO: [ app_init ] --END-- [ RunTime:0.001858s ]
NOTIC: [8] Use of undefined constant IS_AJAX - assumed 'IS_AJAX' E:\Workspace\PHP\QinYun\Application\Common\Common\api.php 第 42 行.

[ 2017-03-15T15:07:36+08:00 ] ::1 /Public/Home/font/cJZKeOuBrn4kERxqtaUH3fY6323mHUZFJMgTvxaG2iE.eot
INFO: [ app_init ] --START--
INFO: Run Behavior\BuildLiteBehavior [ RunTime:0.000019s ]
INFO: Run Common\Behavior\InitHookBehavior [ RunTime:0.001780s ]
INFO: [ app_init ] --END-- [ RunTime:0.001931s ]
NOTIC: [8] Use of undefined constant IS_AJAX - assumed 'IS_AJAX' E:\Workspace\PHP\QinYun\Application\Common\Common\api.php 第 42 行.

[ 2017-03-15T15:07:56+08:00 ] ::1 /Public/Home/css/background.jpg
INFO: [ app_init ] --START--
INFO: Run Behavior\BuildLiteBehavior [ RunTime:0.000031s ]
INFO: Run Common\Behavior\InitHookBehavior [ RunTime:0.002868s ]
INFO: [ app_init ] --END-- [ RunTime:0.003170s ]
NOTIC: [8] Use of undefined constant IS_AJAX - assumed 'IS_AJAX' E:\Workspace\PHP\QinYun\Application\Common\Common\api.php 第 42 行.

[ 2017-03-15T15:07:56+08:00 ] ::1 /Public/Home/font/cJZKeOuBrn4kERxqtaUH3fY6323mHUZFJMgTvxaG2iE.eot
INFO: [ app_init ] --START--
INFO: Run Behavior\BuildLiteBehavior [ RunTime:0.000020s ]
INFO: Run Common\Behavior\InitHookBehavior [ RunTime:0.001261s ]
INFO: [ app_init ] --END-- [ RunTime:0.001407s ]
NOTIC: [8] Use of undefined constant IS_AJAX - assumed 'IS_AJAX' E:\Workspace\PHP\QinYun\Application\Common\Common\api.php 第 42 行.

[ 2017-03-15T15:09:13+08:00 ] ::1 /Public/Home/css/background.jpg
INFO: [ app_init ] --START--
INFO: Run Behavior\BuildLiteBehavior [ RunTime:0.000030s ]
INFO: Run Common\Behavior\InitHookBehavior [ RunTime:0.002462s ]
INFO: [ app_init ] --END-- [ RunTime:0.002685s ]
NOTIC: [8] Use of undefined constant IS_AJAX - assumed 'IS_AJAX' E:\Workspace\PHP\QinYun\Application\Common\Common\api.php 第 42 行.

[ 2017-03-15T15:09:13+08:00 ] ::1 /Public/Home/font/cJZKeOuBrn4kERxqtaUH3fY6323mHUZFJMgTvxaG2iE.eot
INFO: [ app_init ] --START--
INFO: Run Behavior\BuildLiteBehavior [ RunTime:0.000021s ]
INFO: Run Common\Behavior\InitHookBehavior [ RunTime:0.002799s ]
INFO: [ app_init ] --END-- [ RunTime:0.002972s ]
NOTIC: [8] Use of undefined constant IS_AJAX - assumed 'IS_AJAX' E:\Workspace\PHP\QinYun\Application\Common\Common\api.php 第 42 行.

[ 2017-03-15T15:09:35+08:00 ] ::1 /Public/Home/css/background.jpg
INFO: [ app_init ] --START--
INFO: Run Behavior\BuildLiteBehavior [ RunTime:0.000020s ]
INFO: Run Common\Behavior\InitHookBehavior [ RunTime:0.001920s ]
INFO: [ app_init ] --END-- [ RunTime:0.002070s ]
NOTIC: [8] Use of undefined constant IS_AJAX - assumed 'IS_AJAX' E:\Workspace\PHP\QinYun\Application\Common\Common\api.php 第 42 行.

[ 2017-03-15T15:09:35+08:00 ] ::1 /Public/Home/font/cJZKeOuBrn4kERxqtaUH3fY6323mHUZFJMgTvxaG2iE.eot
INFO: [ app_init ] --START--
INFO: Run Behavior\BuildLiteBehavior [ RunTime:0.000020s ]
INFO: Run Common\Behavior\InitHookBehavior [ RunTime:0.002103s ]
INFO: [ app_init ] --END-- [ RunTime:0.002268s ]
NOTIC: [8] Use of undefined constant IS_AJAX - assumed 'IS_AJAX' E:\Workspace\PHP\QinYun\Application\Common\Common\api.php 第 42 行.

[ 2017-03-15T15:11:50+08:00 ] ::1 /Public/Home/css/background.jpg
INFO: [ app_init ] --START--
INFO: Run Behavior\BuildLiteBehavior [ RunTime:0.000022s ]
INFO: Run Common\Behavior\InitHookBehavior [ RunTime:0.002301s ]
INFO: [ app_init ] --END-- [ RunTime:0.002505s ]
NOTIC: [8] Use of undefined constant IS_AJAX - assumed 'IS_AJAX' E:\Workspace\PHP\QinYun\Application\Common\Common\api.php 第 42 行.

[ 2017-03-15T15:11:50+08:00 ] ::1 /Public/Home/font/cJZKeOuBrn4kERxqtaUH3fY6323mHUZFJMgTvxaG2iE.eot
INFO: [ app_init ] --START--
INFO: Run Behavior\BuildLiteBehavior [ RunTime:0.000021s ]
INFO: Run Common\Behavior\InitHookBehavior [ RunTime:0.002555s ]
INFO: [ app_init ] --END-- [ RunTime:0.002746s ]
NOTIC: [8] Use of undefined constant IS_AJAX - assumed 'IS_AJAX' E:\Workspace\PHP\QinYun\Application\Common\Common\api.php 第 42 行.

[ 2017-03-15T15:12:17+08:00 ] ::1 /Public/Home/css/background.jpg
INFO: [ app_init ] --START--
INFO: Run Behavior\BuildLiteBehavior [ RunTime:0.000020s ]
INFO: Run Common\Behavior\InitHookBehavior [ RunTime:0.001885s ]
INFO: [ app_init ] --END-- [ RunTime:0.002048s ]
NOTIC: [8] Use of undefined constant IS_AJAX - assumed 'IS_AJAX' E:\Workspace\PHP\QinYun\Application\Common\Common\api.php 第 42 行.

[ 2017-03-15T15:12:17+08:00 ] ::1 /Public/Home/font/cJZKeOuBrn4kERxqtaUH3fY6323mHUZFJMgTvxaG2iE.eot
INFO: [ app_init ] --START--
INFO: Run Behavior\BuildLiteBehavior [ RunTime:0.000030s ]
INFO: Run Common\Behavior\InitHookBehavior [ RunTime:0.002999s ]
INFO: [ app_init ] --END-- [ RunTime:0.003202s ]
NOTIC: [8] Use of undefined constant IS_AJAX - assumed 'IS_AJAX' E:\Workspace\PHP\QinYun\Application\Common\Common\api.php 第 42 行.

[ 2017-03-15T15:12:33+08:00 ] ::1 /Public/Home/css/background.jpg
INFO: [ app_init ] --START--
INFO: Run Behavior\BuildLiteBehavior [ RunTime:0.000049s ]
INFO: Run Common\Behavior\InitHookBehavior [ RunTime:0.002763s ]
INFO: [ app_init ] --END-- [ RunTime:0.003035s ]
NOTIC: [8] Use of undefined constant IS_AJAX - assumed 'IS_AJAX' E:\Workspace\PHP\QinYun\Application\Common\Common\api.php 第 42 行.

[ 2017-03-15T15:12:33+08:00 ] ::1 /Public/Home/font/cJZKeOuBrn4kERxqtaUH3fY6323mHUZFJMgTvxaG2iE.eot
INFO: [ app_init ] --START--
INFO: Run Behavior\BuildLiteBehavior [ RunTime:0.000021s ]
INFO: Run Common\Behavior\InitHookBehavior [ RunTime:0.001823s ]
INFO: [ app_init ] --END-- [ RunTime:0.001978s ]
NOTIC: [8] Use of undefined constant IS_AJAX - assumed 'IS_AJAX' E:\Workspace\PHP\QinYun\Application\Common\Common\api.php 第 42 行.

[ 2017-03-15T15:12:37+08:00 ] ::1 /Public/Home/css/background.jpg
INFO: [ app_init ] --START--
INFO: Run Behavior\BuildLiteBehavior [ RunTime:0.000031s ]
INFO: Run Common\Behavior\InitHookBehavior [ RunTime:0.002044s ]
INFO: [ app_init ] --END-- [ RunTime:0.002239s ]
NOTIC: [8] Use of undefined constant IS_AJAX - assumed 'IS_AJAX' E:\Workspace\PHP\QinYun\Application\Common\Common\api.php 第 42 行.

[ 2017-03-15T15:12:37+08:00 ] ::1 /Public/Home/font/cJZKeOuBrn4kERxqtaUH3fY6323mHUZFJMgTvxaG2iE.eot
INFO: [ app_init ] --START--
INFO: Run Behavior\BuildLiteBehavior [ RunTime:0.000021s ]
INFO: Run Common\Behavior\InitHookBehavior [ RunTime:0.001864s ]
INFO: [ app_init ] --END-- [ RunTime:0.002039s ]
NOTIC: [8] Use of undefined constant IS_AJAX - assumed 'IS_AJAX' E:\Workspace\PHP\QinYun\Application\Common\Common\api.php 第 42 行.

[ 2017-03-15T15:12:50+08:00 ] ::1 /Public/Home/css/background.jpg
INFO: [ app_init ] --START--
INFO: Run Behavior\BuildLiteBehavior [ RunTime:0.000025s ]
INFO: Run Common\Behavior\InitHookBehavior [ RunTime:0.002000s ]
INFO: [ app_init ] --END-- [ RunTime:0.002180s ]
NOTIC: [8] Use of undefined constant IS_AJAX - assumed 'IS_AJAX' E:\Workspace\PHP\QinYun\Application\Common\Common\api.php 第 42 行.

[ 2017-03-15T15:12:50+08:00 ] ::1 /Public/Home/font/cJZKeOuBrn4kERxqtaUH3fY6323mHUZFJMgTvxaG2iE.eot
INFO: [ app_init ] --START--
INFO: Run Behavior\BuildLiteBehavior [ RunTime:0.000043s ]
INFO: Run Common\Behavior\InitHookBehavior [ RunTime:0.001950s ]
INFO: [ app_init ] --END-- [ RunTime:0.002204s ]
NOTIC: [8] Use of undefined constant IS_AJAX - assumed 'IS_AJAX' E:\Workspace\PHP\QinYun\Application\Common\Common\api.php 第 42 行.

[ 2017-03-15T15:13:24+08:00 ] ::1 /Public/Home/css/background.jpg
INFO: [ app_init ] --START--
INFO: Run Behavior\BuildLiteBehavior [ RunTime:0.000034s ]
INFO: Run Common\Behavior\InitHookBehavior [ RunTime:0.002768s ]
INFO: [ app_init ] --END-- [ RunTime:0.003032s ]
NOTIC: [8] Use of undefined constant IS_AJAX - assumed 'IS_AJAX' E:\Workspace\PHP\QinYun\Application\Common\Common\api.php 第 42 行.

[ 2017-03-15T15:13:24+08:00 ] ::1 /Public/Home/font/cJZKeOuBrn4kERxqtaUH3fY6323mHUZFJMgTvxaG2iE.eot
INFO: [ app_init ] --START--
INFO: Run Behavior\BuildLiteBehavior [ RunTime:0.000020s ]
INFO: Run Common\Behavior\InitHookBehavior [ RunTime:0.001876s ]
INFO: [ app_init ] --END-- [ RunTime:0.002034s ]
NOTIC: [8] Use of undefined constant IS_AJAX - assumed 'IS_AJAX' E:\Workspace\PHP\QinYun\Application\Common\Common\api.php 第 42 行.

[ 2017-03-15T15:14:53+08:00 ] ::1 /Public/Home/css/background.jpg
INFO: [ app_init ] --START--
INFO: Run Behavior\BuildLiteBehavior [ RunTime:0.000041s ]
INFO: Run Common\Behavior\InitHookBehavior [ RunTime:0.002847s ]
INFO: [ app_init ] --END-- [ RunTime:0.003145s ]
NOTIC: [8] Use of undefined constant IS_AJAX - assumed 'IS_AJAX' E:\Workspace\PHP\QinYun\Application\Common\Common\api.php 第 42 行.

[ 2017-03-15T15:14:53+08:00 ] ::1 /Public/Home/font/cJZKeOuBrn4kERxqtaUH3fY6323mHUZFJMgTvxaG2iE.eot
INFO: [ app_init ] --START--
INFO: Run Behavior\BuildLiteBehavior [ RunTime:0.000038s ]
INFO: Run Common\Behavior\InitHookBehavior [ RunTime:0.002925s ]
INFO: [ app_init ] --END-- [ RunTime:0.003290s ]
NOTIC: [8] Use of undefined constant IS_AJAX - assumed 'IS_AJAX' E:\Workspace\PHP\QinYun\Application\Common\Common\api.php 第 42 行.

[ 2017-03-15T15:15:36+08:00 ] ::1 /Public/Home/css/background.jpg
INFO: [ app_init ] --START--
INFO: Run Behavior\BuildLiteBehavior [ RunTime:0.000022s ]
INFO: Run Common\Behavior\InitHookBehavior [ RunTime:0.001826s ]
INFO: [ app_init ] --END-- [ RunTime:0.001992s ]
NOTIC: [8] Use of undefined constant IS_AJAX - assumed 'IS_AJAX' E:\Workspace\PHP\QinYun\Application\Common\Common\api.php 第 42 行.

[ 2017-03-15T15:15:36+08:00 ] ::1 /Public/Home/font/cJZKeOuBrn4kERxqtaUH3fY6323mHUZFJMgTvxaG2iE.eot
INFO: [ app_init ] --START--
INFO: Run Behavior\BuildLiteBehavior [ RunTime:0.000024s ]
INFO: Run Common\Behavior\InitHookBehavior [ RunTime:0.001296s ]
INFO: [ app_init ] --END-- [ RunTime:0.001459s ]
NOTIC: [8] Use of undefined constant IS_AJAX - assumed 'IS_AJAX' E:\Workspace\PHP\QinYun\Application\Common\Common\api.php 第 42 行.

[ 2017-03-15T15:16:25+08:00 ] ::1 /Public/Home/font/cJZKeOuBrn4kERxqtaUH3fY6323mHUZFJMgTvxaG2iE.eot
INFO: [ app_init ] --START--
INFO: Run Behavior\BuildLiteBehavior [ RunTime:0.000050s ]
INFO: Run Common\Behavior\InitHookBehavior [ RunTime:0.003509s ]
INFO: [ app_init ] --END-- [ RunTime:0.003860s ]
NOTIC: [8] Use of undefined constant IS_AJAX - assumed 'IS_AJAX' E:\Workspace\PHP\QinYun\Application\Common\Common\api.php 第 42 行.

[ 2017-03-15T15:16:25+08:00 ] ::1 /Public/Home/css/background.jpg
INFO: [ app_init ] --START--
INFO: Run Behavior\BuildLiteBehavior [ RunTime:0.000019s ]
INFO: Run Common\Behavior\InitHookBehavior [ RunTime:0.001300s ]
INFO: [ app_init ] --END-- [ RunTime:0.001457s ]
NOTIC: [8] Use of undefined constant IS_AJAX - assumed 'IS_AJAX' E:\Workspace\PHP\QinYun\Application\Common\Common\api.php 第 42 行.

[ 2017-03-15T15:17:18+08:00 ] ::1 /Public/Home/css/background.jpg
INFO: [ app_init ] --START--
INFO: Run Behavior\BuildLiteBehavior [ RunTime:0.000021s ]
INFO: Run Common\Behavior\InitHookBehavior [ RunTime:0.001877s ]
INFO: [ app_init ] --END-- [ RunTime:0.002034s ]
NOTIC: [8] Use of undefined constant IS_AJAX - assumed 'IS_AJAX' E:\Workspace\PHP\QinYun\Application\Common\Common\api.php 第 42 行.

[ 2017-03-15T15:17:18+08:00 ] ::1 /Public/Home/font/cJZKeOuBrn4kERxqtaUH3fY6323mHUZFJMgTvxaG2iE.eot
INFO: [ app_init ] --START--
INFO: Run Behavior\BuildLiteBehavior [ RunTime:0.000035s ]
INFO: Run Common\Behavior\InitHookBehavior [ RunTime:0.002966s ]
INFO: [ app_init ] --END-- [ RunTime:0.003255s ]
NOTIC: [8] Use of undefined constant IS_AJAX - assumed 'IS_AJAX' E:\Workspace\PHP\QinYun\Application\Common\Common\api.php 第 42 行.

[ 2017-03-15T15:18:12+08:00 ] ::1 /Public/Home/css/background.jpg
INFO: [ app_init ] --START--
INFO: Run Behavior\BuildLiteBehavior [ RunTime:0.000022s ]
INFO: Run Common\Behavior\InitHookBehavior [ RunTime:0.002226s ]
INFO: [ app_init ] --END-- [ RunTime:0.002466s ]
NOTIC: [8] Use of undefined constant IS_AJAX - assumed 'IS_AJAX' E:\Workspace\PHP\QinYun\Application\Common\Common\api.php 第 42 行.

[ 2017-03-15T15:18:12+08:00 ] ::1 /Public/Home/font/cJZKeOuBrn4kERxqtaUH3fY6323mHUZFJMgTvxaG2iE.eot
INFO: [ app_init ] --START--
INFO: Run Behavior\BuildLiteBehavior [ RunTime:0.000020s ]
INFO: Run Common\Behavior\InitHookBehavior [ RunTime:0.002043s ]
INFO: [ app_init ] --END-- [ RunTime:0.002236s ]
NOTIC: [8] Use of undefined constant IS_AJAX - assumed 'IS_AJAX' E:\Workspace\PHP\QinYun\Application\Common\Common\api.php 第 42 行.

[ 2017-03-15T15:19:02+08:00 ] ::1 /Public/Home/css/background.jpg
INFO: [ app_init ] --START--
INFO: Run Behavior\BuildLiteBehavior [ RunTime:0.000019s ]
INFO: Run Common\Behavior\InitHookBehavior [ RunTime:0.001848s ]
INFO: [ app_init ] --END-- [ RunTime:0.002006s ]
NOTIC: [8] Use of undefined constant IS_AJAX - assumed 'IS_AJAX' E:\Workspace\PHP\QinYun\Application\Common\Common\api.php 第 42 行.

[ 2017-03-15T15:19:02+08:00 ] ::1 /Public/Home/font/cJZKeOuBrn4kERxqtaUH3fY6323mHUZFJMgTvxaG2iE.eot
INFO: [ app_init ] --START--
INFO: Run Behavior\BuildLiteBehavior [ RunTime:0.000019s ]
INFO: Run Common\Behavior\InitHookBehavior [ RunTime:0.001923s ]
INFO: [ app_init ] --END-- [ RunTime:0.002077s ]
NOTIC: [8] Use of undefined constant IS_AJAX - assumed 'IS_AJAX' E:\Workspace\PHP\QinYun\Application\Common\Common\api.php 第 42 行.

[ 2017-03-15T15:19:47+08:00 ] ::1 /Public/Home/css/background.jpg
INFO: [ app_init ] --START--
INFO: Run Behavior\BuildLiteBehavior [ RunTime:0.000021s ]
INFO: Run Common\Behavior\InitHookBehavior [ RunTime:0.002103s ]
INFO: [ app_init ] --END-- [ RunTime:0.002273s ]
NOTIC: [8] Use of undefined constant IS_AJAX - assumed 'IS_AJAX' E:\Workspace\PHP\QinYun\Application\Common\Common\api.php 第 42 行.

[ 2017-03-15T15:19:47+08:00 ] ::1 /Public/Home/font/cJZKeOuBrn4kERxqtaUH3fY6323mHUZFJMgTvxaG2iE.eot
INFO: [ app_init ] --START--
INFO: Run Behavior\BuildLiteBehavior [ RunTime:0.000021s ]
INFO: Run Common\Behavior\InitHookBehavior [ RunTime:0.002988s ]
INFO: [ app_init ] --END-- [ RunTime:0.003247s ]
NOTIC: [8] Use of undefined constant IS_AJAX - assumed 'IS_AJAX' E:\Workspace\PHP\QinYun\Application\Common\Common\api.php 第 42 行.

[ 2017-03-15T15:20:15+08:00 ] ::1 /Public/Home/css/background.jpg
INFO: [ app_init ] --START--
INFO: Run Behavior\BuildLiteBehavior [ RunTime:0.000021s ]
INFO: Run Common\Behavior\InitHookBehavior [ RunTime:0.002506s ]
INFO: [ app_init ] --END-- [ RunTime:0.002693s ]
NOTIC: [8] Use of undefined constant IS_AJAX - assumed 'IS_AJAX' E:\Workspace\PHP\QinYun\Application\Common\Common\api.php 第 42 行.

[ 2017-03-15T15:20:15+08:00 ] ::1 /Public/Home/font/cJZKeOuBrn4kERxqtaUH3fY6323mHUZFJMgTvxaG2iE.eot
INFO: [ app_init ] --START--
INFO: Run Behavior\BuildLiteBehavior [ RunTime:0.000025s ]
INFO: Run Common\Behavior\InitHookBehavior [ RunTime:0.002285s ]
INFO: [ app_init ] --END-- [ RunTime:0.002509s ]
NOTIC: [8] Use of undefined constant IS_AJAX - assumed 'IS_AJAX' E:\Workspace\PHP\QinYun\Application\Common\Common\api.php 第 42 行.

[ 2017-03-15T15:20:46+08:00 ] ::1 /Public/Home/css/background.jpg
INFO: [ app_init ] --START--
INFO: Run Behavior\BuildLiteBehavior [ RunTime:0.000021s ]
INFO: Run Common\Behavior\InitHookBehavior [ RunTime:0.002010s ]
INFO: [ app_init ] --END-- [ RunTime:0.002177s ]
NOTIC: [8] Use of undefined constant IS_AJAX - assumed 'IS_AJAX' E:\Workspace\PHP\QinYun\Application\Common\Common\api.php 第 42 行.

[ 2017-03-15T15:20:46+08:00 ] ::1 /Public/Home/font/cJZKeOuBrn4kERxqtaUH3fY6323mHUZFJMgTvxaG2iE.eot
INFO: [ app_init ] --START--
INFO: Run Behavior\BuildLiteBehavior [ RunTime:0.000030s ]
INFO: Run Common\Behavior\InitHookBehavior [ RunTime:0.002793s ]
INFO: [ app_init ] --END-- [ RunTime:0.003052s ]
NOTIC: [8] Use of undefined constant IS_AJAX - assumed 'IS_AJAX' E:\Workspace\PHP\QinYun\Application\Common\Common\api.php 第 42 行.

[ 2017-03-15T15:20:47+08:00 ] ::1 /Public/Home/font/cJZKeOuBrn4kERxqtaUH3fY6323mHUZFJMgTvxaG2iE.eot
INFO: [ app_init ] --START--
INFO: Run Behavior\BuildLiteBehavior [ RunTime:0.000020s ]
INFO: Run Common\Behavior\InitHookBehavior [ RunTime:0.002112s ]
INFO: [ app_init ] --END-- [ RunTime:0.002271s ]
NOTIC: [8] Use of undefined constant IS_AJAX - assumed 'IS_AJAX' E:\Workspace\PHP\QinYun\Application\Common\Common\api.php 第 42 行.

[ 2017-03-15T15:20:52+08:00 ] ::1 /Public/Home/css/background.jpg
INFO: [ app_init ] --START--
INFO: Run Behavior\BuildLiteBehavior [ RunTime:0.000016s ]
INFO: Run Common\Behavior\InitHookBehavior [ RunTime:0.001849s ]
INFO: [ app_init ] --END-- [ RunTime:0.001991s ]
NOTIC: [8] Use of undefined constant IS_AJAX - assumed 'IS_AJAX' E:\Workspace\PHP\QinYun\Application\Common\Common\api.php 第 42 行.

[ 2017-03-15T15:20:57+08:00 ] ::1 /Public/Home/font/cJZKeOuBrn4kERxqtaUH3fY6323mHUZFJMgTvxaG2iE.eot
INFO: [ app_init ] --START--
INFO: Run Behavior\BuildLiteBehavior [ RunTime:0.000028s ]
INFO: Run Common\Behavior\InitHookBehavior [ RunTime:0.003115s ]
INFO: [ app_init ] --END-- [ RunTime:0.003350s ]
NOTIC: [8] Use of undefined constant IS_AJAX - assumed 'IS_AJAX' E:\Workspace\PHP\QinYun\Application\Common\Common\api.php 第 42 行.

[ 2017-03-15T15:21:00+08:00 ] ::1 /Public/Home/css/background.jpg
INFO: [ app_init ] --START--
INFO: Run Behavior\BuildLiteBehavior [ RunTime:0.000020s ]
INFO: Run Common\Behavior\InitHookBehavior [ RunTime:0.002538s ]
INFO: [ app_init ] --END-- [ RunTime:0.002959s ]
NOTIC: [8] Use of undefined constant IS_AJAX - assumed 'IS_AJAX' E:\Workspace\PHP\QinYun\Application\Common\Common\api.php 第 42 行.

[ 2017-03-15T15:21:17+08:00 ] ::1 /Public/Home/css/background.jpg
INFO: [ app_init ] --START--
INFO: Run Behavior\BuildLiteBehavior [ RunTime:0.000018s ]
INFO: Run Common\Behavior\InitHookBehavior [ RunTime:0.001839s ]
INFO: [ app_init ] --END-- [ RunTime:0.001989s ]
NOTIC: [8] Use of undefined constant IS_AJAX - assumed 'IS_AJAX' E:\Workspace\PHP\QinYun\Application\Common\Common\api.php 第 42 行.

[ 2017-03-15T15:21:17+08:00 ] ::1 /Public/Home/font/cJZKeOuBrn4kERxqtaUH3fY6323mHUZFJMgTvxaG2iE.eot
INFO: [ app_init ] --START--
INFO: Run Behavior\BuildLiteBehavior [ RunTime:0.000030s ]
INFO: Run Common\Behavior\InitHookBehavior [ RunTime:0.002451s ]
INFO: [ app_init ] --END-- [ RunTime:0.002672s ]
NOTIC: [8] Use of undefined constant IS_AJAX - assumed 'IS_AJAX' E:\Workspace\PHP\QinYun\Application\Common\Common\api.php 第 42 行.

[ 2017-03-15T15:21:53+08:00 ] ::1 /Public/Home/css/background.jpg
INFO: [ app_init ] --START--
INFO: Run Behavior\BuildLiteBehavior [ RunTime:0.000022s ]
INFO: Run Common\Behavior\InitHookBehavior [ RunTime:0.001922s ]
INFO: [ app_init ] --END-- [ RunTime:0.002085s ]
NOTIC: [8] Use of undefined constant IS_AJAX - assumed 'IS_AJAX' E:\Workspace\PHP\QinYun\Application\Common\Common\api.php 第 42 行.

[ 2017-03-15T15:21:53+08:00 ] ::1 /Public/Home/font/cJZKeOuBrn4kERxqtaUH3fY6323mHUZFJMgTvxaG2iE.eot
INFO: [ app_init ] --START--
INFO: Run Behavior\BuildLiteBehavior [ RunTime:0.000039s ]
INFO: Run Common\Behavior\InitHookBehavior [ RunTime:0.002145s ]
INFO: [ app_init ] --END-- [ RunTime:0.002398s ]
NOTIC: [8] Use of undefined constant IS_AJAX - assumed 'IS_AJAX' E:\Workspace\PHP\QinYun\Application\Common\Common\api.php 第 42 行.

[ 2017-03-15T15:22:02+08:00 ] ::1 /Public/Home/font/cJZKeOuBrn4kERxqtaUH3fY6323mHUZFJMgTvxaG2iE.eot
INFO: [ app_init ] --START--
INFO: Run Behavior\BuildLiteBehavior [ RunTime:0.000021s ]
INFO: Run Common\Behavior\InitHookBehavior [ RunTime:0.001854s ]
INFO: [ app_init ] --END-- [ RunTime:0.002013s ]
NOTIC: [8] Use of undefined constant IS_AJAX - assumed 'IS_AJAX' E:\Workspace\PHP\QinYun\Application\Common\Common\api.php 第 42 行.

[ 2017-03-15T15:22:02+08:00 ] ::1 /Public/Home/css/background.jpg
INFO: [ app_init ] --START--
INFO: Run Behavior\BuildLiteBehavior [ RunTime:0.000030s ]
INFO: Run Common\Behavior\InitHookBehavior [ RunTime:0.003296s ]
INFO: [ app_init ] --END-- [ RunTime:0.003570s ]
NOTIC: [8] Use of undefined constant IS_AJAX - assumed 'IS_AJAX' E:\Workspace\PHP\QinYun\Application\Common\Common\api.php 第 42 行.

[ 2017-03-15T15:23:20+08:00 ] ::1 /Public/Home/css/background.jpg
INFO: [ app_init ] --START--
INFO: Run Behavior\BuildLiteBehavior [ RunTime:0.000025s ]
INFO: Run Common\Behavior\InitHookBehavior [ RunTime:0.001843s ]
INFO: [ app_init ] --END-- [ RunTime:0.002011s ]
NOTIC: [8] Use of undefined constant IS_AJAX - assumed 'IS_AJAX' E:\Workspace\PHP\QinYun\Application\Common\Common\api.php 第 42 行.

[ 2017-03-15T15:23:20+08:00 ] ::1 /Public/Home/font/cJZKeOuBrn4kERxqtaUH3fY6323mHUZFJMgTvxaG2iE.eot
INFO: [ app_init ] --START--
INFO: Run Behavior\BuildLiteBehavior [ RunTime:0.000024s ]
INFO: Run Common\Behavior\InitHookBehavior [ RunTime:0.002252s ]
INFO: [ app_init ] --END-- [ RunTime:0.002436s ]
NOTIC: [8] Use of undefined constant IS_AJAX - assumed 'IS_AJAX' E:\Workspace\PHP\QinYun\Application\Common\Common\api.php 第 42 行.

[ 2017-03-15T15:24:23+08:00 ] ::1 /Public/Home/css/background.jpg
INFO: [ app_init ] --START--
INFO: Run Behavior\BuildLiteBehavior [ RunTime:0.000021s ]
INFO: Run Common\Behavior\InitHookBehavior [ RunTime:0.002248s ]
INFO: [ app_init ] --END-- [ RunTime:0.002410s ]
NOTIC: [8] Use of undefined constant IS_AJAX - assumed 'IS_AJAX' E:\Workspace\PHP\QinYun\Application\Common\Common\api.php 第 42 行.

[ 2017-03-15T15:24:23+08:00 ] ::1 /Public/Home/font/cJZKeOuBrn4kERxqtaUH3fY6323mHUZFJMgTvxaG2iE.eot
INFO: [ app_init ] --START--
INFO: Run Behavior\BuildLiteBehavior [ RunTime:0.000022s ]
INFO: Run Common\Behavior\InitHookBehavior [ RunTime:0.002013s ]
INFO: [ app_init ] --END-- [ RunTime:0.002181s ]
NOTIC: [8] Use of undefined constant IS_AJAX - assumed 'IS_AJAX' E:\Workspace\PHP\QinYun\Application\Common\Common\api.php 第 42 行.

[ 2017-03-15T15:25:11+08:00 ] ::1 /Public/Home/css/background.jpg
INFO: [ app_init ] --START--
INFO: Run Behavior\BuildLiteBehavior [ RunTime:0.000031s ]
INFO: Run Common\Behavior\InitHookBehavior [ RunTime:0.002125s ]
INFO: [ app_init ] --END-- [ RunTime:0.002346s ]
NOTIC: [8] Use of undefined constant IS_AJAX - assumed 'IS_AJAX' E:\Workspace\PHP\QinYun\Application\Common\Common\api.php 第 42 行.

[ 2017-03-15T15:25:11+08:00 ] ::1 /Public/Home/font/cJZKeOuBrn4kERxqtaUH3fY6323mHUZFJMgTvxaG2iE.eot
INFO: [ app_init ] --START--
INFO: Run Behavior\BuildLiteBehavior [ RunTime:0.000019s ]
INFO: Run Common\Behavior\InitHookBehavior [ RunTime:0.002004s ]
INFO: [ app_init ] --END-- [ RunTime:0.002166s ]
NOTIC: [8] Use of undefined constant IS_AJAX - assumed 'IS_AJAX' E:\Workspace\PHP\QinYun\Application\Common\Common\api.php 第 42 行.

[ 2017-03-15T15:25:25+08:00 ] ::1 /Public/Home/css/background.jpg
INFO: [ app_init ] --START--
INFO: Run Behavior\BuildLiteBehavior [ RunTime:0.000020s ]
INFO: Run Common\Behavior\InitHookBehavior [ RunTime:0.001828s ]
INFO: [ app_init ] --END-- [ RunTime:0.001986s ]
NOTIC: [8] Use of undefined constant IS_AJAX - assumed 'IS_AJAX' E:\Workspace\PHP\QinYun\Application\Common\Common\api.php 第 42 行.

[ 2017-03-15T15:25:25+08:00 ] ::1 /Public/Home/font/cJZKeOuBrn4kERxqtaUH3fY6323mHUZFJMgTvxaG2iE.eot
INFO: [ app_init ] --START--
INFO: Run Behavior\BuildLiteBehavior [ RunTime:0.000031s ]
INFO: Run Common\Behavior\InitHookBehavior [ RunTime:0.002693s ]
INFO: [ app_init ] --END-- [ RunTime:0.002912s ]
NOTIC: [8] Use of undefined constant IS_AJAX - assumed 'IS_AJAX' E:\Workspace\PHP\QinYun\Application\Common\Common\api.php 第 42 行.

[ 2017-03-15T15:32:15+08:00 ] ::1 /Public/Home/font/cJZKeOuBrn4kERxqtaUH3fY6323mHUZFJMgTvxaG2iE.eot
INFO: [ app_init ] --START--
INFO: Run Behavior\BuildLiteBehavior [ RunTime:0.000021s ]
INFO: Run Common\Behavior\InitHookBehavior [ RunTime:0.001787s ]
INFO: [ app_init ] --END-- [ RunTime:0.001942s ]
NOTIC: [8] Use of undefined constant IS_AJAX - assumed 'IS_AJAX' E:\Workspace\PHP\QinYun\Application\Common\Common\api.php 第 42 行.

[ 2017-03-15T15:32:16+08:00 ] ::1 /Public/Home/css/background.jpg
INFO: [ app_init ] --START--
INFO: Run Behavior\BuildLiteBehavior [ RunTime:0.000031s ]
INFO: Run Common\Behavior\InitHookBehavior [ RunTime:0.002408s ]
INFO: [ app_init ] --END-- [ RunTime:0.002624s ]
NOTIC: [8] Use of undefined constant IS_AJAX - assumed 'IS_AJAX' E:\Workspace\PHP\QinYun\Application\Common\Common\api.php 第 42 行.

[ 2017-03-15T15:32:46+08:00 ] ::1 /Public/Home/font/cJZKeOuBrn4kERxqtaUH3fY6323mHUZFJMgTvxaG2iE.eot
INFO: [ app_init ] --START--
INFO: Run Behavior\BuildLiteBehavior [ RunTime:0.000019s ]
INFO: Run Common\Behavior\InitHookBehavior [ RunTime:0.001901s ]
INFO: [ app_init ] --END-- [ RunTime:0.002057s ]
NOTIC: [8] Use of undefined constant IS_AJAX - assumed 'IS_AJAX' E:\Workspace\PHP\QinYun\Application\Common\Common\api.php 第 42 行.

[ 2017-03-15T15:32:46+08:00 ] ::1 /Public/Home/css/background.jpg
INFO: [ app_init ] --START--
INFO: Run Behavior\BuildLiteBehavior [ RunTime:0.000020s ]
INFO: Run Common\Behavior\InitHookBehavior [ RunTime:0.002229s ]
INFO: [ app_init ] --END-- [ RunTime:0.002416s ]
NOTIC: [8] Use of undefined constant IS_AJAX - assumed 'IS_AJAX' E:\Workspace\PHP\QinYun\Application\Common\Common\api.php 第 42 行.

[ 2017-03-15T15:33:02+08:00 ] ::1 /Public/Home/css/background.jpg
INFO: [ app_init ] --START--
INFO: Run Behavior\BuildLiteBehavior [ RunTime:0.000031s ]
INFO: Run Common\Behavior\InitHookBehavior [ RunTime:0.002903s ]
INFO: [ app_init ] --END-- [ RunTime:0.003105s ]
NOTIC: [8] Use of undefined constant IS_AJAX - assumed 'IS_AJAX' E:\Workspace\PHP\QinYun\Application\Common\Common\api.php 第 42 行.

[ 2017-03-15T15:33:02+08:00 ] ::1 /Public/Home/font/cJZKeOuBrn4kERxqtaUH3fY6323mHUZFJMgTvxaG2iE.eot
INFO: [ app_init ] --START--
INFO: Run Behavior\BuildLiteBehavior [ RunTime:0.000021s ]
INFO: Run Common\Behavior\InitHookBehavior [ RunTime:0.001784s ]
INFO: [ app_init ] --END-- [ RunTime:0.001939s ]
NOTIC: [8] Use of undefined constant IS_AJAX - assumed 'IS_AJAX' E:\Workspace\PHP\QinYun\Application\Common\Common\api.php 第 42 行.

[ 2017-03-15T15:34:50+08:00 ] ::1 /Public/Home/css/background.jpg
INFO: [ app_init ] --START--
INFO: Run Behavior\BuildLiteBehavior [ RunTime:0.000020s ]
INFO: Run Common\Behavior\InitHookBehavior [ RunTime:0.002308s ]
INFO: [ app_init ] --END-- [ RunTime:0.002491s ]
NOTIC: [8] Use of undefined constant IS_AJAX - assumed 'IS_AJAX' E:\Workspace\PHP\QinYun\Application\Common\Common\api.php 第 42 行.

[ 2017-03-15T15:34:50+08:00 ] ::1 /Public/Home/font/cJZKeOuBrn4kERxqtaUH3fY6323mHUZFJMgTvxaG2iE.eot
INFO: [ app_init ] --START--
INFO: Run Behavior\BuildLiteBehavior [ RunTime:0.000033s ]
INFO: Run Common\Behavior\InitHookBehavior [ RunTime:0.001976s ]
INFO: [ app_init ] --END-- [ RunTime:0.002198s ]
NOTIC: [8] Use of undefined constant IS_AJAX - assumed 'IS_AJAX' E:\Workspace\PHP\QinYun\Application\Common\Common\api.php 第 42 行.

[ 2017-03-15T15:35:01+08:00 ] ::1 /Public/Home/css/background.jpg
INFO: [ app_init ] --START--
INFO: Run Behavior\BuildLiteBehavior [ RunTime:0.000019s ]
INFO: Run Common\Behavior\InitHookBehavior [ RunTime:0.001810s ]
INFO: [ app_init ] --END-- [ RunTime:0.001961s ]
NOTIC: [8] Use of undefined constant IS_AJAX - assumed 'IS_AJAX' E:\Workspace\PHP\QinYun\Application\Common\Common\api.php 第 42 行.

[ 2017-03-15T15:35:01+08:00 ] ::1 /Public/Home/font/cJZKeOuBrn4kERxqtaUH3fY6323mHUZFJMgTvxaG2iE.eot
INFO: [ app_init ] --START--
INFO: Run Behavior\BuildLiteBehavior [ RunTime:0.000021s ]
INFO: Run Common\Behavior\InitHookBehavior [ RunTime:0.002231s ]
INFO: [ app_init ] --END-- [ RunTime:0.002391s ]
NOTIC: [8] Use of undefined constant IS_AJAX - assumed 'IS_AJAX' E:\Workspace\PHP\QinYun\Application\Common\Common\api.php 第 42 行.

[ 2017-03-15T15:35:17+08:00 ] ::1 /Public/Home/css/background.jpg
INFO: [ app_init ] --START--
INFO: Run Behavior\BuildLiteBehavior [ RunTime:0.000021s ]
INFO: Run Common\Behavior\InitHookBehavior [ RunTime:0.002294s ]
INFO: [ app_init ] --END-- [ RunTime:0.002466s ]
NOTIC: [8] Use of undefined constant IS_AJAX - assumed 'IS_AJAX' E:\Workspace\PHP\QinYun\Application\Common\Common\api.php 第 42 行.

[ 2017-03-15T15:35:17+08:00 ] ::1 /Public/Home/font/cJZKeOuBrn4kERxqtaUH3fY6323mHUZFJMgTvxaG2iE.eot
INFO: [ app_init ] --START--
INFO: Run Behavior\BuildLiteBehavior [ RunTime:0.000021s ]
INFO: Run Common\Behavior\InitHookBehavior [ RunTime:0.002123s ]
INFO: [ app_init ] --END-- [ RunTime:0.002286s ]
NOTIC: [8] Use of undefined constant IS_AJAX - assumed 'IS_AJAX' E:\Workspace\PHP\QinYun\Application\Common\Common\api.php 第 42 行.

[ 2017-03-15T15:35:48+08:00 ] ::1 /Public/Home/css/background.jpg
INFO: [ app_init ] --START--
INFO: Run Behavior\BuildLiteBehavior [ RunTime:0.000022s ]
INFO: Run Common\Behavior\InitHookBehavior [ RunTime:0.002342s ]
INFO: [ app_init ] --END-- [ RunTime:0.002600s ]
NOTIC: [8] Use of undefined constant IS_AJAX - assumed 'IS_AJAX' E:\Workspace\PHP\QinYun\Application\Common\Common\api.php 第 42 行.

[ 2017-03-15T15:35:48+08:00 ] ::1 /Public/Home/font/cJZKeOuBrn4kERxqtaUH3fY6323mHUZFJMgTvxaG2iE.eot
INFO: [ app_init ] --START--
INFO: Run Behavior\BuildLiteBehavior [ RunTime:0.000020s ]
INFO: Run Common\Behavior\InitHookBehavior [ RunTime:0.001784s ]
INFO: [ app_init ] --END-- [ RunTime:0.001942s ]
NOTIC: [8] Use of undefined constant IS_AJAX - assumed 'IS_AJAX' E:\Workspace\PHP\QinYun\Application\Common\Common\api.php 第 42 行.

[ 2017-03-15T15:36:04+08:00 ] ::1 /Public/Home/css/background.jpg
INFO: [ app_init ] --START--
INFO: Run Behavior\BuildLiteBehavior [ RunTime:0.000019s ]
INFO: Run Common\Behavior\InitHookBehavior [ RunTime:0.001327s ]
INFO: [ app_init ] --END-- [ RunTime:0.001475s ]
NOTIC: [8] Use of undefined constant IS_AJAX - assumed 'IS_AJAX' E:\Workspace\PHP\QinYun\Application\Common\Common\api.php 第 42 行.

[ 2017-03-15T15:36:04+08:00 ] ::1 /Public/Home/font/cJZKeOuBrn4kERxqtaUH3fY6323mHUZFJMgTvxaG2iE.eot
INFO: [ app_init ] --START--
INFO: Run Behavior\BuildLiteBehavior [ RunTime:0.000019s ]
INFO: Run Common\Behavior\InitHookBehavior [ RunTime:0.001851s ]
INFO: [ app_init ] --END-- [ RunTime:0.002006s ]
NOTIC: [8] Use of undefined constant IS_AJAX - assumed 'IS_AJAX' E:\Workspace\PHP\QinYun\Application\Common\Common\api.php 第 42 行.

[ 2017-03-15T15:36:38+08:00 ] ::1 /Public/Home/css/background.jpg
INFO: [ app_init ] --START--
INFO: Run Behavior\BuildLiteBehavior [ RunTime:0.000019s ]
INFO: Run Common\Behavior\InitHookBehavior [ RunTime:0.001344s ]
INFO: [ app_init ] --END-- [ RunTime:0.001496s ]
NOTIC: [8] Use of undefined constant IS_AJAX - assumed 'IS_AJAX' E:\Workspace\PHP\QinYun\Application\Common\Common\api.php 第 42 行.

[ 2017-03-15T15:36:38+08:00 ] ::1 /Public/Home/font/cJZKeOuBrn4kERxqtaUH3fY6323mHUZFJMgTvxaG2iE.eot
INFO: [ app_init ] --START--
INFO: Run Behavior\BuildLiteBehavior [ RunTime:0.000032s ]
INFO: Run Common\Behavior\InitHookBehavior [ RunTime:0.003232s ]
INFO: [ app_init ] --END-- [ RunTime:0.003462s ]
NOTIC: [8] Use of undefined constant IS_AJAX - assumed 'IS_AJAX' E:\Workspace\PHP\QinYun\Application\Common\Common\api.php 第 42 行.

[ 2017-03-15T15:38:39+08:00 ] ::1 /Public/Home/css/background.jpg
INFO: [ app_init ] --START--
INFO: Run Behavior\BuildLiteBehavior [ RunTime:0.000023s ]
INFO: Run Common\Behavior\InitHookBehavior [ RunTime:0.001381s ]
INFO: [ app_init ] --END-- [ RunTime:0.001546s ]
NOTIC: [8] Use of undefined constant IS_AJAX - assumed 'IS_AJAX' E:\Workspace\PHP\QinYun\Application\Common\Common\api.php 第 42 行.

[ 2017-03-15T15:38:39+08:00 ] ::1 /Public/Home/font/cJZKeOuBrn4kERxqtaUH3fY6323mHUZFJMgTvxaG2iE.eot
INFO: [ app_init ] --START--
INFO: Run Behavior\BuildLiteBehavior [ RunTime:0.000030s ]
INFO: Run Common\Behavior\InitHookBehavior [ RunTime:0.001918s ]
INFO: [ app_init ] --END-- [ RunTime:0.002156s ]
NOTIC: [8] Use of undefined constant IS_AJAX - assumed 'IS_AJAX' E:\Workspace\PHP\QinYun\Application\Common\Common\api.php 第 42 行.

[ 2017-03-15T15:39:06+08:00 ] ::1 /Public/Home/css/background.jpg
INFO: [ app_init ] --START--
INFO: Run Behavior\BuildLiteBehavior [ RunTime:0.000019s ]
INFO: Run Common\Behavior\InitHookBehavior [ RunTime:0.001273s ]
INFO: [ app_init ] --END-- [ RunTime:0.001424s ]
NOTIC: [8] Use of undefined constant IS_AJAX - assumed 'IS_AJAX' E:\Workspace\PHP\QinYun\Application\Common\Common\api.php 第 42 行.

[ 2017-03-15T15:39:06+08:00 ] ::1 /Public/Home/font/cJZKeOuBrn4kERxqtaUH3fY6323mHUZFJMgTvxaG2iE.eot
INFO: [ app_init ] --START--
INFO: Run Behavior\BuildLiteBehavior [ RunTime:0.000046s ]
INFO: Run Common\Behavior\InitHookBehavior [ RunTime:0.001597s ]
INFO: [ app_init ] --END-- [ RunTime:0.001910s ]
NOTIC: [8] Use of undefined constant IS_AJAX - assumed 'IS_AJAX' E:\Workspace\PHP\QinYun\Application\Common\Common\api.php 第 42 行.

