[ 2017-07-25T11:01:43+08:00 ] 127.0.0.1 /index.php/img/favicon.png
INFO: [ app_init ] --START--
INFO: Run Behavior\BuildLiteBehavior [ RunTime:0.000019s ]
INFO: Run Common\Behavior\InitHookBehavior [ RunTime:0.000449s ]
INFO: [ app_init ] --END-- [ RunTime:0.000626s ]
NOTIC: [8] Use of undefined constant IS_AJAX - assumed 'IS_AJAX' E:\Workspace\PHP\QingYun\Application\Common\Common\api.php 第 42 行.

[ 2017-07-25T11:03:20+08:00 ] 127.0.0.1 /Public/Home/css/background.jpg
INFO: [ app_init ] --START--
INFO: Run Behavior\BuildLiteBehavior [ RunTime:0.000024s ]
INFO: Run Common\Behavior\InitHookBehavior [ RunTime:0.000513s ]
INFO: [ app_init ] --END-- [ RunTime:0.000733s ]
NOTIC: [8] Use of undefined constant IS_AJAX - assumed 'IS_AJAX' E:\Workspace\PHP\QingYun\Application\Common\Common\api.php 第 42 行.

[ 2017-07-25T11:03:24+08:00 ] 127.0.0.1 /Public/Home/css/background.jpg
INFO: [ app_init ] --START--
INFO: Run Behavior\BuildLiteBehavior [ RunTime:0.000020s ]
INFO: Run Common\Behavior\InitHookBehavior [ RunTime:0.000513s ]
INFO: [ app_init ] --END-- [ RunTime:0.000689s ]
NOTIC: [8] Use of undefined constant IS_AJAX - assumed 'IS_AJAX' E:\Workspace\PHP\QingYun\Application\Common\Common\api.php 第 42 行.

[ 2017-07-25T11:03:25+08:00 ] 127.0.0.1 /Public/Home/css/background.jpg
INFO: [ app_init ] --START--
INFO: Run Behavior\BuildLiteBehavior [ RunTime:0.000055s ]
INFO: Run Common\Behavior\InitHookBehavior [ RunTime:0.000535s ]
INFO: [ app_init ] --END-- [ RunTime:0.000766s ]
NOTIC: [8] Use of undefined constant IS_AJAX - assumed 'IS_AJAX' E:\Workspace\PHP\QingYun\Application\Common\Common\api.php 第 42 行.

[ 2017-07-25T11:03:26+08:00 ] 127.0.0.1 /Public/Home/css/background.jpg
INFO: [ app_init ] --START--
INFO: Run Behavior\BuildLiteBehavior [ RunTime:0.000020s ]
INFO: Run Common\Behavior\InitHookBehavior [ RunTime:0.000554s ]
INFO: [ app_init ] --END-- [ RunTime:0.000729s ]
NOTIC: [8] Use of undefined constant IS_AJAX - assumed 'IS_AJAX' E:\Workspace\PHP\QingYun\Application\Common\Common\api.php 第 42 行.

[ 2017-07-25T11:03:27+08:00 ] 127.0.0.1 /Public/Home/css/background.jpg
INFO: [ app_init ] --START--
INFO: Run Behavior\BuildLiteBehavior [ RunTime:0.000019s ]
INFO: Run Common\Behavior\InitHookBehavior [ RunTime:0.000445s ]
INFO: [ app_init ] --END-- [ RunTime:0.000613s ]
NOTIC: [8] Use of undefined constant IS_AJAX - assumed 'IS_AJAX' E:\Workspace\PHP\QingYun\Application\Common\Common\api.php 第 42 行.

[ 2017-07-25T11:03:28+08:00 ] 127.0.0.1 /Public/Home/css/background.jpg
INFO: [ app_init ] --START--
INFO: Run Behavior\BuildLiteBehavior [ RunTime:0.000021s ]
INFO: Run Common\Behavior\InitHookBehavior [ RunTime:0.000513s ]
INFO: [ app_init ] --END-- [ RunTime:0.000697s ]
NOTIC: [8] Use of undefined constant IS_AJAX - assumed 'IS_AJAX' E:\Workspace\PHP\QingYun\Application\Common\Common\api.php 第 42 行.

[ 2017-07-25T11:03:32+08:00 ] 127.0.0.1 /Public/Home/css/background.jpg
INFO: [ app_init ] --START--
INFO: Run Behavior\BuildLiteBehavior [ RunTime:0.000019s ]
INFO: Run Common\Behavior\InitHookBehavior [ RunTime:0.000451s ]
INFO: [ app_init ] --END-- [ RunTime:0.000618s ]
NOTIC: [8] Use of undefined constant IS_AJAX - assumed 'IS_AJAX' E:\Workspace\PHP\QingYun\Application\Common\Common\api.php 第 42 行.

[ 2017-07-25T11:03:36+08:00 ] 127.0.0.1 /Public/Home/css/background.jpg
INFO: [ app_init ] --START--
INFO: Run Behavior\BuildLiteBehavior [ RunTime:0.000020s ]
INFO: Run Common\Behavior\InitHookBehavior [ RunTime:0.000460s ]
INFO: [ app_init ] --END-- [ RunTime:0.000645s ]
NOTIC: [8] Use of undefined constant IS_AJAX - assumed 'IS_AJAX' E:\Workspace\PHP\QingYun\Application\Common\Common\api.php 第 42 行.

[ 2017-07-25T11:04:54+08:00 ] 127.0.0.1 /Public/Home/css/background.jpg
INFO: [ app_init ] --START--
INFO: Run Behavior\BuildLiteBehavior [ RunTime:0.000036s ]
INFO: Run Common\Behavior\InitHookBehavior [ RunTime:0.000601s ]
INFO: [ app_init ] --END-- [ RunTime:0.000888s ]
NOTIC: [8] Use of undefined constant IS_AJAX - assumed 'IS_AJAX' E:\Workspace\PHP\QingYun\Application\Common\Common\api.php 第 42 行.

[ 2017-07-25T11:04:55+08:00 ] 127.0.0.1 /Public/Home/css/background.jpg
INFO: [ app_init ] --START--
INFO: Run Behavior\BuildLiteBehavior [ RunTime:0.000020s ]
INFO: Run Common\Behavior\InitHookBehavior [ RunTime:0.000558s ]
INFO: [ app_init ] --END-- [ RunTime:0.000804s ]
NOTIC: [8] Use of undefined constant IS_AJAX - assumed 'IS_AJAX' E:\Workspace\PHP\QingYun\Application\Common\Common\api.php 第 42 行.

[ 2017-07-25T12:38:44+08:00 ] 127.0.0.1 /Public/Home/css/background.jpg
INFO: [ app_init ] --START--
INFO: Run Behavior\BuildLiteBehavior [ RunTime:0.000011s ]
INFO: Run Common\Behavior\InitHookBehavior [ RunTime:0.001360s ]
INFO: [ app_init ] --END-- [ RunTime:0.001432s ]
NOTIC: [8] Use of undefined constant IS_AJAX - assumed 'IS_AJAX' E:\Workspace\PHP\QingYun\Application\Common\Common\api.php 第 42 行.

[ 2017-07-25T12:39:24+08:00 ] 127.0.0.1 /xhprof/xhprof_html/?run=5976ca0684c49&source=xhprof_foo&all=1&sort=wt
INFO: [ app_init ] --START--
INFO: Run Behavior\BuildLiteBehavior [ RunTime:0.000010s ]
INFO: Run Common\Behavior\InitHookBehavior [ RunTime:0.001430s ]
INFO: [ app_init ] --END-- [ RunTime:0.001580s ]
NOTIC: [8] Use of undefined constant IS_AJAX - assumed 'IS_AJAX' E:\Workspace\PHP\QingYun\Application\Common\Common\api.php 第 42 行.

[ 2017-07-25T12:39:24+08:00 ] 127.0.0.1 /xhprof/xhprof_html/?run/5976ca0684c49/source/xhprof_foo/all/1/sort/wt
INFO: [ app_init ] --START--
INFO: Run Behavior\BuildLiteBehavior [ RunTime:0.000010s ]
INFO: Run Common\Behavior\InitHookBehavior [ RunTime:0.001085s ]
INFO: [ app_init ] --END-- [ RunTime:0.001150s ]
NOTIC: [8] Use of undefined constant IS_AJAX - assumed 'IS_AJAX' E:\Workspace\PHP\QingYun\Application\Common\Common\api.php 第 42 行.

[ 2017-07-25T12:39:39+08:00 ] 127.0.0.1 /Public/Home/css/background.jpg
INFO: [ app_init ] --START--
INFO: Run Behavior\BuildLiteBehavior [ RunTime:0.000010s ]
INFO: Run Common\Behavior\InitHookBehavior [ RunTime:0.001435s ]
INFO: [ app_init ] --END-- [ RunTime:0.001507s ]
NOTIC: [8] Use of undefined constant IS_AJAX - assumed 'IS_AJAX' E:\Workspace\PHP\QingYun\Application\Common\Common\api.php 第 42 行.

[ 2017-07-25T12:39:41+08:00 ] 127.0.0.1 /Public/Home/css/background.jpg
INFO: [ app_init ] --START--
INFO: Run Behavior\BuildLiteBehavior [ RunTime:0.000013s ]
INFO: Run Common\Behavior\InitHookBehavior [ RunTime:0.002188s ]
INFO: [ app_init ] --END-- [ RunTime:0.002293s ]
NOTIC: [8] Use of undefined constant IS_AJAX - assumed 'IS_AJAX' E:\Workspace\PHP\QingYun\Application\Common\Common\api.php 第 42 行.

[ 2017-07-25T12:39:42+08:00 ] 127.0.0.1 /Public/Home/css/background.jpg
INFO: [ app_init ] --START--
INFO: Run Behavior\BuildLiteBehavior [ RunTime:0.000010s ]
INFO: Run Common\Behavior\InitHookBehavior [ RunTime:0.001441s ]
INFO: [ app_init ] --END-- [ RunTime:0.001525s ]
NOTIC: [8] Use of undefined constant IS_AJAX - assumed 'IS_AJAX' E:\Workspace\PHP\QingYun\Application\Common\Common\api.php 第 42 行.

[ 2017-07-25T12:48:07+08:00 ] 127.0.0.1 /favicon.ico
INFO: [ app_init ] --START--
INFO: Run Behavior\BuildLiteBehavior [ RunTime:0.000013s ]
INFO: Run Common\Behavior\InitHookBehavior [ RunTime:0.001598s ]
INFO: [ app_init ] --END-- [ RunTime:0.001697s ]
NOTIC: [8] Use of undefined constant IS_AJAX - assumed 'IS_AJAX' E:\Workspace\PHP\QingYun\Application\Common\Common\api.php 第 42 行.

[ 2017-07-25T13:22:46+08:00 ] 127.0.0.1 /Public/Home/css/background.jpg
INFO: [ app_init ] --START--
INFO: Run Behavior\BuildLiteBehavior [ RunTime:0.000019s ]
INFO: Run Common\Behavior\InitHookBehavior [ RunTime:0.000965s ]
INFO: [ app_init ] --END-- [ RunTime:0.001165s ]
NOTIC: [8] Use of undefined constant IS_AJAX - assumed 'IS_AJAX' E:\Workspace\PHP\QingYun\Application\Common\Common\api.php 第 42 行.

[ 2017-07-25T13:23:08+08:00 ] 127.0.0.1 /Public/Home/css/background.jpg
INFO: [ app_init ] --START--
INFO: Run Behavior\BuildLiteBehavior [ RunTime:0.000013s ]
INFO: Run Common\Behavior\InitHookBehavior [ RunTime:0.001708s ]
INFO: [ app_init ] --END-- [ RunTime:0.001856s ]
NOTIC: [8] Use of undefined constant IS_AJAX - assumed 'IS_AJAX' E:\Workspace\PHP\QingYun\Application\Common\Common\api.php 第 42 行.

[ 2017-07-25T13:25:04+08:00 ] 127.0.0.1 /Public/Home/css/background.jpg
INFO: [ app_init ] --START--
INFO: Run Behavior\BuildLiteBehavior [ RunTime:0.000010s ]
INFO: Run Common\Behavior\InitHookBehavior [ RunTime:0.001131s ]
INFO: [ app_init ] --END-- [ RunTime:0.001198s ]
NOTIC: [8] Use of undefined constant IS_AJAX - assumed 'IS_AJAX' E:\Workspace\PHP\QingYun\Application\Common\Common\api.php 第 42 行.

[ 2017-07-25T13:25:52+08:00 ] 127.0.0.1 /Public/Home/css/background.jpg
INFO: [ app_init ] --START--
INFO: Run Behavior\BuildLiteBehavior [ RunTime:0.000010s ]
INFO: Run Common\Behavior\InitHookBehavior [ RunTime:0.001159s ]
INFO: [ app_init ] --END-- [ RunTime:0.001277s ]
NOTIC: [8] Use of undefined constant IS_AJAX - assumed 'IS_AJAX' E:\Workspace\PHP\QingYun\Application\Common\Common\api.php 第 42 行.

[ 2017-07-25T13:58:02+08:00 ] 127.0.0.1 /Public/Home/css/background.jpg
INFO: [ app_init ] --START--
INFO: Run Behavior\BuildLiteBehavior [ RunTime:0.000026s ]
INFO: Run Common\Behavior\InitHookBehavior [ RunTime:0.001655s ]
INFO: [ app_init ] --END-- [ RunTime:0.001866s ]
NOTIC: [8] Use of undefined constant IS_AJAX - assumed 'IS_AJAX' E:\Workspace\PHP\QingYun\Application\Common\Common\api.php 第 42 行.

[ 2017-07-25T13:58:04+08:00 ] 127.0.0.1 /Public/Home/css/background.jpg
INFO: [ app_init ] --START--
INFO: Run Behavior\BuildLiteBehavior [ RunTime:0.000044s ]
INFO: Run Common\Behavior\InitHookBehavior [ RunTime:0.002825s ]
INFO: [ app_init ] --END-- [ RunTime:0.003252s ]
NOTIC: [8] Use of undefined constant IS_AJAX - assumed 'IS_AJAX' E:\Workspace\PHP\QingYun\Application\Common\Common\api.php 第 42 行.

[ 2017-07-25T13:58:08+08:00 ] 127.0.0.1 /Public/Home/css/background.jpg
INFO: [ app_init ] --START--
INFO: Run Behavior\BuildLiteBehavior [ RunTime:0.000027s ]
INFO: Run Common\Behavior\InitHookBehavior [ RunTime:0.001381s ]
INFO: [ app_init ] --END-- [ RunTime:0.001590s ]
NOTIC: [8] Use of undefined constant IS_AJAX - assumed 'IS_AJAX' E:\Workspace\PHP\QingYun\Application\Common\Common\api.php 第 42 行.

[ 2017-07-25T13:58:11+08:00 ] 127.0.0.1 /Public/Home/css/background.jpg
INFO: [ app_init ] --START--
INFO: Run Behavior\BuildLiteBehavior [ RunTime:0.000027s ]
INFO: Run Common\Behavior\InitHookBehavior [ RunTime:0.001499s ]
INFO: [ app_init ] --END-- [ RunTime:0.001706s ]
NOTIC: [8] Use of undefined constant IS_AJAX - assumed 'IS_AJAX' E:\Workspace\PHP\QingYun\Application\Common\Common\api.php 第 42 行.

[ 2017-07-25T20:52:26+08:00 ] 127.0.0.1 /Public/Home/css/background.jpg
INFO: [ app_init ] --START--
INFO: Run Behavior\BuildLiteBehavior [ RunTime:0.000028s ]
INFO: Run Common\Behavior\InitHookBehavior [ RunTime:0.001521s ]
INFO: [ app_init ] --END-- [ RunTime:0.001734s ]
NOTIC: [8] Use of undefined constant IS_AJAX - assumed 'IS_AJAX' E:\Workspace\PHP\QingYun\Application\Common\Common\api.php 第 42 行.

[ 2017-07-25T20:52:32+08:00 ] 127.0.0.1 /Public/Home/css/background.jpg
INFO: [ app_init ] --START--
INFO: Run Behavior\BuildLiteBehavior [ RunTime:0.000028s ]
INFO: Run Common\Behavior\InitHookBehavior [ RunTime:0.001413s ]
INFO: [ app_init ] --END-- [ RunTime:0.001631s ]
NOTIC: [8] Use of undefined constant IS_AJAX - assumed 'IS_AJAX' E:\Workspace\PHP\QingYun\Application\Common\Common\api.php 第 42 行.

[ 2017-07-25T20:52:46+08:00 ] 127.0.0.1 /Public/Home/css/background.jpg
INFO: [ app_init ] --START--
INFO: Run Behavior\BuildLiteBehavior [ RunTime:0.000039s ]
INFO: Run Common\Behavior\InitHookBehavior [ RunTime:0.001834s ]
INFO: [ app_init ] --END-- [ RunTime:0.002241s ]
NOTIC: [8] Use of undefined constant IS_AJAX - assumed 'IS_AJAX' E:\Workspace\PHP\QingYun\Application\Common\Common\api.php 第 42 行.

[ 2017-07-25T20:52:49+08:00 ] 127.0.0.1 /Public/Home/css/background.jpg
INFO: [ app_init ] --START--
INFO: Run Behavior\BuildLiteBehavior [ RunTime:0.000037s ]
INFO: Run Common\Behavior\InitHookBehavior [ RunTime:0.001969s ]
INFO: [ app_init ] --END-- [ RunTime:0.002274s ]
NOTIC: [8] Use of undefined constant IS_AJAX - assumed 'IS_AJAX' E:\Workspace\PHP\QingYun\Application\Common\Common\api.php 第 42 行.

[ 2017-07-25T20:52:51+08:00 ] 127.0.0.1 /Public/Home/css/background.jpg
INFO: [ app_init ] --START--
INFO: Run Behavior\BuildLiteBehavior [ RunTime:0.000027s ]
INFO: Run Common\Behavior\InitHookBehavior [ RunTime:0.001825s ]
INFO: [ app_init ] --END-- [ RunTime:0.002064s ]
NOTIC: [8] Use of undefined constant IS_AJAX - assumed 'IS_AJAX' E:\Workspace\PHP\QingYun\Application\Common\Common\api.php 第 42 行.

[ 2017-07-25T20:52:52+08:00 ] 127.0.0.1 /Public/Home/css/background.jpg
INFO: [ app_init ] --START--
INFO: Run Behavior\BuildLiteBehavior [ RunTime:0.000027s ]
INFO: Run Common\Behavior\InitHookBehavior [ RunTime:0.001641s ]
INFO: [ app_init ] --END-- [ RunTime:0.001858s ]
NOTIC: [8] Use of undefined constant IS_AJAX - assumed 'IS_AJAX' E:\Workspace\PHP\QingYun\Application\Common\Common\api.php 第 42 行.

[ 2017-07-25T20:52:53+08:00 ] 127.0.0.1 /Public/Home/css/background.jpg
INFO: [ app_init ] --START--
INFO: Run Behavior\BuildLiteBehavior [ RunTime:0.000035s ]
INFO: Run Common\Behavior\InitHookBehavior [ RunTime:0.001999s ]
INFO: [ app_init ] --END-- [ RunTime:0.002291s ]
NOTIC: [8] Use of undefined constant IS_AJAX - assumed 'IS_AJAX' E:\Workspace\PHP\QingYun\Application\Common\Common\api.php 第 42 行.

