[ 2017-09-12T21:17:52+08:00 ] 127.0.0.1 /img/favicon.png
INFO: [ app_init ] --START--
INFO: Run Behavior\BuildLiteBehavior [ RunTime:0.000011s ]
INFO: Run Common\Behavior\InitHookBehavior [ RunTime:0.001268s ]
INFO: [ app_init ] --END-- [ RunTime:0.001344s ]
NOTIC: [8] Use of undefined constant IS_AJAX - assumed 'IS_AJAX' E:\Workspace\PHP\QingYun\Application\Common\Common\api.php 第 42 行.

[ 2017-09-12T21:17:53+08:00 ] 127.0.0.1 /Public/Home/css/background.jpg
INFO: [ app_init ] --START--
INFO: Run Behavior\BuildLiteBehavior [ RunTime:0.000015s ]
INFO: Run Common\Behavior\InitHookBehavior [ RunTime:0.001067s ]
INFO: [ app_init ] --END-- [ RunTime:0.001181s ]
NOTIC: [8] Use of undefined constant IS_AJAX - assumed 'IS_AJAX' E:\Workspace\PHP\QingYun\Application\Common\Common\api.php 第 42 行.

[ 2017-09-12T22:19:48+08:00 ] 127.0.0.1 /Public/Home/css/background.jpg
INFO: [ app_init ] --START--
INFO: Run Behavior\BuildLiteBehavior [ RunTime:0.000023s ]
INFO: Run Common\Behavior\InitHookBehavior [ RunTime:0.000271s ]
INFO: [ app_init ] --END-- [ RunTime:0.000375s ]
NOTIC: [8] Use of undefined constant IS_AJAX - assumed 'IS_AJAX' E:\Workspace\PHP\QingYun\Application\Common\Common\api.php 第 42 行.

[ 2017-09-12T22:19:49+08:00 ] 127.0.0.1 /favicon.ico
INFO: [ app_init ] --START--
INFO: Run Behavior\BuildLiteBehavior [ RunTime:0.000010s ]
INFO: Run Common\Behavior\InitHookBehavior [ RunTime:0.000388s ]
INFO: [ app_init ] --END-- [ RunTime:0.000465s ]
NOTIC: [8] Use of undefined constant IS_AJAX - assumed 'IS_AJAX' E:\Workspace\PHP\QingYun\Application\Common\Common\api.php 第 42 行.

