[ 2017-03-06T11:17:37+08:00 ] ::1 /Public/Home/js/ajaxSubmit.js
INFO: [ app_init ] --START--
INFO: Run Behavior\BuildLiteBehavior [ RunTime:0.000021s ]
INFO: Run Common\Behavior\InitHookBehavior [ RunTime:0.002184s ]
INFO: [ app_init ] --END-- [ RunTime:0.002366s ]
NOTIC: [8] Use of undefined constant IS_AJAX - assumed 'IS_AJAX' E:\Workspace\PHP\QinYun\Application\Common\Common\api.php 第 42 行.

[ 2017-03-06T11:17:37+08:00 ] ::1 /Public/Home/css/background.jpg
INFO: [ app_init ] --START--
INFO: Run Behavior\BuildLiteBehavior [ RunTime:0.000019s ]
INFO: Run Common\Behavior\InitHookBehavior [ RunTime:0.003669s ]
INFO: [ app_init ] --END-- [ RunTime:0.003847s ]
NOTIC: [8] Use of undefined constant IS_AJAX - assumed 'IS_AJAX' E:\Workspace\PHP\QinYun\Application\Common\Common\api.php 第 42 行.

[ 2017-03-06T12:14:11+08:00 ] ::1 /Public/Home/js/ajaxSubmit.js
INFO: [ app_init ] --START--
INFO: Run Behavior\BuildLiteBehavior [ RunTime:0.000028s ]
INFO: Run Common\Behavior\InitHookBehavior [ RunTime:0.001852s ]
INFO: [ app_init ] --END-- [ RunTime:0.002049s ]
NOTIC: [8] Use of undefined constant IS_AJAX - assumed 'IS_AJAX' E:\Workspace\PHP\QinYun\Application\Common\Common\api.php 第 42 行.

[ 2017-03-06T12:14:11+08:00 ] ::1 /Public/Home/css/background.jpg
INFO: [ app_init ] --START--
INFO: Run Behavior\BuildLiteBehavior [ RunTime:0.000018s ]
INFO: Run Common\Behavior\InitHookBehavior [ RunTime:0.001815s ]
INFO: [ app_init ] --END-- [ RunTime:0.001966s ]
NOTIC: [8] Use of undefined constant IS_AJAX - assumed 'IS_AJAX' E:\Workspace\PHP\QinYun\Application\Common\Common\api.php 第 42 行.

[ 2017-03-06T12:34:43+08:00 ] ::1 /Public/Home/js/ajaxSubmit.js
INFO: [ app_init ] --START--
INFO: Run Behavior\BuildLiteBehavior [ RunTime:0.000019s ]
INFO: Run Common\Behavior\InitHookBehavior [ RunTime:0.004932s ]
INFO: [ app_init ] --END-- [ RunTime:0.005093s ]
NOTIC: [8] Use of undefined constant IS_AJAX - assumed 'IS_AJAX' E:\Workspace\PHP\QinYun\Application\Common\Common\api.php 第 42 行.

[ 2017-03-06T12:34:43+08:00 ] ::1 /Public/Home/css/background.jpg
INFO: [ app_init ] --START--
INFO: Run Behavior\BuildLiteBehavior [ RunTime:0.000040s ]
INFO: Run Common\Behavior\InitHookBehavior [ RunTime:0.003302s ]
INFO: [ app_init ] --END-- [ RunTime:0.003635s ]
NOTIC: [8] Use of undefined constant IS_AJAX - assumed 'IS_AJAX' E:\Workspace\PHP\QinYun\Application\Common\Common\api.php 第 42 行.

[ 2017-03-06T12:34:49+08:00 ] ::1 /Public/Home/js/ajaxSubmit.js
INFO: [ app_init ] --START--
INFO: Run Behavior\BuildLiteBehavior [ RunTime:0.000021s ]
INFO: Run Common\Behavior\InitHookBehavior [ RunTime:0.001615s ]
INFO: [ app_init ] --END-- [ RunTime:0.001778s ]
NOTIC: [8] Use of undefined constant IS_AJAX - assumed 'IS_AJAX' E:\Workspace\PHP\QinYun\Application\Common\Common\api.php 第 42 行.

[ 2017-03-06T12:34:49+08:00 ] ::1 /Public/Home/css/background.jpg
INFO: [ app_init ] --START--
INFO: Run Behavior\BuildLiteBehavior [ RunTime:0.000020s ]
INFO: Run Common\Behavior\InitHookBehavior [ RunTime:0.001965s ]
INFO: [ app_init ] --END-- [ RunTime:0.002128s ]
NOTIC: [8] Use of undefined constant IS_AJAX - assumed 'IS_AJAX' E:\Workspace\PHP\QinYun\Application\Common\Common\api.php 第 42 行.

[ 2017-03-06T12:37:15+08:00 ] ::1 /Public/Home/css/background.jpg
INFO: [ app_init ] --START--
INFO: Run Behavior\BuildLiteBehavior [ RunTime:0.000032s ]
INFO: Run Common\Behavior\InitHookBehavior [ RunTime:0.002003s ]
INFO: [ app_init ] --END-- [ RunTime:0.002251s ]
NOTIC: [8] Use of undefined constant IS_AJAX - assumed 'IS_AJAX' E:\Workspace\PHP\QinYun\Application\Common\Common\api.php 第 42 行.

[ 2017-03-06T12:37:16+08:00 ] ::1 /Public/Home/js/ajaxSubmit.js
INFO: [ app_init ] --START--
INFO: Run Behavior\BuildLiteBehavior [ RunTime:0.000021s ]
INFO: Run Common\Behavior\InitHookBehavior [ RunTime:0.001286s ]
INFO: [ app_init ] --END-- [ RunTime:0.001442s ]
NOTIC: [8] Use of undefined constant IS_AJAX - assumed 'IS_AJAX' E:\Workspace\PHP\QinYun\Application\Common\Common\api.php 第 42 行.

[ 2017-03-06T12:37:17+08:00 ] ::1 /Public/Home/css/background.jpg
INFO: [ app_init ] --START--
INFO: Run Behavior\BuildLiteBehavior [ RunTime:0.000021s ]
INFO: Run Common\Behavior\InitHookBehavior [ RunTime:0.001319s ]
INFO: [ app_init ] --END-- [ RunTime:0.001479s ]
NOTIC: [8] Use of undefined constant IS_AJAX - assumed 'IS_AJAX' E:\Workspace\PHP\QinYun\Application\Common\Common\api.php 第 42 行.

[ 2017-03-06T12:37:28+08:00 ] ::1 /Public/Home/css/background.jpg
INFO: [ app_init ] --START--
INFO: Run Behavior\BuildLiteBehavior [ RunTime:0.000024s ]
INFO: Run Common\Behavior\InitHookBehavior [ RunTime:0.001419s ]
INFO: [ app_init ] --END-- [ RunTime:0.001635s ]
NOTIC: [8] Use of undefined constant IS_AJAX - assumed 'IS_AJAX' E:\Workspace\PHP\QinYun\Application\Common\Common\api.php 第 42 行.

[ 2017-03-06T12:37:33+08:00 ] ::1 /Public/Home/css/background.jpg
INFO: [ app_init ] --START--
INFO: Run Behavior\BuildLiteBehavior [ RunTime:0.000028s ]
INFO: Run Common\Behavior\InitHookBehavior [ RunTime:0.001475s ]
INFO: [ app_init ] --END-- [ RunTime:0.001662s ]
NOTIC: [8] Use of undefined constant IS_AJAX - assumed 'IS_AJAX' E:\Workspace\PHP\QinYun\Application\Common\Common\api.php 第 42 行.

[ 2017-03-06T12:37:34+08:00 ] ::1 /Public/Home/js/ajaxSubmit.js
INFO: [ app_init ] --START--
INFO: Run Behavior\BuildLiteBehavior [ RunTime:0.000019s ]
INFO: Run Common\Behavior\InitHookBehavior [ RunTime:0.001330s ]
INFO: [ app_init ] --END-- [ RunTime:0.001488s ]
NOTIC: [8] Use of undefined constant IS_AJAX - assumed 'IS_AJAX' E:\Workspace\PHP\QinYun\Application\Common\Common\api.php 第 42 行.

[ 2017-03-06T12:37:34+08:00 ] ::1 /Public/Home/css/background.jpg
INFO: [ app_init ] --START--
INFO: Run Behavior\BuildLiteBehavior [ RunTime:0.000025s ]
INFO: Run Common\Behavior\InitHookBehavior [ RunTime:0.001407s ]
INFO: [ app_init ] --END-- [ RunTime:0.001579s ]
NOTIC: [8] Use of undefined constant IS_AJAX - assumed 'IS_AJAX' E:\Workspace\PHP\QinYun\Application\Common\Common\api.php 第 42 行.

[ 2017-03-06T12:38:57+08:00 ] ::1 /Public/Home/js/ajaxSubmit.js
INFO: [ app_init ] --START--
INFO: Run Behavior\BuildLiteBehavior [ RunTime:0.000030s ]
INFO: Run Common\Behavior\InitHookBehavior [ RunTime:0.001950s ]
INFO: [ app_init ] --END-- [ RunTime:0.002193s ]
NOTIC: [8] Use of undefined constant IS_AJAX - assumed 'IS_AJAX' E:\Workspace\PHP\QinYun\Application\Common\Common\api.php 第 42 行.

[ 2017-03-06T12:38:57+08:00 ] ::1 /Public/Home/css/background.jpg
INFO: [ app_init ] --START--
INFO: Run Behavior\BuildLiteBehavior [ RunTime:0.000046s ]
INFO: Run Common\Behavior\InitHookBehavior [ RunTime:0.001847s ]
INFO: [ app_init ] --END-- [ RunTime:0.002111s ]
NOTIC: [8] Use of undefined constant IS_AJAX - assumed 'IS_AJAX' E:\Workspace\PHP\QinYun\Application\Common\Common\api.php 第 42 行.

[ 2017-03-06T12:39:03+08:00 ] ::1 /Public/Home/js/ajaxSubmit.js
INFO: [ app_init ] --START--
INFO: Run Behavior\BuildLiteBehavior [ RunTime:0.000020s ]
INFO: Run Common\Behavior\InitHookBehavior [ RunTime:0.001598s ]
INFO: [ app_init ] --END-- [ RunTime:0.001761s ]
NOTIC: [8] Use of undefined constant IS_AJAX - assumed 'IS_AJAX' E:\Workspace\PHP\QinYun\Application\Common\Common\api.php 第 42 行.

[ 2017-03-06T12:39:04+08:00 ] ::1 /Public/Home/css/background.jpg
INFO: [ app_init ] --START--
INFO: Run Behavior\BuildLiteBehavior [ RunTime:0.000018s ]
INFO: Run Common\Behavior\InitHookBehavior [ RunTime:0.001294s ]
INFO: [ app_init ] --END-- [ RunTime:0.001448s ]
NOTIC: [8] Use of undefined constant IS_AJAX - assumed 'IS_AJAX' E:\Workspace\PHP\QinYun\Application\Common\Common\api.php 第 42 行.

[ 2017-03-06T12:39:24+08:00 ] ::1 /Public/Home/js/ajaxSubmit.js
INFO: [ app_init ] --START--
INFO: Run Behavior\BuildLiteBehavior [ RunTime:0.000030s ]
INFO: Run Common\Behavior\InitHookBehavior [ RunTime:0.002614s ]
INFO: [ app_init ] --END-- [ RunTime:0.002857s ]
NOTIC: [8] Use of undefined constant IS_AJAX - assumed 'IS_AJAX' E:\Workspace\PHP\QinYun\Application\Common\Common\api.php 第 42 行.

[ 2017-03-06T12:39:24+08:00 ] ::1 /Public/Home/css/background.jpg
INFO: [ app_init ] --START--
INFO: Run Behavior\BuildLiteBehavior [ RunTime:0.000032s ]
INFO: Run Common\Behavior\InitHookBehavior [ RunTime:0.002330s ]
INFO: [ app_init ] --END-- [ RunTime:0.002560s ]
NOTIC: [8] Use of undefined constant IS_AJAX - assumed 'IS_AJAX' E:\Workspace\PHP\QinYun\Application\Common\Common\api.php 第 42 行.

[ 2017-03-06T13:47:31+08:00 ] ::1 /Public/Home/js/ajaxSubmit.js
INFO: [ app_init ] --START--
INFO: Run Behavior\BuildLiteBehavior [ RunTime:0.000021s ]
INFO: Run Common\Behavior\InitHookBehavior [ RunTime:0.001874s ]
INFO: [ app_init ] --END-- [ RunTime:0.002060s ]
NOTIC: [8] Use of undefined constant IS_AJAX - assumed 'IS_AJAX' E:\Workspace\PHP\QinYun\Application\Common\Common\api.php 第 42 行.

[ 2017-03-06T13:47:31+08:00 ] ::1 /Public/Home/css/background.jpg
INFO: [ app_init ] --START--
INFO: Run Behavior\BuildLiteBehavior [ RunTime:0.000044s ]
INFO: Run Common\Behavior\InitHookBehavior [ RunTime:0.005436s ]
INFO: [ app_init ] --END-- [ RunTime:0.005832s ]
NOTIC: [8] Use of undefined constant IS_AJAX - assumed 'IS_AJAX' E:\Workspace\PHP\QinYun\Application\Common\Common\api.php 第 42 行.

[ 2017-03-06T13:48:25+08:00 ] ::1 /Public/Home/js/ajaxSubmit.js
INFO: [ app_init ] --START--
INFO: Run Behavior\BuildLiteBehavior [ RunTime:0.000019s ]
INFO: Run Common\Behavior\InitHookBehavior [ RunTime:0.001579s ]
INFO: [ app_init ] --END-- [ RunTime:0.001726s ]
NOTIC: [8] Use of undefined constant IS_AJAX - assumed 'IS_AJAX' E:\Workspace\PHP\QinYun\Application\Common\Common\api.php 第 42 行.

[ 2017-03-06T13:48:26+08:00 ] ::1 /Public/Home/css/background.jpg
INFO: [ app_init ] --START--
INFO: Run Behavior\BuildLiteBehavior [ RunTime:0.000022s ]
INFO: Run Common\Behavior\InitHookBehavior [ RunTime:0.001768s ]
INFO: [ app_init ] --END-- [ RunTime:0.001954s ]
NOTIC: [8] Use of undefined constant IS_AJAX - assumed 'IS_AJAX' E:\Workspace\PHP\QinYun\Application\Common\Common\api.php 第 42 行.

[ 2017-03-06T13:48:30+08:00 ] ::1 /Public/Home/js/ajaxSubmit.js
INFO: [ app_init ] --START--
INFO: Run Behavior\BuildLiteBehavior [ RunTime:0.000019s ]
INFO: Run Common\Behavior\InitHookBehavior [ RunTime:0.001590s ]
INFO: [ app_init ] --END-- [ RunTime:0.001735s ]
NOTIC: [8] Use of undefined constant IS_AJAX - assumed 'IS_AJAX' E:\Workspace\PHP\QinYun\Application\Common\Common\api.php 第 42 行.

[ 2017-03-06T13:48:31+08:00 ] ::1 /Public/Home/css/background.jpg
INFO: [ app_init ] --START--
INFO: Run Behavior\BuildLiteBehavior [ RunTime:0.000020s ]
INFO: Run Common\Behavior\InitHookBehavior [ RunTime:0.001601s ]
INFO: [ app_init ] --END-- [ RunTime:0.001752s ]
NOTIC: [8] Use of undefined constant IS_AJAX - assumed 'IS_AJAX' E:\Workspace\PHP\QinYun\Application\Common\Common\api.php 第 42 行.

[ 2017-03-06T13:48:33+08:00 ] ::1 /Public/Home/js/ajaxSubmit.js
INFO: [ app_init ] --START--
INFO: Run Behavior\BuildLiteBehavior [ RunTime:0.000020s ]
INFO: Run Common\Behavior\InitHookBehavior [ RunTime:0.001665s ]
INFO: [ app_init ] --END-- [ RunTime:0.001815s ]
NOTIC: [8] Use of undefined constant IS_AJAX - assumed 'IS_AJAX' E:\Workspace\PHP\QinYun\Application\Common\Common\api.php 第 42 行.

[ 2017-03-06T13:48:33+08:00 ] ::1 /Public/Home/css/background.jpg
INFO: [ app_init ] --START--
INFO: Run Behavior\BuildLiteBehavior [ RunTime:0.000031s ]
INFO: Run Common\Behavior\InitHookBehavior [ RunTime:0.002775s ]
INFO: [ app_init ] --END-- [ RunTime:0.003198s ]
NOTIC: [8] Use of undefined constant IS_AJAX - assumed 'IS_AJAX' E:\Workspace\PHP\QinYun\Application\Common\Common\api.php 第 42 行.

[ 2017-03-06T14:09:11+08:00 ] ::1 /Public/Home/js/ajaxSubmit.js
INFO: [ app_init ] --START--
INFO: Run Behavior\BuildLiteBehavior [ RunTime:0.000020s ]
INFO: Run Common\Behavior\InitHookBehavior [ RunTime:0.001743s ]
INFO: [ app_init ] --END-- [ RunTime:0.001906s ]
NOTIC: [8] Use of undefined constant IS_AJAX - assumed 'IS_AJAX' E:\Workspace\PHP\QinYun\Application\Common\Common\api.php 第 42 行.

[ 2017-03-06T14:09:11+08:00 ] ::1 /Public/Home/css/background.jpg
INFO: [ app_init ] --START--
INFO: Run Behavior\BuildLiteBehavior [ RunTime:0.000033s ]
INFO: Run Common\Behavior\InitHookBehavior [ RunTime:0.002283s ]
INFO: [ app_init ] --END-- [ RunTime:0.002508s ]
NOTIC: [8] Use of undefined constant IS_AJAX - assumed 'IS_AJAX' E:\Workspace\PHP\QinYun\Application\Common\Common\api.php 第 42 行.

[ 2017-03-06T14:09:16+08:00 ] ::1 /Public/Home/js/ajaxSubmit.js
INFO: [ app_init ] --START--
INFO: Run Behavior\BuildLiteBehavior [ RunTime:0.000034s ]
INFO: Run Common\Behavior\InitHookBehavior [ RunTime:0.002459s ]
INFO: [ app_init ] --END-- [ RunTime:0.002711s ]
NOTIC: [8] Use of undefined constant IS_AJAX - assumed 'IS_AJAX' E:\Workspace\PHP\QinYun\Application\Common\Common\api.php 第 42 行.

[ 2017-03-06T14:09:17+08:00 ] ::1 /Public/Home/css/background.jpg
INFO: [ app_init ] --START--
INFO: Run Behavior\BuildLiteBehavior [ RunTime:0.000021s ]
INFO: Run Common\Behavior\InitHookBehavior [ RunTime:0.001680s ]
INFO: [ app_init ] --END-- [ RunTime:0.001834s ]
NOTIC: [8] Use of undefined constant IS_AJAX - assumed 'IS_AJAX' E:\Workspace\PHP\QinYun\Application\Common\Common\api.php 第 42 行.

[ 2017-03-06T14:09:41+08:00 ] ::1 /Public/Home/js/ajaxSubmit.js
INFO: [ app_init ] --START--
INFO: Run Behavior\BuildLiteBehavior [ RunTime:0.000020s ]
INFO: Run Common\Behavior\InitHookBehavior [ RunTime:0.002008s ]
INFO: [ app_init ] --END-- [ RunTime:0.002181s ]
NOTIC: [8] Use of undefined constant IS_AJAX - assumed 'IS_AJAX' E:\Workspace\PHP\QinYun\Application\Common\Common\api.php 第 42 行.

[ 2017-03-06T14:09:41+08:00 ] ::1 /Public/Home/css/background.jpg
INFO: [ app_init ] --START--
INFO: Run Behavior\BuildLiteBehavior [ RunTime:0.000028s ]
INFO: Run Common\Behavior\InitHookBehavior [ RunTime:0.002037s ]
INFO: [ app_init ] --END-- [ RunTime:0.002246s ]
NOTIC: [8] Use of undefined constant IS_AJAX - assumed 'IS_AJAX' E:\Workspace\PHP\QinYun\Application\Common\Common\api.php 第 42 行.

[ 2017-03-06T14:11:48+08:00 ] ::1 /Public/Static/jquery-1.10.2.min.js
INFO: [ app_init ] --START--
INFO: Run Behavior\BuildLiteBehavior [ RunTime:0.000020s ]
INFO: Run Common\Behavior\InitHookBehavior [ RunTime:0.001961s ]
INFO: [ app_init ] --END-- [ RunTime:0.002123s ]
NOTIC: [8] Use of undefined constant IS_AJAX - assumed 'IS_AJAX' E:\Workspace\PHP\QinYun\Application\Common\Common\api.php 第 42 行.

[ 2017-03-06T14:11:48+08:00 ] ::1 /Public/Static/custom_upload_form.js
INFO: [ app_init ] --START--
INFO: Run Behavior\BuildLiteBehavior [ RunTime:0.000019s ]
INFO: Run Common\Behavior\InitHookBehavior [ RunTime:0.001616s ]
INFO: [ app_init ] --END-- [ RunTime:0.001761s ]
NOTIC: [8] Use of undefined constant IS_AJAX - assumed 'IS_AJAX' E:\Workspace\PHP\QinYun\Application\Common\Common\api.php 第 42 行.

[ 2017-03-06T14:11:53+08:00 ] ::1 /Public/Static/jquery-1.10.2.min.js
INFO: [ app_init ] --START--
INFO: Run Behavior\BuildLiteBehavior [ RunTime:0.000033s ]
INFO: Run Common\Behavior\InitHookBehavior [ RunTime:0.001947s ]
INFO: [ app_init ] --END-- [ RunTime:0.002192s ]
NOTIC: [8] Use of undefined constant IS_AJAX - assumed 'IS_AJAX' E:\Workspace\PHP\QinYun\Application\Common\Common\api.php 第 42 行.

[ 2017-03-06T14:11:53+08:00 ] ::1 /Public/Static/custom_upload_form.js
INFO: [ app_init ] --START--
INFO: Run Behavior\BuildLiteBehavior [ RunTime:0.000019s ]
INFO: Run Common\Behavior\InitHookBehavior [ RunTime:0.001630s ]
INFO: [ app_init ] --END-- [ RunTime:0.001787s ]
NOTIC: [8] Use of undefined constant IS_AJAX - assumed 'IS_AJAX' E:\Workspace\PHP\QinYun\Application\Common\Common\api.php 第 42 行.

[ 2017-03-06T16:11:57+08:00 ] ::1 /Public/Static/jquery-1.10.2.min.js
INFO: [ app_init ] --START--
INFO: Run Behavior\BuildLiteBehavior [ RunTime:0.000032s ]
INFO: Run Common\Behavior\InitHookBehavior [ RunTime:0.004446s ]
INFO: [ app_init ] --END-- [ RunTime:0.004736s ]
NOTIC: [8] Use of undefined constant IS_AJAX - assumed 'IS_AJAX' E:\Workspace\PHP\QinYun\Application\Common\Common\api.php 第 42 行.

[ 2017-03-06T16:26:23+08:00 ] ::1 /Public/Static/jquery-1.10.2.min.js
INFO: [ app_init ] --START--
INFO: Run Behavior\BuildLiteBehavior [ RunTime:0.000028s ]
INFO: Run Common\Behavior\InitHookBehavior [ RunTime:0.002877s ]
INFO: [ app_init ] --END-- [ RunTime:0.003131s ]
NOTIC: [8] Use of undefined constant IS_AJAX - assumed 'IS_AJAX' E:\Workspace\PHP\QinYun\Application\Common\Common\api.php 第 42 行.

[ 2017-03-06T16:40:11+08:00 ] ::1 /Public/Admin/js/fileupload/jquery.fileupload-validate.js
INFO: [ app_init ] --START--
INFO: Run Behavior\BuildLiteBehavior [ RunTime:0.000036s ]
INFO: Run Common\Behavior\InitHookBehavior [ RunTime:0.002986s ]
INFO: [ app_init ] --END-- [ RunTime:0.003268s ]
NOTIC: [8] Use of undefined constant IS_AJAX - assumed 'IS_AJAX' E:\Workspace\PHP\QinYun\Application\Common\Common\api.php 第 42 行.

[ 2017-03-06T16:40:11+08:00 ] ::1 /Public/Admin/js/fileupload/vendor/jquery.ui.widget.js
INFO: [ app_init ] --START--
INFO: Run Behavior\BuildLiteBehavior [ RunTime:0.000029s ]
INFO: Run Common\Behavior\InitHookBehavior [ RunTime:0.002373s ]
INFO: [ app_init ] --END-- [ RunTime:0.002612s ]
NOTIC: [8] Use of undefined constant IS_AJAX - assumed 'IS_AJAX' E:\Workspace\PHP\QinYun\Application\Common\Common\api.php 第 42 行.

[ 2017-03-06T16:40:11+08:00 ] ::1 /Public/Admin/js/fileupload/jquery.fileupload.js
INFO: [ app_init ] --START--
INFO: Run Behavior\BuildLiteBehavior [ RunTime:0.000029s ]
INFO: Run Common\Behavior\InitHookBehavior [ RunTime:0.003000s ]
INFO: [ app_init ] --END-- [ RunTime:0.003257s ]
NOTIC: [8] Use of undefined constant IS_AJAX - assumed 'IS_AJAX' E:\Workspace\PHP\QinYun\Application\Common\Common\api.php 第 42 行.

[ 2017-03-06T16:40:11+08:00 ] ::1 /Public/Admin/js/fileupload/jquery.iframe-transport.js
INFO: [ app_init ] --START--
INFO: Run Behavior\BuildLiteBehavior [ RunTime:0.000028s ]
INFO: Run Common\Behavior\InitHookBehavior [ RunTime:0.004200s ]
INFO: [ app_init ] --END-- [ RunTime:0.004451s ]
NOTIC: [8] Use of undefined constant IS_AJAX - assumed 'IS_AJAX' E:\Workspace\PHP\QinYun\Application\Common\Common\api.php 第 42 行.

[ 2017-03-06T16:40:11+08:00 ] ::1 /Public/Admin/js/fileupload/jquery.fileupload-process.js
INFO: [ app_init ] --START--
INFO: Run Behavior\BuildLiteBehavior [ RunTime:0.000019s ]
INFO: Run Common\Behavior\InitHookBehavior [ RunTime:0.001797s ]
INFO: [ app_init ] --END-- [ RunTime:0.001966s ]
NOTIC: [8] Use of undefined constant IS_AJAX - assumed 'IS_AJAX' E:\Workspace\PHP\QinYun\Application\Common\Common\api.php 第 42 行.

[ 2017-03-06T16:40:41+08:00 ] ::1 /Public/Admin/js/fileupload/vendor/jquery.ui.widget.js
INFO: [ app_init ] --START--
INFO: Run Behavior\BuildLiteBehavior [ RunTime:0.000020s ]
INFO: Run Common\Behavior\InitHookBehavior [ RunTime:0.001616s ]
INFO: [ app_init ] --END-- [ RunTime:0.001771s ]
NOTIC: [8] Use of undefined constant IS_AJAX - assumed 'IS_AJAX' E:\Workspace\PHP\QinYun\Application\Common\Common\api.php 第 42 行.

[ 2017-03-06T16:40:41+08:00 ] ::1 /Public/Admin/js/fileupload/jquery.fileupload.js
INFO: [ app_init ] --START--
INFO: Run Behavior\BuildLiteBehavior [ RunTime:0.000030s ]
INFO: Run Common\Behavior\InitHookBehavior [ RunTime:0.002325s ]
INFO: [ app_init ] --END-- [ RunTime:0.002573s ]
NOTIC: [8] Use of undefined constant IS_AJAX - assumed 'IS_AJAX' E:\Workspace\PHP\QinYun\Application\Common\Common\api.php 第 42 行.

[ 2017-03-06T16:40:41+08:00 ] ::1 /Public/Admin/js/fileupload/jquery.iframe-transport.js
INFO: [ app_init ] --START--
INFO: Run Behavior\BuildLiteBehavior [ RunTime:0.000024s ]
INFO: Run Common\Behavior\InitHookBehavior [ RunTime:0.001782s ]
INFO: [ app_init ] --END-- [ RunTime:0.001957s ]
NOTIC: [8] Use of undefined constant IS_AJAX - assumed 'IS_AJAX' E:\Workspace\PHP\QinYun\Application\Common\Common\api.php 第 42 行.

[ 2017-03-06T16:40:41+08:00 ] ::1 /Public/Admin/js/fileupload/jquery.fileupload-validate.js
INFO: [ app_init ] --START--
INFO: Run Behavior\BuildLiteBehavior [ RunTime:0.000030s ]
INFO: Run Common\Behavior\InitHookBehavior [ RunTime:0.001963s ]
INFO: [ app_init ] --END-- [ RunTime:0.002217s ]
NOTIC: [8] Use of undefined constant IS_AJAX - assumed 'IS_AJAX' E:\Workspace\PHP\QinYun\Application\Common\Common\api.php 第 42 行.

[ 2017-03-06T16:40:42+08:00 ] ::1 /Public/Admin/js/fileupload/jquery.fileupload-process.js
INFO: [ app_init ] --START--
INFO: Run Behavior\BuildLiteBehavior [ RunTime:0.000020s ]
INFO: Run Common\Behavior\InitHookBehavior [ RunTime:0.001997s ]
INFO: [ app_init ] --END-- [ RunTime:0.002168s ]
NOTIC: [8] Use of undefined constant IS_AJAX - assumed 'IS_AJAX' E:\Workspace\PHP\QinYun\Application\Common\Common\api.php 第 42 行.

[ 2017-03-06T17:26:13+08:00 ] ::1 /Public/Home/css/background.jpg
INFO: [ app_init ] --START--
INFO: Run Behavior\BuildLiteBehavior [ RunTime:0.000020s ]
INFO: Run Common\Behavior\InitHookBehavior [ RunTime:0.001757s ]
INFO: [ app_init ] --END-- [ RunTime:0.001915s ]
NOTIC: [8] Use of undefined constant IS_AJAX - assumed 'IS_AJAX' E:\Workspace\PHP\QinYun\Application\Common\Common\api.php 第 42 行.

[ 2017-03-06T17:26:21+08:00 ] ::1 /Public/Home/js/ajaxSubmit.js
INFO: [ app_init ] --START--
INFO: Run Behavior\BuildLiteBehavior [ RunTime:0.000029s ]
INFO: Run Common\Behavior\InitHookBehavior [ RunTime:0.002494s ]
INFO: [ app_init ] --END-- [ RunTime:0.002736s ]
NOTIC: [8] Use of undefined constant IS_AJAX - assumed 'IS_AJAX' E:\Workspace\PHP\QinYun\Application\Common\Common\api.php 第 42 行.

[ 2017-03-06T17:26:21+08:00 ] ::1 /Public/Home/css/background.jpg
INFO: [ app_init ] --START--
INFO: Run Behavior\BuildLiteBehavior [ RunTime:0.000019s ]
INFO: Run Common\Behavior\InitHookBehavior [ RunTime:0.003718s ]
INFO: [ app_init ] --END-- [ RunTime:0.003878s ]
NOTIC: [8] Use of undefined constant IS_AJAX - assumed 'IS_AJAX' E:\Workspace\PHP\QinYun\Application\Common\Common\api.php 第 42 行.

[ 2017-03-06T17:27:03+08:00 ] ::1 /Public/Home/js/ajaxSubmit.js
INFO: [ app_init ] --START--
INFO: Run Behavior\BuildLiteBehavior [ RunTime:0.000019s ]
INFO: Run Common\Behavior\InitHookBehavior [ RunTime:0.001727s ]
INFO: [ app_init ] --END-- [ RunTime:0.001877s ]
NOTIC: [8] Use of undefined constant IS_AJAX - assumed 'IS_AJAX' E:\Workspace\PHP\QinYun\Application\Common\Common\api.php 第 42 行.

[ 2017-03-06T17:27:03+08:00 ] ::1 /Public/Home/css/background.jpg
INFO: [ app_init ] --START--
INFO: Run Behavior\BuildLiteBehavior [ RunTime:0.000020s ]
INFO: Run Common\Behavior\InitHookBehavior [ RunTime:0.001794s ]
INFO: [ app_init ] --END-- [ RunTime:0.001948s ]
NOTIC: [8] Use of undefined constant IS_AJAX - assumed 'IS_AJAX' E:\Workspace\PHP\QinYun\Application\Common\Common\api.php 第 42 行.

[ 2017-03-06T17:27:47+08:00 ] ::1 /Public/Home/js/ajaxSubmit.js
INFO: [ app_init ] --START--
INFO: Run Behavior\BuildLiteBehavior [ RunTime:0.000018s ]
INFO: Run Common\Behavior\InitHookBehavior [ RunTime:0.002378s ]
INFO: [ app_init ] --END-- [ RunTime:0.002559s ]
NOTIC: [8] Use of undefined constant IS_AJAX - assumed 'IS_AJAX' E:\Workspace\PHP\QinYun\Application\Common\Common\api.php 第 42 行.

[ 2017-03-06T17:27:48+08:00 ] ::1 /Public/Home/css/background.jpg
INFO: [ app_init ] --START--
INFO: Run Behavior\BuildLiteBehavior [ RunTime:0.000020s ]
INFO: Run Common\Behavior\InitHookBehavior [ RunTime:0.002163s ]
INFO: [ app_init ] --END-- [ RunTime:0.002381s ]
NOTIC: [8] Use of undefined constant IS_AJAX - assumed 'IS_AJAX' E:\Workspace\PHP\QinYun\Application\Common\Common\api.php 第 42 行.

[ 2017-03-06T17:27:56+08:00 ] ::1 /Public/Home/js/ajaxSubmit.js
INFO: [ app_init ] --START--
INFO: Run Behavior\BuildLiteBehavior [ RunTime:0.000021s ]
INFO: Run Common\Behavior\InitHookBehavior [ RunTime:0.002470s ]
INFO: [ app_init ] --END-- [ RunTime:0.002656s ]
NOTIC: [8] Use of undefined constant IS_AJAX - assumed 'IS_AJAX' E:\Workspace\PHP\QinYun\Application\Common\Common\api.php 第 42 行.

[ 2017-03-06T17:27:56+08:00 ] ::1 /Public/Home/css/background.jpg
INFO: [ app_init ] --START--
INFO: Run Behavior\BuildLiteBehavior [ RunTime:0.000023s ]
INFO: Run Common\Behavior\InitHookBehavior [ RunTime:0.002376s ]
INFO: [ app_init ] --END-- [ RunTime:0.002582s ]
NOTIC: [8] Use of undefined constant IS_AJAX - assumed 'IS_AJAX' E:\Workspace\PHP\QinYun\Application\Common\Common\api.php 第 42 行.

[ 2017-03-06T17:28:45+08:00 ] ::1 /Public/Home/js/ajaxSubmit.js
INFO: [ app_init ] --START--
INFO: Run Behavior\BuildLiteBehavior [ RunTime:0.000019s ]
INFO: Run Common\Behavior\InitHookBehavior [ RunTime:0.001657s ]
INFO: [ app_init ] --END-- [ RunTime:0.001806s ]
NOTIC: [8] Use of undefined constant IS_AJAX - assumed 'IS_AJAX' E:\Workspace\PHP\QinYun\Application\Common\Common\api.php 第 42 行.

[ 2017-03-06T17:28:45+08:00 ] ::1 /Public/Home/css/background.jpg
INFO: [ app_init ] --START--
INFO: Run Behavior\BuildLiteBehavior [ RunTime:0.000020s ]
INFO: Run Common\Behavior\InitHookBehavior [ RunTime:0.001765s ]
INFO: [ app_init ] --END-- [ RunTime:0.001921s ]
NOTIC: [8] Use of undefined constant IS_AJAX - assumed 'IS_AJAX' E:\Workspace\PHP\QinYun\Application\Common\Common\api.php 第 42 行.

