[ 2017-03-16T09:45:57+08:00 ] ::1 /Public/favicon.ico
INFO: [ app_init ] --START--
INFO: Run Behavior\BuildLiteBehavior [ RunTime:0.000018s ]
INFO: Run Common\Behavior\InitHookBehavior [ RunTime:0.001707s ]
INFO: [ app_init ] --END-- [ RunTime:0.001855s ]
NOTIC: [8] Use of undefined constant IS_AJAX - assumed 'IS_AJAX' E:\Workspace\PHP\QinYun\Application\Common\Common\api.php 第 42 行.

[ 2017-03-16T09:46:03+08:00 ] ::1 /favicon.ico
INFO: [ app_init ] --START--
INFO: Run Behavior\BuildLiteBehavior [ RunTime:0.000032s ]
INFO: Run Common\Behavior\InitHookBehavior [ RunTime:0.005441s ]
INFO: [ app_init ] --END-- [ RunTime:0.005698s ]
NOTIC: [8] Use of undefined constant IS_AJAX - assumed 'IS_AJAX' E:\Workspace\PHP\QinYun\Application\Common\Common\api.php 第 42 行.

[ 2017-03-16T09:46:04+08:00 ] ::1 /favicon.ico
INFO: [ app_init ] --START--
INFO: Run Behavior\BuildLiteBehavior [ RunTime:0.000020s ]
INFO: Run Common\Behavior\InitHookBehavior [ RunTime:0.002193s ]
INFO: [ app_init ] --END-- [ RunTime:0.002422s ]
NOTIC: [8] Use of undefined constant IS_AJAX - assumed 'IS_AJAX' E:\Workspace\PHP\QinYun\Application\Common\Common\api.php 第 42 行.

[ 2017-03-16T09:46:08+08:00 ] ::1 /img/favicon.png
INFO: [ app_init ] --START--
INFO: Run Behavior\BuildLiteBehavior [ RunTime:0.000028s ]
INFO: Run Common\Behavior\InitHookBehavior [ RunTime:0.003528s ]
INFO: [ app_init ] --END-- [ RunTime:0.003758s ]
NOTIC: [8] Use of undefined constant IS_AJAX - assumed 'IS_AJAX' E:\Workspace\PHP\QinYun\Application\Common\Common\api.php 第 42 行.

[ 2017-03-16T09:46:08+08:00 ] ::1 /Public/Home/css/background.jpg
INFO: [ app_init ] --START--
INFO: Run Behavior\BuildLiteBehavior [ RunTime:0.000028s ]
INFO: Run Common\Behavior\InitHookBehavior [ RunTime:0.002613s ]
INFO: [ app_init ] --END-- [ RunTime:0.002856s ]
NOTIC: [8] Use of undefined constant IS_AJAX - assumed 'IS_AJAX' E:\Workspace\PHP\QinYun\Application\Common\Common\api.php 第 42 行.

[ 2017-03-16T09:46:08+08:00 ] ::1 /Public/Home/font/cJZKeOuBrn4kERxqtaUH3fY6323mHUZFJMgTvxaG2iE.eot
INFO: [ app_init ] --START--
INFO: Run Behavior\BuildLiteBehavior [ RunTime:0.000029s ]
INFO: Run Common\Behavior\InitHookBehavior [ RunTime:0.001997s ]
INFO: [ app_init ] --END-- [ RunTime:0.002239s ]
NOTIC: [8] Use of undefined constant IS_AJAX - assumed 'IS_AJAX' E:\Workspace\PHP\QinYun\Application\Common\Common\api.php 第 42 行.

[ 2017-03-16T09:46:12+08:00 ] ::1 /Public/Home/font/cJZKeOuBrn4kERxqtaUH3fY6323mHUZFJMgTvxaG2iE.eot
INFO: [ app_init ] --START--
INFO: Run Behavior\BuildLiteBehavior [ RunTime:0.000027s ]
INFO: Run Common\Behavior\InitHookBehavior [ RunTime:0.001816s ]
INFO: [ app_init ] --END-- [ RunTime:0.002032s ]
NOTIC: [8] Use of undefined constant IS_AJAX - assumed 'IS_AJAX' E:\Workspace\PHP\QinYun\Application\Common\Common\api.php 第 42 行.

[ 2017-03-16T09:46:12+08:00 ] ::1 /Public/Home/css/background.jpg
INFO: [ app_init ] --START--
INFO: Run Behavior\BuildLiteBehavior [ RunTime:0.000030s ]
INFO: Run Common\Behavior\InitHookBehavior [ RunTime:0.001925s ]
INFO: [ app_init ] --END-- [ RunTime:0.002166s ]
NOTIC: [8] Use of undefined constant IS_AJAX - assumed 'IS_AJAX' E:\Workspace\PHP\QinYun\Application\Common\Common\api.php 第 42 行.

[ 2017-03-16T09:49:38+08:00 ] ::1 /Public/Home/css/background.jpg
INFO: [ app_init ] --START--
INFO: Run Behavior\BuildLiteBehavior [ RunTime:0.000029s ]
INFO: Run Common\Behavior\InitHookBehavior [ RunTime:0.001851s ]
INFO: [ app_init ] --END-- [ RunTime:0.002081s ]
NOTIC: [8] Use of undefined constant IS_AJAX - assumed 'IS_AJAX' E:\Workspace\PHP\QinYun\Application\Common\Common\api.php 第 42 行.

[ 2017-03-16T09:49:38+08:00 ] ::1 /Public/Home/font/cJZKeOuBrn4kERxqtaUH3fY6323mHUZFJMgTvxaG2iE.eot
INFO: [ app_init ] --START--
INFO: Run Behavior\BuildLiteBehavior [ RunTime:0.000031s ]
INFO: Run Common\Behavior\InitHookBehavior [ RunTime:0.002126s ]
INFO: [ app_init ] --END-- [ RunTime:0.002349s ]
NOTIC: [8] Use of undefined constant IS_AJAX - assumed 'IS_AJAX' E:\Workspace\PHP\QinYun\Application\Common\Common\api.php 第 42 行.

[ 2017-03-16T09:49:41+08:00 ] ::1 /Public/Home/css/background.jpg
INFO: [ app_init ] --START--
INFO: Run Behavior\BuildLiteBehavior [ RunTime:0.000029s ]
INFO: Run Common\Behavior\InitHookBehavior [ RunTime:0.001843s ]
INFO: [ app_init ] --END-- [ RunTime:0.002084s ]
NOTIC: [8] Use of undefined constant IS_AJAX - assumed 'IS_AJAX' E:\Workspace\PHP\QinYun\Application\Common\Common\api.php 第 42 行.

[ 2017-03-16T09:49:41+08:00 ] ::1 /Public/Home/font/cJZKeOuBrn4kERxqtaUH3fY6323mHUZFJMgTvxaG2iE.eot
INFO: [ app_init ] --START--
INFO: Run Behavior\BuildLiteBehavior [ RunTime:0.000029s ]
INFO: Run Common\Behavior\InitHookBehavior [ RunTime:0.002374s ]
INFO: [ app_init ] --END-- [ RunTime:0.002618s ]
NOTIC: [8] Use of undefined constant IS_AJAX - assumed 'IS_AJAX' E:\Workspace\PHP\QinYun\Application\Common\Common\api.php 第 42 行.

[ 2017-03-16T09:50:53+08:00 ] ::1 /Public/Home/css/background.jpg
INFO: [ app_init ] --START--
INFO: Run Behavior\BuildLiteBehavior [ RunTime:0.000019s ]
INFO: Run Common\Behavior\InitHookBehavior [ RunTime:0.001245s ]
INFO: [ app_init ] --END-- [ RunTime:0.001385s ]
NOTIC: [8] Use of undefined constant IS_AJAX - assumed 'IS_AJAX' E:\Workspace\PHP\QinYun\Application\Common\Common\api.php 第 42 行.

[ 2017-03-16T09:50:53+08:00 ] ::1 /Public/Home/font/cJZKeOuBrn4kERxqtaUH3fY6323mHUZFJMgTvxaG2iE.eot
INFO: [ app_init ] --START--
INFO: Run Behavior\BuildLiteBehavior [ RunTime:0.000018s ]
INFO: Run Common\Behavior\InitHookBehavior [ RunTime:0.001222s ]
INFO: [ app_init ] --END-- [ RunTime:0.001361s ]
NOTIC: [8] Use of undefined constant IS_AJAX - assumed 'IS_AJAX' E:\Workspace\PHP\QinYun\Application\Common\Common\api.php 第 42 行.

[ 2017-03-16T09:51:21+08:00 ] ::1 /Public/Home/css/background.jpg
INFO: [ app_init ] --START--
INFO: Run Behavior\BuildLiteBehavior [ RunTime:0.000031s ]
INFO: Run Common\Behavior\InitHookBehavior [ RunTime:0.001859s ]
INFO: [ app_init ] --END-- [ RunTime:0.002095s ]
NOTIC: [8] Use of undefined constant IS_AJAX - assumed 'IS_AJAX' E:\Workspace\PHP\QinYun\Application\Common\Common\api.php 第 42 行.

[ 2017-03-16T09:51:21+08:00 ] ::1 /Public/Home/font/cJZKeOuBrn4kERxqtaUH3fY6323mHUZFJMgTvxaG2iE.eot
INFO: [ app_init ] --START--
INFO: Run Behavior\BuildLiteBehavior [ RunTime:0.000018s ]
INFO: Run Common\Behavior\InitHookBehavior [ RunTime:0.001483s ]
INFO: [ app_init ] --END-- [ RunTime:0.001629s ]
NOTIC: [8] Use of undefined constant IS_AJAX - assumed 'IS_AJAX' E:\Workspace\PHP\QinYun\Application\Common\Common\api.php 第 42 行.

[ 2017-03-16T09:51:30+08:00 ] ::1 /Public/Home/css/background.jpg
INFO: [ app_init ] --START--
INFO: Run Behavior\BuildLiteBehavior [ RunTime:0.000019s ]
INFO: Run Common\Behavior\InitHookBehavior [ RunTime:0.001325s ]
INFO: [ app_init ] --END-- [ RunTime:0.001476s ]
NOTIC: [8] Use of undefined constant IS_AJAX - assumed 'IS_AJAX' E:\Workspace\PHP\QinYun\Application\Common\Common\api.php 第 42 行.

[ 2017-03-16T09:51:30+08:00 ] ::1 /Public/Home/font/cJZKeOuBrn4kERxqtaUH3fY6323mHUZFJMgTvxaG2iE.eot
INFO: [ app_init ] --START--
INFO: Run Behavior\BuildLiteBehavior [ RunTime:0.000020s ]
INFO: Run Common\Behavior\InitHookBehavior [ RunTime:0.001336s ]
INFO: [ app_init ] --END-- [ RunTime:0.001491s ]
NOTIC: [8] Use of undefined constant IS_AJAX - assumed 'IS_AJAX' E:\Workspace\PHP\QinYun\Application\Common\Common\api.php 第 42 行.

[ 2017-03-16T09:52:00+08:00 ] ::1 /Public/Home/css/background.jpg
INFO: [ app_init ] --START--
INFO: Run Behavior\BuildLiteBehavior [ RunTime:0.000017s ]
INFO: Run Common\Behavior\InitHookBehavior [ RunTime:0.001249s ]
INFO: [ app_init ] --END-- [ RunTime:0.001387s ]
NOTIC: [8] Use of undefined constant IS_AJAX - assumed 'IS_AJAX' E:\Workspace\PHP\QinYun\Application\Common\Common\api.php 第 42 行.

[ 2017-03-16T09:52:00+08:00 ] ::1 /Public/Home/font/cJZKeOuBrn4kERxqtaUH3fY6323mHUZFJMgTvxaG2iE.eot
INFO: [ app_init ] --START--
INFO: Run Behavior\BuildLiteBehavior [ RunTime:0.000018s ]
INFO: Run Common\Behavior\InitHookBehavior [ RunTime:0.001316s ]
INFO: [ app_init ] --END-- [ RunTime:0.001494s ]
NOTIC: [8] Use of undefined constant IS_AJAX - assumed 'IS_AJAX' E:\Workspace\PHP\QinYun\Application\Common\Common\api.php 第 42 行.

[ 2017-03-16T09:52:38+08:00 ] ::1 /Public/Home/css/background.jpg
INFO: [ app_init ] --START--
INFO: Run Behavior\BuildLiteBehavior [ RunTime:0.000028s ]
INFO: Run Common\Behavior\InitHookBehavior [ RunTime:0.001826s ]
INFO: [ app_init ] --END-- [ RunTime:0.002046s ]
NOTIC: [8] Use of undefined constant IS_AJAX - assumed 'IS_AJAX' E:\Workspace\PHP\QinYun\Application\Common\Common\api.php 第 42 行.

[ 2017-03-16T09:52:38+08:00 ] ::1 /Public/Home/font/cJZKeOuBrn4kERxqtaUH3fY6323mHUZFJMgTvxaG2iE.eot
INFO: [ app_init ] --START--
INFO: Run Behavior\BuildLiteBehavior [ RunTime:0.000021s ]
INFO: Run Common\Behavior\InitHookBehavior [ RunTime:0.001732s ]
INFO: [ app_init ] --END-- [ RunTime:0.002011s ]
NOTIC: [8] Use of undefined constant IS_AJAX - assumed 'IS_AJAX' E:\Workspace\PHP\QinYun\Application\Common\Common\api.php 第 42 行.

[ 2017-03-16T09:52:59+08:00 ] ::1 /Public/Home/css/background.jpg
INFO: [ app_init ] --START--
INFO: Run Behavior\BuildLiteBehavior [ RunTime:0.000020s ]
INFO: Run Common\Behavior\InitHookBehavior [ RunTime:0.001301s ]
INFO: [ app_init ] --END-- [ RunTime:0.001497s ]
NOTIC: [8] Use of undefined constant IS_AJAX - assumed 'IS_AJAX' E:\Workspace\PHP\QinYun\Application\Common\Common\api.php 第 42 行.

[ 2017-03-16T09:52:59+08:00 ] ::1 /Public/Home/font/cJZKeOuBrn4kERxqtaUH3fY6323mHUZFJMgTvxaG2iE.eot
INFO: [ app_init ] --START--
INFO: Run Behavior\BuildLiteBehavior [ RunTime:0.000019s ]
INFO: Run Common\Behavior\InitHookBehavior [ RunTime:0.001322s ]
INFO: [ app_init ] --END-- [ RunTime:0.001492s ]
NOTIC: [8] Use of undefined constant IS_AJAX - assumed 'IS_AJAX' E:\Workspace\PHP\QinYun\Application\Common\Common\api.php 第 42 行.

[ 2017-03-16T09:53:05+08:00 ] ::1 /Public/Home/css/background.jpg
INFO: [ app_init ] --START--
INFO: Run Behavior\BuildLiteBehavior [ RunTime:0.000020s ]
INFO: Run Common\Behavior\InitHookBehavior [ RunTime:0.001346s ]
INFO: [ app_init ] --END-- [ RunTime:0.001595s ]
NOTIC: [8] Use of undefined constant IS_AJAX - assumed 'IS_AJAX' E:\Workspace\PHP\QinYun\Application\Common\Common\api.php 第 42 行.

[ 2017-03-16T09:53:05+08:00 ] ::1 /Public/Home/font/cJZKeOuBrn4kERxqtaUH3fY6323mHUZFJMgTvxaG2iE.eot
INFO: [ app_init ] --START--
INFO: Run Behavior\BuildLiteBehavior [ RunTime:0.000029s ]
INFO: Run Common\Behavior\InitHookBehavior [ RunTime:0.002539s ]
INFO: [ app_init ] --END-- [ RunTime:0.002788s ]
NOTIC: [8] Use of undefined constant IS_AJAX - assumed 'IS_AJAX' E:\Workspace\PHP\QinYun\Application\Common\Common\api.php 第 42 行.

[ 2017-03-16T09:54:27+08:00 ] ::1 /Public/Home/css/background.jpg
INFO: [ app_init ] --START--
INFO: Run Behavior\BuildLiteBehavior [ RunTime:0.000019s ]
INFO: Run Common\Behavior\InitHookBehavior [ RunTime:0.001283s ]
INFO: [ app_init ] --END-- [ RunTime:0.001426s ]
NOTIC: [8] Use of undefined constant IS_AJAX - assumed 'IS_AJAX' E:\Workspace\PHP\QinYun\Application\Common\Common\api.php 第 42 行.

[ 2017-03-16T09:54:27+08:00 ] ::1 /Public/Home/font/cJZKeOuBrn4kERxqtaUH3fY6323mHUZFJMgTvxaG2iE.eot
INFO: [ app_init ] --START--
INFO: Run Behavior\BuildLiteBehavior [ RunTime:0.000019s ]
INFO: Run Common\Behavior\InitHookBehavior [ RunTime:0.001293s ]
INFO: [ app_init ] --END-- [ RunTime:0.001435s ]
NOTIC: [8] Use of undefined constant IS_AJAX - assumed 'IS_AJAX' E:\Workspace\PHP\QinYun\Application\Common\Common\api.php 第 42 行.

[ 2017-03-16T09:59:16+08:00 ] ::1 /Public/Home/css/background.jpg
INFO: [ app_init ] --START--
INFO: Run Behavior\BuildLiteBehavior [ RunTime:0.000028s ]
INFO: Run Common\Behavior\InitHookBehavior [ RunTime:0.001932s ]
INFO: [ app_init ] --END-- [ RunTime:0.002175s ]
NOTIC: [8] Use of undefined constant IS_AJAX - assumed 'IS_AJAX' E:\Workspace\PHP\QinYun\Application\Common\Common\api.php 第 42 行.

[ 2017-03-16T09:59:16+08:00 ] ::1 /Public/Home/font/cJZKeOuBrn4kERxqtaUH3fY6323mHUZFJMgTvxaG2iE.eot
INFO: [ app_init ] --START--
INFO: Run Behavior\BuildLiteBehavior [ RunTime:0.000030s ]
INFO: Run Common\Behavior\InitHookBehavior [ RunTime:0.002156s ]
INFO: [ app_init ] --END-- [ RunTime:0.002395s ]
NOTIC: [8] Use of undefined constant IS_AJAX - assumed 'IS_AJAX' E:\Workspace\PHP\QinYun\Application\Common\Common\api.php 第 42 行.

[ 2017-03-16T10:04:57+08:00 ] ::1 /Public/Home/css/background.jpg
INFO: [ app_init ] --START--
INFO: Run Behavior\BuildLiteBehavior [ RunTime:0.000029s ]
INFO: Run Common\Behavior\InitHookBehavior [ RunTime:0.001946s ]
INFO: [ app_init ] --END-- [ RunTime:0.002181s ]
NOTIC: [8] Use of undefined constant IS_AJAX - assumed 'IS_AJAX' E:\Workspace\PHP\QinYun\Application\Common\Common\api.php 第 42 行.

[ 2017-03-16T10:04:57+08:00 ] ::1 /Public/Home/font/cJZKeOuBrn4kERxqtaUH3fY6323mHUZFJMgTvxaG2iE.eot
INFO: [ app_init ] --START--
INFO: Run Behavior\BuildLiteBehavior [ RunTime:0.000029s ]
INFO: Run Common\Behavior\InitHookBehavior [ RunTime:0.001396s ]
INFO: [ app_init ] --END-- [ RunTime:0.001603s ]
NOTIC: [8] Use of undefined constant IS_AJAX - assumed 'IS_AJAX' E:\Workspace\PHP\QinYun\Application\Common\Common\api.php 第 42 行.

[ 2017-03-16T10:22:54+08:00 ] ::1 /Public/Home/font/cJZKeOuBrn4kERxqtaUH3fY6323mHUZFJMgTvxaG2iE.eot
INFO: [ app_init ] --START--
INFO: Run Behavior\BuildLiteBehavior [ RunTime:0.000021s ]
INFO: Run Common\Behavior\InitHookBehavior [ RunTime:0.002182s ]
INFO: [ app_init ] --END-- [ RunTime:0.002388s ]
NOTIC: [8] Use of undefined constant IS_AJAX - assumed 'IS_AJAX' E:\Workspace\PHP\QinYun\Application\Common\Common\api.php 第 42 行.

[ 2017-03-16T10:22:54+08:00 ] ::1 /Public/Home/css/background.jpg
INFO: [ app_init ] --START--
INFO: Run Behavior\BuildLiteBehavior [ RunTime:0.000022s ]
INFO: Run Common\Behavior\InitHookBehavior [ RunTime:0.002536s ]
INFO: [ app_init ] --END-- [ RunTime:0.002736s ]
NOTIC: [8] Use of undefined constant IS_AJAX - assumed 'IS_AJAX' E:\Workspace\PHP\QinYun\Application\Common\Common\api.php 第 42 行.

[ 2017-03-16T10:23:09+08:00 ] ::1 /Public/Home/css/background.jpg
INFO: [ app_init ] --START--
INFO: Run Behavior\BuildLiteBehavior [ RunTime:0.000031s ]
INFO: Run Common\Behavior\InitHookBehavior [ RunTime:0.003073s ]
INFO: [ app_init ] --END-- [ RunTime:0.003286s ]
NOTIC: [8] Use of undefined constant IS_AJAX - assumed 'IS_AJAX' E:\Workspace\PHP\QinYun\Application\Common\Common\api.php 第 42 行.

[ 2017-03-16T10:23:09+08:00 ] ::1 /Public/Home/font/cJZKeOuBrn4kERxqtaUH3fY6323mHUZFJMgTvxaG2iE.eot
INFO: [ app_init ] --START--
INFO: Run Behavior\BuildLiteBehavior [ RunTime:0.000032s ]
INFO: Run Common\Behavior\InitHookBehavior [ RunTime:0.003832s ]
INFO: [ app_init ] --END-- [ RunTime:0.004101s ]
NOTIC: [8] Use of undefined constant IS_AJAX - assumed 'IS_AJAX' E:\Workspace\PHP\QinYun\Application\Common\Common\api.php 第 42 行.

[ 2017-03-16T10:23:22+08:00 ] ::1 /Public/Home/css/background.jpg
INFO: [ app_init ] --START--
INFO: Run Behavior\BuildLiteBehavior [ RunTime:0.000030s ]
INFO: Run Common\Behavior\InitHookBehavior [ RunTime:0.002945s ]
INFO: [ app_init ] --END-- [ RunTime:0.003200s ]
NOTIC: [8] Use of undefined constant IS_AJAX - assumed 'IS_AJAX' E:\Workspace\PHP\QinYun\Application\Common\Common\api.php 第 42 行.

[ 2017-03-16T10:23:22+08:00 ] ::1 /Public/Home/font/cJZKeOuBrn4kERxqtaUH3fY6323mHUZFJMgTvxaG2iE.eot
INFO: [ app_init ] --START--
INFO: Run Behavior\BuildLiteBehavior [ RunTime:0.000021s ]
INFO: Run Common\Behavior\InitHookBehavior [ RunTime:0.001961s ]
INFO: [ app_init ] --END-- [ RunTime:0.002129s ]
NOTIC: [8] Use of undefined constant IS_AJAX - assumed 'IS_AJAX' E:\Workspace\PHP\QinYun\Application\Common\Common\api.php 第 42 行.

[ 2017-03-16T10:23:43+08:00 ] ::1 /Public/Home/css/background.jpg
INFO: [ app_init ] --START--
INFO: Run Behavior\BuildLiteBehavior [ RunTime:0.000019s ]
INFO: Run Common\Behavior\InitHookBehavior [ RunTime:0.001858s ]
INFO: [ app_init ] --END-- [ RunTime:0.002007s ]
NOTIC: [8] Use of undefined constant IS_AJAX - assumed 'IS_AJAX' E:\Workspace\PHP\QinYun\Application\Common\Common\api.php 第 42 行.

[ 2017-03-16T10:23:44+08:00 ] ::1 /Public/Home/font/cJZKeOuBrn4kERxqtaUH3fY6323mHUZFJMgTvxaG2iE.eot
INFO: [ app_init ] --START--
INFO: Run Behavior\BuildLiteBehavior [ RunTime:0.000032s ]
INFO: Run Common\Behavior\InitHookBehavior [ RunTime:0.002831s ]
INFO: [ app_init ] --END-- [ RunTime:0.003088s ]
NOTIC: [8] Use of undefined constant IS_AJAX - assumed 'IS_AJAX' E:\Workspace\PHP\QinYun\Application\Common\Common\api.php 第 42 行.

[ 2017-03-16T10:23:49+08:00 ] ::1 /Public/Home/css/background.jpg
INFO: [ app_init ] --START--
INFO: Run Behavior\BuildLiteBehavior [ RunTime:0.000030s ]
INFO: Run Common\Behavior\InitHookBehavior [ RunTime:0.002693s ]
INFO: [ app_init ] --END-- [ RunTime:0.002933s ]
NOTIC: [8] Use of undefined constant IS_AJAX - assumed 'IS_AJAX' E:\Workspace\PHP\QinYun\Application\Common\Common\api.php 第 42 行.

[ 2017-03-16T10:23:49+08:00 ] ::1 /Public/Home/font/cJZKeOuBrn4kERxqtaUH3fY6323mHUZFJMgTvxaG2iE.eot
INFO: [ app_init ] --START--
INFO: Run Behavior\BuildLiteBehavior [ RunTime:0.000019s ]
INFO: Run Common\Behavior\InitHookBehavior [ RunTime:0.001687s ]
INFO: [ app_init ] --END-- [ RunTime:0.001829s ]
NOTIC: [8] Use of undefined constant IS_AJAX - assumed 'IS_AJAX' E:\Workspace\PHP\QinYun\Application\Common\Common\api.php 第 42 行.

[ 2017-03-16T10:24:00+08:00 ] ::1 /Public/Home/css/background.jpg
INFO: [ app_init ] --START--
INFO: Run Behavior\BuildLiteBehavior [ RunTime:0.000021s ]
INFO: Run Common\Behavior\InitHookBehavior [ RunTime:0.002088s ]
INFO: [ app_init ] --END-- [ RunTime:0.002263s ]
NOTIC: [8] Use of undefined constant IS_AJAX - assumed 'IS_AJAX' E:\Workspace\PHP\QinYun\Application\Common\Common\api.php 第 42 行.

[ 2017-03-16T10:24:00+08:00 ] ::1 /Public/Home/font/cJZKeOuBrn4kERxqtaUH3fY6323mHUZFJMgTvxaG2iE.eot
INFO: [ app_init ] --START--
INFO: Run Behavior\BuildLiteBehavior [ RunTime:0.000040s ]
INFO: Run Common\Behavior\InitHookBehavior [ RunTime:0.002659s ]
INFO: [ app_init ] --END-- [ RunTime:0.002897s ]
NOTIC: [8] Use of undefined constant IS_AJAX - assumed 'IS_AJAX' E:\Workspace\PHP\QinYun\Application\Common\Common\api.php 第 42 行.

[ 2017-03-16T10:24:10+08:00 ] ::1 /Public/Home/css/background.jpg
INFO: [ app_init ] --START--
INFO: Run Behavior\BuildLiteBehavior [ RunTime:0.000023s ]
INFO: Run Common\Behavior\InitHookBehavior [ RunTime:0.002488s ]
INFO: [ app_init ] --END-- [ RunTime:0.002655s ]
NOTIC: [8] Use of undefined constant IS_AJAX - assumed 'IS_AJAX' E:\Workspace\PHP\QinYun\Application\Common\Common\api.php 第 42 行.

[ 2017-03-16T10:24:10+08:00 ] ::1 /Public/Home/font/cJZKeOuBrn4kERxqtaUH3fY6323mHUZFJMgTvxaG2iE.eot
INFO: [ app_init ] --START--
INFO: Run Behavior\BuildLiteBehavior [ RunTime:0.000020s ]
INFO: Run Common\Behavior\InitHookBehavior [ RunTime:0.001902s ]
INFO: [ app_init ] --END-- [ RunTime:0.002058s ]
NOTIC: [8] Use of undefined constant IS_AJAX - assumed 'IS_AJAX' E:\Workspace\PHP\QinYun\Application\Common\Common\api.php 第 42 行.

[ 2017-03-16T10:24:22+08:00 ] ::1 /Public/Home/css/background.jpg
INFO: [ app_init ] --START--
INFO: Run Behavior\BuildLiteBehavior [ RunTime:0.000020s ]
INFO: Run Common\Behavior\InitHookBehavior [ RunTime:0.001774s ]
INFO: [ app_init ] --END-- [ RunTime:0.001926s ]
NOTIC: [8] Use of undefined constant IS_AJAX - assumed 'IS_AJAX' E:\Workspace\PHP\QinYun\Application\Common\Common\api.php 第 42 行.

[ 2017-03-16T10:24:22+08:00 ] ::1 /Public/Home/font/cJZKeOuBrn4kERxqtaUH3fY6323mHUZFJMgTvxaG2iE.eot
INFO: [ app_init ] --START--
INFO: Run Behavior\BuildLiteBehavior [ RunTime:0.000020s ]
INFO: Run Common\Behavior\InitHookBehavior [ RunTime:0.002328s ]
INFO: [ app_init ] --END-- [ RunTime:0.002500s ]
NOTIC: [8] Use of undefined constant IS_AJAX - assumed 'IS_AJAX' E:\Workspace\PHP\QinYun\Application\Common\Common\api.php 第 42 行.

[ 2017-03-16T10:24:33+08:00 ] ::1 /Public/Home/css/background.jpg
INFO: [ app_init ] --START--
INFO: Run Behavior\BuildLiteBehavior [ RunTime:0.000021s ]
INFO: Run Common\Behavior\InitHookBehavior [ RunTime:0.002921s ]
INFO: [ app_init ] --END-- [ RunTime:0.003105s ]
NOTIC: [8] Use of undefined constant IS_AJAX - assumed 'IS_AJAX' E:\Workspace\PHP\QinYun\Application\Common\Common\api.php 第 42 行.

[ 2017-03-16T10:24:33+08:00 ] ::1 /Public/Home/font/cJZKeOuBrn4kERxqtaUH3fY6323mHUZFJMgTvxaG2iE.eot
INFO: [ app_init ] --START--
INFO: Run Behavior\BuildLiteBehavior [ RunTime:0.000018s ]
INFO: Run Common\Behavior\InitHookBehavior [ RunTime:0.004147s ]
INFO: [ app_init ] --END-- [ RunTime:0.004340s ]
NOTIC: [8] Use of undefined constant IS_AJAX - assumed 'IS_AJAX' E:\Workspace\PHP\QinYun\Application\Common\Common\api.php 第 42 行.

[ 2017-03-16T10:25:14+08:00 ] ::1 /Public/Home/css/background.jpg
INFO: [ app_init ] --START--
INFO: Run Behavior\BuildLiteBehavior [ RunTime:0.000020s ]
INFO: Run Common\Behavior\InitHookBehavior [ RunTime:0.004412s ]
INFO: [ app_init ] --END-- [ RunTime:0.004574s ]
NOTIC: [8] Use of undefined constant IS_AJAX - assumed 'IS_AJAX' E:\Workspace\PHP\QinYun\Application\Common\Common\api.php 第 42 行.

[ 2017-03-16T10:25:15+08:00 ] ::1 /Public/Home/font/cJZKeOuBrn4kERxqtaUH3fY6323mHUZFJMgTvxaG2iE.eot
INFO: [ app_init ] --START--
INFO: Run Behavior\BuildLiteBehavior [ RunTime:0.000033s ]
INFO: Run Common\Behavior\InitHookBehavior [ RunTime:0.002665s ]
INFO: [ app_init ] --END-- [ RunTime:0.002920s ]
NOTIC: [8] Use of undefined constant IS_AJAX - assumed 'IS_AJAX' E:\Workspace\PHP\QinYun\Application\Common\Common\api.php 第 42 行.

[ 2017-03-16T10:25:19+08:00 ] ::1 /Public/Home/font/cJZKeOuBrn4kERxqtaUH3fY6323mHUZFJMgTvxaG2iE.eot
INFO: [ app_init ] --START--
INFO: Run Behavior\BuildLiteBehavior [ RunTime:0.000019s ]
INFO: Run Common\Behavior\InitHookBehavior [ RunTime:0.001755s ]
INFO: [ app_init ] --END-- [ RunTime:0.001940s ]
NOTIC: [8] Use of undefined constant IS_AJAX - assumed 'IS_AJAX' E:\Workspace\PHP\QinYun\Application\Common\Common\api.php 第 42 行.

[ 2017-03-16T10:25:20+08:00 ] ::1 /Public/Home/css/background.jpg
INFO: [ app_init ] --START--
INFO: Run Behavior\BuildLiteBehavior [ RunTime:0.000027s ]
INFO: Run Common\Behavior\InitHookBehavior [ RunTime:0.002544s ]
INFO: [ app_init ] --END-- [ RunTime:0.002757s ]
NOTIC: [8] Use of undefined constant IS_AJAX - assumed 'IS_AJAX' E:\Workspace\PHP\QinYun\Application\Common\Common\api.php 第 42 行.

[ 2017-03-16T10:28:38+08:00 ] ::1 /Public/Home/font/cJZKeOuBrn4kERxqtaUH3fY6323mHUZFJMgTvxaG2iE.eot
INFO: [ app_init ] --START--
INFO: Run Behavior\BuildLiteBehavior [ RunTime:0.000021s ]
INFO: Run Common\Behavior\InitHookBehavior [ RunTime:0.003823s ]
INFO: [ app_init ] --END-- [ RunTime:0.004039s ]
NOTIC: [8] Use of undefined constant IS_AJAX - assumed 'IS_AJAX' E:\Workspace\PHP\QinYun\Application\Common\Common\api.php 第 42 行.

[ 2017-03-16T10:28:38+08:00 ] ::1 /Public/Home/css/background.jpg
INFO: [ app_init ] --START--
INFO: Run Behavior\BuildLiteBehavior [ RunTime:0.000021s ]
INFO: Run Common\Behavior\InitHookBehavior [ RunTime:0.002820s ]
INFO: [ app_init ] --END-- [ RunTime:0.003093s ]
NOTIC: [8] Use of undefined constant IS_AJAX - assumed 'IS_AJAX' E:\Workspace\PHP\QinYun\Application\Common\Common\api.php 第 42 行.

[ 2017-03-16T10:34:38+08:00 ] ::1 /Public/Home/css/background.jpg
INFO: [ app_init ] --START--
INFO: Run Behavior\BuildLiteBehavior [ RunTime:0.000021s ]
INFO: Run Common\Behavior\InitHookBehavior [ RunTime:0.001776s ]
INFO: [ app_init ] --END-- [ RunTime:0.001945s ]
NOTIC: [8] Use of undefined constant IS_AJAX - assumed 'IS_AJAX' E:\Workspace\PHP\QinYun\Application\Common\Common\api.php 第 42 行.

[ 2017-03-16T10:34:38+08:00 ] ::1 /Public/Home/font/cJZKeOuBrn4kERxqtaUH3fY6323mHUZFJMgTvxaG2iE.eot
INFO: [ app_init ] --START--
INFO: Run Behavior\BuildLiteBehavior [ RunTime:0.000024s ]
INFO: Run Common\Behavior\InitHookBehavior [ RunTime:0.001604s ]
INFO: [ app_init ] --END-- [ RunTime:0.001759s ]
NOTIC: [8] Use of undefined constant IS_AJAX - assumed 'IS_AJAX' E:\Workspace\PHP\QinYun\Application\Common\Common\api.php 第 42 行.

[ 2017-03-16T10:34:50+08:00 ] ::1 /Public/Home/css/background.jpg
INFO: [ app_init ] --START--
INFO: Run Behavior\BuildLiteBehavior [ RunTime:0.000022s ]
INFO: Run Common\Behavior\InitHookBehavior [ RunTime:0.001921s ]
INFO: [ app_init ] --END-- [ RunTime:0.002087s ]
NOTIC: [8] Use of undefined constant IS_AJAX - assumed 'IS_AJAX' E:\Workspace\PHP\QinYun\Application\Common\Common\api.php 第 42 行.

[ 2017-03-16T10:34:50+08:00 ] ::1 /Public/Home/font/cJZKeOuBrn4kERxqtaUH3fY6323mHUZFJMgTvxaG2iE.eot
INFO: [ app_init ] --START--
INFO: Run Behavior\BuildLiteBehavior [ RunTime:0.000021s ]
INFO: Run Common\Behavior\InitHookBehavior [ RunTime:0.003875s ]
INFO: [ app_init ] --END-- [ RunTime:0.004094s ]
NOTIC: [8] Use of undefined constant IS_AJAX - assumed 'IS_AJAX' E:\Workspace\PHP\QinYun\Application\Common\Common\api.php 第 42 行.

[ 2017-03-16T15:44:03+08:00 ] ::1 /Public/Home/css/background.jpg
INFO: [ app_init ] --START--
INFO: Run Behavior\BuildLiteBehavior [ RunTime:0.000020s ]
INFO: Run Common\Behavior\InitHookBehavior [ RunTime:0.001702s ]
INFO: [ app_init ] --END-- [ RunTime:0.001854s ]
NOTIC: [8] Use of undefined constant IS_AJAX - assumed 'IS_AJAX' E:\Workspace\PHP\QinYun\Application\Common\Common\api.php 第 42 行.

[ 2017-03-16T15:44:03+08:00 ] ::1 /Public/Home/font/cJZKeOuBrn4kERxqtaUH3fY6323mHUZFJMgTvxaG2iE.eot
INFO: [ app_init ] --START--
INFO: Run Behavior\BuildLiteBehavior [ RunTime:0.000041s ]
INFO: Run Common\Behavior\InitHookBehavior [ RunTime:0.002771s ]
INFO: [ app_init ] --END-- [ RunTime:0.003033s ]
NOTIC: [8] Use of undefined constant IS_AJAX - assumed 'IS_AJAX' E:\Workspace\PHP\QinYun\Application\Common\Common\api.php 第 42 行.

[ 2017-03-16T15:51:03+08:00 ] ::1 /Public/Home/css/background.jpg
INFO: [ app_init ] --START--
INFO: Run Behavior\BuildLiteBehavior [ RunTime:0.000019s ]
INFO: Run Common\Behavior\InitHookBehavior [ RunTime:0.002774s ]
INFO: [ app_init ] --END-- [ RunTime:0.002966s ]
NOTIC: [8] Use of undefined constant IS_AJAX - assumed 'IS_AJAX' E:\Workspace\PHP\QinYun\Application\Common\Common\api.php 第 42 行.

[ 2017-03-16T15:51:03+08:00 ] ::1 /Public/Home/font/cJZKeOuBrn4kERxqtaUH3fY6323mHUZFJMgTvxaG2iE.eot
INFO: [ app_init ] --START--
INFO: Run Behavior\BuildLiteBehavior [ RunTime:0.000021s ]
INFO: Run Common\Behavior\InitHookBehavior [ RunTime:0.002184s ]
INFO: [ app_init ] --END-- [ RunTime:0.002360s ]
NOTIC: [8] Use of undefined constant IS_AJAX - assumed 'IS_AJAX' E:\Workspace\PHP\QinYun\Application\Common\Common\api.php 第 42 行.

[ 2017-03-16T15:51:17+08:00 ] ::1 /Public/Home/css/background.jpg
INFO: [ app_init ] --START--
INFO: Run Behavior\BuildLiteBehavior [ RunTime:0.000030s ]
INFO: Run Common\Behavior\InitHookBehavior [ RunTime:0.002708s ]
INFO: [ app_init ] --END-- [ RunTime:0.002950s ]
NOTIC: [8] Use of undefined constant IS_AJAX - assumed 'IS_AJAX' E:\Workspace\PHP\QinYun\Application\Common\Common\api.php 第 42 行.

[ 2017-03-16T15:51:18+08:00 ] ::1 /Public/Home/font/cJZKeOuBrn4kERxqtaUH3fY6323mHUZFJMgTvxaG2iE.eot
INFO: [ app_init ] --START--
INFO: Run Behavior\BuildLiteBehavior [ RunTime:0.000020s ]
INFO: Run Common\Behavior\InitHookBehavior [ RunTime:0.001742s ]
INFO: [ app_init ] --END-- [ RunTime:0.001909s ]
NOTIC: [8] Use of undefined constant IS_AJAX - assumed 'IS_AJAX' E:\Workspace\PHP\QinYun\Application\Common\Common\api.php 第 42 行.

[ 2017-03-16T15:54:13+08:00 ] ::1 /Public/Home/font/cJZKeOuBrn4kERxqtaUH3fY6323mHUZFJMgTvxaG2iE.eot
INFO: [ app_init ] --START--
INFO: Run Behavior\BuildLiteBehavior [ RunTime:0.000020s ]
INFO: Run Common\Behavior\InitHookBehavior [ RunTime:0.001656s ]
INFO: [ app_init ] --END-- [ RunTime:0.001805s ]
NOTIC: [8] Use of undefined constant IS_AJAX - assumed 'IS_AJAX' E:\Workspace\PHP\QinYun\Application\Common\Common\api.php 第 42 行.

[ 2017-03-16T15:54:13+08:00 ] ::1 /Public/Home/css/background.jpg
INFO: [ app_init ] --START--
INFO: Run Behavior\BuildLiteBehavior [ RunTime:0.000030s ]
INFO: Run Common\Behavior\InitHookBehavior [ RunTime:0.002873s ]
INFO: [ app_init ] --END-- [ RunTime:0.003121s ]
NOTIC: [8] Use of undefined constant IS_AJAX - assumed 'IS_AJAX' E:\Workspace\PHP\QinYun\Application\Common\Common\api.php 第 42 行.

[ 2017-03-16T15:55:54+08:00 ] ::1 /Public/Home/css/background.jpg
INFO: [ app_init ] --START--
INFO: Run Behavior\BuildLiteBehavior [ RunTime:0.000030s ]
INFO: Run Common\Behavior\InitHookBehavior [ RunTime:0.002447s ]
INFO: [ app_init ] --END-- [ RunTime:0.002660s ]
NOTIC: [8] Use of undefined constant IS_AJAX - assumed 'IS_AJAX' E:\Workspace\PHP\QinYun\Application\Common\Common\api.php 第 42 行.

[ 2017-03-16T15:55:55+08:00 ] ::1 /Public/Home/font/cJZKeOuBrn4kERxqtaUH3fY6323mHUZFJMgTvxaG2iE.eot
INFO: [ app_init ] --START--
INFO: Run Behavior\BuildLiteBehavior [ RunTime:0.000031s ]
INFO: Run Common\Behavior\InitHookBehavior [ RunTime:0.003186s ]
INFO: [ app_init ] --END-- [ RunTime:0.003439s ]
NOTIC: [8] Use of undefined constant IS_AJAX - assumed 'IS_AJAX' E:\Workspace\PHP\QinYun\Application\Common\Common\api.php 第 42 行.

[ 2017-03-16T15:58:05+08:00 ] ::1 /Public/Home/css/background.jpg
INFO: [ app_init ] --START--
INFO: Run Behavior\BuildLiteBehavior [ RunTime:0.000028s ]
INFO: Run Common\Behavior\InitHookBehavior [ RunTime:0.002636s ]
INFO: [ app_init ] --END-- [ RunTime:0.002879s ]
NOTIC: [8] Use of undefined constant IS_AJAX - assumed 'IS_AJAX' E:\Workspace\PHP\QinYun\Application\Common\Common\api.php 第 42 行.

[ 2017-03-16T15:58:05+08:00 ] ::1 /Public/Home/font/cJZKeOuBrn4kERxqtaUH3fY6323mHUZFJMgTvxaG2iE.eot
INFO: [ app_init ] --START--
INFO: Run Behavior\BuildLiteBehavior [ RunTime:0.000029s ]
INFO: Run Common\Behavior\InitHookBehavior [ RunTime:0.002536s ]
INFO: [ app_init ] --END-- [ RunTime:0.002804s ]
NOTIC: [8] Use of undefined constant IS_AJAX - assumed 'IS_AJAX' E:\Workspace\PHP\QinYun\Application\Common\Common\api.php 第 42 行.

[ 2017-03-16T15:58:13+08:00 ] ::1 /Public/Home/css/background.jpg
INFO: [ app_init ] --START--
INFO: Run Behavior\BuildLiteBehavior [ RunTime:0.000019s ]
INFO: Run Common\Behavior\InitHookBehavior [ RunTime:0.001762s ]
INFO: [ app_init ] --END-- [ RunTime:0.001914s ]
NOTIC: [8] Use of undefined constant IS_AJAX - assumed 'IS_AJAX' E:\Workspace\PHP\QinYun\Application\Common\Common\api.php 第 42 行.

[ 2017-03-16T15:58:13+08:00 ] ::1 /Public/Home/font/cJZKeOuBrn4kERxqtaUH3fY6323mHUZFJMgTvxaG2iE.eot
INFO: [ app_init ] --START--
INFO: Run Behavior\BuildLiteBehavior [ RunTime:0.000018s ]
INFO: Run Common\Behavior\InitHookBehavior [ RunTime:0.002262s ]
INFO: [ app_init ] --END-- [ RunTime:0.002412s ]
NOTIC: [8] Use of undefined constant IS_AJAX - assumed 'IS_AJAX' E:\Workspace\PHP\QinYun\Application\Common\Common\api.php 第 42 行.

[ 2017-03-16T15:58:29+08:00 ] ::1 /Public/Home/css/background.jpg
INFO: [ app_init ] --START--
INFO: Run Behavior\BuildLiteBehavior [ RunTime:0.000019s ]
INFO: Run Common\Behavior\InitHookBehavior [ RunTime:0.001766s ]
INFO: [ app_init ] --END-- [ RunTime:0.001915s ]
NOTIC: [8] Use of undefined constant IS_AJAX - assumed 'IS_AJAX' E:\Workspace\PHP\QinYun\Application\Common\Common\api.php 第 42 行.

[ 2017-03-16T15:58:29+08:00 ] ::1 /Public/Home/font/cJZKeOuBrn4kERxqtaUH3fY6323mHUZFJMgTvxaG2iE.eot
INFO: [ app_init ] --START--
INFO: Run Behavior\BuildLiteBehavior [ RunTime:0.000017s ]
INFO: Run Common\Behavior\InitHookBehavior [ RunTime:0.001914s ]
INFO: [ app_init ] --END-- [ RunTime:0.002119s ]
NOTIC: [8] Use of undefined constant IS_AJAX - assumed 'IS_AJAX' E:\Workspace\PHP\QinYun\Application\Common\Common\api.php 第 42 行.

[ 2017-03-16T15:58:45+08:00 ] ::1 /Public/Home/css/background.jpg
INFO: [ app_init ] --START--
INFO: Run Behavior\BuildLiteBehavior [ RunTime:0.000019s ]
INFO: Run Common\Behavior\InitHookBehavior [ RunTime:0.002860s ]
INFO: [ app_init ] --END-- [ RunTime:0.003033s ]
NOTIC: [8] Use of undefined constant IS_AJAX - assumed 'IS_AJAX' E:\Workspace\PHP\QinYun\Application\Common\Common\api.php 第 42 行.

[ 2017-03-16T15:58:45+08:00 ] ::1 /Public/Home/font/cJZKeOuBrn4kERxqtaUH3fY6323mHUZFJMgTvxaG2iE.eot
INFO: [ app_init ] --START--
INFO: Run Behavior\BuildLiteBehavior [ RunTime:0.000020s ]
INFO: Run Common\Behavior\InitHookBehavior [ RunTime:0.001804s ]
INFO: [ app_init ] --END-- [ RunTime:0.001956s ]
NOTIC: [8] Use of undefined constant IS_AJAX - assumed 'IS_AJAX' E:\Workspace\PHP\QinYun\Application\Common\Common\api.php 第 42 行.

[ 2017-03-16T15:58:59+08:00 ] ::1 /Public/Home/css/background.jpg
INFO: [ app_init ] --START--
INFO: Run Behavior\BuildLiteBehavior [ RunTime:0.000022s ]
INFO: Run Common\Behavior\InitHookBehavior [ RunTime:0.001886s ]
INFO: [ app_init ] --END-- [ RunTime:0.002044s ]
NOTIC: [8] Use of undefined constant IS_AJAX - assumed 'IS_AJAX' E:\Workspace\PHP\QinYun\Application\Common\Common\api.php 第 42 行.

[ 2017-03-16T15:58:59+08:00 ] ::1 /Public/Home/font/cJZKeOuBrn4kERxqtaUH3fY6323mHUZFJMgTvxaG2iE.eot
INFO: [ app_init ] --START--
INFO: Run Behavior\BuildLiteBehavior [ RunTime:0.000019s ]
INFO: Run Common\Behavior\InitHookBehavior [ RunTime:0.001907s ]
INFO: [ app_init ] --END-- [ RunTime:0.002059s ]
NOTIC: [8] Use of undefined constant IS_AJAX - assumed 'IS_AJAX' E:\Workspace\PHP\QinYun\Application\Common\Common\api.php 第 42 行.

[ 2017-03-16T15:59:05+08:00 ] ::1 /Public/Home/css/background.jpg
INFO: [ app_init ] --START--
INFO: Run Behavior\BuildLiteBehavior [ RunTime:0.000025s ]
INFO: Run Common\Behavior\InitHookBehavior [ RunTime:0.001862s ]
INFO: [ app_init ] --END-- [ RunTime:0.002040s ]
NOTIC: [8] Use of undefined constant IS_AJAX - assumed 'IS_AJAX' E:\Workspace\PHP\QinYun\Application\Common\Common\api.php 第 42 行.

[ 2017-03-16T15:59:06+08:00 ] ::1 /Public/Home/font/cJZKeOuBrn4kERxqtaUH3fY6323mHUZFJMgTvxaG2iE.eot
INFO: [ app_init ] --START--
INFO: Run Behavior\BuildLiteBehavior [ RunTime:0.000052s ]
INFO: Run Common\Behavior\InitHookBehavior [ RunTime:0.002431s ]
INFO: [ app_init ] --END-- [ RunTime:0.002705s ]
NOTIC: [8] Use of undefined constant IS_AJAX - assumed 'IS_AJAX' E:\Workspace\PHP\QinYun\Application\Common\Common\api.php 第 42 行.

[ 2017-03-16T15:59:14+08:00 ] ::1 /Public/Home/css/background.jpg
INFO: [ app_init ] --START--
INFO: Run Behavior\BuildLiteBehavior [ RunTime:0.000036s ]
INFO: Run Common\Behavior\InitHookBehavior [ RunTime:0.002021s ]
INFO: [ app_init ] --END-- [ RunTime:0.002238s ]
NOTIC: [8] Use of undefined constant IS_AJAX - assumed 'IS_AJAX' E:\Workspace\PHP\QinYun\Application\Common\Common\api.php 第 42 行.

[ 2017-03-16T15:59:14+08:00 ] ::1 /Public/Home/font/cJZKeOuBrn4kERxqtaUH3fY6323mHUZFJMgTvxaG2iE.eot
INFO: [ app_init ] --START--
INFO: Run Behavior\BuildLiteBehavior [ RunTime:0.000019s ]
INFO: Run Common\Behavior\InitHookBehavior [ RunTime:0.001745s ]
INFO: [ app_init ] --END-- [ RunTime:0.001897s ]
NOTIC: [8] Use of undefined constant IS_AJAX - assumed 'IS_AJAX' E:\Workspace\PHP\QinYun\Application\Common\Common\api.php 第 42 行.

[ 2017-03-16T15:59:35+08:00 ] ::1 /Public/Home/css/background.jpg
INFO: [ app_init ] --START--
INFO: Run Behavior\BuildLiteBehavior [ RunTime:0.000020s ]
INFO: Run Common\Behavior\InitHookBehavior [ RunTime:0.001713s ]
INFO: [ app_init ] --END-- [ RunTime:0.001862s ]
NOTIC: [8] Use of undefined constant IS_AJAX - assumed 'IS_AJAX' E:\Workspace\PHP\QinYun\Application\Common\Common\api.php 第 42 行.

[ 2017-03-16T15:59:35+08:00 ] ::1 /Public/Home/font/cJZKeOuBrn4kERxqtaUH3fY6323mHUZFJMgTvxaG2iE.eot
INFO: [ app_init ] --START--
INFO: Run Behavior\BuildLiteBehavior [ RunTime:0.000020s ]
INFO: Run Common\Behavior\InitHookBehavior [ RunTime:0.001775s ]
INFO: [ app_init ] --END-- [ RunTime:0.001934s ]
NOTIC: [8] Use of undefined constant IS_AJAX - assumed 'IS_AJAX' E:\Workspace\PHP\QinYun\Application\Common\Common\api.php 第 42 行.

[ 2017-03-16T15:59:47+08:00 ] ::1 /Public/Home/css/background.jpg
INFO: [ app_init ] --START--
INFO: Run Behavior\BuildLiteBehavior [ RunTime:0.000020s ]
INFO: Run Common\Behavior\InitHookBehavior [ RunTime:0.001802s ]
INFO: [ app_init ] --END-- [ RunTime:0.001956s ]
NOTIC: [8] Use of undefined constant IS_AJAX - assumed 'IS_AJAX' E:\Workspace\PHP\QinYun\Application\Common\Common\api.php 第 42 行.

[ 2017-03-16T15:59:47+08:00 ] ::1 /Public/Home/font/cJZKeOuBrn4kERxqtaUH3fY6323mHUZFJMgTvxaG2iE.eot
INFO: [ app_init ] --START--
INFO: Run Behavior\BuildLiteBehavior [ RunTime:0.000019s ]
INFO: Run Common\Behavior\InitHookBehavior [ RunTime:0.001770s ]
INFO: [ app_init ] --END-- [ RunTime:0.001920s ]
NOTIC: [8] Use of undefined constant IS_AJAX - assumed 'IS_AJAX' E:\Workspace\PHP\QinYun\Application\Common\Common\api.php 第 42 行.

[ 2017-03-16T16:00:25+08:00 ] ::1 /Public/Home/css/background.jpg
INFO: [ app_init ] --START--
INFO: Run Behavior\BuildLiteBehavior [ RunTime:0.000032s ]
INFO: Run Common\Behavior\InitHookBehavior [ RunTime:0.002486s ]
INFO: [ app_init ] --END-- [ RunTime:0.002713s ]
NOTIC: [8] Use of undefined constant IS_AJAX - assumed 'IS_AJAX' E:\Workspace\PHP\QinYun\Application\Common\Common\api.php 第 42 行.

[ 2017-03-16T16:00:25+08:00 ] ::1 /Public/Home/font/cJZKeOuBrn4kERxqtaUH3fY6323mHUZFJMgTvxaG2iE.eot
INFO: [ app_init ] --START--
INFO: Run Behavior\BuildLiteBehavior [ RunTime:0.000033s ]
INFO: Run Common\Behavior\InitHookBehavior [ RunTime:0.002493s ]
INFO: [ app_init ] --END-- [ RunTime:0.002713s ]
NOTIC: [8] Use of undefined constant IS_AJAX - assumed 'IS_AJAX' E:\Workspace\PHP\QinYun\Application\Common\Common\api.php 第 42 行.

[ 2017-03-16T16:01:15+08:00 ] ::1 /Public/Home/css/background.jpg
INFO: [ app_init ] --START--
INFO: Run Behavior\BuildLiteBehavior [ RunTime:0.000019s ]
INFO: Run Common\Behavior\InitHookBehavior [ RunTime:0.001779s ]
INFO: [ app_init ] --END-- [ RunTime:0.001930s ]
NOTIC: [8] Use of undefined constant IS_AJAX - assumed 'IS_AJAX' E:\Workspace\PHP\QinYun\Application\Common\Common\api.php 第 42 行.

[ 2017-03-16T16:01:15+08:00 ] ::1 /Public/Home/font/cJZKeOuBrn4kERxqtaUH3fY6323mHUZFJMgTvxaG2iE.eot
INFO: [ app_init ] --START--
INFO: Run Behavior\BuildLiteBehavior [ RunTime:0.000019s ]
INFO: Run Common\Behavior\InitHookBehavior [ RunTime:0.001786s ]
INFO: [ app_init ] --END-- [ RunTime:0.001936s ]
NOTIC: [8] Use of undefined constant IS_AJAX - assumed 'IS_AJAX' E:\Workspace\PHP\QinYun\Application\Common\Common\api.php 第 42 行.

[ 2017-03-16T16:02:29+08:00 ] ::1 /Public/Home/css/background.jpg
INFO: [ app_init ] --START--
INFO: Run Behavior\BuildLiteBehavior [ RunTime:0.000021s ]
INFO: Run Common\Behavior\InitHookBehavior [ RunTime:0.001810s ]
INFO: [ app_init ] --END-- [ RunTime:0.001967s ]
NOTIC: [8] Use of undefined constant IS_AJAX - assumed 'IS_AJAX' E:\Workspace\PHP\QinYun\Application\Common\Common\api.php 第 42 行.

[ 2017-03-16T16:02:29+08:00 ] ::1 /Public/Home/font/cJZKeOuBrn4kERxqtaUH3fY6323mHUZFJMgTvxaG2iE.eot
INFO: [ app_init ] --START--
INFO: Run Behavior\BuildLiteBehavior [ RunTime:0.000031s ]
INFO: Run Common\Behavior\InitHookBehavior [ RunTime:0.002609s ]
INFO: [ app_init ] --END-- [ RunTime:0.002856s ]
NOTIC: [8] Use of undefined constant IS_AJAX - assumed 'IS_AJAX' E:\Workspace\PHP\QinYun\Application\Common\Common\api.php 第 42 行.

[ 2017-03-16T16:02:48+08:00 ] ::1 /Public/Home/css/background.jpg
INFO: [ app_init ] --START--
INFO: Run Behavior\BuildLiteBehavior [ RunTime:0.000022s ]
INFO: Run Common\Behavior\InitHookBehavior [ RunTime:0.001770s ]
INFO: [ app_init ] --END-- [ RunTime:0.001959s ]
NOTIC: [8] Use of undefined constant IS_AJAX - assumed 'IS_AJAX' E:\Workspace\PHP\QinYun\Application\Common\Common\api.php 第 42 行.

[ 2017-03-16T16:02:48+08:00 ] ::1 /Public/Home/font/cJZKeOuBrn4kERxqtaUH3fY6323mHUZFJMgTvxaG2iE.eot
INFO: [ app_init ] --START--
INFO: Run Behavior\BuildLiteBehavior [ RunTime:0.000020s ]
INFO: Run Common\Behavior\InitHookBehavior [ RunTime:0.001811s ]
INFO: [ app_init ] --END-- [ RunTime:0.001964s ]
NOTIC: [8] Use of undefined constant IS_AJAX - assumed 'IS_AJAX' E:\Workspace\PHP\QinYun\Application\Common\Common\api.php 第 42 行.

[ 2017-03-16T16:03:45+08:00 ] ::1 /Public/Home/css/background.jpg
INFO: [ app_init ] --START--
INFO: Run Behavior\BuildLiteBehavior [ RunTime:0.000029s ]
INFO: Run Common\Behavior\InitHookBehavior [ RunTime:0.002053s ]
INFO: [ app_init ] --END-- [ RunTime:0.002245s ]
NOTIC: [8] Use of undefined constant IS_AJAX - assumed 'IS_AJAX' E:\Workspace\PHP\QinYun\Application\Common\Common\api.php 第 42 行.

[ 2017-03-16T16:03:45+08:00 ] ::1 /Public/Home/font/cJZKeOuBrn4kERxqtaUH3fY6323mHUZFJMgTvxaG2iE.eot
INFO: [ app_init ] --START--
INFO: Run Behavior\BuildLiteBehavior [ RunTime:0.000026s ]
INFO: Run Common\Behavior\InitHookBehavior [ RunTime:0.002176s ]
INFO: [ app_init ] --END-- [ RunTime:0.002377s ]
NOTIC: [8] Use of undefined constant IS_AJAX - assumed 'IS_AJAX' E:\Workspace\PHP\QinYun\Application\Common\Common\api.php 第 42 行.

[ 2017-03-16T16:03:58+08:00 ] ::1 /Public/Home/css/background.jpg
INFO: [ app_init ] --START--
INFO: Run Behavior\BuildLiteBehavior [ RunTime:0.000020s ]
INFO: Run Common\Behavior\InitHookBehavior [ RunTime:0.001746s ]
INFO: [ app_init ] --END-- [ RunTime:0.001898s ]
NOTIC: [8] Use of undefined constant IS_AJAX - assumed 'IS_AJAX' E:\Workspace\PHP\QinYun\Application\Common\Common\api.php 第 42 行.

[ 2017-03-16T16:03:58+08:00 ] ::1 /Public/Home/font/cJZKeOuBrn4kERxqtaUH3fY6323mHUZFJMgTvxaG2iE.eot
INFO: [ app_init ] --START--
INFO: Run Behavior\BuildLiteBehavior [ RunTime:0.000019s ]
INFO: Run Common\Behavior\InitHookBehavior [ RunTime:0.001748s ]
INFO: [ app_init ] --END-- [ RunTime:0.001899s ]
NOTIC: [8] Use of undefined constant IS_AJAX - assumed 'IS_AJAX' E:\Workspace\PHP\QinYun\Application\Common\Common\api.php 第 42 行.

[ 2017-03-16T16:04:23+08:00 ] ::1 /Public/Home/css/background.jpg
INFO: [ app_init ] --START--
INFO: Run Behavior\BuildLiteBehavior [ RunTime:0.000019s ]
INFO: Run Common\Behavior\InitHookBehavior [ RunTime:0.001683s ]
INFO: [ app_init ] --END-- [ RunTime:0.001852s ]
NOTIC: [8] Use of undefined constant IS_AJAX - assumed 'IS_AJAX' E:\Workspace\PHP\QinYun\Application\Common\Common\api.php 第 42 行.

[ 2017-03-16T16:04:23+08:00 ] ::1 /Public/Home/font/cJZKeOuBrn4kERxqtaUH3fY6323mHUZFJMgTvxaG2iE.eot
INFO: [ app_init ] --START--
INFO: Run Behavior\BuildLiteBehavior [ RunTime:0.000031s ]
INFO: Run Common\Behavior\InitHookBehavior [ RunTime:0.002702s ]
INFO: [ app_init ] --END-- [ RunTime:0.002945s ]
NOTIC: [8] Use of undefined constant IS_AJAX - assumed 'IS_AJAX' E:\Workspace\PHP\QinYun\Application\Common\Common\api.php 第 42 行.

[ 2017-03-16T16:04:53+08:00 ] ::1 /Public/Home/css/background.jpg
INFO: [ app_init ] --START--
INFO: Run Behavior\BuildLiteBehavior [ RunTime:0.000040s ]
INFO: Run Common\Behavior\InitHookBehavior [ RunTime:0.003149s ]
INFO: [ app_init ] --END-- [ RunTime:0.003458s ]
NOTIC: [8] Use of undefined constant IS_AJAX - assumed 'IS_AJAX' E:\Workspace\PHP\QinYun\Application\Common\Common\api.php 第 42 行.

[ 2017-03-16T16:04:53+08:00 ] ::1 /Public/Home/font/cJZKeOuBrn4kERxqtaUH3fY6323mHUZFJMgTvxaG2iE.eot
INFO: [ app_init ] --START--
INFO: Run Behavior\BuildLiteBehavior [ RunTime:0.000066s ]
INFO: Run Common\Behavior\InitHookBehavior [ RunTime:0.002658s ]
INFO: [ app_init ] --END-- [ RunTime:0.002983s ]
NOTIC: [8] Use of undefined constant IS_AJAX - assumed 'IS_AJAX' E:\Workspace\PHP\QinYun\Application\Common\Common\api.php 第 42 行.

[ 2017-03-16T16:05:00+08:00 ] ::1 /Public/Home/css/background.jpg
INFO: [ app_init ] --START--
INFO: Run Behavior\BuildLiteBehavior [ RunTime:0.000019s ]
INFO: Run Common\Behavior\InitHookBehavior [ RunTime:0.002279s ]
INFO: [ app_init ] --END-- [ RunTime:0.002435s ]
NOTIC: [8] Use of undefined constant IS_AJAX - assumed 'IS_AJAX' E:\Workspace\PHP\QinYun\Application\Common\Common\api.php 第 42 行.

[ 2017-03-16T16:05:00+08:00 ] ::1 /Public/Home/font/cJZKeOuBrn4kERxqtaUH3fY6323mHUZFJMgTvxaG2iE.eot
INFO: [ app_init ] --START--
INFO: Run Behavior\BuildLiteBehavior [ RunTime:0.000019s ]
INFO: Run Common\Behavior\InitHookBehavior [ RunTime:0.001731s ]
INFO: [ app_init ] --END-- [ RunTime:0.001877s ]
NOTIC: [8] Use of undefined constant IS_AJAX - assumed 'IS_AJAX' E:\Workspace\PHP\QinYun\Application\Common\Common\api.php 第 42 行.

[ 2017-03-16T16:05:31+08:00 ] ::1 /Public/Home/css/background.jpg
INFO: [ app_init ] --START--
INFO: Run Behavior\BuildLiteBehavior [ RunTime:0.000021s ]
INFO: Run Common\Behavior\InitHookBehavior [ RunTime:0.001769s ]
INFO: [ app_init ] --END-- [ RunTime:0.001925s ]
NOTIC: [8] Use of undefined constant IS_AJAX - assumed 'IS_AJAX' E:\Workspace\PHP\QinYun\Application\Common\Common\api.php 第 42 行.

[ 2017-03-16T16:05:31+08:00 ] ::1 /Public/Home/font/cJZKeOuBrn4kERxqtaUH3fY6323mHUZFJMgTvxaG2iE.eot
INFO: [ app_init ] --START--
INFO: Run Behavior\BuildLiteBehavior [ RunTime:0.000020s ]
INFO: Run Common\Behavior\InitHookBehavior [ RunTime:0.002891s ]
INFO: [ app_init ] --END-- [ RunTime:0.003400s ]
NOTIC: [8] Use of undefined constant IS_AJAX - assumed 'IS_AJAX' E:\Workspace\PHP\QinYun\Application\Common\Common\api.php 第 42 行.

[ 2017-03-16T16:12:20+08:00 ] ::1 /Public/Home/css/background.jpg
INFO: [ app_init ] --START--
INFO: Run Behavior\BuildLiteBehavior [ RunTime:0.000042s ]
INFO: Run Common\Behavior\InitHookBehavior [ RunTime:0.002186s ]
INFO: [ app_init ] --END-- [ RunTime:0.002453s ]
NOTIC: [8] Use of undefined constant IS_AJAX - assumed 'IS_AJAX' E:\Workspace\PHP\QinYun\Application\Common\Common\api.php 第 42 行.

[ 2017-03-16T16:12:20+08:00 ] ::1 /Public/Home/font/cJZKeOuBrn4kERxqtaUH3fY6323mHUZFJMgTvxaG2iE.eot
INFO: [ app_init ] --START--
INFO: Run Behavior\BuildLiteBehavior [ RunTime:0.000024s ]
INFO: Run Common\Behavior\InitHookBehavior [ RunTime:0.002335s ]
INFO: [ app_init ] --END-- [ RunTime:0.002540s ]
NOTIC: [8] Use of undefined constant IS_AJAX - assumed 'IS_AJAX' E:\Workspace\PHP\QinYun\Application\Common\Common\api.php 第 42 行.

[ 2017-03-16T16:12:58+08:00 ] ::1 /Public/Home/css/background.jpg
INFO: [ app_init ] --START--
INFO: Run Behavior\BuildLiteBehavior [ RunTime:0.000025s ]
INFO: Run Common\Behavior\InitHookBehavior [ RunTime:0.001957s ]
INFO: [ app_init ] --END-- [ RunTime:0.002137s ]
NOTIC: [8] Use of undefined constant IS_AJAX - assumed 'IS_AJAX' E:\Workspace\PHP\QinYun\Application\Common\Common\api.php 第 42 行.

[ 2017-03-16T16:12:58+08:00 ] ::1 /Public/Home/font/cJZKeOuBrn4kERxqtaUH3fY6323mHUZFJMgTvxaG2iE.eot
INFO: [ app_init ] --START--
INFO: Run Behavior\BuildLiteBehavior [ RunTime:0.000035s ]
INFO: Run Common\Behavior\InitHookBehavior [ RunTime:0.002595s ]
INFO: [ app_init ] --END-- [ RunTime:0.002856s ]
NOTIC: [8] Use of undefined constant IS_AJAX - assumed 'IS_AJAX' E:\Workspace\PHP\QinYun\Application\Common\Common\api.php 第 42 行.

[ 2017-03-16T16:13:22+08:00 ] ::1 /Public/Home/css/background.jpg
INFO: [ app_init ] --START--
INFO: Run Behavior\BuildLiteBehavior [ RunTime:0.000029s ]
INFO: Run Common\Behavior\InitHookBehavior [ RunTime:0.002740s ]
INFO: [ app_init ] --END-- [ RunTime:0.002990s ]
NOTIC: [8] Use of undefined constant IS_AJAX - assumed 'IS_AJAX' E:\Workspace\PHP\QinYun\Application\Common\Common\api.php 第 42 行.

[ 2017-03-16T16:13:22+08:00 ] ::1 /Public/Home/font/cJZKeOuBrn4kERxqtaUH3fY6323mHUZFJMgTvxaG2iE.eot
INFO: [ app_init ] --START--
INFO: Run Behavior\BuildLiteBehavior [ RunTime:0.000029s ]
INFO: Run Common\Behavior\InitHookBehavior [ RunTime:0.002957s ]
INFO: [ app_init ] --END-- [ RunTime:0.003205s ]
NOTIC: [8] Use of undefined constant IS_AJAX - assumed 'IS_AJAX' E:\Workspace\PHP\QinYun\Application\Common\Common\api.php 第 42 行.

[ 2017-03-16T16:13:59+08:00 ] ::1 /Public/Home/css/background.jpg
INFO: [ app_init ] --START--
INFO: Run Behavior\BuildLiteBehavior [ RunTime:0.000087s ]
INFO: Run Common\Behavior\InitHookBehavior [ RunTime:0.002119s ]
INFO: [ app_init ] --END-- [ RunTime:0.002399s ]
NOTIC: [8] Use of undefined constant IS_AJAX - assumed 'IS_AJAX' E:\Workspace\PHP\QinYun\Application\Common\Common\api.php 第 42 行.

[ 2017-03-16T16:13:59+08:00 ] ::1 /Public/Home/font/cJZKeOuBrn4kERxqtaUH3fY6323mHUZFJMgTvxaG2iE.eot
INFO: [ app_init ] --START--
INFO: Run Behavior\BuildLiteBehavior [ RunTime:0.000025s ]
INFO: Run Common\Behavior\InitHookBehavior [ RunTime:0.002026s ]
INFO: [ app_init ] --END-- [ RunTime:0.002206s ]
NOTIC: [8] Use of undefined constant IS_AJAX - assumed 'IS_AJAX' E:\Workspace\PHP\QinYun\Application\Common\Common\api.php 第 42 行.

[ 2017-03-16T16:14:39+08:00 ] ::1 /Public/Home/css/background.jpg
INFO: [ app_init ] --START--
INFO: Run Behavior\BuildLiteBehavior [ RunTime:0.000020s ]
INFO: Run Common\Behavior\InitHookBehavior [ RunTime:0.002058s ]
INFO: [ app_init ] --END-- [ RunTime:0.002210s ]
NOTIC: [8] Use of undefined constant IS_AJAX - assumed 'IS_AJAX' E:\Workspace\PHP\QinYun\Application\Common\Common\api.php 第 42 行.

[ 2017-03-16T16:14:39+08:00 ] ::1 /Public/Home/font/cJZKeOuBrn4kERxqtaUH3fY6323mHUZFJMgTvxaG2iE.eot
INFO: [ app_init ] --START--
INFO: Run Behavior\BuildLiteBehavior [ RunTime:0.000019s ]
INFO: Run Common\Behavior\InitHookBehavior [ RunTime:0.001710s ]
INFO: [ app_init ] --END-- [ RunTime:0.001859s ]
NOTIC: [8] Use of undefined constant IS_AJAX - assumed 'IS_AJAX' E:\Workspace\PHP\QinYun\Application\Common\Common\api.php 第 42 行.

[ 2017-03-16T16:14:46+08:00 ] ::1 /Public/Home/font/cJZKeOuBrn4kERxqtaUH3fY6323mHUZFJMgTvxaG2iE.eot
INFO: [ app_init ] --START--
INFO: Run Behavior\BuildLiteBehavior [ RunTime:0.000019s ]
INFO: Run Common\Behavior\InitHookBehavior [ RunTime:0.001734s ]
INFO: [ app_init ] --END-- [ RunTime:0.001883s ]
NOTIC: [8] Use of undefined constant IS_AJAX - assumed 'IS_AJAX' E:\Workspace\PHP\QinYun\Application\Common\Common\api.php 第 42 行.

[ 2017-03-16T16:14:47+08:00 ] ::1 /Public/Home/css/background.jpg
INFO: [ app_init ] --START--
INFO: Run Behavior\BuildLiteBehavior [ RunTime:0.000017s ]
INFO: Run Common\Behavior\InitHookBehavior [ RunTime:0.001626s ]
INFO: [ app_init ] --END-- [ RunTime:0.001761s ]
NOTIC: [8] Use of undefined constant IS_AJAX - assumed 'IS_AJAX' E:\Workspace\PHP\QinYun\Application\Common\Common\api.php 第 42 行.

[ 2017-03-16T16:15:18+08:00 ] ::1 /Public/Home/css/background.jpg
INFO: [ app_init ] --START--
INFO: Run Behavior\BuildLiteBehavior [ RunTime:0.000019s ]
INFO: Run Common\Behavior\InitHookBehavior [ RunTime:0.003636s ]
INFO: [ app_init ] --END-- [ RunTime:0.003847s ]
NOTIC: [8] Use of undefined constant IS_AJAX - assumed 'IS_AJAX' E:\Workspace\PHP\QinYun\Application\Common\Common\api.php 第 42 行.

[ 2017-03-16T16:15:18+08:00 ] ::1 /Public/Home/font/cJZKeOuBrn4kERxqtaUH3fY6323mHUZFJMgTvxaG2iE.eot
INFO: [ app_init ] --START--
INFO: Run Behavior\BuildLiteBehavior [ RunTime:0.000029s ]
INFO: Run Common\Behavior\InitHookBehavior [ RunTime:0.002558s ]
INFO: [ app_init ] --END-- [ RunTime:0.002794s ]
NOTIC: [8] Use of undefined constant IS_AJAX - assumed 'IS_AJAX' E:\Workspace\PHP\QinYun\Application\Common\Common\api.php 第 42 行.

[ 2017-03-16T16:15:51+08:00 ] ::1 /Public/Home/css/background.jpg
INFO: [ app_init ] --START--
INFO: Run Behavior\BuildLiteBehavior [ RunTime:0.000031s ]
INFO: Run Common\Behavior\InitHookBehavior [ RunTime:0.002655s ]
INFO: [ app_init ] --END-- [ RunTime:0.002876s ]
NOTIC: [8] Use of undefined constant IS_AJAX - assumed 'IS_AJAX' E:\Workspace\PHP\QinYun\Application\Common\Common\api.php 第 42 行.

[ 2017-03-16T16:15:51+08:00 ] ::1 /Public/Home/font/cJZKeOuBrn4kERxqtaUH3fY6323mHUZFJMgTvxaG2iE.eot
INFO: [ app_init ] --START--
INFO: Run Behavior\BuildLiteBehavior [ RunTime:0.000029s ]
INFO: Run Common\Behavior\InitHookBehavior [ RunTime:0.002465s ]
INFO: [ app_init ] --END-- [ RunTime:0.002675s ]
NOTIC: [8] Use of undefined constant IS_AJAX - assumed 'IS_AJAX' E:\Workspace\PHP\QinYun\Application\Common\Common\api.php 第 42 行.

[ 2017-03-16T16:17:51+08:00 ] ::1 /Public/Home/css/background.jpg
INFO: [ app_init ] --START--
INFO: Run Behavior\BuildLiteBehavior [ RunTime:0.000019s ]
INFO: Run Common\Behavior\InitHookBehavior [ RunTime:0.001795s ]
INFO: [ app_init ] --END-- [ RunTime:0.001953s ]
NOTIC: [8] Use of undefined constant IS_AJAX - assumed 'IS_AJAX' E:\Workspace\PHP\QinYun\Application\Common\Common\api.php 第 42 行.

[ 2017-03-16T16:17:51+08:00 ] ::1 /Public/Home/font/cJZKeOuBrn4kERxqtaUH3fY6323mHUZFJMgTvxaG2iE.eot
INFO: [ app_init ] --START--
INFO: Run Behavior\BuildLiteBehavior [ RunTime:0.000022s ]
INFO: Run Common\Behavior\InitHookBehavior [ RunTime:0.001902s ]
INFO: [ app_init ] --END-- [ RunTime:0.002066s ]
NOTIC: [8] Use of undefined constant IS_AJAX - assumed 'IS_AJAX' E:\Workspace\PHP\QinYun\Application\Common\Common\api.php 第 42 行.

[ 2017-03-16T16:18:31+08:00 ] ::1 /Public/Home/css/background.jpg
INFO: [ app_init ] --START--
INFO: Run Behavior\BuildLiteBehavior [ RunTime:0.000020s ]
INFO: Run Common\Behavior\InitHookBehavior [ RunTime:0.001804s ]
INFO: [ app_init ] --END-- [ RunTime:0.001958s ]
NOTIC: [8] Use of undefined constant IS_AJAX - assumed 'IS_AJAX' E:\Workspace\PHP\QinYun\Application\Common\Common\api.php 第 42 行.

[ 2017-03-16T16:18:31+08:00 ] ::1 /Public/Home/font/cJZKeOuBrn4kERxqtaUH3fY6323mHUZFJMgTvxaG2iE.eot
INFO: [ app_init ] --START--
INFO: Run Behavior\BuildLiteBehavior [ RunTime:0.000029s ]
INFO: Run Common\Behavior\InitHookBehavior [ RunTime:0.002750s ]
INFO: [ app_init ] --END-- [ RunTime:0.002977s ]
NOTIC: [8] Use of undefined constant IS_AJAX - assumed 'IS_AJAX' E:\Workspace\PHP\QinYun\Application\Common\Common\api.php 第 42 行.

[ 2017-03-16T16:18:57+08:00 ] ::1 /Public/Home/css/background.jpg
INFO: [ app_init ] --START--
INFO: Run Behavior\BuildLiteBehavior [ RunTime:0.000018s ]
INFO: Run Common\Behavior\InitHookBehavior [ RunTime:0.001718s ]
INFO: [ app_init ] --END-- [ RunTime:0.001934s ]
NOTIC: [8] Use of undefined constant IS_AJAX - assumed 'IS_AJAX' E:\Workspace\PHP\QinYun\Application\Common\Common\api.php 第 42 行.

[ 2017-03-16T16:18:57+08:00 ] ::1 /Public/Home/font/cJZKeOuBrn4kERxqtaUH3fY6323mHUZFJMgTvxaG2iE.eot
INFO: [ app_init ] --START--
INFO: Run Behavior\BuildLiteBehavior [ RunTime:0.000020s ]
INFO: Run Common\Behavior\InitHookBehavior [ RunTime:0.002105s ]
INFO: [ app_init ] --END-- [ RunTime:0.002270s ]
NOTIC: [8] Use of undefined constant IS_AJAX - assumed 'IS_AJAX' E:\Workspace\PHP\QinYun\Application\Common\Common\api.php 第 42 行.

[ 2017-03-16T16:19:15+08:00 ] ::1 /Public/Home/css/background.jpg
INFO: [ app_init ] --START--
INFO: Run Behavior\BuildLiteBehavior [ RunTime:0.000025s ]
INFO: Run Common\Behavior\InitHookBehavior [ RunTime:0.002001s ]
INFO: [ app_init ] --END-- [ RunTime:0.002224s ]
NOTIC: [8] Use of undefined constant IS_AJAX - assumed 'IS_AJAX' E:\Workspace\PHP\QinYun\Application\Common\Common\api.php 第 42 行.

[ 2017-03-16T16:19:15+08:00 ] ::1 /Public/Home/font/cJZKeOuBrn4kERxqtaUH3fY6323mHUZFJMgTvxaG2iE.eot
INFO: [ app_init ] --START--
INFO: Run Behavior\BuildLiteBehavior [ RunTime:0.000021s ]
INFO: Run Common\Behavior\InitHookBehavior [ RunTime:0.001657s ]
INFO: [ app_init ] --END-- [ RunTime:0.001818s ]
NOTIC: [8] Use of undefined constant IS_AJAX - assumed 'IS_AJAX' E:\Workspace\PHP\QinYun\Application\Common\Common\api.php 第 42 行.

[ 2017-03-16T16:20:10+08:00 ] ::1 /Public/Home/css/background.jpg
INFO: [ app_init ] --START--
INFO: Run Behavior\BuildLiteBehavior [ RunTime:0.000024s ]
INFO: Run Common\Behavior\InitHookBehavior [ RunTime:0.001929s ]
INFO: [ app_init ] --END-- [ RunTime:0.002097s ]
NOTIC: [8] Use of undefined constant IS_AJAX - assumed 'IS_AJAX' E:\Workspace\PHP\QinYun\Application\Common\Common\api.php 第 42 行.

[ 2017-03-16T16:20:10+08:00 ] ::1 /Public/Home/font/cJZKeOuBrn4kERxqtaUH3fY6323mHUZFJMgTvxaG2iE.eot
INFO: [ app_init ] --START--
INFO: Run Behavior\BuildLiteBehavior [ RunTime:0.000020s ]
INFO: Run Common\Behavior\InitHookBehavior [ RunTime:0.001945s ]
INFO: [ app_init ] --END-- [ RunTime:0.002126s ]
NOTIC: [8] Use of undefined constant IS_AJAX - assumed 'IS_AJAX' E:\Workspace\PHP\QinYun\Application\Common\Common\api.php 第 42 行.

[ 2017-03-16T16:38:25+08:00 ] ::1 /Public/Home/css/background.jpg
INFO: [ app_init ] --START--
INFO: Run Behavior\BuildLiteBehavior [ RunTime:0.000019s ]
INFO: Run Common\Behavior\InitHookBehavior [ RunTime:0.002285s ]
INFO: [ app_init ] --END-- [ RunTime:0.002464s ]
NOTIC: [8] Use of undefined constant IS_AJAX - assumed 'IS_AJAX' E:\Workspace\PHP\QinYun\Application\Common\Common\api.php 第 42 行.

[ 2017-03-16T16:38:25+08:00 ] ::1 /Public/Home/font/cJZKeOuBrn4kERxqtaUH3fY6323mHUZFJMgTvxaG2iE.eot
INFO: [ app_init ] --START--
INFO: Run Behavior\BuildLiteBehavior [ RunTime:0.000021s ]
INFO: Run Common\Behavior\InitHookBehavior [ RunTime:0.002190s ]
INFO: [ app_init ] --END-- [ RunTime:0.002349s ]
NOTIC: [8] Use of undefined constant IS_AJAX - assumed 'IS_AJAX' E:\Workspace\PHP\QinYun\Application\Common\Common\api.php 第 42 行.

[ 2017-03-16T16:39:20+08:00 ] ::1 /Public/Home/css/background.jpg
INFO: [ app_init ] --START--
INFO: Run Behavior\BuildLiteBehavior [ RunTime:0.000020s ]
INFO: Run Common\Behavior\InitHookBehavior [ RunTime:0.002646s ]
INFO: [ app_init ] --END-- [ RunTime:0.002834s ]
NOTIC: [8] Use of undefined constant IS_AJAX - assumed 'IS_AJAX' E:\Workspace\PHP\QinYun\Application\Common\Common\api.php 第 42 行.

[ 2017-03-16T16:39:20+08:00 ] ::1 /Public/Home/font/cJZKeOuBrn4kERxqtaUH3fY6323mHUZFJMgTvxaG2iE.eot
INFO: [ app_init ] --START--
INFO: Run Behavior\BuildLiteBehavior [ RunTime:0.000020s ]
INFO: Run Common\Behavior\InitHookBehavior [ RunTime:0.001814s ]
INFO: [ app_init ] --END-- [ RunTime:0.001964s ]
NOTIC: [8] Use of undefined constant IS_AJAX - assumed 'IS_AJAX' E:\Workspace\PHP\QinYun\Application\Common\Common\api.php 第 42 行.

[ 2017-03-16T16:40:36+08:00 ] ::1 /Public/Home/css/background.jpg
INFO: [ app_init ] --START--
INFO: Run Behavior\BuildLiteBehavior [ RunTime:0.000030s ]
INFO: Run Common\Behavior\InitHookBehavior [ RunTime:0.001818s ]
INFO: [ app_init ] --END-- [ RunTime:0.002016s ]
NOTIC: [8] Use of undefined constant IS_AJAX - assumed 'IS_AJAX' E:\Workspace\PHP\QinYun\Application\Common\Common\api.php 第 42 行.

[ 2017-03-16T16:40:36+08:00 ] ::1 /Public/Home/font/cJZKeOuBrn4kERxqtaUH3fY6323mHUZFJMgTvxaG2iE.eot
INFO: [ app_init ] --START--
INFO: Run Behavior\BuildLiteBehavior [ RunTime:0.000018s ]
INFO: Run Common\Behavior\InitHookBehavior [ RunTime:0.001580s ]
INFO: [ app_init ] --END-- [ RunTime:0.001725s ]
NOTIC: [8] Use of undefined constant IS_AJAX - assumed 'IS_AJAX' E:\Workspace\PHP\QinYun\Application\Common\Common\api.php 第 42 行.

[ 2017-03-16T16:41:09+08:00 ] ::1 /Public/Home/css/background.jpg
INFO: [ app_init ] --START--
INFO: Run Behavior\BuildLiteBehavior [ RunTime:0.000021s ]
INFO: Run Common\Behavior\InitHookBehavior [ RunTime:0.001937s ]
INFO: [ app_init ] --END-- [ RunTime:0.002092s ]
NOTIC: [8] Use of undefined constant IS_AJAX - assumed 'IS_AJAX' E:\Workspace\PHP\QinYun\Application\Common\Common\api.php 第 42 行.

[ 2017-03-16T16:41:09+08:00 ] ::1 /Public/Home/font/cJZKeOuBrn4kERxqtaUH3fY6323mHUZFJMgTvxaG2iE.eot
INFO: [ app_init ] --START--
INFO: Run Behavior\BuildLiteBehavior [ RunTime:0.000020s ]
INFO: Run Common\Behavior\InitHookBehavior [ RunTime:0.001887s ]
INFO: [ app_init ] --END-- [ RunTime:0.002040s ]
NOTIC: [8] Use of undefined constant IS_AJAX - assumed 'IS_AJAX' E:\Workspace\PHP\QinYun\Application\Common\Common\api.php 第 42 行.

[ 2017-03-16T16:41:27+08:00 ] ::1 /Public/Home/css/background.jpg
INFO: [ app_init ] --START--
INFO: Run Behavior\BuildLiteBehavior [ RunTime:0.000018s ]
INFO: Run Common\Behavior\InitHookBehavior [ RunTime:0.001757s ]
INFO: [ app_init ] --END-- [ RunTime:0.001908s ]
NOTIC: [8] Use of undefined constant IS_AJAX - assumed 'IS_AJAX' E:\Workspace\PHP\QinYun\Application\Common\Common\api.php 第 42 行.

[ 2017-03-16T16:41:27+08:00 ] ::1 /Public/Home/font/cJZKeOuBrn4kERxqtaUH3fY6323mHUZFJMgTvxaG2iE.eot
INFO: [ app_init ] --START--
INFO: Run Behavior\BuildLiteBehavior [ RunTime:0.000031s ]
INFO: Run Common\Behavior\InitHookBehavior [ RunTime:0.002518s ]
INFO: [ app_init ] --END-- [ RunTime:0.003011s ]
NOTIC: [8] Use of undefined constant IS_AJAX - assumed 'IS_AJAX' E:\Workspace\PHP\QinYun\Application\Common\Common\api.php 第 42 行.

[ 2017-03-16T16:41:35+08:00 ] ::1 /Public/Home/css/background.jpg
INFO: [ app_init ] --START--
INFO: Run Behavior\BuildLiteBehavior [ RunTime:0.000027s ]
INFO: Run Common\Behavior\InitHookBehavior [ RunTime:0.002058s ]
INFO: [ app_init ] --END-- [ RunTime:0.002266s ]
NOTIC: [8] Use of undefined constant IS_AJAX - assumed 'IS_AJAX' E:\Workspace\PHP\QinYun\Application\Common\Common\api.php 第 42 行.

[ 2017-03-16T16:41:35+08:00 ] ::1 /Public/Home/font/cJZKeOuBrn4kERxqtaUH3fY6323mHUZFJMgTvxaG2iE.eot
INFO: [ app_init ] --START--
INFO: Run Behavior\BuildLiteBehavior [ RunTime:0.000020s ]
INFO: Run Common\Behavior\InitHookBehavior [ RunTime:0.002181s ]
INFO: [ app_init ] --END-- [ RunTime:0.002339s ]
NOTIC: [8] Use of undefined constant IS_AJAX - assumed 'IS_AJAX' E:\Workspace\PHP\QinYun\Application\Common\Common\api.php 第 42 行.

[ 2017-03-16T16:41:43+08:00 ] ::1 /Public/Home/css/background.jpg
INFO: [ app_init ] --START--
INFO: Run Behavior\BuildLiteBehavior [ RunTime:0.000019s ]
INFO: Run Common\Behavior\InitHookBehavior [ RunTime:0.001643s ]
INFO: [ app_init ] --END-- [ RunTime:0.001785s ]
NOTIC: [8] Use of undefined constant IS_AJAX - assumed 'IS_AJAX' E:\Workspace\PHP\QinYun\Application\Common\Common\api.php 第 42 行.

[ 2017-03-16T16:41:43+08:00 ] ::1 /Public/Home/font/cJZKeOuBrn4kERxqtaUH3fY6323mHUZFJMgTvxaG2iE.eot
INFO: [ app_init ] --START--
INFO: Run Behavior\BuildLiteBehavior [ RunTime:0.000033s ]
INFO: Run Common\Behavior\InitHookBehavior [ RunTime:0.002911s ]
INFO: [ app_init ] --END-- [ RunTime:0.003190s ]
NOTIC: [8] Use of undefined constant IS_AJAX - assumed 'IS_AJAX' E:\Workspace\PHP\QinYun\Application\Common\Common\api.php 第 42 行.

[ 2017-03-16T16:41:56+08:00 ] ::1 /Public/Home/css/background.jpg
INFO: [ app_init ] --START--
INFO: Run Behavior\BuildLiteBehavior [ RunTime:0.000022s ]
INFO: Run Common\Behavior\InitHookBehavior [ RunTime:0.001345s ]
INFO: [ app_init ] --END-- [ RunTime:0.001508s ]
NOTIC: [8] Use of undefined constant IS_AJAX - assumed 'IS_AJAX' E:\Workspace\PHP\QinYun\Application\Common\Common\api.php 第 42 行.

[ 2017-03-16T16:41:56+08:00 ] ::1 /Public/Home/font/cJZKeOuBrn4kERxqtaUH3fY6323mHUZFJMgTvxaG2iE.eot
INFO: [ app_init ] --START--
INFO: Run Behavior\BuildLiteBehavior [ RunTime:0.000031s ]
INFO: Run Common\Behavior\InitHookBehavior [ RunTime:0.001567s ]
INFO: [ app_init ] --END-- [ RunTime:0.001764s ]
NOTIC: [8] Use of undefined constant IS_AJAX - assumed 'IS_AJAX' E:\Workspace\PHP\QinYun\Application\Common\Common\api.php 第 42 行.

[ 2017-03-16T16:43:31+08:00 ] ::1 /Public/Home/css/background.jpg
INFO: [ app_init ] --START--
INFO: Run Behavior\BuildLiteBehavior [ RunTime:0.000019s ]
INFO: Run Common\Behavior\InitHookBehavior [ RunTime:0.001288s ]
INFO: [ app_init ] --END-- [ RunTime:0.001440s ]
NOTIC: [8] Use of undefined constant IS_AJAX - assumed 'IS_AJAX' E:\Workspace\PHP\QinYun\Application\Common\Common\api.php 第 42 行.

[ 2017-03-16T16:43:31+08:00 ] ::1 /Public/Home/font/cJZKeOuBrn4kERxqtaUH3fY6323mHUZFJMgTvxaG2iE.eot
INFO: [ app_init ] --START--
INFO: Run Behavior\BuildLiteBehavior [ RunTime:0.000019s ]
INFO: Run Common\Behavior\InitHookBehavior [ RunTime:0.001338s ]
INFO: [ app_init ] --END-- [ RunTime:0.001488s ]
NOTIC: [8] Use of undefined constant IS_AJAX - assumed 'IS_AJAX' E:\Workspace\PHP\QinYun\Application\Common\Common\api.php 第 42 行.

[ 2017-03-16T16:48:30+08:00 ] ::1 /Public/Home/font/cJZKeOuBrn4kERxqtaUH3fY6323mHUZFJMgTvxaG2iE.eot
INFO: [ app_init ] --START--
INFO: Run Behavior\BuildLiteBehavior [ RunTime:0.000029s ]
INFO: Run Common\Behavior\InitHookBehavior [ RunTime:0.002688s ]
INFO: [ app_init ] --END-- [ RunTime:0.002937s ]
NOTIC: [8] Use of undefined constant IS_AJAX - assumed 'IS_AJAX' E:\Workspace\PHP\QinYun\Application\Common\Common\api.php 第 42 行.

[ 2017-03-16T16:48:30+08:00 ] ::1 /Public/Home/css/background.jpg
INFO: [ app_init ] --START--
INFO: Run Behavior\BuildLiteBehavior [ RunTime:0.000030s ]
INFO: Run Common\Behavior\InitHookBehavior [ RunTime:0.002586s ]
INFO: [ app_init ] --END-- [ RunTime:0.002801s ]
NOTIC: [8] Use of undefined constant IS_AJAX - assumed 'IS_AJAX' E:\Workspace\PHP\QinYun\Application\Common\Common\api.php 第 42 行.

[ 2017-03-16T16:49:21+08:00 ] ::1 /Public/Home/css/background.jpg
INFO: [ app_init ] --START--
INFO: Run Behavior\BuildLiteBehavior [ RunTime:0.000030s ]
INFO: Run Common\Behavior\InitHookBehavior [ RunTime:0.002214s ]
INFO: [ app_init ] --END-- [ RunTime:0.002450s ]
NOTIC: [8] Use of undefined constant IS_AJAX - assumed 'IS_AJAX' E:\Workspace\PHP\QinYun\Application\Common\Common\api.php 第 42 行.

[ 2017-03-16T16:49:21+08:00 ] ::1 /Public/Home/font/cJZKeOuBrn4kERxqtaUH3fY6323mHUZFJMgTvxaG2iE.eot
INFO: [ app_init ] --START--
INFO: Run Behavior\BuildLiteBehavior [ RunTime:0.000020s ]
INFO: Run Common\Behavior\InitHookBehavior [ RunTime:0.001332s ]
INFO: [ app_init ] --END-- [ RunTime:0.001486s ]
NOTIC: [8] Use of undefined constant IS_AJAX - assumed 'IS_AJAX' E:\Workspace\PHP\QinYun\Application\Common\Common\api.php 第 42 行.

[ 2017-03-16T16:50:12+08:00 ] ::1 /Public/Home/css/background.jpg
INFO: [ app_init ] --START--
INFO: Run Behavior\BuildLiteBehavior [ RunTime:0.000018s ]
INFO: Run Common\Behavior\InitHookBehavior [ RunTime:0.001275s ]
INFO: [ app_init ] --END-- [ RunTime:0.001421s ]
NOTIC: [8] Use of undefined constant IS_AJAX - assumed 'IS_AJAX' E:\Workspace\PHP\QinYun\Application\Common\Common\api.php 第 42 行.

[ 2017-03-16T16:50:12+08:00 ] ::1 /Public/Home/font/cJZKeOuBrn4kERxqtaUH3fY6323mHUZFJMgTvxaG2iE.eot
INFO: [ app_init ] --START--
INFO: Run Behavior\BuildLiteBehavior [ RunTime:0.000027s ]
INFO: Run Common\Behavior\InitHookBehavior [ RunTime:0.001397s ]
INFO: [ app_init ] --END-- [ RunTime:0.001608s ]
NOTIC: [8] Use of undefined constant IS_AJAX - assumed 'IS_AJAX' E:\Workspace\PHP\QinYun\Application\Common\Common\api.php 第 42 行.

[ 2017-03-16T16:50:38+08:00 ] ::1 /Public/Home/css/background.jpg
INFO: [ app_init ] --START--
INFO: Run Behavior\BuildLiteBehavior [ RunTime:0.000028s ]
INFO: Run Common\Behavior\InitHookBehavior [ RunTime:0.001840s ]
INFO: [ app_init ] --END-- [ RunTime:0.002069s ]
NOTIC: [8] Use of undefined constant IS_AJAX - assumed 'IS_AJAX' E:\Workspace\PHP\QinYun\Application\Common\Common\api.php 第 42 行.

[ 2017-03-16T16:50:38+08:00 ] ::1 /Public/Home/font/cJZKeOuBrn4kERxqtaUH3fY6323mHUZFJMgTvxaG2iE.eot
INFO: [ app_init ] --START--
INFO: Run Behavior\BuildLiteBehavior [ RunTime:0.000030s ]
INFO: Run Common\Behavior\InitHookBehavior [ RunTime:0.001865s ]
INFO: [ app_init ] --END-- [ RunTime:0.002102s ]
NOTIC: [8] Use of undefined constant IS_AJAX - assumed 'IS_AJAX' E:\Workspace\PHP\QinYun\Application\Common\Common\api.php 第 42 行.

[ 2017-03-16T16:51:21+08:00 ] ::1 /Public/Home/css/background.jpg
INFO: [ app_init ] --START--
INFO: Run Behavior\BuildLiteBehavior [ RunTime:0.000022s ]
INFO: Run Common\Behavior\InitHookBehavior [ RunTime:0.001388s ]
INFO: [ app_init ] --END-- [ RunTime:0.001574s ]
NOTIC: [8] Use of undefined constant IS_AJAX - assumed 'IS_AJAX' E:\Workspace\PHP\QinYun\Application\Common\Common\api.php 第 42 行.

[ 2017-03-16T16:51:21+08:00 ] ::1 /Public/Home/font/cJZKeOuBrn4kERxqtaUH3fY6323mHUZFJMgTvxaG2iE.eot
INFO: [ app_init ] --START--
INFO: Run Behavior\BuildLiteBehavior [ RunTime:0.000023s ]
INFO: Run Common\Behavior\InitHookBehavior [ RunTime:0.001660s ]
INFO: [ app_init ] --END-- [ RunTime:0.001865s ]
NOTIC: [8] Use of undefined constant IS_AJAX - assumed 'IS_AJAX' E:\Workspace\PHP\QinYun\Application\Common\Common\api.php 第 42 行.

[ 2017-03-16T16:56:07+08:00 ] ::1 /Public/Home/font/cJZKeOuBrn4kERxqtaUH3fY6323mHUZFJMgTvxaG2iE.eot
INFO: [ app_init ] --START--
INFO: Run Behavior\BuildLiteBehavior [ RunTime:0.000022s ]
INFO: Run Common\Behavior\InitHookBehavior [ RunTime:0.004069s ]
INFO: [ app_init ] --END-- [ RunTime:0.004291s ]
NOTIC: [8] Use of undefined constant IS_AJAX - assumed 'IS_AJAX' E:\Workspace\PHP\QinYun\Application\Common\Common\api.php 第 42 行.

[ 2017-03-16T16:56:07+08:00 ] ::1 /Public/Home/css/background.jpg
INFO: [ app_init ] --START--
INFO: Run Behavior\BuildLiteBehavior [ RunTime:0.000034s ]
INFO: Run Common\Behavior\InitHookBehavior [ RunTime:0.002582s ]
INFO: [ app_init ] --END-- [ RunTime:0.002847s ]
NOTIC: [8] Use of undefined constant IS_AJAX - assumed 'IS_AJAX' E:\Workspace\PHP\QinYun\Application\Common\Common\api.php 第 42 行.

[ 2017-03-16T16:56:42+08:00 ] ::1 /Public/Home/css/background.jpg
INFO: [ app_init ] --START--
INFO: Run Behavior\BuildLiteBehavior [ RunTime:0.000019s ]
INFO: Run Common\Behavior\InitHookBehavior [ RunTime:0.001826s ]
INFO: [ app_init ] --END-- [ RunTime:0.001997s ]
NOTIC: [8] Use of undefined constant IS_AJAX - assumed 'IS_AJAX' E:\Workspace\PHP\QinYun\Application\Common\Common\api.php 第 42 行.

[ 2017-03-16T16:56:42+08:00 ] ::1 /Public/Home/font/cJZKeOuBrn4kERxqtaUH3fY6323mHUZFJMgTvxaG2iE.eot
INFO: [ app_init ] --START--
INFO: Run Behavior\BuildLiteBehavior [ RunTime:0.000019s ]
INFO: Run Common\Behavior\InitHookBehavior [ RunTime:0.001782s ]
INFO: [ app_init ] --END-- [ RunTime:0.001938s ]
NOTIC: [8] Use of undefined constant IS_AJAX - assumed 'IS_AJAX' E:\Workspace\PHP\QinYun\Application\Common\Common\api.php 第 42 行.

[ 2017-03-16T16:58:25+08:00 ] ::1 /Public/Home/css/background.jpg
INFO: [ app_init ] --START--
INFO: Run Behavior\BuildLiteBehavior [ RunTime:0.000032s ]
INFO: Run Common\Behavior\InitHookBehavior [ RunTime:0.002616s ]
INFO: [ app_init ] --END-- [ RunTime:0.002866s ]
NOTIC: [8] Use of undefined constant IS_AJAX - assumed 'IS_AJAX' E:\Workspace\PHP\QinYun\Application\Common\Common\api.php 第 42 行.

[ 2017-03-16T16:58:26+08:00 ] ::1 /Public/Home/font/cJZKeOuBrn4kERxqtaUH3fY6323mHUZFJMgTvxaG2iE.eot
INFO: [ app_init ] --START--
INFO: Run Behavior\BuildLiteBehavior [ RunTime:0.000037s ]
INFO: Run Common\Behavior\InitHookBehavior [ RunTime:0.002837s ]
INFO: [ app_init ] --END-- [ RunTime:0.003508s ]
NOTIC: [8] Use of undefined constant IS_AJAX - assumed 'IS_AJAX' E:\Workspace\PHP\QinYun\Application\Common\Common\api.php 第 42 行.

[ 2017-03-16T16:59:48+08:00 ] ::1 /Public/Home/css/background.jpg
INFO: [ app_init ] --START--
INFO: Run Behavior\BuildLiteBehavior [ RunTime:0.000018s ]
INFO: Run Common\Behavior\InitHookBehavior [ RunTime:0.001700s ]
INFO: [ app_init ] --END-- [ RunTime:0.001841s ]
NOTIC: [8] Use of undefined constant IS_AJAX - assumed 'IS_AJAX' E:\Workspace\PHP\QinYun\Application\Common\Common\api.php 第 42 行.

[ 2017-03-16T16:59:48+08:00 ] ::1 /Public/Home/font/cJZKeOuBrn4kERxqtaUH3fY6323mHUZFJMgTvxaG2iE.eot
INFO: [ app_init ] --START--
INFO: Run Behavior\BuildLiteBehavior [ RunTime:0.000029s ]
INFO: Run Common\Behavior\InitHookBehavior [ RunTime:0.002235s ]
INFO: [ app_init ] --END-- [ RunTime:0.002468s ]
NOTIC: [8] Use of undefined constant IS_AJAX - assumed 'IS_AJAX' E:\Workspace\PHP\QinYun\Application\Common\Common\api.php 第 42 行.

[ 2017-03-16T17:04:30+08:00 ] ::1 /Public/Home/font/cJZKeOuBrn4kERxqtaUH3fY6323mHUZFJMgTvxaG2iE.eot
INFO: [ app_init ] --START--
INFO: Run Behavior\BuildLiteBehavior [ RunTime:0.000021s ]
INFO: Run Common\Behavior\InitHookBehavior [ RunTime:0.001357s ]
INFO: [ app_init ] --END-- [ RunTime:0.001521s ]
NOTIC: [8] Use of undefined constant IS_AJAX - assumed 'IS_AJAX' E:\Workspace\PHP\QinYun\Application\Common\Common\api.php 第 42 行.

[ 2017-03-16T17:04:30+08:00 ] ::1 /Public/Home/css/background.jpg
INFO: [ app_init ] --START--
INFO: Run Behavior\BuildLiteBehavior [ RunTime:0.000020s ]
INFO: Run Common\Behavior\InitHookBehavior [ RunTime:0.001900s ]
INFO: [ app_init ] --END-- [ RunTime:0.002054s ]
NOTIC: [8] Use of undefined constant IS_AJAX - assumed 'IS_AJAX' E:\Workspace\PHP\QinYun\Application\Common\Common\api.php 第 42 行.

[ 2017-03-16T17:04:40+08:00 ] ::1 /Public/Home/font/cJZKeOuBrn4kERxqtaUH3fY6323mHUZFJMgTvxaG2iE.eot
INFO: [ app_init ] --START--
INFO: Run Behavior\BuildLiteBehavior [ RunTime:0.000028s ]
INFO: Run Common\Behavior\InitHookBehavior [ RunTime:0.001360s ]
INFO: [ app_init ] --END-- [ RunTime:0.001519s ]
NOTIC: [8] Use of undefined constant IS_AJAX - assumed 'IS_AJAX' E:\Workspace\PHP\QinYun\Application\Common\Common\api.php 第 42 行.

[ 2017-03-16T17:04:41+08:00 ] ::1 /Public/Home/css/background.jpg
INFO: [ app_init ] --START--
INFO: Run Behavior\BuildLiteBehavior [ RunTime:0.000028s ]
INFO: Run Common\Behavior\InitHookBehavior [ RunTime:0.001407s ]
INFO: [ app_init ] --END-- [ RunTime:0.001614s ]
NOTIC: [8] Use of undefined constant IS_AJAX - assumed 'IS_AJAX' E:\Workspace\PHP\QinYun\Application\Common\Common\api.php 第 42 行.

[ 2017-03-16T17:05:55+08:00 ] ::1 /Public/Home/font/cJZKeOuBrn4kERxqtaUH3fY6323mHUZFJMgTvxaG2iE.eot
INFO: [ app_init ] --START--
INFO: Run Behavior\BuildLiteBehavior [ RunTime:0.000029s ]
INFO: Run Common\Behavior\InitHookBehavior [ RunTime:0.001897s ]
INFO: [ app_init ] --END-- [ RunTime:0.002131s ]
NOTIC: [8] Use of undefined constant IS_AJAX - assumed 'IS_AJAX' E:\Workspace\PHP\QinYun\Application\Common\Common\api.php 第 42 行.

[ 2017-03-16T17:05:55+08:00 ] ::1 /Public/Home/css/background.jpg
INFO: [ app_init ] --START--
INFO: Run Behavior\BuildLiteBehavior [ RunTime:0.000065s ]
INFO: Run Common\Behavior\InitHookBehavior [ RunTime:0.002858s ]
INFO: [ app_init ] --END-- [ RunTime:0.003096s ]
NOTIC: [8] Use of undefined constant IS_AJAX - assumed 'IS_AJAX' E:\Workspace\PHP\QinYun\Application\Common\Common\api.php 第 42 行.

[ 2017-03-16T17:06:40+08:00 ] ::1 /Public/Home/font/cJZKeOuBrn4kERxqtaUH3fY6323mHUZFJMgTvxaG2iE.eot
INFO: [ app_init ] --START--
INFO: Run Behavior\BuildLiteBehavior [ RunTime:0.000024s ]
INFO: Run Common\Behavior\InitHookBehavior [ RunTime:0.002104s ]
INFO: [ app_init ] --END-- [ RunTime:0.002279s ]
NOTIC: [8] Use of undefined constant IS_AJAX - assumed 'IS_AJAX' E:\Workspace\PHP\QinYun\Application\Common\Common\api.php 第 42 行.

[ 2017-03-16T17:06:40+08:00 ] ::1 /Public/Home/css/background.jpg
INFO: [ app_init ] --START--
INFO: Run Behavior\BuildLiteBehavior [ RunTime:0.000023s ]
INFO: Run Common\Behavior\InitHookBehavior [ RunTime:0.001715s ]
INFO: [ app_init ] --END-- [ RunTime:0.001881s ]
NOTIC: [8] Use of undefined constant IS_AJAX - assumed 'IS_AJAX' E:\Workspace\PHP\QinYun\Application\Common\Common\api.php 第 42 行.

[ 2017-03-16T17:07:17+08:00 ] ::1 /Public/Home/css/background.jpg
INFO: [ app_init ] --START--
INFO: Run Behavior\BuildLiteBehavior [ RunTime:0.000031s ]
INFO: Run Common\Behavior\InitHookBehavior [ RunTime:0.002497s ]
INFO: [ app_init ] --END-- [ RunTime:0.002762s ]
NOTIC: [8] Use of undefined constant IS_AJAX - assumed 'IS_AJAX' E:\Workspace\PHP\QinYun\Application\Common\Common\api.php 第 42 行.

[ 2017-03-16T17:07:17+08:00 ] ::1 /Public/Home/font/cJZKeOuBrn4kERxqtaUH3fY6323mHUZFJMgTvxaG2iE.eot
INFO: [ app_init ] --START--
INFO: Run Behavior\BuildLiteBehavior [ RunTime:0.000029s ]
INFO: Run Common\Behavior\InitHookBehavior [ RunTime:0.002489s ]
INFO: [ app_init ] --END-- [ RunTime:0.002726s ]
NOTIC: [8] Use of undefined constant IS_AJAX - assumed 'IS_AJAX' E:\Workspace\PHP\QinYun\Application\Common\Common\api.php 第 42 行.

[ 2017-03-16T17:08:45+08:00 ] ::1 /Public/Home/font/cJZKeOuBrn4kERxqtaUH3fY6323mHUZFJMgTvxaG2iE.eot
INFO: [ app_init ] --START--
INFO: Run Behavior\BuildLiteBehavior [ RunTime:0.000019s ]
INFO: Run Common\Behavior\InitHookBehavior [ RunTime:0.003505s ]
INFO: [ app_init ] --END-- [ RunTime:0.003686s ]
NOTIC: [8] Use of undefined constant IS_AJAX - assumed 'IS_AJAX' E:\Workspace\PHP\QinYun\Application\Common\Common\api.php 第 42 行.

[ 2017-03-16T17:08:45+08:00 ] ::1 /Public/Home/css/background.jpg
INFO: [ app_init ] --START--
INFO: Run Behavior\BuildLiteBehavior [ RunTime:0.000020s ]
INFO: Run Common\Behavior\InitHookBehavior [ RunTime:0.001545s ]
INFO: [ app_init ] --END-- [ RunTime:0.001693s ]
NOTIC: [8] Use of undefined constant IS_AJAX - assumed 'IS_AJAX' E:\Workspace\PHP\QinYun\Application\Common\Common\api.php 第 42 行.

[ 2017-03-16T17:09:02+08:00 ] ::1 /Public/Home/css/background.jpg
INFO: [ app_init ] --START--
INFO: Run Behavior\BuildLiteBehavior [ RunTime:0.000019s ]
INFO: Run Common\Behavior\InitHookBehavior [ RunTime:0.003275s ]
INFO: [ app_init ] --END-- [ RunTime:0.003431s ]
NOTIC: [8] Use of undefined constant IS_AJAX - assumed 'IS_AJAX' E:\Workspace\PHP\QinYun\Application\Common\Common\api.php 第 42 行.

[ 2017-03-16T17:09:02+08:00 ] ::1 /Public/Home/font/cJZKeOuBrn4kERxqtaUH3fY6323mHUZFJMgTvxaG2iE.eot
INFO: [ app_init ] --START--
INFO: Run Behavior\BuildLiteBehavior [ RunTime:0.000020s ]
INFO: Run Common\Behavior\InitHookBehavior [ RunTime:0.002643s ]
INFO: [ app_init ] --END-- [ RunTime:0.002837s ]
NOTIC: [8] Use of undefined constant IS_AJAX - assumed 'IS_AJAX' E:\Workspace\PHP\QinYun\Application\Common\Common\api.php 第 42 行.

[ 2017-03-16T17:09:20+08:00 ] ::1 /Public/Home/css/background.jpg
INFO: [ app_init ] --START--
INFO: Run Behavior\BuildLiteBehavior [ RunTime:0.000030s ]
INFO: Run Common\Behavior\InitHookBehavior [ RunTime:0.002054s ]
INFO: [ app_init ] --END-- [ RunTime:0.002263s ]
NOTIC: [8] Use of undefined constant IS_AJAX - assumed 'IS_AJAX' E:\Workspace\PHP\QinYun\Application\Common\Common\api.php 第 42 行.

[ 2017-03-16T17:09:20+08:00 ] ::1 /Public/Home/font/cJZKeOuBrn4kERxqtaUH3fY6323mHUZFJMgTvxaG2iE.eot
INFO: [ app_init ] --START--
INFO: Run Behavior\BuildLiteBehavior [ RunTime:0.000020s ]
INFO: Run Common\Behavior\InitHookBehavior [ RunTime:0.002082s ]
INFO: [ app_init ] --END-- [ RunTime:0.002241s ]
NOTIC: [8] Use of undefined constant IS_AJAX - assumed 'IS_AJAX' E:\Workspace\PHP\QinYun\Application\Common\Common\api.php 第 42 行.

[ 2017-03-16T17:09:50+08:00 ] ::1 /Public/Home/css/background.jpg
INFO: [ app_init ] --START--
INFO: Run Behavior\BuildLiteBehavior [ RunTime:0.000030s ]
INFO: Run Common\Behavior\InitHookBehavior [ RunTime:0.002289s ]
INFO: [ app_init ] --END-- [ RunTime:0.002513s ]
NOTIC: [8] Use of undefined constant IS_AJAX - assumed 'IS_AJAX' E:\Workspace\PHP\QinYun\Application\Common\Common\api.php 第 42 行.

[ 2017-03-16T17:09:50+08:00 ] ::1 /Public/Home/font/cJZKeOuBrn4kERxqtaUH3fY6323mHUZFJMgTvxaG2iE.eot
INFO: [ app_init ] --START--
INFO: Run Behavior\BuildLiteBehavior [ RunTime:0.000020s ]
INFO: Run Common\Behavior\InitHookBehavior [ RunTime:0.001864s ]
INFO: [ app_init ] --END-- [ RunTime:0.002041s ]
NOTIC: [8] Use of undefined constant IS_AJAX - assumed 'IS_AJAX' E:\Workspace\PHP\QinYun\Application\Common\Common\api.php 第 42 行.

[ 2017-03-16T17:10:16+08:00 ] ::1 /Public/Home/font/cJZKeOuBrn4kERxqtaUH3fY6323mHUZFJMgTvxaG2iE.eot
INFO: [ app_init ] --START--
INFO: Run Behavior\BuildLiteBehavior [ RunTime:0.000019s ]
INFO: Run Common\Behavior\InitHookBehavior [ RunTime:0.002113s ]
INFO: [ app_init ] --END-- [ RunTime:0.002271s ]
NOTIC: [8] Use of undefined constant IS_AJAX - assumed 'IS_AJAX' E:\Workspace\PHP\QinYun\Application\Common\Common\api.php 第 42 行.

[ 2017-03-16T17:10:16+08:00 ] ::1 /Public/Home/css/background.jpg
INFO: [ app_init ] --START--
INFO: Run Behavior\BuildLiteBehavior [ RunTime:0.000030s ]
INFO: Run Common\Behavior\InitHookBehavior [ RunTime:0.002613s ]
INFO: [ app_init ] --END-- [ RunTime:0.002841s ]
NOTIC: [8] Use of undefined constant IS_AJAX - assumed 'IS_AJAX' E:\Workspace\PHP\QinYun\Application\Common\Common\api.php 第 42 行.

[ 2017-03-16T17:11:18+08:00 ] ::1 /Public/Home/css/background.jpg
INFO: [ app_init ] --START--
INFO: Run Behavior\BuildLiteBehavior [ RunTime:0.000019s ]
INFO: Run Common\Behavior\InitHookBehavior [ RunTime:0.001778s ]
INFO: [ app_init ] --END-- [ RunTime:0.001930s ]
NOTIC: [8] Use of undefined constant IS_AJAX - assumed 'IS_AJAX' E:\Workspace\PHP\QinYun\Application\Common\Common\api.php 第 42 行.

[ 2017-03-16T17:11:18+08:00 ] ::1 /Public/Home/font/cJZKeOuBrn4kERxqtaUH3fY6323mHUZFJMgTvxaG2iE.eot
INFO: [ app_init ] --START--
INFO: Run Behavior\BuildLiteBehavior [ RunTime:0.000020s ]
INFO: Run Common\Behavior\InitHookBehavior [ RunTime:0.002116s ]
INFO: [ app_init ] --END-- [ RunTime:0.002276s ]
NOTIC: [8] Use of undefined constant IS_AJAX - assumed 'IS_AJAX' E:\Workspace\PHP\QinYun\Application\Common\Common\api.php 第 42 行.

[ 2017-03-16T17:12:29+08:00 ] ::1 /Public/Home/font/cJZKeOuBrn4kERxqtaUH3fY6323mHUZFJMgTvxaG2iE.eot
INFO: [ app_init ] --START--
INFO: Run Behavior\BuildLiteBehavior [ RunTime:0.000031s ]
INFO: Run Common\Behavior\InitHookBehavior [ RunTime:0.001942s ]
INFO: [ app_init ] --END-- [ RunTime:0.002208s ]
NOTIC: [8] Use of undefined constant IS_AJAX - assumed 'IS_AJAX' E:\Workspace\PHP\QinYun\Application\Common\Common\api.php 第 42 行.

[ 2017-03-16T17:12:29+08:00 ] ::1 /Public/Home/css/background.jpg
INFO: [ app_init ] --START--
INFO: Run Behavior\BuildLiteBehavior [ RunTime:0.000019s ]
INFO: Run Common\Behavior\InitHookBehavior [ RunTime:0.001970s ]
INFO: [ app_init ] --END-- [ RunTime:0.002117s ]
NOTIC: [8] Use of undefined constant IS_AJAX - assumed 'IS_AJAX' E:\Workspace\PHP\QinYun\Application\Common\Common\api.php 第 42 行.

[ 2017-03-16T17:15:25+08:00 ] ::1 /Public/Home/font/cJZKeOuBrn4kERxqtaUH3fY6323mHUZFJMgTvxaG2iE.eot
INFO: [ app_init ] --START--
INFO: Run Behavior\BuildLiteBehavior [ RunTime:0.000032s ]
INFO: Run Common\Behavior\InitHookBehavior [ RunTime:0.001735s ]
INFO: [ app_init ] --END-- [ RunTime:0.001962s ]
NOTIC: [8] Use of undefined constant IS_AJAX - assumed 'IS_AJAX' E:\Workspace\PHP\QinYun\Application\Common\Common\api.php 第 42 行.

[ 2017-03-16T17:15:25+08:00 ] ::1 /Public/Home/css/background.jpg
INFO: [ app_init ] --START--
INFO: Run Behavior\BuildLiteBehavior [ RunTime:0.000028s ]
INFO: Run Common\Behavior\InitHookBehavior [ RunTime:0.002084s ]
INFO: [ app_init ] --END-- [ RunTime:0.002291s ]
NOTIC: [8] Use of undefined constant IS_AJAX - assumed 'IS_AJAX' E:\Workspace\PHP\QinYun\Application\Common\Common\api.php 第 42 行.

[ 2017-03-16T17:16:00+08:00 ] ::1 /Public/Home/css/background.jpg
INFO: [ app_init ] --START--
INFO: Run Behavior\BuildLiteBehavior [ RunTime:0.000031s ]
INFO: Run Common\Behavior\InitHookBehavior [ RunTime:0.002004s ]
INFO: [ app_init ] --END-- [ RunTime:0.002239s ]
NOTIC: [8] Use of undefined constant IS_AJAX - assumed 'IS_AJAX' E:\Workspace\PHP\QinYun\Application\Common\Common\api.php 第 42 行.

[ 2017-03-16T17:16:00+08:00 ] ::1 /Public/Home/font/cJZKeOuBrn4kERxqtaUH3fY6323mHUZFJMgTvxaG2iE.eot
INFO: [ app_init ] --START--
INFO: Run Behavior\BuildLiteBehavior [ RunTime:0.000031s ]
INFO: Run Common\Behavior\InitHookBehavior [ RunTime:0.002719s ]
INFO: [ app_init ] --END-- [ RunTime:0.002966s ]
NOTIC: [8] Use of undefined constant IS_AJAX - assumed 'IS_AJAX' E:\Workspace\PHP\QinYun\Application\Common\Common\api.php 第 42 行.

[ 2017-03-16T17:16:33+08:00 ] ::1 /Public/Home/css/background.jpg
INFO: [ app_init ] --START--
INFO: Run Behavior\BuildLiteBehavior [ RunTime:0.000028s ]
INFO: Run Common\Behavior\InitHookBehavior [ RunTime:0.001838s ]
INFO: [ app_init ] --END-- [ RunTime:0.002068s ]
NOTIC: [8] Use of undefined constant IS_AJAX - assumed 'IS_AJAX' E:\Workspace\PHP\QinYun\Application\Common\Common\api.php 第 42 行.

[ 2017-03-16T17:16:33+08:00 ] ::1 /Public/Home/font/cJZKeOuBrn4kERxqtaUH3fY6323mHUZFJMgTvxaG2iE.eot
INFO: [ app_init ] --START--
INFO: Run Behavior\BuildLiteBehavior [ RunTime:0.000019s ]
INFO: Run Common\Behavior\InitHookBehavior [ RunTime:0.003087s ]
INFO: [ app_init ] --END-- [ RunTime:0.003280s ]
NOTIC: [8] Use of undefined constant IS_AJAX - assumed 'IS_AJAX' E:\Workspace\PHP\QinYun\Application\Common\Common\api.php 第 42 行.

[ 2017-03-16T17:17:10+08:00 ] ::1 /Public/Home/css/background.jpg
INFO: [ app_init ] --START--
INFO: Run Behavior\BuildLiteBehavior [ RunTime:0.000018s ]
INFO: Run Common\Behavior\InitHookBehavior [ RunTime:0.001344s ]
INFO: [ app_init ] --END-- [ RunTime:0.001487s ]
NOTIC: [8] Use of undefined constant IS_AJAX - assumed 'IS_AJAX' E:\Workspace\PHP\QinYun\Application\Common\Common\api.php 第 42 行.

[ 2017-03-16T17:17:10+08:00 ] ::1 /Public/Home/font/cJZKeOuBrn4kERxqtaUH3fY6323mHUZFJMgTvxaG2iE.eot
INFO: [ app_init ] --START--
INFO: Run Behavior\BuildLiteBehavior [ RunTime:0.000019s ]
INFO: Run Common\Behavior\InitHookBehavior [ RunTime:0.001313s ]
INFO: [ app_init ] --END-- [ RunTime:0.001463s ]
NOTIC: [8] Use of undefined constant IS_AJAX - assumed 'IS_AJAX' E:\Workspace\PHP\QinYun\Application\Common\Common\api.php 第 42 行.

[ 2017-03-16T17:17:20+08:00 ] ::1 /Public/Home/font/cJZKeOuBrn4kERxqtaUH3fY6323mHUZFJMgTvxaG2iE.eot
INFO: [ app_init ] --START--
INFO: Run Behavior\BuildLiteBehavior [ RunTime:0.000018s ]
INFO: Run Common\Behavior\InitHookBehavior [ RunTime:0.001284s ]
INFO: [ app_init ] --END-- [ RunTime:0.001428s ]
NOTIC: [8] Use of undefined constant IS_AJAX - assumed 'IS_AJAX' E:\Workspace\PHP\QinYun\Application\Common\Common\api.php 第 42 行.

[ 2017-03-16T17:17:21+08:00 ] ::1 /Public/Home/css/background.jpg
INFO: [ app_init ] --START--
INFO: Run Behavior\BuildLiteBehavior [ RunTime:0.000018s ]
INFO: Run Common\Behavior\InitHookBehavior [ RunTime:0.001228s ]
INFO: [ app_init ] --END-- [ RunTime:0.001363s ]
NOTIC: [8] Use of undefined constant IS_AJAX - assumed 'IS_AJAX' E:\Workspace\PHP\QinYun\Application\Common\Common\api.php 第 42 行.

[ 2017-03-16T17:17:56+08:00 ] ::1 /Public/Home/css/background.jpg
INFO: [ app_init ] --START--
INFO: Run Behavior\BuildLiteBehavior [ RunTime:0.000019s ]
INFO: Run Common\Behavior\InitHookBehavior [ RunTime:0.001351s ]
INFO: [ app_init ] --END-- [ RunTime:0.001500s ]
NOTIC: [8] Use of undefined constant IS_AJAX - assumed 'IS_AJAX' E:\Workspace\PHP\QinYun\Application\Common\Common\api.php 第 42 行.

[ 2017-03-16T17:17:56+08:00 ] ::1 /Public/Home/font/cJZKeOuBrn4kERxqtaUH3fY6323mHUZFJMgTvxaG2iE.eot
INFO: [ app_init ] --START--
INFO: Run Behavior\BuildLiteBehavior [ RunTime:0.000019s ]
INFO: Run Common\Behavior\InitHookBehavior [ RunTime:0.001356s ]
INFO: [ app_init ] --END-- [ RunTime:0.001512s ]
NOTIC: [8] Use of undefined constant IS_AJAX - assumed 'IS_AJAX' E:\Workspace\PHP\QinYun\Application\Common\Common\api.php 第 42 行.

[ 2017-03-16T17:18:14+08:00 ] ::1 /Public/Home/css/background.jpg
INFO: [ app_init ] --START--
INFO: Run Behavior\BuildLiteBehavior [ RunTime:0.000018s ]
INFO: Run Common\Behavior\InitHookBehavior [ RunTime:0.001318s ]
INFO: [ app_init ] --END-- [ RunTime:0.001462s ]
NOTIC: [8] Use of undefined constant IS_AJAX - assumed 'IS_AJAX' E:\Workspace\PHP\QinYun\Application\Common\Common\api.php 第 42 行.

[ 2017-03-16T17:18:14+08:00 ] ::1 /Public/Home/font/cJZKeOuBrn4kERxqtaUH3fY6323mHUZFJMgTvxaG2iE.eot
INFO: [ app_init ] --START--
INFO: Run Behavior\BuildLiteBehavior [ RunTime:0.000019s ]
INFO: Run Common\Behavior\InitHookBehavior [ RunTime:0.001720s ]
INFO: [ app_init ] --END-- [ RunTime:0.001901s ]
NOTIC: [8] Use of undefined constant IS_AJAX - assumed 'IS_AJAX' E:\Workspace\PHP\QinYun\Application\Common\Common\api.php 第 42 行.

[ 2017-03-16T17:19:28+08:00 ] ::1 /Public/Home/css/background.jpg
INFO: [ app_init ] --START--
INFO: Run Behavior\BuildLiteBehavior [ RunTime:0.000028s ]
INFO: Run Common\Behavior\InitHookBehavior [ RunTime:0.002192s ]
INFO: [ app_init ] --END-- [ RunTime:0.002433s ]
NOTIC: [8] Use of undefined constant IS_AJAX - assumed 'IS_AJAX' E:\Workspace\PHP\QinYun\Application\Common\Common\api.php 第 42 行.

[ 2017-03-16T17:19:28+08:00 ] ::1 /Public/Home/font/cJZKeOuBrn4kERxqtaUH3fY6323mHUZFJMgTvxaG2iE.eot
INFO: [ app_init ] --START--
INFO: Run Behavior\BuildLiteBehavior [ RunTime:0.000039s ]
INFO: Run Common\Behavior\InitHookBehavior [ RunTime:0.002817s ]
INFO: [ app_init ] --END-- [ RunTime:0.003117s ]
NOTIC: [8] Use of undefined constant IS_AJAX - assumed 'IS_AJAX' E:\Workspace\PHP\QinYun\Application\Common\Common\api.php 第 42 行.

[ 2017-03-16T17:20:08+08:00 ] ::1 /Public/Home/css/background.jpg
INFO: [ app_init ] --START--
INFO: Run Behavior\BuildLiteBehavior [ RunTime:0.000019s ]
INFO: Run Common\Behavior\InitHookBehavior [ RunTime:0.001309s ]
INFO: [ app_init ] --END-- [ RunTime:0.001456s ]
NOTIC: [8] Use of undefined constant IS_AJAX - assumed 'IS_AJAX' E:\Workspace\PHP\QinYun\Application\Common\Common\api.php 第 42 行.

[ 2017-03-16T17:20:08+08:00 ] ::1 /Public/Home/font/cJZKeOuBrn4kERxqtaUH3fY6323mHUZFJMgTvxaG2iE.eot
INFO: [ app_init ] --START--
INFO: Run Behavior\BuildLiteBehavior [ RunTime:0.000042s ]
INFO: Run Common\Behavior\InitHookBehavior [ RunTime:0.002026s ]
INFO: [ app_init ] --END-- [ RunTime:0.002345s ]
NOTIC: [8] Use of undefined constant IS_AJAX - assumed 'IS_AJAX' E:\Workspace\PHP\QinYun\Application\Common\Common\api.php 第 42 行.

[ 2017-03-16T17:21:22+08:00 ] ::1 /Public/Home/css/background.jpg
INFO: [ app_init ] --START--
INFO: Run Behavior\BuildLiteBehavior [ RunTime:0.000030s ]
INFO: Run Common\Behavior\InitHookBehavior [ RunTime:0.001443s ]
INFO: [ app_init ] --END-- [ RunTime:0.001659s ]
NOTIC: [8] Use of undefined constant IS_AJAX - assumed 'IS_AJAX' E:\Workspace\PHP\QinYun\Application\Common\Common\api.php 第 42 行.

[ 2017-03-16T17:21:22+08:00 ] ::1 /Public/Home/font/cJZKeOuBrn4kERxqtaUH3fY6323mHUZFJMgTvxaG2iE.eot
INFO: [ app_init ] --START--
INFO: Run Behavior\BuildLiteBehavior [ RunTime:0.000020s ]
INFO: Run Common\Behavior\InitHookBehavior [ RunTime:0.001811s ]
INFO: [ app_init ] --END-- [ RunTime:0.001997s ]
NOTIC: [8] Use of undefined constant IS_AJAX - assumed 'IS_AJAX' E:\Workspace\PHP\QinYun\Application\Common\Common\api.php 第 42 行.

[ 2017-03-16T17:22:36+08:00 ] ::1 /Public/Home/css/background.jpg
INFO: [ app_init ] --START--
INFO: Run Behavior\BuildLiteBehavior [ RunTime:0.000019s ]
INFO: Run Common\Behavior\InitHookBehavior [ RunTime:0.001279s ]
INFO: [ app_init ] --END-- [ RunTime:0.001424s ]
NOTIC: [8] Use of undefined constant IS_AJAX - assumed 'IS_AJAX' E:\Workspace\PHP\QinYun\Application\Common\Common\api.php 第 42 行.

[ 2017-03-16T17:22:36+08:00 ] ::1 /Public/Home/font/cJZKeOuBrn4kERxqtaUH3fY6323mHUZFJMgTvxaG2iE.eot
INFO: [ app_init ] --START--
INFO: Run Behavior\BuildLiteBehavior [ RunTime:0.000032s ]
INFO: Run Common\Behavior\InitHookBehavior [ RunTime:0.002022s ]
INFO: [ app_init ] --END-- [ RunTime:0.002244s ]
NOTIC: [8] Use of undefined constant IS_AJAX - assumed 'IS_AJAX' E:\Workspace\PHP\QinYun\Application\Common\Common\api.php 第 42 行.

[ 2017-03-16T17:23:08+08:00 ] ::1 /Public/Home/css/background.jpg
INFO: [ app_init ] --START--
INFO: Run Behavior\BuildLiteBehavior [ RunTime:0.000055s ]
INFO: Run Common\Behavior\InitHookBehavior [ RunTime:0.001803s ]
INFO: [ app_init ] --END-- [ RunTime:0.002018s ]
NOTIC: [8] Use of undefined constant IS_AJAX - assumed 'IS_AJAX' E:\Workspace\PHP\QinYun\Application\Common\Common\api.php 第 42 行.

[ 2017-03-16T17:23:08+08:00 ] ::1 /Public/Home/font/cJZKeOuBrn4kERxqtaUH3fY6323mHUZFJMgTvxaG2iE.eot
INFO: [ app_init ] --START--
INFO: Run Behavior\BuildLiteBehavior [ RunTime:0.000019s ]
INFO: Run Common\Behavior\InitHookBehavior [ RunTime:0.002303s ]
INFO: [ app_init ] --END-- [ RunTime:0.002512s ]
NOTIC: [8] Use of undefined constant IS_AJAX - assumed 'IS_AJAX' E:\Workspace\PHP\QinYun\Application\Common\Common\api.php 第 42 行.

[ 2017-03-16T17:23:30+08:00 ] ::1 /Public/Home/css/background.jpg
INFO: [ app_init ] --START--
INFO: Run Behavior\BuildLiteBehavior [ RunTime:0.000020s ]
INFO: Run Common\Behavior\InitHookBehavior [ RunTime:0.001742s ]
INFO: [ app_init ] --END-- [ RunTime:0.001895s ]
NOTIC: [8] Use of undefined constant IS_AJAX - assumed 'IS_AJAX' E:\Workspace\PHP\QinYun\Application\Common\Common\api.php 第 42 行.

[ 2017-03-16T17:23:30+08:00 ] ::1 /Public/Home/font/cJZKeOuBrn4kERxqtaUH3fY6323mHUZFJMgTvxaG2iE.eot
INFO: [ app_init ] --START--
INFO: Run Behavior\BuildLiteBehavior [ RunTime:0.000032s ]
INFO: Run Common\Behavior\InitHookBehavior [ RunTime:0.002533s ]
INFO: [ app_init ] --END-- [ RunTime:0.002784s ]
NOTIC: [8] Use of undefined constant IS_AJAX - assumed 'IS_AJAX' E:\Workspace\PHP\QinYun\Application\Common\Common\api.php 第 42 行.

[ 2017-03-16T17:24:07+08:00 ] ::1 /Public/Home/font/cJZKeOuBrn4kERxqtaUH3fY6323mHUZFJMgTvxaG2iE.eot
INFO: [ app_init ] --START--
INFO: Run Behavior\BuildLiteBehavior [ RunTime:0.000019s ]
INFO: Run Common\Behavior\InitHookBehavior [ RunTime:0.001265s ]
INFO: [ app_init ] --END-- [ RunTime:0.001411s ]
NOTIC: [8] Use of undefined constant IS_AJAX - assumed 'IS_AJAX' E:\Workspace\PHP\QinYun\Application\Common\Common\api.php 第 42 行.

[ 2017-03-16T17:24:11+08:00 ] ::1 /Public/Home/css/background.jpg
INFO: [ app_init ] --START--
INFO: Run Behavior\BuildLiteBehavior [ RunTime:0.000030s ]
INFO: Run Common\Behavior\InitHookBehavior [ RunTime:0.002271s ]
INFO: [ app_init ] --END-- [ RunTime:0.002581s ]
NOTIC: [8] Use of undefined constant IS_AJAX - assumed 'IS_AJAX' E:\Workspace\PHP\QinYun\Application\Common\Common\api.php 第 42 行.

[ 2017-03-16T17:24:31+08:00 ] ::1 /Public/Home/css/background.jpg
INFO: [ app_init ] --START--
INFO: Run Behavior\BuildLiteBehavior [ RunTime:0.000019s ]
INFO: Run Common\Behavior\InitHookBehavior [ RunTime:0.001257s ]
INFO: [ app_init ] --END-- [ RunTime:0.001400s ]
NOTIC: [8] Use of undefined constant IS_AJAX - assumed 'IS_AJAX' E:\Workspace\PHP\QinYun\Application\Common\Common\api.php 第 42 行.

[ 2017-03-16T17:24:31+08:00 ] ::1 /Public/Home/font/cJZKeOuBrn4kERxqtaUH3fY6323mHUZFJMgTvxaG2iE.eot
INFO: [ app_init ] --START--
INFO: Run Behavior\BuildLiteBehavior [ RunTime:0.000039s ]
INFO: Run Common\Behavior\InitHookBehavior [ RunTime:0.002669s ]
INFO: [ app_init ] --END-- [ RunTime:0.002940s ]
NOTIC: [8] Use of undefined constant IS_AJAX - assumed 'IS_AJAX' E:\Workspace\PHP\QinYun\Application\Common\Common\api.php 第 42 行.

[ 2017-03-16T17:24:58+08:00 ] ::1 /Public/Home/css/background.jpg
INFO: [ app_init ] --START--
INFO: Run Behavior\BuildLiteBehavior [ RunTime:0.000028s ]
INFO: Run Common\Behavior\InitHookBehavior [ RunTime:0.001776s ]
INFO: [ app_init ] --END-- [ RunTime:0.001980s ]
NOTIC: [8] Use of undefined constant IS_AJAX - assumed 'IS_AJAX' E:\Workspace\PHP\QinYun\Application\Common\Common\api.php 第 42 行.

[ 2017-03-16T17:24:58+08:00 ] ::1 /Public/Home/font/cJZKeOuBrn4kERxqtaUH3fY6323mHUZFJMgTvxaG2iE.eot
INFO: [ app_init ] --START--
INFO: Run Behavior\BuildLiteBehavior [ RunTime:0.000034s ]
INFO: Run Common\Behavior\InitHookBehavior [ RunTime:0.001844s ]
INFO: [ app_init ] --END-- [ RunTime:0.002109s ]
NOTIC: [8] Use of undefined constant IS_AJAX - assumed 'IS_AJAX' E:\Workspace\PHP\QinYun\Application\Common\Common\api.php 第 42 行.

