[ 2019-09-15T21:29:11+08:00 ] 127.0.0.1 /Public/Home/css/background.jpg
INFO: [ app_init ] --START--
INFO: Run Behavior\BuildLiteBehavior [ RunTime:0.000014s ]
INFO: Run Common\Behavior\InitHookBehavior [ RunTime:0.001937s ]
INFO: [ app_init ] --END-- [ RunTime:0.002044s ]
NOTIC: [8] Use of undefined constant IS_AJAX - assumed 'IS_AJAX' E:\Workspace\PHP\QingYun\Application\Common\Common\api.php 第 42 行.

[ 2019-09-15T21:29:12+08:00 ] 127.0.0.1 /img/favicon.png
INFO: [ app_init ] --START--
INFO: Run Behavior\BuildLiteBehavior [ RunTime:0.000007s ]
INFO: Run Common\Behavior\InitHookBehavior [ RunTime:0.001203s ]
INFO: [ app_init ] --END-- [ RunTime:0.001249s ]
NOTIC: [8] Use of undefined constant IS_AJAX - assumed 'IS_AJAX' E:\Workspace\PHP\QingYun\Application\Common\Common\api.php 第 42 行.

[ 2019-09-15T21:29:41+08:00 ] 127.0.0.1 /Public/Home/css/background.jpg
INFO: [ app_init ] --START--
INFO: Run Behavior\BuildLiteBehavior [ RunTime:0.000006s ]
INFO: Run Common\Behavior\InitHookBehavior [ RunTime:0.001207s ]
INFO: [ app_init ] --END-- [ RunTime:0.001297s ]
NOTIC: [8] Use of undefined constant IS_AJAX - assumed 'IS_AJAX' E:\Workspace\PHP\QingYun\Application\Common\Common\api.php 第 42 行.

[ 2019-09-15T21:29:48+08:00 ] 127.0.0.1 /Public/Home/css/background.jpg
INFO: [ app_init ] --START--
INFO: Run Behavior\BuildLiteBehavior [ RunTime:0.000007s ]
INFO: Run Common\Behavior\InitHookBehavior [ RunTime:0.001195s ]
INFO: [ app_init ] --END-- [ RunTime:0.001242s ]
NOTIC: [8] Use of undefined constant IS_AJAX - assumed 'IS_AJAX' E:\Workspace\PHP\QingYun\Application\Common\Common\api.php 第 42 行.

[ 2019-09-15T21:30:05+08:00 ] 127.0.0.1 /Public/Home/css/background.jpg
INFO: [ app_init ] --START--
INFO: Run Behavior\BuildLiteBehavior [ RunTime:0.000007s ]
INFO: Run Common\Behavior\InitHookBehavior [ RunTime:0.001493s ]
INFO: [ app_init ] --END-- [ RunTime:0.001546s ]
NOTIC: [8] Use of undefined constant IS_AJAX - assumed 'IS_AJAX' E:\Workspace\PHP\QingYun\Application\Common\Common\api.php 第 42 行.

[ 2019-09-15T21:30:14+08:00 ] 127.0.0.1 /Public/Home/css/background.jpg
INFO: [ app_init ] --START--
INFO: Run Behavior\BuildLiteBehavior [ RunTime:0.000005s ]
INFO: Run Common\Behavior\InitHookBehavior [ RunTime:0.001219s ]
INFO: [ app_init ] --END-- [ RunTime:0.001267s ]
NOTIC: [8] Use of undefined constant IS_AJAX - assumed 'IS_AJAX' E:\Workspace\PHP\QingYun\Application\Common\Common\api.php 第 42 行.

[ 2019-09-15T21:30:18+08:00 ] 127.0.0.1 /Public/Home/css/background.jpg
INFO: [ app_init ] --START--
INFO: Run Behavior\BuildLiteBehavior [ RunTime:0.000020s ]
INFO: Run Common\Behavior\InitHookBehavior [ RunTime:0.001590s ]
INFO: [ app_init ] --END-- [ RunTime:0.001671s ]
NOTIC: [8] Use of undefined constant IS_AJAX - assumed 'IS_AJAX' E:\Workspace\PHP\QingYun\Application\Common\Common\api.php 第 42 行.

[ 2019-09-15T21:30:24+08:00 ] 127.0.0.1 /Public/Home/css/background.jpg
INFO: [ app_init ] --START--
INFO: Run Behavior\BuildLiteBehavior [ RunTime:0.000005s ]
INFO: Run Common\Behavior\InitHookBehavior [ RunTime:0.001064s ]
INFO: [ app_init ] --END-- [ RunTime:0.001105s ]
NOTIC: [8] Use of undefined constant IS_AJAX - assumed 'IS_AJAX' E:\Workspace\PHP\QingYun\Application\Common\Common\api.php 第 42 行.

[ 2019-09-15T21:30:28+08:00 ] 127.0.0.1 /Public/Home/css/background.jpg
INFO: [ app_init ] --START--
INFO: Run Behavior\BuildLiteBehavior [ RunTime:0.000010s ]
INFO: Run Common\Behavior\InitHookBehavior [ RunTime:0.001908s ]
INFO: [ app_init ] --END-- [ RunTime:0.001992s ]
NOTIC: [8] Use of undefined constant IS_AJAX - assumed 'IS_AJAX' E:\Workspace\PHP\QingYun\Application\Common\Common\api.php 第 42 行.

[ 2019-09-15T21:40:58+08:00 ] 127.0.0.1 /Public/favicon.ico
INFO: [ app_init ] --START--
INFO: Run Behavior\BuildLiteBehavior [ RunTime:0.000009s ]
INFO: Run Common\Behavior\InitHookBehavior [ RunTime:0.001842s ]
INFO: [ app_init ] --END-- [ RunTime:0.001920s ]
NOTIC: [8] Use of undefined constant IS_AJAX - assumed 'IS_AJAX' E:\Workspace\PHP\QingYun\Application\Common\Common\api.php 第 42 行.

[ 2019-09-15T21:41:12+08:00 ] 127.0.0.1 /Public/favicon.ico
INFO: [ app_init ] --START--
INFO: Run Behavior\BuildLiteBehavior [ RunTime:0.000023s ]
INFO: Run Common\Behavior\InitHookBehavior [ RunTime:0.002091s ]
INFO: [ app_init ] --END-- [ RunTime:0.002192s ]
NOTIC: [8] Use of undefined constant IS_AJAX - assumed 'IS_AJAX' E:\Workspace\PHP\QingYun\Application\Common\Common\api.php 第 42 行.

[ 2019-09-15T21:43:17+08:00 ] 127.0.0.1 /Public/favicon.ico
INFO: [ app_init ] --START--
INFO: Run Behavior\BuildLiteBehavior [ RunTime:0.000006s ]
INFO: Run Common\Behavior\InitHookBehavior [ RunTime:0.001427s ]
INFO: [ app_init ] --END-- [ RunTime:0.001485s ]
NOTIC: [8] Use of undefined constant IS_AJAX - assumed 'IS_AJAX' E:\Workspace\PHP\QingYun\Application\Common\Common\api.php 第 42 行.

[ 2019-09-15T21:43:23+08:00 ] 127.0.0.1 /Public/favicon.ico
INFO: [ app_init ] --START--
INFO: Run Behavior\BuildLiteBehavior [ RunTime:0.000011s ]
INFO: Run Common\Behavior\InitHookBehavior [ RunTime:0.001956s ]
INFO: [ app_init ] --END-- [ RunTime:0.002048s ]
NOTIC: [8] Use of undefined constant IS_AJAX - assumed 'IS_AJAX' E:\Workspace\PHP\QingYun\Application\Common\Common\api.php 第 42 行.

[ 2019-09-15T21:43:46+08:00 ] 127.0.0.1 /Public/favicon.ico
INFO: [ app_init ] --START--
INFO: Run Behavior\BuildLiteBehavior [ RunTime:0.000024s ]
INFO: Run Common\Behavior\InitHookBehavior [ RunTime:0.003575s ]
INFO: [ app_init ] --END-- [ RunTime:0.003725s ]
NOTIC: [8] Use of undefined constant IS_AJAX - assumed 'IS_AJAX' E:\Workspace\PHP\QingYun\Application\Common\Common\api.php 第 42 行.

[ 2019-09-15T21:44:20+08:00 ] 127.0.0.1 /Public/favicon.ico
INFO: [ app_init ] --START--
INFO: Run Behavior\BuildLiteBehavior [ RunTime:0.000005s ]
INFO: Run Common\Behavior\InitHookBehavior [ RunTime:0.000990s ]
INFO: [ app_init ] --END-- [ RunTime:0.001040s ]
NOTIC: [8] Use of undefined constant IS_AJAX - assumed 'IS_AJAX' E:\Workspace\PHP\QingYun\Application\Common\Common\api.php 第 42 行.

[ 2019-09-15T21:44:28+08:00 ] 127.0.0.1 /Public/favicon.ico
INFO: [ app_init ] --START--
INFO: Run Behavior\BuildLiteBehavior [ RunTime:0.000007s ]
INFO: Run Common\Behavior\InitHookBehavior [ RunTime:0.001349s ]
INFO: [ app_init ] --END-- [ RunTime:0.001409s ]
NOTIC: [8] Use of undefined constant IS_AJAX - assumed 'IS_AJAX' E:\Workspace\PHP\QingYun\Application\Common\Common\api.php 第 42 行.

[ 2019-09-15T21:44:37+08:00 ] 127.0.0.1 /Public/favicon.ico
INFO: [ app_init ] --START--
INFO: Run Behavior\BuildLiteBehavior [ RunTime:0.000009s ]
INFO: Run Common\Behavior\InitHookBehavior [ RunTime:0.001288s ]
INFO: [ app_init ] --END-- [ RunTime:0.001356s ]
NOTIC: [8] Use of undefined constant IS_AJAX - assumed 'IS_AJAX' E:\Workspace\PHP\QingYun\Application\Common\Common\api.php 第 42 行.

