[ 2019-08-05T18:14:57+08:00 ] 127.0.0.1 /Public/Home/css/background.jpg
INFO: [ app_init ] --START--
INFO: Run Behavior\BuildLiteBehavior [ RunTime:0.000006s ]
INFO: Run Common\Behavior\InitHookBehavior [ RunTime:0.001104s ]
INFO: [ app_init ] --END-- [ RunTime:0.001150s ]
NOTIC: [8] Use of undefined constant IS_AJAX - assumed 'IS_AJAX' E:\Workspace\PHP\QingYun\Application\Common\Common\api.php 第 42 行.

[ 2019-08-05T18:14:58+08:00 ] 127.0.0.1 /img/favicon.png
INFO: [ app_init ] --START--
INFO: Run Behavior\BuildLiteBehavior [ RunTime:0.000012s ]
INFO: Run Common\Behavior\InitHookBehavior [ RunTime:0.000991s ]
INFO: [ app_init ] --END-- [ RunTime:0.001048s ]
NOTIC: [8] Use of undefined constant IS_AJAX - assumed 'IS_AJAX' E:\Workspace\PHP\QingYun\Application\Common\Common\api.php 第 42 行.

[ 2019-08-05T18:15:12+08:00 ] 127.0.0.1 /Public/Home/css/background.jpg
INFO: [ app_init ] --START--
INFO: Run Behavior\BuildLiteBehavior [ RunTime:0.000007s ]
INFO: Run Common\Behavior\InitHookBehavior [ RunTime:0.001768s ]
INFO: [ app_init ] --END-- [ RunTime:0.001828s ]
NOTIC: [8] Use of undefined constant IS_AJAX - assumed 'IS_AJAX' E:\Workspace\PHP\QingYun\Application\Common\Common\api.php 第 42 行.

[ 2019-08-05T18:15:19+08:00 ] 127.0.0.1 /Public/Home/css/background.jpg
INFO: [ app_init ] --START--
INFO: Run Behavior\BuildLiteBehavior [ RunTime:0.000015s ]
INFO: Run Common\Behavior\InitHookBehavior [ RunTime:0.001507s ]
INFO: [ app_init ] --END-- [ RunTime:0.001601s ]
NOTIC: [8] Use of undefined constant IS_AJAX - assumed 'IS_AJAX' E:\Workspace\PHP\QingYun\Application\Common\Common\api.php 第 42 行.

[ 2019-08-05T18:15:23+08:00 ] 127.0.0.1 /Public/Home/css/background.jpg
INFO: [ app_init ] --START--
INFO: Run Behavior\BuildLiteBehavior [ RunTime:0.000007s ]
INFO: Run Common\Behavior\InitHookBehavior [ RunTime:0.004124s ]
INFO: [ app_init ] --END-- [ RunTime:0.004260s ]
NOTIC: [8] Use of undefined constant IS_AJAX - assumed 'IS_AJAX' E:\Workspace\PHP\QingYun\Application\Common\Common\api.php 第 42 行.

[ 2019-08-05T18:15:34+08:00 ] 127.0.0.1 /Public/Home/css/background.jpg
INFO: [ app_init ] --START--
INFO: Run Behavior\BuildLiteBehavior [ RunTime:0.000006s ]
INFO: Run Common\Behavior\InitHookBehavior [ RunTime:0.001392s ]
INFO: [ app_init ] --END-- [ RunTime:0.001540s ]
NOTIC: [8] Use of undefined constant IS_AJAX - assumed 'IS_AJAX' E:\Workspace\PHP\QingYun\Application\Common\Common\api.php 第 42 行.

[ 2019-08-05T18:15:36+08:00 ] 127.0.0.1 /Public/Home/css/background.jpg
INFO: [ app_init ] --START--
INFO: Run Behavior\BuildLiteBehavior [ RunTime:0.000047s ]
INFO: Run Common\Behavior\InitHookBehavior [ RunTime:0.002902s ]
INFO: [ app_init ] --END-- [ RunTime:0.003114s ]
NOTIC: [8] Use of undefined constant IS_AJAX - assumed 'IS_AJAX' E:\Workspace\PHP\QingYun\Application\Common\Common\api.php 第 42 行.

