[ 2017-05-24T17:29:58+08:00 ] ::1 /index.php?s=admin
INFO: [ app_init ] --START--
INFO: Run Behavior\BuildLiteBehavior [ RunTime:0.000009s ]
INFO: Run Common\Behavior\InitHookBehavior [ RunTime:0.074179s ]
INFO: [ app_init ] --END-- [ RunTime:0.074259s ]
INFO: [ app_begin ] --START--
INFO: Run Behavior\ReadHtmlCacheBehavior [ RunTime:0.013478s ]
INFO: [ app_begin ] --END-- [ RunTime:0.013537s ]
NOTIC: [8] Use of undefined constant get_uid - assumed 'get_uid' E:\Workspace\PHP\QingYun\ThinkPHP\Common\functions.php 第 588 行.
SQL: SHOW COLUMNS FROM `menu` [ RunTime:0.0091s ]
SQL: SELECT * FROM `menu` WHERE `status` = 1 AND `pid` = 0 AND `hide` = 0 ORDER BY sort ASC  [ RunTime:0.0007s ]
SQL: SHOW COLUMNS FROM `menu` [ RunTime:0.0038s ]
SQL: SELECT `id` FROM `menu` WHERE `status` = 1 AND `url` LIKE '%Index/index%' LIMIT 1   [ RunTime:0.0003s ]
SQL: SHOW COLUMNS FROM `menu` [ RunTime:0.0039s ]
SQL: SELECT `id`,`pid`,`title`,`group` FROM `menu` WHERE `status` = 1 AND `id` = '1' LIMIT 1   [ RunTime:0.0003s ]
SQL: SHOW COLUMNS FROM `menu` [ RunTime:0.0040s ]
SQL: SELECT DISTINCT  `group` FROM `menu` WHERE ( pid = 1 )  [ RunTime:0.0003s ]
SQL: SELECT `id`,`url` FROM `menu` WHERE `pid` = 1 AND `hide` = 0  [ RunTime:0.0002s ]
SQL: SELECT DISTINCT  `group` FROM `menu` WHERE ( pid = 2 )  [ RunTime:0.0003s ]
SQL: SELECT `id`,`url` FROM `menu` WHERE `pid` = 2 AND `hide` = 0  [ RunTime:0.0003s ]
SQL: SELECT `id`,`pid`,`title`,`group`,`url`,`tip` FROM `menu` WHERE `group` = '用户管理' AND `pid` = 2 AND `hide` = 0 ORDER BY sort asc  [ RunTime:0.0003s ]
SQL: SELECT `id`,`pid`,`title`,`group`,`url`,`tip` FROM `menu` WHERE `group` = '角色管理' AND `pid` = 2 AND `hide` = 0 ORDER BY sort asc  [ RunTime:0.0003s ]
SQL: SELECT DISTINCT  `group` FROM `menu` WHERE ( pid = 97 )  [ RunTime:0.0005s ]
SQL: SELECT `id`,`url` FROM `menu` WHERE `pid` = 97 AND `hide` = 0  [ RunTime:0.0003s ]
SQL: SELECT `id`,`pid`,`title`,`group`,`url`,`tip` FROM `menu` WHERE `group` = '广告管理' AND `pid` = 97 AND `hide` = 0 ORDER BY sort asc  [ RunTime:0.0005s ]
SQL: SELECT `id`,`pid`,`title`,`group`,`url`,`tip` FROM `menu` WHERE `group` = '分类管理' AND `pid` = 97 AND `hide` = 0 ORDER BY sort asc  [ RunTime:0.0003s ]
SQL: SELECT `id`,`pid`,`title`,`group`,`url`,`tip` FROM `menu` WHERE `group` = '项目管理' AND `pid` = 97 AND `hide` = 0 ORDER BY sort asc  [ RunTime:0.0003s ]
SQL: SELECT `id`,`pid`,`title`,`group`,`url`,`tip` FROM `menu` WHERE `group` = '随笔管理' AND `pid` = 97 AND `hide` = 0 ORDER BY sort asc  [ RunTime:0.0003s ]
SQL: SELECT `id`,`pid`,`title`,`group`,`url`,`tip` FROM `menu` WHERE `group` = '服务管理' AND `pid` = 97 AND `hide` = 0 ORDER BY sort asc  [ RunTime:0.0004s ]
SQL: SELECT `id`,`pid`,`title`,`group`,`url`,`tip` FROM `menu` WHERE `group` = '关于管理' AND `pid` = 97 AND `hide` = 0 ORDER BY sort asc  [ RunTime:0.0003s ]
SQL: SELECT `id`,`pid`,`title`,`group`,`url`,`tip` FROM `menu` WHERE `group` = '联系管理' AND `pid` = 97 AND `hide` = 0 ORDER BY sort asc  [ RunTime:0.0003s ]
SQL: SELECT `id`,`pid`,`title`,`group`,`url`,`tip` FROM `menu` WHERE `group` = '标签管理' AND `pid` = 97 AND `hide` = 0 ORDER BY sort asc  [ RunTime:0.0003s ]
SQL: SELECT DISTINCT  `group` FROM `menu` WHERE ( pid = 21 )  [ RunTime:0.0003s ]
SQL: SELECT `id`,`url` FROM `menu` WHERE `pid` = 21 AND `hide` = 0  [ RunTime:0.0003s ]
SQL: SELECT `id`,`pid`,`title`,`group`,`url`,`tip` FROM `menu` WHERE `group` = '插件管理' AND `pid` = 21 AND `hide` = 0 ORDER BY sort asc  [ RunTime:0.0003s ]
SQL: SELECT `id`,`pid`,`title`,`group`,`url`,`tip` FROM `menu` WHERE `group` = '钩子管理' AND `pid` = 21 AND `hide` = 0 ORDER BY sort asc  [ RunTime:0.0003s ]
SQL: SELECT DISTINCT  `group` FROM `menu` WHERE ( pid = 41 )  [ RunTime:0.0003s ]
SQL: SELECT `id`,`url` FROM `menu` WHERE `pid` = 41 AND `hide` = 0  [ RunTime:0.0003s ]
SQL: SELECT `id`,`pid`,`title`,`group`,`url`,`tip` FROM `menu` WHERE `group` = '日志管理' AND `pid` = 41 AND `hide` = 0 ORDER BY sort asc  [ RunTime:0.0003s ]
SQL: SELECT `id`,`pid`,`title`,`group`,`url`,`tip` FROM `menu` WHERE `group` = '行为管理' AND `pid` = 41 AND `hide` = 0 ORDER BY sort asc  [ RunTime:0.0003s ]
SQL: SELECT DISTINCT  `group` FROM `menu` WHERE ( pid = 52 )  [ RunTime:0.0003s ]
SQL: SELECT `id`,`url` FROM `menu` WHERE `pid` = 52 AND `hide` = 0  [ RunTime:0.0003s ]
SQL: SELECT `id`,`pid`,`title`,`group`,`url`,`tip` FROM `menu` WHERE `group` = '配置管理' AND `pid` = 52 AND `hide` = 0 ORDER BY sort asc  [ RunTime:0.0003s ]
SQL: SELECT `id`,`pid`,`title`,`group`,`url`,`tip` FROM `menu` WHERE `group` = '菜单管理' AND `pid` = 52 AND `hide` = 0 ORDER BY sort asc  [ RunTime:0.0003s ]
SQL: SELECT `id`,`pid`,`title`,`group`,`url`,`tip` FROM `menu` WHERE `group` = '备份管理' AND `pid` = 52 AND `hide` = 0 ORDER BY sort asc  [ RunTime:0.0003s ]
SQL: SELECT `id`,`pid`,`title`,`group`,`url`,`tip` FROM `menu` WHERE `group` = '友情链接' AND `pid` = 52 AND `hide` = 0 ORDER BY sort asc  [ RunTime:0.0003s ]
SQL: SELECT `id`,`pid`,`title`,`group`,`url`,`tip` FROM `menu` WHERE `group` = '缓存管理' AND `pid` = 52 AND `hide` = 0 ORDER BY sort asc  [ RunTime:0.0003s ]
SQL: SELECT `id`,`pid`,`title`,`group`,`url`,`tip` FROM `menu` WHERE `group` = 'SEO管理' AND `pid` = 52 AND `hide` = 0 ORDER BY sort asc  [ RunTime:0.0007s ]
SQL: SHOW COLUMNS FROM `menu` [ RunTime:0.0042s ]
SQL: SELECT * FROM `menu` WHERE `status` = 1 AND `url` LIKE '%Index/index%' AND `pid` <> 0 LIMIT 1   [ RunTime:0.0012s ]
SQL: SHOW COLUMNS FROM `page_view` [ RunTime:0.0066s ]
NOTIC: [8] Undefined index: validate E:\Workspace\PHP\QingYun\ThinkPHP\Library\Think\Model.class.php 第 1185 行.
NOTIC: [8] Undefined index: auto E:\Workspace\PHP\QingYun\ThinkPHP\Library\Think\Model.class.php 第 1128 行.
SQL: SHOW COLUMNS FROM `page_view` [ RunTime:0.0038s ]
SQL: INSERT INTO `page_view` (`ip_address`,`status`,`create_time`,`founder`) VALUES ('0','1','1495618196','游客') [ RunTime:0.0949s ]
SQL: SHOW COLUMNS FROM `unique_visitor` [ RunTime:0.0085s ]
SQL: SELECT * FROM `unique_visitor` WHERE `status` = 1 ORDER BY create_time DESC  [ RunTime:0.0254s ]
SQL: SHOW COLUMNS FROM `active` [ RunTime:0.0056s ]
SQL: SELECT COUNT(id) AS tp_count FROM `active` WHERE ( `create_time` < 1495555200 AND `create_time` >= 1495468800  ) LIMIT 1   [ RunTime:0.0198s ]
NOTIC: [8] Use of undefined constant get_uid - assumed 'get_uid' E:\Workspace\PHP\QingYun\ThinkPHP\Common\functions.php 第 588 行.
SQL: SHOW COLUMNS FROM `member` [ RunTime:0.0074s ]
SQL: SELECT COUNT(id) AS tp_count FROM `member` WHERE `status` > -1 LIMIT 1   [ RunTime:0.0227s ]
SQL: SHOW COLUMNS FROM `member` [ RunTime:0.0098s ]
SQL: SELECT COUNT(id) AS tp_count FROM `member` WHERE `status` = 1 AND ( `create_time` >= 1495468800 AND `create_time` < 1495555200  ) LIMIT 1   [ RunTime:0.0008s ]
SQL: SHOW COLUMNS FROM `unique_visitor` [ RunTime:0.0060s ]
SQL: SELECT FROM_UNIXTIME(update_time,"%Y-%m-%d") AS data,count(id) AS val FROM `unique_visitor` WHERE `status` = 1 AND ( `update_time` < 1495555200 AND `update_time` >= 1495468800  ) GROUP BY FROM_UNIXTIME(update_time,"%Y-%m-%d") ORDER BY update_time ASC  [ RunTime:0.0004s ]
NOTIC: [8] Undefined offset: 0 E:\Workspace\PHP\QingYun\Application\Admin\Model\UVModel.class.php 第 111 行.
NOTIC: [8] Undefined offset: 0 E:\Workspace\PHP\QingYun\Application\Admin\Model\UVModel.class.php 第 112 行.
SQL: SHOW COLUMNS FROM `page_view` [ RunTime:0.0065s ]
SQL: SELECT FROM_UNIXTIME(create_time,"%Y-%m-%d") AS data,count(id) AS val FROM `page_view` WHERE `status` = 1 AND ( `create_time` < 1495555200 AND `create_time` >= 1495468800  ) GROUP BY FROM_UNIXTIME(create_time,"%Y-%m-%d") ORDER BY create_time ASC  [ RunTime:0.0164s ]
NOTIC: [8] Undefined offset: 0 E:\Workspace\PHP\QingYun\Application\Admin\Model\PVModel.class.php 第 94 行.
NOTIC: [8] Undefined offset: 0 E:\Workspace\PHP\QingYun\Application\Admin\Model\PVModel.class.php 第 95 行.
INFO: [ view_parse ] --START--
INFO: [ template_filter ] --START--
INFO: Run Behavior\ContentReplaceBehavior [ RunTime:0.000240s ]
INFO: [ template_filter ] --END-- [ RunTime:0.000277s ]
NOTIC: [8] Undefined index: ul-class E:\Workspace\PHP\QingYun\Application\Runtime\Cache\Admin\085b574956cdc611cfedaace62cf4e64.php 第 125 行.
NOTIC: [8] Undefined index: li-class E:\Workspace\PHP\QingYun\Application\Runtime\Cache\Admin\085b574956cdc611cfedaace62cf4e64.php 第 126 行.
NOTIC: [8] Undefined index: ul-class E:\Workspace\PHP\QingYun\Application\Runtime\Cache\Admin\085b574956cdc611cfedaace62cf4e64.php 第 125 行.
NOTIC: [8] Undefined index: li-class E:\Workspace\PHP\QingYun\Application\Runtime\Cache\Admin\085b574956cdc611cfedaace62cf4e64.php 第 126 行.
NOTIC: [8] Undefined index: ul-class E:\Workspace\PHP\QingYun\Application\Runtime\Cache\Admin\085b574956cdc611cfedaace62cf4e64.php 第 125 行.
NOTIC: [8] Undefined index: li-class E:\Workspace\PHP\QingYun\Application\Runtime\Cache\Admin\085b574956cdc611cfedaace62cf4e64.php 第 126 行.
NOTIC: [8] Undefined index: ul-class E:\Workspace\PHP\QingYun\Application\Runtime\Cache\Admin\085b574956cdc611cfedaace62cf4e64.php 第 125 行.
NOTIC: [8] Undefined index: li-class E:\Workspace\PHP\QingYun\Application\Runtime\Cache\Admin\085b574956cdc611cfedaace62cf4e64.php 第 126 行.
NOTIC: [8] Undefined index: ul-class E:\Workspace\PHP\QingYun\Application\Runtime\Cache\Admin\085b574956cdc611cfedaace62cf4e64.php 第 125 行.
NOTIC: [8] Undefined index: li-class E:\Workspace\PHP\QingYun\Application\Runtime\Cache\Admin\085b574956cdc611cfedaace62cf4e64.php 第 126 行.
NOTIC: [8] Undefined index: ul-class E:\Workspace\PHP\QingYun\Application\Runtime\Cache\Admin\085b574956cdc611cfedaace62cf4e64.php 第 125 行.
NOTIC: [8] Undefined index: li-class E:\Workspace\PHP\QingYun\Application\Runtime\Cache\Admin\085b574956cdc611cfedaace62cf4e64.php 第 126 行.
NOTIC: [8] Undefined index: li-class E:\Workspace\PHP\QingYun\Application\Runtime\Cache\Admin\085b574956cdc611cfedaace62cf4e64.php 第 126 行.
NOTIC: [8] Undefined index: ul-class E:\Workspace\PHP\QingYun\Application\Runtime\Cache\Admin\085b574956cdc611cfedaace62cf4e64.php 第 125 行.
NOTIC: [8] Undefined index: li-class E:\Workspace\PHP\QingYun\Application\Runtime\Cache\Admin\085b574956cdc611cfedaace62cf4e64.php 第 126 行.
NOTIC: [8] Undefined index: li-class E:\Workspace\PHP\QingYun\Application\Runtime\Cache\Admin\085b574956cdc611cfedaace62cf4e64.php 第 126 行.
NOTIC: [8] Undefined index: li-class E:\Workspace\PHP\QingYun\Application\Runtime\Cache\Admin\085b574956cdc611cfedaace62cf4e64.php 第 126 行.
NOTIC: [8] Undefined index: ul-class E:\Workspace\PHP\QingYun\Application\Runtime\Cache\Admin\085b574956cdc611cfedaace62cf4e64.php 第 125 行.
NOTIC: [8] Undefined index: li-class E:\Workspace\PHP\QingYun\Application\Runtime\Cache\Admin\085b574956cdc611cfedaace62cf4e64.php 第 126 行.
NOTIC: [8] Undefined index: li-class E:\Workspace\PHP\QingYun\Application\Runtime\Cache\Admin\085b574956cdc611cfedaace62cf4e64.php 第 126 行.
NOTIC: [8] Undefined index: ul-class E:\Workspace\PHP\QingYun\Application\Runtime\Cache\Admin\085b574956cdc611cfedaace62cf4e64.php 第 125 行.
NOTIC: [8] Undefined index: li-class E:\Workspace\PHP\QingYun\Application\Runtime\Cache\Admin\085b574956cdc611cfedaace62cf4e64.php 第 126 行.
NOTIC: [8] Undefined index: ul-class E:\Workspace\PHP\QingYun\Application\Runtime\Cache\Admin\085b574956cdc611cfedaace62cf4e64.php 第 125 行.
NOTIC: [8] Undefined index: li-class E:\Workspace\PHP\QingYun\Application\Runtime\Cache\Admin\085b574956cdc611cfedaace62cf4e64.php 第 126 行.
NOTIC: [8] Undefined index: ul-class E:\Workspace\PHP\QingYun\Application\Runtime\Cache\Admin\085b574956cdc611cfedaace62cf4e64.php 第 125 行.
NOTIC: [8] Undefined index: li-class E:\Workspace\PHP\QingYun\Application\Runtime\Cache\Admin\085b574956cdc611cfedaace62cf4e64.php 第 126 行.
NOTIC: [8] Undefined index: ul-class E:\Workspace\PHP\QingYun\Application\Runtime\Cache\Admin\085b574956cdc611cfedaace62cf4e64.php 第 125 行.
NOTIC: [8] Undefined index: li-class E:\Workspace\PHP\QingYun\Application\Runtime\Cache\Admin\085b574956cdc611cfedaace62cf4e64.php 第 126 行.
NOTIC: [8] Undefined index: ul-class E:\Workspace\PHP\QingYun\Application\Runtime\Cache\Admin\085b574956cdc611cfedaace62cf4e64.php 第 125 行.
NOTIC: [8] Undefined index: li-class E:\Workspace\PHP\QingYun\Application\Runtime\Cache\Admin\085b574956cdc611cfedaace62cf4e64.php 第 126 行.
NOTIC: [8] Undefined index: ul-class E:\Workspace\PHP\QingYun\Application\Runtime\Cache\Admin\085b574956cdc611cfedaace62cf4e64.php 第 125 行.
NOTIC: [8] Undefined index: li-class E:\Workspace\PHP\QingYun\Application\Runtime\Cache\Admin\085b574956cdc611cfedaace62cf4e64.php 第 126 行.
NOTIC: [8] Undefined index: ul-class E:\Workspace\PHP\QingYun\Application\Runtime\Cache\Admin\085b574956cdc611cfedaace62cf4e64.php 第 125 行.
NOTIC: [8] Undefined index: li-class E:\Workspace\PHP\QingYun\Application\Runtime\Cache\Admin\085b574956cdc611cfedaace62cf4e64.php 第 126 行.
NOTIC: [8] Undefined index: li-class E:\Workspace\PHP\QingYun\Application\Runtime\Cache\Admin\085b574956cdc611cfedaace62cf4e64.php 第 126 行.
NOTIC: [8] Undefined index: ul-class E:\Workspace\PHP\QingYun\Application\Runtime\Cache\Admin\085b574956cdc611cfedaace62cf4e64.php 第 125 行.
NOTIC: [8] Undefined index: li-class E:\Workspace\PHP\QingYun\Application\Runtime\Cache\Admin\085b574956cdc611cfedaace62cf4e64.php 第 126 行.
NOTIC: [8] Undefined index: li-class E:\Workspace\PHP\QingYun\Application\Runtime\Cache\Admin\085b574956cdc611cfedaace62cf4e64.php 第 126 行.
NOTIC: [8] Undefined index: ul-class E:\Workspace\PHP\QingYun\Application\Runtime\Cache\Admin\085b574956cdc611cfedaace62cf4e64.php 第 125 行.
NOTIC: [8] Undefined index: li-class E:\Workspace\PHP\QingYun\Application\Runtime\Cache\Admin\085b574956cdc611cfedaace62cf4e64.php 第 126 行.
NOTIC: [8] Undefined index: li-class E:\Workspace\PHP\QingYun\Application\Runtime\Cache\Admin\085b574956cdc611cfedaace62cf4e64.php 第 126 行.
NOTIC: [8] Undefined index: ul-class E:\Workspace\PHP\QingYun\Application\Runtime\Cache\Admin\085b574956cdc611cfedaace62cf4e64.php 第 125 行.
NOTIC: [8] Undefined index: li-class E:\Workspace\PHP\QingYun\Application\Runtime\Cache\Admin\085b574956cdc611cfedaace62cf4e64.php 第 126 行.
NOTIC: [8] Undefined index: ul-class E:\Workspace\PHP\QingYun\Application\Runtime\Cache\Admin\085b574956cdc611cfedaace62cf4e64.php 第 125 行.
NOTIC: [8] Undefined index: li-class E:\Workspace\PHP\QingYun\Application\Runtime\Cache\Admin\085b574956cdc611cfedaace62cf4e64.php 第 126 行.
NOTIC: [8] Undefined index: ul-class E:\Workspace\PHP\QingYun\Application\Runtime\Cache\Admin\085b574956cdc611cfedaace62cf4e64.php 第 125 行.
NOTIC: [8] Undefined index: li-class E:\Workspace\PHP\QingYun\Application\Runtime\Cache\Admin\085b574956cdc611cfedaace62cf4e64.php 第 126 行.
INFO: Run Behavior\ParseTemplateBehavior [ RunTime:0.223503s ]
INFO: [ view_parse ] --END-- [ RunTime:0.223540s ]
INFO: [ view_filter ] --START--
INFO: Run Behavior\WriteHtmlCacheBehavior [ RunTime:0.019497s ]
INFO: [ view_filter ] --END-- [ RunTime:0.019536s ]
INFO: [ app_end ] --START--
INFO: Run Behavior\ShowPageTraceBehavior [ RunTime:0.002201s ]
INFO: [ app_end ] --END-- [ RunTime:0.002302s ]

[ 2017-05-24T17:29:59+08:00 ] ::1 /Admin/Stat/index
INFO: [ app_init ] --START--
INFO: Run Behavior\BuildLiteBehavior [ RunTime:0.000018s ]
INFO: Run Common\Behavior\InitHookBehavior [ RunTime:0.003043s ]
INFO: [ app_init ] --END-- [ RunTime:0.003219s ]
INFO: [ app_begin ] --START--
INFO: Run Behavior\ReadHtmlCacheBehavior [ RunTime:0.000712s ]
INFO: [ app_begin ] --END-- [ RunTime:0.000800s ]
NOTIC: [8] Use of undefined constant get_uid - assumed 'get_uid' E:\Workspace\PHP\QingYun\ThinkPHP\Common\functions.php 第 588 行.
SQL: SHOW COLUMNS FROM `menu` [ RunTime:0.0202s ]
SQL: SELECT * FROM `menu` WHERE `status` = 1 AND `pid` = 0 AND `hide` = 0 ORDER BY sort ASC  [ RunTime:0.0011s ]
SQL: SHOW COLUMNS FROM `menu` [ RunTime:0.0130s ]
SQL: SELECT `id` FROM `menu` WHERE `status` = 1 AND `url` LIKE '%Stat/index%' LIMIT 1   [ RunTime:0.0004s ]
SQL: SHOW COLUMNS FROM `menu` [ RunTime:0.0316s ]
SQL: SELECT * FROM `menu` WHERE `status` = 1 AND `url` LIKE '%Stat/index%' AND `pid` <> 0 LIMIT 1   [ RunTime:0.0012s ]
NOTIC: [8] Use of undefined constant get_uid - assumed 'get_uid' E:\Workspace\PHP\QingYun\ThinkPHP\Common\functions.php 第 588 行.
SQL: SHOW COLUMNS FROM `member` [ RunTime:0.0555s ]
SQL: SELECT count(id) AS sum,FROM_UNIXTIME(create_time,"%H") AS date,`create_time` FROM `member` WHERE `status` = 1 AND ( `create_time` >= 1495468800 AND `create_time` < 1495555200  ) GROUP BY FROM_UNIXTIME(create_time,"%Y-%m-%d %H") ORDER BY create_time ASC  [ RunTime:0.0004s ]
INFO: [ app_end ] --START--
INFO: Run Behavior\ShowPageTraceBehavior [ RunTime:0.000571s ]
INFO: [ app_end ] --END-- [ RunTime:0.000622s ]

[ 2017-05-24T17:29:59+08:00 ] ::1 /Admin/Stat/area
INFO: [ app_init ] --START--
INFO: Run Behavior\BuildLiteBehavior [ RunTime:0.000012s ]
INFO: Run Common\Behavior\InitHookBehavior [ RunTime:0.002257s ]
INFO: [ app_init ] --END-- [ RunTime:0.002370s ]
INFO: [ app_begin ] --START--
INFO: Run Behavior\ReadHtmlCacheBehavior [ RunTime:0.000415s ]
INFO: [ app_begin ] --END-- [ RunTime:0.000461s ]
NOTIC: [8] Use of undefined constant get_uid - assumed 'get_uid' E:\Workspace\PHP\QingYun\ThinkPHP\Common\functions.php 第 588 行.
SQL: SHOW COLUMNS FROM `menu` [ RunTime:0.0303s ]
SQL: SELECT * FROM `menu` WHERE `status` = 1 AND `pid` = 0 AND `hide` = 0 ORDER BY sort ASC  [ RunTime:0.0005s ]
SQL: SHOW COLUMNS FROM `menu` [ RunTime:0.0471s ]
SQL: SELECT `id` FROM `menu` WHERE `status` = 1 AND `url` LIKE '%Stat/area%' LIMIT 1   [ RunTime:0.0004s ]
SQL: SHOW COLUMNS FROM `menu` [ RunTime:0.0433s ]
SQL: SELECT * FROM `menu` WHERE `status` = 1 AND `url` LIKE '%Stat/area%' AND `pid` <> 0 LIMIT 1   [ RunTime:0.0010s ]
NOTIC: [8] Use of undefined constant get_uid - assumed 'get_uid' E:\Workspace\PHP\QingYun\ThinkPHP\Common\functions.php 第 588 行.
SQL: SHOW COLUMNS FROM `member` [ RunTime:0.0041s ]
SQL: SELECT `province`,count(province) AS val FROM member l LEFT JOIN member_extend r ON l.id = r.uid  WHERE l.status = 1 GROUP BY province ORDER BY create_time ASC  [ RunTime:0.0286s ]
NOTIC: [8] Use of undefined constant get_uid - assumed 'get_uid' E:\Workspace\PHP\QingYun\ThinkPHP\Common\functions.php 第 588 行.
SQL: SHOW COLUMNS FROM `province` [ RunTime:0.0057s ]
SQL: SELECT `name` FROM `province` WHERE `status` = 1 AND `id` = '12' LIMIT 1   [ RunTime:0.0244s ]
SQL: SHOW COLUMNS FROM `province` [ RunTime:0.0035s ]
SQL: SELECT `name` FROM `province` WHERE `status` = 1 AND `id` = '22' LIMIT 1   [ RunTime:0.0004s ]
INFO: [ app_end ] --START--
INFO: Run Behavior\ShowPageTraceBehavior [ RunTime:0.002380s ]
INFO: [ app_end ] --END-- [ RunTime:0.002500s ]

[ 2017-05-24T17:30:00+08:00 ] ::1 /Admin/Stat/sex
INFO: [ app_init ] --START--
INFO: Run Behavior\BuildLiteBehavior [ RunTime:0.000012s ]
INFO: Run Common\Behavior\InitHookBehavior [ RunTime:0.001964s ]
INFO: [ app_init ] --END-- [ RunTime:0.002085s ]
INFO: [ app_begin ] --START--
INFO: Run Behavior\ReadHtmlCacheBehavior [ RunTime:0.000798s ]
INFO: [ app_begin ] --END-- [ RunTime:0.000884s ]
NOTIC: [8] Use of undefined constant get_uid - assumed 'get_uid' E:\Workspace\PHP\QingYun\ThinkPHP\Common\functions.php 第 588 行.
SQL: SHOW COLUMNS FROM `menu` [ RunTime:0.0135s ]
SQL: SELECT * FROM `menu` WHERE `status` = 1 AND `pid` = 0 AND `hide` = 0 ORDER BY sort ASC  [ RunTime:0.0020s ]
SQL: SHOW COLUMNS FROM `menu` [ RunTime:0.0063s ]
SQL: SELECT `id` FROM `menu` WHERE `status` = 1 AND `url` LIKE '%Stat/sex%' LIMIT 1   [ RunTime:0.0004s ]
SQL: SHOW COLUMNS FROM `menu` [ RunTime:0.0031s ]
SQL: SELECT * FROM `menu` WHERE `status` = 1 AND `url` LIKE '%Stat/sex%' AND `pid` <> 0 LIMIT 1   [ RunTime:0.0009s ]
SQL: SHOW COLUMNS FROM `member_extend` [ RunTime:0.0068s ]
SQL: SELECT `sex`,count(sex) AS val FROM `member_extend` ORDER BY id ASC  [ RunTime:0.0003s ]
INFO: [ app_end ] --START--
INFO: Run Behavior\ShowPageTraceBehavior [ RunTime:0.000678s ]
INFO: [ app_end ] --END-- [ RunTime:0.000714s ]

