[ 2018-06-16T09:16:39+08:00 ] 127.0.0.1 /admin
INFO: [ app_init ] --START--
INFO: Run Behavior\BuildLiteBehavior [ RunTime:0.000015s ]
INFO: Run Common\Behavior\InitHookBehavior [ RunTime:0.002899s ]
INFO: [ app_init ] --END-- [ RunTime:0.003034s ]
INFO: [ app_begin ] --START--
INFO: Run Behavior\ReadHtmlCacheBehavior [ RunTime:0.000391s ]
INFO: [ app_begin ] --END-- [ RunTime:0.000460s ]

[ 2018-06-16T09:16:39+08:00 ] 127.0.0.1 /Admin/Public/login
INFO: [ app_init ] --START--
INFO: Run Behavior\BuildLiteBehavior [ RunTime:0.000012s ]
INFO: Run Common\Behavior\InitHookBehavior [ RunTime:0.000946s ]
INFO: [ app_init ] --END-- [ RunTime:0.001068s ]
INFO: [ app_begin ] --START--
INFO: Run Behavior\ReadHtmlCacheBehavior [ RunTime:0.000273s ]
INFO: [ app_begin ] --END-- [ RunTime:0.000329s ]
INFO: [ view_parse ] --START--
INFO: [ template_filter ] --START--
INFO: Run Behavior\ContentReplaceBehavior [ RunTime:0.000134s ]
INFO: [ template_filter ] --END-- [ RunTime:0.000201s ]
INFO: Run Behavior\ParseTemplateBehavior [ RunTime:0.077822s ]
INFO: [ view_parse ] --END-- [ RunTime:0.077906s ]
INFO: [ view_filter ] --START--
INFO: Run Behavior\WriteHtmlCacheBehavior [ RunTime:0.000356s ]
INFO: [ view_filter ] --END-- [ RunTime:0.000419s ]
INFO: [ app_end ] --START--
INFO: Run Behavior\ShowPageTraceBehavior [ RunTime:0.000519s ]
INFO: [ app_end ] --END-- [ RunTime:0.000584s ]

[ 2018-06-16T09:16:46+08:00 ] 127.0.0.1 /Admin/Public/login
INFO: [ app_init ] --START--
INFO: Run Behavior\BuildLiteBehavior [ RunTime:0.000036s ]
INFO: Run Common\Behavior\InitHookBehavior [ RunTime:0.001929s ]
INFO: [ app_init ] --END-- [ RunTime:0.002145s ]
INFO: [ app_begin ] --START--
INFO: Run Behavior\ReadHtmlCacheBehavior [ RunTime:0.000734s ]
INFO: [ app_begin ] --END-- [ RunTime:0.000866s ]
NOTIC: [8] Use of undefined constant get_uid - assumed 'get_uid' E:\Workspace\PHP\QingYun\ThinkPHP\Common\functions.php 第 588 行.
SQL: SHOW COLUMNS FROM `member` [ RunTime:0.0732s ]
SQL: SELECT * FROM `member` WHERE `status` = 1 AND `username` = 'admin' LIMIT 1   [ RunTime:0.0004s ]
SQL: SHOW COLUMNS FROM `action` [ RunTime:0.0602s ]
SQL: SELECT * FROM `action` WHERE `name` = 'login' LIMIT 1   [ RunTime:0.0002s ]
SQL: SHOW COLUMNS FROM `member` [ RunTime:0.0134s ]
SQL: UPDATE `member` SET `id`='1',`login_number`=`login_number`+1,`last_login_time`='1529111805',`last_login_ip`='2130706433' WHERE `id` = '1' [ RunTime:0.1446s ]
SQL: SHOW COLUMNS FROM `member_extend` [ RunTime:0.0515s ]
SQL: SELECT `nickname`,`picture` FROM `member_extend` WHERE `uid` = '1' LIMIT 1   [ RunTime:0.0009s ]

[ 2018-06-16T09:16:47+08:00 ] 127.0.0.1 /Admin/Index/index
INFO: [ app_init ] --START--
INFO: Run Behavior\BuildLiteBehavior [ RunTime:0.000012s ]
INFO: Run Common\Behavior\InitHookBehavior [ RunTime:0.000951s ]
INFO: [ app_init ] --END-- [ RunTime:0.001052s ]
INFO: [ app_begin ] --START--
INFO: Run Behavior\ReadHtmlCacheBehavior [ RunTime:0.000267s ]
INFO: [ app_begin ] --END-- [ RunTime:0.000320s ]
NOTIC: [8] Use of undefined constant get_uid - assumed 'get_uid' E:\Workspace\PHP\QingYun\ThinkPHP\Common\functions.php 第 588 行.
SQL: SHOW COLUMNS FROM `menu` [ RunTime:0.0690s ]
SQL: SELECT * FROM `menu` WHERE `status` = 1 AND `pid` = 0 AND `hide` = 0 ORDER BY sort ASC  [ RunTime:0.0005s ]
SQL: SHOW COLUMNS FROM `menu` [ RunTime:0.0045s ]
SQL: SELECT `id` FROM `menu` WHERE `status` = 1 AND `url` LIKE '%Index/index%' LIMIT 1   [ RunTime:0.0003s ]
SQL: SHOW COLUMNS FROM `menu` [ RunTime:0.0052s ]
SQL: SELECT `id`,`pid`,`title`,`group` FROM `menu` WHERE `status` = 1 AND `id` = '1' LIMIT 1   [ RunTime:0.0004s ]
SQL: SHOW COLUMNS FROM `menu` [ RunTime:0.0065s ]
SQL: SELECT DISTINCT  `group` FROM `menu` WHERE ( pid = 1 )  [ RunTime:0.0002s ]
SQL: SELECT `id`,`url` FROM `menu` WHERE `pid` = 1 AND `hide` = 0  [ RunTime:0.0002s ]
SQL: SELECT DISTINCT  `group` FROM `menu` WHERE ( pid = 2 )  [ RunTime:0.0004s ]
SQL: SELECT `id`,`url` FROM `menu` WHERE `pid` = 2 AND `hide` = 0  [ RunTime:0.0003s ]
SQL: SELECT `id`,`pid`,`title`,`group`,`url`,`tip` FROM `menu` WHERE `group` = '用户管理' AND `pid` = 2 AND `hide` = 0 ORDER BY sort asc  [ RunTime:0.0003s ]
SQL: SELECT `id`,`pid`,`title`,`group`,`url`,`tip` FROM `menu` WHERE `group` = '角色管理' AND `pid` = 2 AND `hide` = 0 ORDER BY sort asc  [ RunTime:0.0002s ]
SQL: SELECT DISTINCT  `group` FROM `menu` WHERE ( pid = 97 )  [ RunTime:0.0003s ]
SQL: SELECT `id`,`url` FROM `menu` WHERE `pid` = 97 AND `hide` = 0  [ RunTime:0.0002s ]
SQL: SELECT `id`,`pid`,`title`,`group`,`url`,`tip` FROM `menu` WHERE `group` = '广告管理' AND `pid` = 97 AND `hide` = 0 ORDER BY sort asc  [ RunTime:0.0002s ]
SQL: SELECT `id`,`pid`,`title`,`group`,`url`,`tip` FROM `menu` WHERE `group` = '分类管理' AND `pid` = 97 AND `hide` = 0 ORDER BY sort asc  [ RunTime:0.0002s ]
SQL: SELECT `id`,`pid`,`title`,`group`,`url`,`tip` FROM `menu` WHERE `group` = '项目管理' AND `pid` = 97 AND `hide` = 0 ORDER BY sort asc  [ RunTime:0.0002s ]
SQL: SELECT `id`,`pid`,`title`,`group`,`url`,`tip` FROM `menu` WHERE `group` = '随笔管理' AND `pid` = 97 AND `hide` = 0 ORDER BY sort asc  [ RunTime:0.0002s ]
SQL: SELECT `id`,`pid`,`title`,`group`,`url`,`tip` FROM `menu` WHERE `group` = '服务管理' AND `pid` = 97 AND `hide` = 0 ORDER BY sort asc  [ RunTime:0.0002s ]
SQL: SELECT `id`,`pid`,`title`,`group`,`url`,`tip` FROM `menu` WHERE `group` = '关于管理' AND `pid` = 97 AND `hide` = 0 ORDER BY sort asc  [ RunTime:0.0002s ]
SQL: SELECT `id`,`pid`,`title`,`group`,`url`,`tip` FROM `menu` WHERE `group` = '联系管理' AND `pid` = 97 AND `hide` = 0 ORDER BY sort asc  [ RunTime:0.0002s ]
SQL: SELECT `id`,`pid`,`title`,`group`,`url`,`tip` FROM `menu` WHERE `group` = '标签管理' AND `pid` = 97 AND `hide` = 0 ORDER BY sort asc  [ RunTime:0.0002s ]
SQL: SELECT DISTINCT  `group` FROM `menu` WHERE ( pid = 21 )  [ RunTime:0.0003s ]
SQL: SELECT `id`,`url` FROM `menu` WHERE `pid` = 21 AND `hide` = 0  [ RunTime:0.0002s ]
SQL: SELECT `id`,`pid`,`title`,`group`,`url`,`tip` FROM `menu` WHERE `group` = '插件管理' AND `pid` = 21 AND `hide` = 0 ORDER BY sort asc  [ RunTime:0.0002s ]
SQL: SELECT `id`,`pid`,`title`,`group`,`url`,`tip` FROM `menu` WHERE `group` = '钩子管理' AND `pid` = 21 AND `hide` = 0 ORDER BY sort asc  [ RunTime:0.0004s ]
SQL: SELECT DISTINCT  `group` FROM `menu` WHERE ( pid = 41 )  [ RunTime:0.0007s ]
SQL: SELECT `id`,`url` FROM `menu` WHERE `pid` = 41 AND `hide` = 0  [ RunTime:0.0005s ]
SQL: SELECT `id`,`pid`,`title`,`group`,`url`,`tip` FROM `menu` WHERE `group` = '日志管理' AND `pid` = 41 AND `hide` = 0 ORDER BY sort asc  [ RunTime:0.0004s ]
SQL: SELECT `id`,`pid`,`title`,`group`,`url`,`tip` FROM `menu` WHERE `group` = '行为管理' AND `pid` = 41 AND `hide` = 0 ORDER BY sort asc  [ RunTime:0.0003s ]
SQL: SELECT DISTINCT  `group` FROM `menu` WHERE ( pid = 52 )  [ RunTime:0.0004s ]
SQL: SELECT `id`,`url` FROM `menu` WHERE `pid` = 52 AND `hide` = 0  [ RunTime:0.0002s ]
SQL: SELECT `id`,`pid`,`title`,`group`,`url`,`tip` FROM `menu` WHERE `group` = '配置管理' AND `pid` = 52 AND `hide` = 0 ORDER BY sort asc  [ RunTime:0.0003s ]
SQL: SELECT `id`,`pid`,`title`,`group`,`url`,`tip` FROM `menu` WHERE `group` = '菜单管理' AND `pid` = 52 AND `hide` = 0 ORDER BY sort asc  [ RunTime:0.0003s ]
SQL: SELECT `id`,`pid`,`title`,`group`,`url`,`tip` FROM `menu` WHERE `group` = '备份管理' AND `pid` = 52 AND `hide` = 0 ORDER BY sort asc  [ RunTime:0.0003s ]
SQL: SELECT `id`,`pid`,`title`,`group`,`url`,`tip` FROM `menu` WHERE `group` = '友情链接' AND `pid` = 52 AND `hide` = 0 ORDER BY sort asc  [ RunTime:0.0003s ]
SQL: SELECT `id`,`pid`,`title`,`group`,`url`,`tip` FROM `menu` WHERE `group` = '缓存管理' AND `pid` = 52 AND `hide` = 0 ORDER BY sort asc  [ RunTime:0.0002s ]
SQL: SELECT `id`,`pid`,`title`,`group`,`url`,`tip` FROM `menu` WHERE `group` = 'SEO管理' AND `pid` = 52 AND `hide` = 0 ORDER BY sort asc  [ RunTime:0.0003s ]
SQL: SHOW COLUMNS FROM `menu` [ RunTime:0.0055s ]
SQL: SELECT * FROM `menu` WHERE `status` = 1 AND `url` LIKE '%Index/index%' AND `pid` <> 0 LIMIT 1   [ RunTime:0.0010s ]
SQL: SHOW COLUMNS FROM `page_view` [ RunTime:0.0497s ]
NOTIC: [8] Undefined index: validate E:\Workspace\PHP\QingYun\ThinkPHP\Library\Think\Model.class.php 第 1185 行.
NOTIC: [8] Undefined index: auto E:\Workspace\PHP\QingYun\ThinkPHP\Library\Think\Model.class.php 第 1128 行.
SQL: SHOW COLUMNS FROM `page_view` [ RunTime:0.0041s ]
SQL: INSERT INTO `page_view` (`ip_address`,`status`,`create_time`,`founder`) VALUES ('2130706433','1','1529111806','游客') [ RunTime:0.0367s ]
SQL: SHOW COLUMNS FROM `unique_visitor` [ RunTime:0.0085s ]
SQL: SELECT * FROM `unique_visitor` WHERE `status` = 1 ORDER BY create_time DESC  [ RunTime:0.0008s ]
SQL: SHOW COLUMNS FROM `active` [ RunTime:0.0450s ]
SQL: SELECT COUNT(id) AS tp_count FROM `active` WHERE ( `create_time` < 1529078400 AND `create_time` >= 1528992000  ) LIMIT 1   [ RunTime:0.0005s ]
NOTIC: [8] Use of undefined constant get_uid - assumed 'get_uid' E:\Workspace\PHP\QingYun\ThinkPHP\Common\functions.php 第 588 行.
SQL: SHOW COLUMNS FROM `member` [ RunTime:0.0092s ]
SQL: SELECT COUNT(id) AS tp_count FROM `member` WHERE `status` > -1 LIMIT 1   [ RunTime:0.0003s ]
SQL: SHOW COLUMNS FROM `member` [ RunTime:0.0047s ]
SQL: SELECT COUNT(id) AS tp_count FROM `member` WHERE `status` = 1 AND ( `create_time` >= 1528992000 AND `create_time` < 1529078400  ) LIMIT 1   [ RunTime:0.0003s ]
SQL: SHOW COLUMNS FROM `unique_visitor` [ RunTime:0.0051s ]
SQL: SELECT FROM_UNIXTIME(update_time,"%Y-%m-%d") AS data,count(id) AS val FROM `unique_visitor` WHERE `status` = 1 AND ( `update_time` < 1529078400 AND `update_time` >= 1528992000  ) GROUP BY FROM_UNIXTIME(update_time,"%Y-%m-%d") ORDER BY update_time ASC  [ RunTime:0.0138s ]
NOTIC: [8] Undefined offset: 0 E:\Workspace\PHP\QingYun\Application\Admin\Model\UVModel.class.php 第 111 行.
NOTIC: [8] Undefined offset: 0 E:\Workspace\PHP\QingYun\Application\Admin\Model\UVModel.class.php 第 112 行.
SQL: SHOW COLUMNS FROM `page_view` [ RunTime:0.0073s ]
SQL: SELECT FROM_UNIXTIME(create_time,"%Y-%m-%d") AS data,count(id) AS val FROM `page_view` WHERE `status` = 1 AND ( `create_time` < 1529078400 AND `create_time` >= 1528992000  ) GROUP BY FROM_UNIXTIME(create_time,"%Y-%m-%d") ORDER BY create_time ASC  [ RunTime:0.0020s ]
NOTIC: [8] Undefined offset: 0 E:\Workspace\PHP\QingYun\Application\Admin\Model\PVModel.class.php 第 94 行.
NOTIC: [8] Undefined offset: 0 E:\Workspace\PHP\QingYun\Application\Admin\Model\PVModel.class.php 第 95 行.
INFO: [ view_parse ] --START--
INFO: [ template_filter ] --START--
INFO: Run Behavior\ContentReplaceBehavior [ RunTime:0.000262s ]
INFO: [ template_filter ] --END-- [ RunTime:0.000322s ]
NOTIC: [8] Undefined index: ul-class E:\Workspace\PHP\QingYun\Application\Runtime\Cache\Admin\085b574956cdc611cfedaace62cf4e64.php 第 125 行.
NOTIC: [8] Undefined index: li-class E:\Workspace\PHP\QingYun\Application\Runtime\Cache\Admin\085b574956cdc611cfedaace62cf4e64.php 第 126 行.
NOTIC: [8] Undefined index: ul-class E:\Workspace\PHP\QingYun\Application\Runtime\Cache\Admin\085b574956cdc611cfedaace62cf4e64.php 第 125 行.
NOTIC: [8] Undefined index: li-class E:\Workspace\PHP\QingYun\Application\Runtime\Cache\Admin\085b574956cdc611cfedaace62cf4e64.php 第 126 行.
NOTIC: [8] Undefined index: ul-class E:\Workspace\PHP\QingYun\Application\Runtime\Cache\Admin\085b574956cdc611cfedaace62cf4e64.php 第 125 行.
NOTIC: [8] Undefined index: li-class E:\Workspace\PHP\QingYun\Application\Runtime\Cache\Admin\085b574956cdc611cfedaace62cf4e64.php 第 126 行.
NOTIC: [8] Undefined index: ul-class E:\Workspace\PHP\QingYun\Application\Runtime\Cache\Admin\085b574956cdc611cfedaace62cf4e64.php 第 125 行.
NOTIC: [8] Undefined index: li-class E:\Workspace\PHP\QingYun\Application\Runtime\Cache\Admin\085b574956cdc611cfedaace62cf4e64.php 第 126 行.
NOTIC: [8] Undefined index: ul-class E:\Workspace\PHP\QingYun\Application\Runtime\Cache\Admin\085b574956cdc611cfedaace62cf4e64.php 第 125 行.
NOTIC: [8] Undefined index: li-class E:\Workspace\PHP\QingYun\Application\Runtime\Cache\Admin\085b574956cdc611cfedaace62cf4e64.php 第 126 行.
NOTIC: [8] Undefined index: ul-class E:\Workspace\PHP\QingYun\Application\Runtime\Cache\Admin\085b574956cdc611cfedaace62cf4e64.php 第 125 行.
NOTIC: [8] Undefined index: li-class E:\Workspace\PHP\QingYun\Application\Runtime\Cache\Admin\085b574956cdc611cfedaace62cf4e64.php 第 126 行.
NOTIC: [8] Undefined index: li-class E:\Workspace\PHP\QingYun\Application\Runtime\Cache\Admin\085b574956cdc611cfedaace62cf4e64.php 第 126 行.
NOTIC: [8] Undefined index: ul-class E:\Workspace\PHP\QingYun\Application\Runtime\Cache\Admin\085b574956cdc611cfedaace62cf4e64.php 第 125 行.
NOTIC: [8] Undefined index: li-class E:\Workspace\PHP\QingYun\Application\Runtime\Cache\Admin\085b574956cdc611cfedaace62cf4e64.php 第 126 行.
NOTIC: [8] Undefined index: li-class E:\Workspace\PHP\QingYun\Application\Runtime\Cache\Admin\085b574956cdc611cfedaace62cf4e64.php 第 126 行.
NOTIC: [8] Undefined index: li-class E:\Workspace\PHP\QingYun\Application\Runtime\Cache\Admin\085b574956cdc611cfedaace62cf4e64.php 第 126 行.
NOTIC: [8] Undefined index: ul-class E:\Workspace\PHP\QingYun\Application\Runtime\Cache\Admin\085b574956cdc611cfedaace62cf4e64.php 第 125 行.
NOTIC: [8] Undefined index: li-class E:\Workspace\PHP\QingYun\Application\Runtime\Cache\Admin\085b574956cdc611cfedaace62cf4e64.php 第 126 行.
NOTIC: [8] Undefined index: li-class E:\Workspace\PHP\QingYun\Application\Runtime\Cache\Admin\085b574956cdc611cfedaace62cf4e64.php 第 126 行.
NOTIC: [8] Undefined index: ul-class E:\Workspace\PHP\QingYun\Application\Runtime\Cache\Admin\085b574956cdc611cfedaace62cf4e64.php 第 125 行.
NOTIC: [8] Undefined index: li-class E:\Workspace\PHP\QingYun\Application\Runtime\Cache\Admin\085b574956cdc611cfedaace62cf4e64.php 第 126 行.
NOTIC: [8] Undefined index: ul-class E:\Workspace\PHP\QingYun\Application\Runtime\Cache\Admin\085b574956cdc611cfedaace62cf4e64.php 第 125 行.
NOTIC: [8] Undefined index: li-class E:\Workspace\PHP\QingYun\Application\Runtime\Cache\Admin\085b574956cdc611cfedaace62cf4e64.php 第 126 行.
NOTIC: [8] Undefined index: ul-class E:\Workspace\PHP\QingYun\Application\Runtime\Cache\Admin\085b574956cdc611cfedaace62cf4e64.php 第 125 行.
NOTIC: [8] Undefined index: li-class E:\Workspace\PHP\QingYun\Application\Runtime\Cache\Admin\085b574956cdc611cfedaace62cf4e64.php 第 126 行.
NOTIC: [8] Undefined index: ul-class E:\Workspace\PHP\QingYun\Application\Runtime\Cache\Admin\085b574956cdc611cfedaace62cf4e64.php 第 125 行.
NOTIC: [8] Undefined index: li-class E:\Workspace\PHP\QingYun\Application\Runtime\Cache\Admin\085b574956cdc611cfedaace62cf4e64.php 第 126 行.
NOTIC: [8] Undefined index: ul-class E:\Workspace\PHP\QingYun\Application\Runtime\Cache\Admin\085b574956cdc611cfedaace62cf4e64.php 第 125 行.
NOTIC: [8] Undefined index: li-class E:\Workspace\PHP\QingYun\Application\Runtime\Cache\Admin\085b574956cdc611cfedaace62cf4e64.php 第 126 行.
NOTIC: [8] Undefined index: ul-class E:\Workspace\PHP\QingYun\Application\Runtime\Cache\Admin\085b574956cdc611cfedaace62cf4e64.php 第 125 行.
NOTIC: [8] Undefined index: li-class E:\Workspace\PHP\QingYun\Application\Runtime\Cache\Admin\085b574956cdc611cfedaace62cf4e64.php 第 126 行.
NOTIC: [8] Undefined index: ul-class E:\Workspace\PHP\QingYun\Application\Runtime\Cache\Admin\085b574956cdc611cfedaace62cf4e64.php 第 125 行.
NOTIC: [8] Undefined index: li-class E:\Workspace\PHP\QingYun\Application\Runtime\Cache\Admin\085b574956cdc611cfedaace62cf4e64.php 第 126 行.
NOTIC: [8] Undefined index: li-class E:\Workspace\PHP\QingYun\Application\Runtime\Cache\Admin\085b574956cdc611cfedaace62cf4e64.php 第 126 行.
NOTIC: [8] Undefined index: ul-class E:\Workspace\PHP\QingYun\Application\Runtime\Cache\Admin\085b574956cdc611cfedaace62cf4e64.php 第 125 行.
NOTIC: [8] Undefined index: li-class E:\Workspace\PHP\QingYun\Application\Runtime\Cache\Admin\085b574956cdc611cfedaace62cf4e64.php 第 126 行.
NOTIC: [8] Undefined index: li-class E:\Workspace\PHP\QingYun\Application\Runtime\Cache\Admin\085b574956cdc611cfedaace62cf4e64.php 第 126 行.
NOTIC: [8] Undefined index: ul-class E:\Workspace\PHP\QingYun\Application\Runtime\Cache\Admin\085b574956cdc611cfedaace62cf4e64.php 第 125 行.
NOTIC: [8] Undefined index: li-class E:\Workspace\PHP\QingYun\Application\Runtime\Cache\Admin\085b574956cdc611cfedaace62cf4e64.php 第 126 行.
NOTIC: [8] Undefined index: li-class E:\Workspace\PHP\QingYun\Application\Runtime\Cache\Admin\085b574956cdc611cfedaace62cf4e64.php 第 126 行.
NOTIC: [8] Undefined index: ul-class E:\Workspace\PHP\QingYun\Application\Runtime\Cache\Admin\085b574956cdc611cfedaace62cf4e64.php 第 125 行.
NOTIC: [8] Undefined index: li-class E:\Workspace\PHP\QingYun\Application\Runtime\Cache\Admin\085b574956cdc611cfedaace62cf4e64.php 第 126 行.
NOTIC: [8] Undefined index: ul-class E:\Workspace\PHP\QingYun\Application\Runtime\Cache\Admin\085b574956cdc611cfedaace62cf4e64.php 第 125 行.
NOTIC: [8] Undefined index: li-class E:\Workspace\PHP\QingYun\Application\Runtime\Cache\Admin\085b574956cdc611cfedaace62cf4e64.php 第 126 行.
NOTIC: [8] Undefined index: ul-class E:\Workspace\PHP\QingYun\Application\Runtime\Cache\Admin\085b574956cdc611cfedaace62cf4e64.php 第 125 行.
NOTIC: [8] Undefined index: li-class E:\Workspace\PHP\QingYun\Application\Runtime\Cache\Admin\085b574956cdc611cfedaace62cf4e64.php 第 126 行.
INFO: Run Behavior\ParseTemplateBehavior [ RunTime:0.140038s ]
INFO: [ view_parse ] --END-- [ RunTime:0.140101s ]
INFO: [ view_filter ] --START--
INFO: Run Behavior\WriteHtmlCacheBehavior [ RunTime:0.000231s ]
INFO: [ view_filter ] --END-- [ RunTime:0.000279s ]
INFO: [ app_end ] --START--
INFO: Run Behavior\ShowPageTraceBehavior [ RunTime:0.000925s ]
INFO: [ app_end ] --END-- [ RunTime:0.001052s ]

[ 2018-06-16T09:16:48+08:00 ] 127.0.0.1 /Admin/Stat/area
INFO: [ app_init ] --START--
INFO: Run Behavior\BuildLiteBehavior [ RunTime:0.000104s ]
INFO: Run Common\Behavior\InitHookBehavior [ RunTime:0.001309s ]
INFO: [ app_init ] --END-- [ RunTime:0.001685s ]
INFO: [ app_begin ] --START--
INFO: Run Behavior\ReadHtmlCacheBehavior [ RunTime:0.000310s ]
INFO: [ app_begin ] --END-- [ RunTime:0.000364s ]
NOTIC: [8] Use of undefined constant get_uid - assumed 'get_uid' E:\Workspace\PHP\QingYun\ThinkPHP\Common\functions.php 第 588 行.
SQL: SHOW COLUMNS FROM `menu` [ RunTime:0.0295s ]
SQL: SELECT * FROM `menu` WHERE `status` = 1 AND `pid` = 0 AND `hide` = 0 ORDER BY sort ASC  [ RunTime:0.0015s ]
SQL: SHOW COLUMNS FROM `menu` [ RunTime:0.0130s ]
SQL: SELECT `id` FROM `menu` WHERE `status` = 1 AND `url` LIKE '%Stat/area%' LIMIT 1   [ RunTime:0.0008s ]
SQL: SHOW COLUMNS FROM `menu` [ RunTime:0.0113s ]
SQL: SELECT * FROM `menu` WHERE `status` = 1 AND `url` LIKE '%Stat/area%' AND `pid` <> 0 LIMIT 1   [ RunTime:0.0012s ]
NOTIC: [8] Use of undefined constant get_uid - assumed 'get_uid' E:\Workspace\PHP\QingYun\ThinkPHP\Common\functions.php 第 588 行.
SQL: SHOW COLUMNS FROM `member` [ RunTime:0.0170s ]
SQL: SELECT `province`,count(province) AS val FROM member l LEFT JOIN member_extend r ON l.id = r.uid  WHERE l.status = 1 GROUP BY province ORDER BY create_time ASC  [ RunTime:0.0019s ]
NOTIC: [8] Use of undefined constant get_uid - assumed 'get_uid' E:\Workspace\PHP\QingYun\ThinkPHP\Common\functions.php 第 588 行.
SQL: SHOW COLUMNS FROM `province` [ RunTime:0.0662s ]
SQL: SELECT `name` FROM `province` WHERE `status` = 1 AND `id` = '22' LIMIT 1   [ RunTime:0.0004s ]
SQL: SHOW COLUMNS FROM `province` [ RunTime:0.0148s ]
SQL: SELECT `name` FROM `province` WHERE `status` = 1 AND `id` = '12' LIMIT 1   [ RunTime:0.0003s ]
INFO: [ app_end ] --START--
INFO: Run Behavior\ShowPageTraceBehavior [ RunTime:0.000527s ]
INFO: [ app_end ] --END-- [ RunTime:0.000607s ]

[ 2018-06-16T09:16:48+08:00 ] 127.0.0.1 /Admin/Stat/sex
INFO: [ app_init ] --START--
INFO: Run Behavior\BuildLiteBehavior [ RunTime:0.000013s ]
INFO: Run Common\Behavior\InitHookBehavior [ RunTime:0.000996s ]
INFO: [ app_init ] --END-- [ RunTime:0.001102s ]
INFO: [ app_begin ] --START--
INFO: Run Behavior\ReadHtmlCacheBehavior [ RunTime:0.000385s ]
INFO: [ app_begin ] --END-- [ RunTime:0.000437s ]
NOTIC: [8] Use of undefined constant get_uid - assumed 'get_uid' E:\Workspace\PHP\QingYun\ThinkPHP\Common\functions.php 第 588 行.
SQL: SHOW COLUMNS FROM `menu` [ RunTime:0.0122s ]
SQL: SELECT * FROM `menu` WHERE `status` = 1 AND `pid` = 0 AND `hide` = 0 ORDER BY sort ASC  [ RunTime:0.0004s ]
SQL: SHOW COLUMNS FROM `menu` [ RunTime:0.0064s ]
SQL: SELECT `id` FROM `menu` WHERE `status` = 1 AND `url` LIKE '%Stat/sex%' LIMIT 1   [ RunTime:0.0004s ]
SQL: SHOW COLUMNS FROM `menu` [ RunTime:0.0061s ]
SQL: SELECT * FROM `menu` WHERE `status` = 1 AND `url` LIKE '%Stat/sex%' AND `pid` <> 0 LIMIT 1   [ RunTime:0.0011s ]
SQL: SHOW COLUMNS FROM `member_extend` [ RunTime:0.0089s ]
SQL: SELECT `sex`,count(sex) AS val FROM `member_extend` ORDER BY id ASC  [ RunTime:0.0002s ]
INFO: [ app_end ] --START--
INFO: Run Behavior\ShowPageTraceBehavior [ RunTime:0.000472s ]
INFO: [ app_end ] --END-- [ RunTime:0.000521s ]

[ 2018-06-16T09:16:49+08:00 ] 127.0.0.1 /Admin/Stat/index
INFO: [ app_init ] --START--
INFO: Run Behavior\BuildLiteBehavior [ RunTime:0.000013s ]
INFO: Run Common\Behavior\InitHookBehavior [ RunTime:0.001021s ]
INFO: [ app_init ] --END-- [ RunTime:0.001127s ]
INFO: [ app_begin ] --START--
INFO: Run Behavior\ReadHtmlCacheBehavior [ RunTime:0.000285s ]
INFO: [ app_begin ] --END-- [ RunTime:0.000376s ]
NOTIC: [8] Use of undefined constant get_uid - assumed 'get_uid' E:\Workspace\PHP\QingYun\ThinkPHP\Common\functions.php 第 588 行.
SQL: SHOW COLUMNS FROM `menu` [ RunTime:0.0161s ]
SQL: SELECT * FROM `menu` WHERE `status` = 1 AND `pid` = 0 AND `hide` = 0 ORDER BY sort ASC  [ RunTime:0.0012s ]
SQL: SHOW COLUMNS FROM `menu` [ RunTime:0.0103s ]
SQL: SELECT `id` FROM `menu` WHERE `status` = 1 AND `url` LIKE '%Stat/index%' LIMIT 1   [ RunTime:0.0004s ]
SQL: SHOW COLUMNS FROM `menu` [ RunTime:0.0123s ]
SQL: SELECT * FROM `menu` WHERE `status` = 1 AND `url` LIKE '%Stat/index%' AND `pid` <> 0 LIMIT 1   [ RunTime:0.0021s ]
NOTIC: [8] Use of undefined constant get_uid - assumed 'get_uid' E:\Workspace\PHP\QingYun\ThinkPHP\Common\functions.php 第 588 行.
SQL: SHOW COLUMNS FROM `member` [ RunTime:0.0188s ]
SQL: SELECT count(id) AS sum,FROM_UNIXTIME(create_time,"%H") AS date,`create_time` FROM `member` WHERE `status` = 1 AND ( `create_time` >= 1528992000 AND `create_time` < 1529078400  ) GROUP BY FROM_UNIXTIME(create_time,"%Y-%m-%d %H") ORDER BY create_time ASC  [ RunTime:0.0006s ]
INFO: [ app_end ] --START--
INFO: Run Behavior\ShowPageTraceBehavior [ RunTime:0.002812s ]
INFO: [ app_end ] --END-- [ RunTime:0.003055s ]

